Mplus VERSION 8.4 (Mac)
MUTHEN & MUTHEN
04/27/2025   8:28 PM

INPUT INSTRUCTIONS


  TITLE: LCA_sw_detailed1 classes
  DATA: FILE IS LCA_sw_detailed_model2_lca.dat;

  VARIABLE:
  NAMES = id TS_YN LA_YN DEL_YN CA_YN SW_type SW_pos3 SW_BR SW_GR SW_EF TS_PAIR
       LA_PAIR SW_PAIR SW_pcat;
  IDVARIABLE = id;
  USEVARIABLES = LA_YN SW_pcat DEL_YN SW_type SW_pos3;
  CATEGORICAL = LA_YN SW_pcat DEL_YN SW_type SW_pos3;
  AUXILIARY = TS_YN CA_YN SW_BR SW_GR SW_EF TS_PAIR LA_PAIR SW_PAIR;
  MISSING = .;
  CLASSES = class (1);


  ANALYSIS:
  TYPE = MIXTURE;
  PROCESSORS = 12;
  STITERATIONS = 50;
  STARTS = 250 50;

  OUTPUT:
  SVALUES ENTROPY TECH1 TECH4;
  PLOT: TYPE=PLOT1 PLOT2 PLOT3;
  SAVEDATA:
  FILE IS LCA_sw_detailed_model2_lca_1.dat
  SAVE = cprobabilites bchweights;



INPUT READING TERMINATED NORMALLY



LCA_sw_detailed1 classes

SUMMARY OF ANALYSIS

Number of groups                                                 1
Number of observations                                          55

Number of dependent variables                                    5
Number of independent variables                                  0
Number of continuous latent variables                            0
Number of categorical latent variables                           1

Observed dependent variables

  Binary and ordered categorical (ordinal)
   LA_YN       SW_PCAT     DEL_YN      SW_TYPE     SW_POS3

Observed auxiliary variables
   TS_YN       CA_YN       SW_BR       SW_GR       SW_EF       TS_PAIR
   LA_PAIR     SW_PAIR

Categorical latent variables
   CLASS

Variables with special functions

  ID variable           ID

Estimator                                                      MLR
Information matrix                                        OBSERVED
Optimization Specifications for the Quasi-Newton Algorithm for
Continuous Outcomes
  Maximum number of iterations                                 100
  Convergence criterion                                  0.100D-05
Optimization Specifications for the EM Algorithm
  Maximum number of iterations                                 500
  Convergence criteria
    Loglikelihood change                                 0.100D-06
    Relative loglikelihood change                        0.100D-06
    Derivative                                           0.100D-05
Optimization Specifications for the M step of the EM Algorithm for
Categorical Latent variables
  Number of M step iterations                                    1
  M step convergence criterion                           0.100D-05
  Basis for M step termination                           ITERATION
Optimization Specifications for the M step of the EM Algorithm for
Censored, Binary or Ordered Categorical (Ordinal), Unordered
Categorical (Nominal) and Count Outcomes
  Number of M step iterations                                    1
  M step convergence criterion                           0.100D-05
  Basis for M step termination                           ITERATION
  Maximum value for logit thresholds                            15
  Minimum value for logit thresholds                           -15
  Minimum expected cell size for chi-square              0.100D-01
Maximum number of iterations for H1                           2000
Convergence criterion for H1                             0.100D-03
Optimization algorithm                                         EMA
Random Starts Specifications
  Number of initial stage random starts                        250
  Number of final stage optimizations                           50
  Number of initial stage iterations                            50
  Initial stage convergence criterion                    0.100D+01
  Random starts scale                                    0.500D+01
  Random seed for generating random starts                       0
Link                                                         LOGIT

Input data file(s)
  LCA_sw_detailed_model2_lca.dat
Input data format  FREE


SUMMARY OF DATA

     Number of missing data patterns             1
     Number of y missing data patterns           0
     Number of u missing data patterns           1


COVARIANCE COVERAGE OF DATA

Minimum covariance coverage value   0.100


UNIVARIATE PROPORTIONS AND COUNTS FOR CATEGORICAL VARIABLES

    LA_YN
      Category 1    0.764           42.000
      Category 2    0.236           13.000
    SW_PCAT
      Category 1    0.200           11.000
      Category 2    0.564           31.000
      Category 3    0.236           13.000
    DEL_YN
      Category 1    0.818           45.000
      Category 2    0.182           10.000
    SW_TYPE
      Category 1    0.473           26.000
      Category 2    0.200           11.000
      Category 3    0.327           18.000
    SW_POS3
      Category 1    0.036            2.000
      Category 2    0.545           30.000
      Category 3    0.418           23.000


RANDOM STARTS RESULTS RANKED FROM THE BEST TO THE WORST LOGLIKELIHOOD VALUES

Final stage loglikelihood values at local maxima, seeds, and initial stage start numbers:

            -212.537  227563           63
            -212.537  863094           147
            -212.537  636396           168
            -212.537  782200           84
            -212.537  352277           42
            -212.537  902278           21
            -212.537  458181           189
            -212.537  835767           210
            -212.537  165853           105
            -212.537  178475           231
            -212.537  340112           126
            -212.537  164305           128
            -212.537  311214           64
            -212.537  814975           129
            -212.537  509733           130
            -212.537  626891           32
            -212.537  565819           65
            -212.537  467339           66
            -212.537  749453           33
            -212.537  341041           34
            -212.537  830392           35
            -212.537  51375            148
            -212.537  417035           149
            -212.537  695155           150
            -212.537  303634           169
            -212.537  783165           170
            -212.537  569833           85
            -212.537  411615           171
            -212.537  170954           86
            -212.537  963053           43
            -212.537  544048           87
            -212.537  407168           44
            -212.537  120506           45
            -212.537  618000           190
            -212.537  726035           191
            -212.537  496881           192
            -212.537  76451            211
            -212.537  181293           212
            -212.537  464179           106
            -212.537  73576            213
            -212.537  25127            107
            -212.537  100874           108
            -212.537  850840           232
            -212.537  568405           233
            -212.537  691234           250
            -212.537  27071            15
            -212.537  unperturbed      0
            -212.537  462953           7
            -212.537  93468            3
            -212.537  285380           1



THE MODEL ESTIMATION TERMINATED NORMALLY



MODEL FIT INFORMATION

Number of Free Parameters                        8

Loglikelihood

          H0 Value                        -212.537
          H0 Scaling Correction Factor      1.0000
            for MLR

Information Criteria

          Akaike (AIC)                     441.074
          Bayesian (BIC)                   457.133
          Sample-Size Adjusted BIC         431.994
            (n* = (n + 2) / 24)

Chi-Square Test of Model Fit for the Binary and Ordered Categorical
(Ordinal) Outcomes

          Pearson Chi-Square

          Value                            198.049
          Degrees of Freedom                    99
          P-Value                           0.0000

          Likelihood Ratio Chi-Square

          Value                            117.114
          Degrees of Freedom                    99
          P-Value                           0.1033



FINAL CLASS COUNTS AND PROPORTIONS FOR THE LATENT CLASSES
BASED ON THE ESTIMATED MODEL

    Latent
   Classes

       1         55.00000          1.00000


FINAL CLASS COUNTS AND PROPORTIONS FOR THE LATENT CLASSES
BASED ON ESTIMATED POSTERIOR PROBABILITIES

    Latent
   Classes

       1         55.00000          1.00000


FINAL CLASS COUNTS AND PROPORTIONS FOR THE LATENT CLASSES
BASED ON THEIR MOST LIKELY LATENT CLASS MEMBERSHIP

Class Counts and Proportions

    Latent
   Classes

       1               55          1.00000


Classification Probabilities for the Most Likely Latent Class Membership (Column)
by Latent Class (Row)

           1

    1   1.000


Logits for the Classification Probabilities for the Most Likely Latent Class Membership (Column)
by Latent Class (Row)

              1

    1      0.000


MODEL RESULTS

                                                    Two-Tailed
                    Estimate       S.E.  Est./S.E.    P-Value

Latent Class 1

 Thresholds
    LA_YN$1            1.173      0.317      3.695      0.000
    SW_PCAT$1         -1.386      0.337     -4.112      0.000
    SW_PCAT$2          1.173      0.317      3.695      0.000
    DEL_YN$1           1.504      0.350      4.302      0.000
    SW_TYPE$1         -0.109      0.270     -0.404      0.686
    SW_TYPE$2          0.721      0.287      2.507      0.012
    SW_POS3$1         -3.277      0.720     -4.550      0.000
    SW_POS3$2          0.330      0.273      1.208      0.227


RESULTS IN PROBABILITY SCALE

Latent Class 1

 LA_YN
    Category 1         0.764      0.057     13.330      0.000
    Category 2         0.236      0.057      4.126      0.000
 SW_PCAT
    Category 1         0.200      0.054      3.708      0.000
    Category 2         0.564      0.067      8.429      0.000
    Category 3         0.236      0.057      4.126      0.000
 DEL_YN
    Category 1         0.818      0.052     15.732      0.000
    Category 2         0.182      0.052      3.496      0.000
 SW_TYPE
    Category 1         0.473      0.067      7.022      0.000
    Category 2         0.200      0.054      3.708      0.000
    Category 3         0.327      0.063      5.173      0.000
 SW_POS3
    Category 1         0.036      0.025      1.441      0.150
    Category 2         0.545      0.067      8.124      0.000
    Category 3         0.418      0.067      6.287      0.000


QUALITY OF NUMERICAL RESULTS

     Condition Number for the Information Matrix              0.280E-01
       (ratio of smallest to largest eigenvalue)


MODEL COMMAND WITH FINAL ESTIMATES USED AS STARTING VALUES

     %OVERALL%

     %CLASS#1%

     [ la_yn$1*1.17272 ];
     [ sw_pcat$1*-1.38629 ];
     [ sw_pcat$2*1.17272 ];
     [ del_yn$1*1.50408 ];
     [ sw_type$1*-0.10920 ];
     [ sw_type$2*0.72055 ];
     [ sw_pos3$1*-3.27714 ];
     [ sw_pos3$2*0.33024 ];



TECHNICAL 1 OUTPUT


     PARAMETER SPECIFICATION FOR LATENT CLASS 1


     PARAMETER SPECIFICATION FOR LATENT CLASS INDICATOR MODEL PART


           TAU(U) FOR LATENT CLASS 1
              LA_YN$1       SW_PCAT$      SW_PCAT$      DEL_YN$1      SW_TYPE$
              ________      ________      ________      ________      ________
                    1             2             3             4             5


           TAU(U) FOR LATENT CLASS 1
              SW_TYPE$      SW_POS3$      SW_POS3$
              ________      ________      ________
                    6             7             8


     PARAMETER SPECIFICATION FOR LATENT CLASS REGRESSION MODEL PART


           ALPHA(C)
              CLASS#1
              ________
                    0


     STARTING VALUES FOR LATENT CLASS 1


     STARTING VALUES FOR LATENT CLASS INDICATOR MODEL PART


           TAU(U) FOR LATENT CLASS 1
              LA_YN$1       SW_PCAT$      SW_PCAT$      DEL_YN$1      SW_TYPE$
              ________      ________      ________      ________      ________
                1.173        -1.386         1.173         1.504        -0.109


           TAU(U) FOR LATENT CLASS 1
              SW_TYPE$      SW_POS3$      SW_POS3$
              ________      ________      ________
                0.721        -3.277         0.330


     STARTING VALUES FOR LATENT CLASS REGRESSION MODEL PART


           ALPHA(C)
              CLASS#1
              ________
                0.000


TECHNICAL 4 OUTPUT


PLOT INFORMATION

The following plots are available:

  Histograms (sample values)
  Scatterplots (sample values)
  Sample proportions and estimated probabilities

SAVEDATA INFORMATION


  Save file
    LCA_sw_detailed_model2_lca_1.dat SAVE = cprobabilites bchweights

  Order and format of variables

    LA_YN          F10.3
    SW_PCAT        F10.3
    DEL_YN         F10.3
    SW_TYPE        F10.3
    SW_POS3        F10.3
    TS_YN          F10.3
    CA_YN          F10.3
    SW_BR          F10.3
    SW_GR          F10.3
    SW_EF          F10.3
    TS_PAIR        F10.3
    LA_PAIR        F10.3
    SW_PAIR        F10.3
    CPROB1         F10.3
    CLASS          F10.3
    ID             I4

  Save file format
    15F10.3 I4

  Save file record length    10000


     Beginning Time:  20:28:44
        Ending Time:  20:28:45
       Elapsed Time:  00:00:01



MUTHEN & MUTHEN
3463 Stoner Ave.
Los Angeles, CA  90066

Tel: (310) 391-9971
Fax: (310) 391-8971
Web: www.StatModel.com
Support: Support@StatModel.com

Copyright (c) 1998-2019 Muthen & Muthen
