Mplus VERSION 8.4 (Mac)
MUTHEN & MUTHEN
04/27/2025   8:33 PM

INPUT INSTRUCTIONS


  TITLE: LCA_sw_detailed4 classes
  DATA: FILE IS LCA_sw_detailed_model2_lca.dat;

  VARIABLE:
  NAMES = id TS_YN LA_YN DEL_YN CA_YN SW_type SW_pos3 SW_BR SW_GR SW_EF TS_PAIR
       LA_PAIR SW_PAIR SW_pcat;
  IDVARIABLE = id;
  USEVARIABLES = LA_YN SW_pcat DEL_YN SW_type CA_YN;
  CATEGORICAL = LA_YN SW_pcat DEL_YN SW_type CA_YN;
  AUXILIARY = TS_YN SW_pos3 SW_BR SW_GR SW_EF TS_PAIR LA_PAIR SW_PAIR;
  MISSING = .;
  CLASSES = class (4);


  ANALYSIS:
  TYPE = MIXTURE;
  PROCESSORS = 12;
  STITERATIONS = 50;
  STARTS = 250 50;

  OUTPUT:
  SVALUES ENTROPY TECH1 TECH4;
  PLOT: TYPE=PLOT1 PLOT2 PLOT3;
  SAVEDATA:
  FILE IS LCA_sw_detailed_model2_lca_4.dat
  SAVE = cprobabilites bchweights;



INPUT READING TERMINATED NORMALLY



LCA_sw_detailed4 classes

SUMMARY OF ANALYSIS

Number of groups                                                 1
Number of observations                                          55

Number of dependent variables                                    5
Number of independent variables                                  0
Number of continuous latent variables                            0
Number of categorical latent variables                           1

Observed dependent variables

  Binary and ordered categorical (ordinal)
   LA_YN       SW_PCAT     DEL_YN      SW_TYPE     CA_YN

Observed auxiliary variables
   TS_YN       SW_POS3     SW_BR       SW_GR       SW_EF       TS_PAIR
   LA_PAIR     SW_PAIR

Categorical latent variables
   CLASS

Variables with special functions

  ID variable           ID

Estimator                                                      MLR
Information matrix                                        OBSERVED
Optimization Specifications for the Quasi-Newton Algorithm for
Continuous Outcomes
  Maximum number of iterations                                 100
  Convergence criterion                                  0.100D-05
Optimization Specifications for the EM Algorithm
  Maximum number of iterations                                 500
  Convergence criteria
    Loglikelihood change                                 0.100D-06
    Relative loglikelihood change                        0.100D-06
    Derivative                                           0.100D-05
Optimization Specifications for the M step of the EM Algorithm for
Categorical Latent variables
  Number of M step iterations                                    1
  M step convergence criterion                           0.100D-05
  Basis for M step termination                           ITERATION
Optimization Specifications for the M step of the EM Algorithm for
Censored, Binary or Ordered Categorical (Ordinal), Unordered
Categorical (Nominal) and Count Outcomes
  Number of M step iterations                                    1
  M step convergence criterion                           0.100D-05
  Basis for M step termination                           ITERATION
  Maximum value for logit thresholds                            15
  Minimum value for logit thresholds                           -15
  Minimum expected cell size for chi-square              0.100D-01
Maximum number of iterations for H1                           2000
Convergence criterion for H1                             0.100D-03
Optimization algorithm                                         EMA
Random Starts Specifications
  Number of initial stage random starts                        250
  Number of final stage optimizations                           50
  Number of initial stage iterations                            50
  Initial stage convergence criterion                    0.100D+01
  Random starts scale                                    0.500D+01
  Random seed for generating random starts                       0
Link                                                         LOGIT

Input data file(s)
  LCA_sw_detailed_model2_lca.dat
Input data format  FREE


SUMMARY OF DATA

     Number of missing data patterns             1
     Number of y missing data patterns           0
     Number of u missing data patterns           1


COVARIANCE COVERAGE OF DATA

Minimum covariance coverage value   0.100


UNIVARIATE PROPORTIONS AND COUNTS FOR CATEGORICAL VARIABLES

    LA_YN
      Category 1    0.764           42.000
      Category 2    0.236           13.000
    SW_PCAT
      Category 1    0.200           11.000
      Category 2    0.564           31.000
      Category 3    0.236           13.000
    DEL_YN
      Category 1    0.818           45.000
      Category 2    0.182           10.000
    SW_TYPE
      Category 1    0.473           26.000
      Category 2    0.200           11.000
      Category 3    0.327           18.000
    CA_YN
      Category 1    0.582           32.000
      Category 2    0.418           23.000


RANDOM STARTS RESULTS RANKED FROM THE BEST TO THE WORST LOGLIKELIHOOD VALUES

Final stage loglikelihood values at local maxima, seeds, and initial stage start numbers:

            -156.533  51375            148
            -156.533  891531           206
            -156.533  848969           173
            -156.533  422103           62
            -156.533  267983           228
            -156.533  741888           138
            -156.533  650371           14
            -156.533  723775           97
            -156.533  533738           11
            -156.533  411615           171
            -156.533  215353           164
            -156.533  354559           73
            -156.533  392418           28
            -156.533  399671           13
            -156.533  436460           89
            -156.533  715561           125
            -156.533  863094           147
            -156.533  85462            51
            -157.176  227563           63
            -157.176  475420           71
            -157.176  851945           18
            -157.256  168762           200
            -157.688  232226           235
            -157.688  263268           165
            -157.688  136842           58
            -157.688  286735           175
            -157.688  966014           37
            -157.688  370466           41
            -157.688  848890           95
            -157.879  120506           45
            -157.879  66276            217
            -158.321  341041           34
            -158.321  696773           80
            -158.605  366706           29
            -158.739  89970            223
            -158.739  22089            143
            -158.739  618000           190
            -158.908  850840           232
            -159.073  321390           133
            -159.073  781190           219

10 perturbed starting value run(s) did not converge or were rejected in the third stage.



THE BEST LOGLIKELIHOOD VALUE HAS BEEN REPLICATED.  RERUN WITH AT LEAST TWICE THE
RANDOM STARTS TO CHECK THAT THE BEST LOGLIKELIHOOD IS STILL OBTAINED AND REPLICATED.

     IN THE OPTIMIZATION, ONE OR MORE LOGIT THRESHOLDS APPROACHED EXTREME VALUES
     OF -15.000 AND 15.000 AND WERE FIXED TO STABILIZE MODEL ESTIMATION.  THESE
     VALUES IMPLY PROBABILITIES OF 0 AND 1.  IN THE MODEL RESULTS SECTION, THESE
     PARAMETERS HAVE 0 STANDARD ERRORS AND 999 IN THE Z-SCORE AND P-VALUE COLUMNS.




THE MODEL ESTIMATION TERMINATED NORMALLY



MODEL FIT INFORMATION

Number of Free Parameters                       31

Loglikelihood

          H0 Value                        -156.533
          H0 Scaling Correction Factor      1.0041
            for MLR

Information Criteria

          Akaike (AIC)                     375.066
          Bayesian (BIC)                   437.294
          Sample-Size Adjusted BIC         339.881
            (n* = (n + 2) / 24)

Chi-Square Test of Model Fit for the Binary and Ordered Categorical
(Ordinal) Outcomes

          Pearson Chi-Square

          Value                             12.928
          Degrees of Freedom                    40
          P-Value                           1.0000

          Likelihood Ratio Chi-Square

          Value                             14.103
          Degrees of Freedom                    40
          P-Value                           1.0000



FINAL CLASS COUNTS AND PROPORTIONS FOR THE LATENT CLASSES
BASED ON THE ESTIMATED MODEL

    Latent
   Classes

       1         14.57038          0.26492
       2         26.00000          0.47273
       3          1.00000          0.01818
       4         13.42962          0.24417


FINAL CLASS COUNTS AND PROPORTIONS FOR THE LATENT CLASSES
BASED ON ESTIMATED POSTERIOR PROBABILITIES

    Latent
   Classes

       1         14.57038          0.26492
       2         26.00000          0.47273
       3          1.00000          0.01818
       4         13.42962          0.24417


FINAL CLASS COUNTS AND PROPORTIONS FOR THE LATENT CLASSES
BASED ON THEIR MOST LIKELY LATENT CLASS MEMBERSHIP

Class Counts and Proportions

    Latent
   Classes

       1               13          0.23636
       2               26          0.47273
       3                1          0.01818
       4               15          0.27273


CLASSIFICATION QUALITY

     Entropy                         0.956


           Univariate Entropy
              LA_YN         SW_PCAT       DEL_YN        SW_TYPE       CA_YN
              ________      ________      ________      ________      ________
                0.306         0.408         0.233         0.841         0.564


Classification Probabilities for the Most Likely Latent Class Membership (Column)
by Latent Class (Row)

           1        2        3        4

    1   0.882    0.000    0.000    0.118
    2   0.000    1.000    0.000    0.000
    3   0.000    0.000    1.000    0.000
    4   0.011    0.000    0.000    0.989


Logits for the Classification Probabilities for the Most Likely Latent Class Membership (Column)
by Latent Class (Row)

              1        2        3        4

    1      2.015  -11.676  -11.676    0.000
    2      0.000   13.816    0.000    0.000
    3      0.000    0.000   13.816    0.000
    4     -4.523  -13.805  -13.805    0.000


MODEL RESULTS

                                                    Two-Tailed
                    Estimate       S.E.  Est./S.E.    P-Value

Latent Class 1

 Thresholds
    LA_YN$1           -0.197      0.587     -0.335      0.737
    SW_PCAT$1        -15.000      0.000    999.000    999.000
    SW_PCAT$2         -0.737      0.704     -1.048      0.295
    DEL_YN$1           0.363      0.613      0.592      0.554
    SW_TYPE$1        -15.000      0.000    999.000    999.000
    SW_TYPE$2        -15.000      0.000    999.000    999.000
    CA_YN$1          -15.000      0.000    999.000    999.000

Latent Class 2

 Thresholds
    LA_YN$1            1.705      0.544      3.136      0.002
    SW_PCAT$1         -0.470      0.403     -1.166      0.244
    SW_PCAT$2          3.219      1.020      3.156      0.002
    DEL_YN$1           2.037      0.614      3.318      0.001
    SW_TYPE$1         15.000      0.000    999.000    999.000
    SW_TYPE$2         15.000      0.000    999.000    999.000
    CA_YN$1           15.000      0.000    999.000    999.000

Latent Class 3

 Thresholds
    LA_YN$1          -15.000      0.000    999.000    999.000
    SW_PCAT$1        -15.000      0.000    999.000    999.000
    SW_PCAT$2        -15.000      0.000    999.000    999.000
    DEL_YN$1          15.000      0.000    999.000    999.000
    SW_TYPE$1        -15.000      0.000    999.000    999.000
    SW_TYPE$2         15.000      0.000    999.000    999.000
    CA_YN$1           15.000      0.000    999.000    999.000

Latent Class 4

 Thresholds
    LA_YN$1           15.000      0.000    999.000    999.000
    SW_PCAT$1         -2.520      1.061     -2.374      0.018
    SW_PCAT$2          2.374      1.041      2.280      0.023
    DEL_YN$1           2.496      1.055      2.367      0.018
    SW_TYPE$1        -15.000      0.000    999.000    999.000
    SW_TYPE$2          1.070      0.912      1.174      0.241
    CA_YN$1           -0.522      0.624     -0.837      0.403

Categorical Latent Variables

 Means
    CLASS#1            0.082      0.484      0.168      0.866
    CLASS#2            0.661      0.371      1.781      0.075
    CLASS#3           -2.597      1.048     -2.478      0.013


RESULTS IN PROBABILITY SCALE

Latent Class 1

 LA_YN
    Category 1         0.451      0.145      3.101      0.002
    Category 2         0.549      0.145      3.776      0.000
 SW_PCAT
    Category 1         0.000      0.000      0.000      1.000
    Category 2         0.324      0.154      2.100      0.036
    Category 3         0.676      0.154      4.391      0.000
 DEL_YN
    Category 1         0.590      0.148      3.978      0.000
    Category 2         0.410      0.148      2.767      0.006
 SW_TYPE
    Category 1         0.000      0.000      0.000      1.000
    Category 2         0.000      0.000      0.000      1.000
    Category 3         1.000      0.000      0.000      1.000
 CA_YN
    Category 1         0.000      0.000      0.000      1.000
    Category 2         1.000      0.000      0.000      1.000

Latent Class 2

 LA_YN
    Category 1         0.846      0.071     11.958      0.000
    Category 2         0.154      0.071      2.174      0.030
 SW_PCAT
    Category 1         0.385      0.095      4.031      0.000
    Category 2         0.577      0.097      5.954      0.000
    Category 3         0.038      0.038      1.020      0.308
 DEL_YN
    Category 1         0.885      0.063     14.119      0.000
    Category 2         0.115      0.063      1.842      0.066
 SW_TYPE
    Category 1         1.000      0.000      0.000      1.000
    Category 2         0.000      0.000      0.000      1.000
    Category 3         0.000      0.000      0.000      1.000
 CA_YN
    Category 1         1.000      0.000      0.000      1.000
    Category 2         0.000      0.000      0.000      1.000

Latent Class 3

 LA_YN
    Category 1         0.000      0.000      0.000      1.000
    Category 2         1.000      0.000      0.000      1.000
 SW_PCAT
    Category 1         0.000      0.000      0.000      1.000
    Category 2         0.000      0.000      0.000      1.000
    Category 3         1.000      0.000      0.000      1.000
 DEL_YN
    Category 1         1.000      0.000      0.000      1.000
    Category 2         0.000      0.000      0.000      1.000
 SW_TYPE
    Category 1         0.000      0.000      0.000      1.000
    Category 2         1.000      0.000      0.000      1.000
    Category 3         0.000      0.000      0.000      1.000
 CA_YN
    Category 1         1.000      0.000      0.000      1.000
    Category 2         0.000      0.000      0.000      1.000

Latent Class 4

 LA_YN
    Category 1         1.000      0.000      0.000      1.000
    Category 2         0.000      0.000      0.000      1.000
 SW_PCAT
    Category 1         0.074      0.073      1.018      0.309
    Category 2         0.840      0.104      8.057      0.000
    Category 3         0.085      0.081      1.050      0.294
 DEL_YN
    Category 1         0.924      0.074     12.451      0.000
    Category 2         0.076      0.074      1.026      0.305
 SW_TYPE
    Category 1         0.000      0.000      0.000      1.000
    Category 2         0.745      0.173      4.294      0.000
    Category 3         0.255      0.173      1.473      0.141
 CA_YN
    Category 1         0.372      0.146      2.553      0.011
    Category 2         0.628      0.146      4.303      0.000


LATENT CLASS ODDS RATIO RESULTS

                                         (Est. - 1) Two-Tailed
                    Estimate       S.E.     / S.E.    P-Value

Latent Class 1 Compared to Latent Class 2

 LA_YN
    Category > 1       6.697      5.359      1.063      0.288
 SW_PCAT
    Category > 1   *********      0.000    999.000    999.000
    Category > 2      52.261     64.757      0.792      0.429
 DEL_YN
    Category > 1       5.333      4.626      0.937      0.349
 SW_TYPE
    Category > 1   *********      0.000    999.000    999.000
    Category > 2   *********      0.000    999.000    999.000
 CA_YN
    Category > 1   *********      0.000    999.000    999.000

Latent Class 1 Compared to Latent Class 3

 LA_YN
    Category > 1       0.000      0.000    999.000    999.000
 SW_PCAT
    Category > 1       1.000      0.000    999.000    999.000
    Category > 2       0.000      0.000    999.000    999.000
 DEL_YN
    Category > 1   *********      0.000    999.000    999.000
 SW_TYPE
    Category > 1       1.000      0.000    999.000    999.000
    Category > 2   *********      0.000    999.000    999.000
 CA_YN
    Category > 1   *********      0.000    999.000    999.000

Latent Class 1 Compared to Latent Class 4

 LA_YN
    Category > 1   *********      0.000    999.000    999.000
 SW_PCAT
    Category > 1   *********      0.000    999.000    999.000
    Category > 2      22.444     28.685      0.748      0.455
 DEL_YN
    Category > 1       8.437     10.707      0.695      0.487
 SW_TYPE
    Category > 1       1.000      0.000    999.000    999.000
    Category > 2   *********      0.000    999.000    999.000
 CA_YN
    Category > 1   *********      0.000    999.000    999.000

Latent Class 2 Compared to Latent Class 3

 LA_YN
    Category > 1       0.000      0.000    999.000    999.000
 SW_PCAT
    Category > 1       0.000      0.000    999.000    999.000
    Category > 2       0.000      0.000    999.000    999.000
 DEL_YN
    Category > 1   *********      0.000    999.000    999.000
 SW_TYPE
    Category > 1       0.000      0.000    999.000    999.000
    Category > 2       1.000      0.000    999.000    999.000
 CA_YN
    Category > 1       1.000      0.000    999.000    999.000

Latent Class 2 Compared to Latent Class 4

 LA_YN
    Category > 1   *********      0.000    999.000    999.000
 SW_PCAT
    Category > 1       0.129      0.146     -5.962      0.000
    Category > 2       0.429      0.626     -0.912      0.362
 DEL_YN
    Category > 1       1.582      1.931      0.302      0.763
 SW_TYPE
    Category > 1       0.000      0.000    999.000    999.000
    Category > 2       0.000      0.000    999.000    999.000
 CA_YN
    Category > 1       0.000      0.000    999.000    999.000

Latent Class 3 Compared to Latent Class 4

 LA_YN
    Category > 1   *********      0.000    999.000    999.000
 SW_PCAT
    Category > 1   *********      0.000    999.000    999.000
    Category > 2   *********      0.000    999.000    999.000
 DEL_YN
    Category > 1       0.000      0.000    999.000    999.000
 SW_TYPE
    Category > 1       1.000      0.000    999.000    999.000
    Category > 2       0.000      0.000    999.000    999.000
 CA_YN
    Category > 1       0.000      0.000    999.000    999.000


QUALITY OF NUMERICAL RESULTS

     Condition Number for the Information Matrix              0.284E-01
       (ratio of smallest to largest eigenvalue)


MODEL COMMAND WITH FINAL ESTIMATES USED AS STARTING VALUES

     %OVERALL%

     [ class#1*0.08153 ];
     [ class#2*0.66063 ];
     [ class#3*-2.59746 ];

     %CLASS#1%

     [ la_yn$1*-0.19687 ];
     [ sw_pcat$1*-15 ];
     [ sw_pcat$2*-0.73738 ];
     [ del_yn$1*0.36302 ];
     [ sw_type$1*-15 ];
     [ sw_type$2*-15 ];
     [ ca_yn$1*-15 ];

     %CLASS#2%

     [ la_yn$1*1.70475 ];
     [ sw_pcat$1*-0.47000 ];
     [ sw_pcat$2*3.21888 ];
     [ del_yn$1*2.03688 ];
     [ sw_type$1*15 ];
     [ sw_type$2*15 ];
     [ ca_yn$1*15 ];

     %CLASS#3%

     [ la_yn$1*-15 ];
     [ sw_pcat$1*-15 ];
     [ sw_pcat$2*-15 ];
     [ del_yn$1*15 ];
     [ sw_type$1*-15 ];
     [ sw_type$2*15 ];
     [ ca_yn$1*15 ];

     %CLASS#4%

     [ la_yn$1*15 ];
     [ sw_pcat$1*-2.52008 ];
     [ sw_pcat$2*2.37365 ];
     [ del_yn$1*2.49569 ];
     [ sw_type$1*-15 ];
     [ sw_type$2*1.07014 ];
     [ ca_yn$1*-0.52231 ];



TECHNICAL 1 OUTPUT


     PARAMETER SPECIFICATION FOR LATENT CLASS 1


     PARAMETER SPECIFICATION FOR LATENT CLASS 2


     PARAMETER SPECIFICATION FOR LATENT CLASS 3


     PARAMETER SPECIFICATION FOR LATENT CLASS 4


     PARAMETER SPECIFICATION FOR LATENT CLASS INDICATOR MODEL PART


           TAU(U) FOR LATENT CLASS 1
              LA_YN$1       SW_PCAT$      SW_PCAT$      DEL_YN$1      SW_TYPE$
              ________      ________      ________      ________      ________
                    1             2             3             4             5


           TAU(U) FOR LATENT CLASS 1
              SW_TYPE$      CA_YN$1
              ________      ________
                    6             7


           TAU(U) FOR LATENT CLASS 2
              LA_YN$1       SW_PCAT$      SW_PCAT$      DEL_YN$1      SW_TYPE$
              ________      ________      ________      ________      ________
                    8             9            10            11            12


           TAU(U) FOR LATENT CLASS 2
              SW_TYPE$      CA_YN$1
              ________      ________
                   13            14


           TAU(U) FOR LATENT CLASS 3
              LA_YN$1       SW_PCAT$      SW_PCAT$      DEL_YN$1      SW_TYPE$
              ________      ________      ________      ________      ________
                   15            16            17            18            19


           TAU(U) FOR LATENT CLASS 3
              SW_TYPE$      CA_YN$1
              ________      ________
                   20            21


           TAU(U) FOR LATENT CLASS 4
              LA_YN$1       SW_PCAT$      SW_PCAT$      DEL_YN$1      SW_TYPE$
              ________      ________      ________      ________      ________
                   22            23            24            25            26


           TAU(U) FOR LATENT CLASS 4
              SW_TYPE$      CA_YN$1
              ________      ________
                   27            28


     PARAMETER SPECIFICATION FOR LATENT CLASS REGRESSION MODEL PART


           ALPHA(C)
              CLASS#1       CLASS#2       CLASS#3       CLASS#4
              ________      ________      ________      ________
                   29            30            31             0


     STARTING VALUES FOR LATENT CLASS 1


     STARTING VALUES FOR LATENT CLASS 2


     STARTING VALUES FOR LATENT CLASS 3


     STARTING VALUES FOR LATENT CLASS 4


     STARTING VALUES FOR LATENT CLASS INDICATOR MODEL PART


           TAU(U) FOR LATENT CLASS 1
              LA_YN$1       SW_PCAT$      SW_PCAT$      DEL_YN$1      SW_TYPE$
              ________      ________      ________      ________      ________
                0.173        -2.386         0.173         0.504        -1.109


           TAU(U) FOR LATENT CLASS 1
              SW_TYPE$      CA_YN$1
              ________      ________
               -0.279        -0.670


           TAU(U) FOR LATENT CLASS 2
              LA_YN$1       SW_PCAT$      SW_PCAT$      DEL_YN$1      SW_TYPE$
              ________      ________      ________      ________      ________
                1.173        -1.386         1.173         1.504        -0.109


           TAU(U) FOR LATENT CLASS 2
              SW_TYPE$      CA_YN$1
              ________      ________
                0.721         0.330


           TAU(U) FOR LATENT CLASS 3
              LA_YN$1       SW_PCAT$      SW_PCAT$      DEL_YN$1      SW_TYPE$
              ________      ________      ________      ________      ________
                1.173        -1.386         1.173         1.504        -0.109


           TAU(U) FOR LATENT CLASS 3
              SW_TYPE$      CA_YN$1
              ________      ________
                0.721         0.330


           TAU(U) FOR LATENT CLASS 4
              LA_YN$1       SW_PCAT$      SW_PCAT$      DEL_YN$1      SW_TYPE$
              ________      ________      ________      ________      ________
                2.173        -0.386         2.173         2.504         0.891


           TAU(U) FOR LATENT CLASS 4
              SW_TYPE$      CA_YN$1
              ________      ________
                1.721         1.330


     STARTING VALUES FOR LATENT CLASS REGRESSION MODEL PART


           ALPHA(C)
              CLASS#1       CLASS#2       CLASS#3       CLASS#4
              ________      ________      ________      ________
                0.000         0.000         0.000         0.000


TECHNICAL 4 OUTPUT


PLOT INFORMATION

The following plots are available:

  Histograms (sample values)
  Scatterplots (sample values)
  Sample proportions and estimated probabilities

SAVEDATA INFORMATION


  Save file
    LCA_sw_detailed_model2_lca_4.dat SAVE = cprobabilites bchweights

  Order and format of variables

    LA_YN          F10.3
    SW_PCAT        F10.3
    DEL_YN         F10.3
    SW_TYPE        F10.3
    CA_YN          F10.3
    TS_YN          F10.3
    SW_POS3        F10.3
    SW_BR          F10.3
    SW_GR          F10.3
    SW_EF          F10.3
    TS_PAIR        F10.3
    LA_PAIR        F10.3
    SW_PAIR        F10.3
    CPROB1         F10.3
    CPROB2         F10.3
    CPROB3         F10.3
    CPROB4         F10.3
    CLASS          F10.3
    ID             I4

  Save file format
    18F10.3 I4

  Save file record length    10000


     Beginning Time:  20:33:52
        Ending Time:  20:33:53
       Elapsed Time:  00:00:01



MUTHEN & MUTHEN
3463 Stoner Ave.
Los Angeles, CA  90066

Tel: (310) 391-9971
Fax: (310) 391-8971
Web: www.StatModel.com
Support: Support@StatModel.com

Copyright (c) 1998-2019 Muthen & Muthen
