Mplus VERSION 8.4 (Mac)
MUTHEN & MUTHEN
04/27/2025   8:58 PM

INPUT INSTRUCTIONS


  TITLE: LCA_sw_detailed1 classes
  DATA: FILE IS LCA_sw_detailed_model2_lca.dat;

  VARIABLE:
  NAMES = id TS_YN LA_YN DEL_YN CA_YN SW_type SW_pos3 SW_BR SW_GR SW_EF TS_PAIR
       LA_PAIR SW_PAIR SW_pcat;
  IDVARIABLE = id;
  USEVARIABLES = LA_YN SW_pcat DEL_YN SW_type SW_pos3;
  CATEGORICAL = LA_YN SW_pcat DEL_YN SW_type SW_pos3;
  AUXILIARY = TS_YN CA_YN SW_BR SW_GR SW_EF TS_PAIR LA_PAIR SW_PAIR;
  MISSING = .;
  CLASSES = class (1);


  ANALYSIS:
  TYPE = MIXTURE;
  PROCESSORS = 12;
  STITERATIONS = 800;
  STARTS = 4000 800;

  OUTPUT:
  SVALUES ENTROPY TECH1 TECH4;
  PLOT: TYPE=PLOT1 PLOT2 PLOT3;
  SAVEDATA:
  FILE IS LCA_sw_detailed_model2_lca_1.dat
  SAVE = cprobabilites bchweights;



INPUT READING TERMINATED NORMALLY



LCA_sw_detailed1 classes

SUMMARY OF ANALYSIS

Number of groups                                                 1
Number of observations                                          55

Number of dependent variables                                    5
Number of independent variables                                  0
Number of continuous latent variables                            0
Number of categorical latent variables                           1

Observed dependent variables

  Binary and ordered categorical (ordinal)
   LA_YN       SW_PCAT     DEL_YN      SW_TYPE     SW_POS3

Observed auxiliary variables
   TS_YN       CA_YN       SW_BR       SW_GR       SW_EF       TS_PAIR
   LA_PAIR     SW_PAIR

Categorical latent variables
   CLASS

Variables with special functions

  ID variable           ID

Estimator                                                      MLR
Information matrix                                        OBSERVED
Optimization Specifications for the Quasi-Newton Algorithm for
Continuous Outcomes
  Maximum number of iterations                                 100
  Convergence criterion                                  0.100D-05
Optimization Specifications for the EM Algorithm
  Maximum number of iterations                                 500
  Convergence criteria
    Loglikelihood change                                 0.100D-06
    Relative loglikelihood change                        0.100D-06
    Derivative                                           0.100D-05
Optimization Specifications for the M step of the EM Algorithm for
Categorical Latent variables
  Number of M step iterations                                    1
  M step convergence criterion                           0.100D-05
  Basis for M step termination                           ITERATION
Optimization Specifications for the M step of the EM Algorithm for
Censored, Binary or Ordered Categorical (Ordinal), Unordered
Categorical (Nominal) and Count Outcomes
  Number of M step iterations                                    1
  M step convergence criterion                           0.100D-05
  Basis for M step termination                           ITERATION
  Maximum value for logit thresholds                            15
  Minimum value for logit thresholds                           -15
  Minimum expected cell size for chi-square              0.100D-01
Maximum number of iterations for H1                           2000
Convergence criterion for H1                             0.100D-03
Optimization algorithm                                         EMA
Random Starts Specifications
  Number of initial stage random starts                       4000
  Number of final stage optimizations                          800
  Number of initial stage iterations                           800
  Initial stage convergence criterion                    0.100D+01
  Random starts scale                                    0.500D+01
  Random seed for generating random starts                       0
Link                                                         LOGIT

Input data file(s)
  LCA_sw_detailed_model2_lca.dat
Input data format  FREE


SUMMARY OF DATA

     Number of missing data patterns             1
     Number of y missing data patterns           0
     Number of u missing data patterns           1


COVARIANCE COVERAGE OF DATA

Minimum covariance coverage value   0.100


UNIVARIATE PROPORTIONS AND COUNTS FOR CATEGORICAL VARIABLES

    LA_YN
      Category 1    0.764           42.000
      Category 2    0.236           13.000
    SW_PCAT
      Category 1    0.200           11.000
      Category 2    0.564           31.000
      Category 3    0.236           13.000
    DEL_YN
      Category 1    0.818           45.000
      Category 2    0.182           10.000
    SW_TYPE
      Category 1    0.473           26.000
      Category 2    0.200           11.000
      Category 3    0.327           18.000
    SW_POS3
      Category 1    0.036            2.000
      Category 2    0.545           30.000
      Category 3    0.418           23.000


RANDOM STARTS RESULTS RANKED FROM THE BEST TO THE WORST LOGLIKELIHOOD VALUES

Final stage loglikelihood values at local maxima, seeds, and initial stage start numbers:

            -212.537  398789           2336
            -212.537  13571            2669
            -212.537  20976            1336
            -212.537  696830           668
            -212.537  350608           334
            -212.537  34900            3002
            -212.537  746304           3335
            -212.537  216091           1670
            -212.537  913726           3668
            -212.537  76204            2003
            -212.537  923803           1002
            -212.537  42638            2048
            -212.537  944394           1024
            -212.537  258142           2049
            -212.537  286102           2050
            -212.537  379729           512
            -212.537  981480           1025
            -212.537  647548           2051
            -212.537  389538           2052
            -212.537  604441           1026
            -212.537  224785           2053
            -212.537  36077            2054
            -212.537  314034           513
            -212.537  874698           1027
            -212.537  634388           2055
            -212.537  613075           2056
            -212.537  217403           1028
            -212.537  582061           2057
            -212.537  720696           2058
            -212.537  147440           514
            -212.537  621197           1029
            -212.537  915628           2059
            -212.537  973315           2060
            -212.537  137863           1030
            -212.537  344236           2061
            -212.537  19374            2062
            -212.537  140849           515
            -212.537  910097           1031
            -212.537  452658           2063
            -212.537  92764            2064
            -212.537  460521           1032
            -212.537  373544           2065
            -212.537  24045            2066
            -212.537  689529           516
            -212.537  401572           1033
            -212.537  85735            2067
            -212.537  946511           2068
            -212.537  83866            1034
            -212.537  957792           2069
            -212.537  842511           2070
            -212.537  79212            517
            -212.537  387016           1035
            -212.537  540678           2071
            -212.537  130971           2072
            -212.537  314662           1036
            -212.537  54325            2073
            -212.537  62738            2074
            -212.537  327475           518
            -212.537  550871           1037
            -212.537  175952           2075
            -212.537  786248           2076
            -212.537  835162           1038
            -212.537  865575           2077
            -212.537  320864           2078
            -212.537  161421           519
            -212.537  207299           1039
            -212.537  975082           2079
            -212.537  418284           2080
            -212.537  175820           1040
            -212.537  692357           2081
            -212.537  311072           2082
            -212.537  489927           520
            -212.537  608363           1041
            -212.537  635483           2083
            -212.537  520685           2084
            -212.537  905166           1042
            -212.537  722206           2085
            -212.537  156309           2086
            -212.537  745972           521
            -212.537  325724           1043
            -212.537  233050           2087
            -212.537  800560           2088
            -212.537  344109           1044
            -212.537  407049           2089
            -212.537  807926           2090
            -212.537  486622           522
            -212.537  264903           1045
            -212.537  527134           2091
            -212.537  456915           2092
            -212.537  221146           1046
            -212.537  819358           2093
            -212.537  971278           2094
            -212.537  715255           523
            -212.537  162030           1047
            -212.537  190781           2095
            -212.537  859041           2096
            -212.537  231581           1048
            -212.537  454111           2097
            -212.537  33553            2098
            -212.537  638611           524
            -212.537  319638           1049
            -212.537  719390           2099
            -212.537  880232           2100
            -212.537  150818           1050
            -212.537  385042           2101
            -212.537  217645           2102
            -212.537  995249           525
            -212.537  985544           1051
            -212.537  35478            2103
            -212.537  441119           2104
            -212.537  295033           1052
            -212.537  186808           2105
            -212.537  729401           2106
            -212.537  126371           526
            -212.537  877722           1053
            -212.537  104688           2107
            -212.537  32106            2108
            -212.537  259758           1054
            -212.537  393147           2109
            -212.537  168205           2110
            -212.537  830292           527
            -212.537  990197           1055
            -212.537  258756           2111
            -212.537  3086             2112
            -212.537  545756           1056
            -212.537  451188           2113
            -212.537  252346           528
            -212.537  701526           1057
            -212.537  158701           1058
            -212.537  78862            529
            -212.537  98720            1059
            -212.537  900817           1060
            -212.537  704798           530
            -212.537  910071           1061
            -212.537  661919           1062
            -212.537  742609           531
            -212.537  303959           1063
            -212.537  60038            1064
            -212.537  371737           532
            -212.537  104520           1065
            -212.537  228451           1066
            -212.537  347222           533
            -212.537  987012           1067
            -212.537  452297           1068
            -212.537  858804           534
            -212.537  181178           1069
            -212.537  353696           1070
            -212.537  413564           535
            -212.537  512820           1071
            -212.537  670595           1072
            -212.537  291149           536
            -212.537  282955           1073
            -212.537  49959            1074
            -212.537  247912           537
            -212.537  864006           1075
            -212.537  602305           1076
            -212.537  723035           538
            -212.537  217990           1077
            -212.537  458226           1078
            -212.537  154575           539
            -212.537  781349           1079
            -212.537  401701           1080
            -212.537  355674           540
            -212.537  956446           1081
            -212.537  502808           1082
            -212.537  944186           541
            -212.537  704051           1083
            -212.537  137654           1084
            -212.537  231281           542
            -212.537  672643           1085
            -212.537  289415           1086
            -212.537  809240           543
            -212.537  731610           1087
            -212.537  222513           1088
            -212.537  539389           544
            -212.537  88140            1089
            -212.537  897782           545
            -212.537  160326           546
            -212.537  995875           547
            -212.537  4091             548
            -212.537  331681           549
            -212.537  760531           550
            -212.537  351622           551
            -212.537  434915           552
            -212.537  903633           553
            -212.537  370957           554
            -212.537  279850           555
            -212.537  248742           556
            -212.537  172913           557
            -212.537  574942           558
            -212.537  519357           559
            -212.537  358074           560
            -212.537  871438           561
            -212.537  312754           562
            -212.537  491970           563
            -212.537  67009            564
            -212.537  436892           565
            -212.537  804104           566
            -212.537  831410           567
            -212.537  212934           568
            -212.537  405371           569
            -212.537  117731           570
            -212.537  699810           571
            -212.537  117587           572
            -212.537  947714           573
            -212.537  473942           574
            -212.537  566739           575
            -212.537  506886           576
            -212.537  650354           577
            -212.537  359127           2337
            -212.537  786218           2338
            -212.537  435112           2339
            -212.537  973427           2340
            -212.537  827570           2341
            -212.537  62585            2342
            -212.537  165213           2343
            -212.537  358083           2344
            -212.537  650387           2345
            -212.537  703783           2346
            -212.537  27690            2347
            -212.537  352988           2348
            -212.537  933596           2349
            -212.537  52010            2350
            -212.537  947659           2351
            -212.537  800662           2352
            -212.537  340711           2353
            -212.537  428058           2354
            -212.537  535336           2355
            -212.537  565709           2356
            -212.537  855696           2357
            -212.537  165579           2358
            -212.537  579712           2359
            -212.537  974762           2360
            -212.537  465028           2361
            -212.537  806234           2362
            -212.537  985203           2363
            -212.537  433197           2364
            -212.537  789171           2365
            -212.537  703893           2366
            -212.537  998744           2367
            -212.537  492644           2368
            -212.537  932960           2369
            -212.537  5262             2370
            -212.537  775844           2371
            -212.537  753696           2372
            -212.537  112482           2373
            -212.537  806363           2374
            -212.537  221460           2375
            -212.537  817779           2376
            -212.537  920346           2377
            -212.537  726120           2378
            -212.537  44196            2379
            -212.537  250872           2380
            -212.537  156034           2381
            -212.537  103765           2382
            -212.537  553604           2383
            -212.537  474350           2384
            -212.537  202063           2385
            -212.537  997845           2386
            -212.537  460291           2387
            -212.537  170683           2388
            -212.537  615589           2389
            -212.537  25531            2390
            -212.537  4395             2391
            -212.537  891036           2392
            -212.537  561281           2393
            -212.537  493718           2394
            -212.537  641890           2395
            -212.537  227478           2396
            -212.537  2315             2397
            -212.537  621441           2398
            -212.537  33398            2399
            -212.537  827041           2400
            -212.537  315131           2401
            -212.537  743878           2402
            -212.537  627421           2670
            -212.537  350191           2671
            -212.537  301545           2672
            -212.537  577058           2673
            -212.537  969468           2674
            -212.537  917184           1337
            -212.537  203143           2675
            -212.537  403892           2676
            -212.537  229452           3718
            -212.537  404917           1338
            -212.537  81124            2677
            -212.537  660650           2678
            -212.537  373702           669
            -212.537  785822           1339
            -212.537  458123           2679
            -212.537  475130           2680
            -212.537  318596           3710
            -212.537  803696           1340
            -212.537  788342           2681
            -212.537  817593           2682
            -212.537  26649            3706
            -212.537  59963            670
            -212.537  452356           1341
            -212.537  158872           2683
            -212.537  635597           3702
            -212.537  330254           2684
            -212.537  338858           1342
            -212.537  153302           2685
            -212.537  690012           2686
            -212.537  666720           671
            -212.537  188340           1343
            -212.537  332809           2687
            -212.537  872737           3694
            -212.537  515428           2688
            -212.537  682178           1344
            -212.537  115267           2689
            -212.537  545961           3690
            -212.537  18109            2690
            -212.537  266038           672
            -212.537  350502           1345
            -212.537  136297           3686
            -212.537  746172           2691
            -212.537  477585           2692
            -212.537  182461           1346
            -212.537  77289            2693
            -212.537  862221           2694
            -212.537  383902           673
            -212.537  953815           1347
            -212.537  576306           3678
            -212.537  591019           2695
            -212.537  149379           2696
            -212.537  289739           1348
            -212.537  619114           2697
            -212.537  374819           2698
            -212.537  278661           674
            -212.537  36183            1349
            -212.537  641965           2699
            -212.537  88767            2700
            -212.537  708577           1350
            -212.537  49633            2701
            -212.537  702334           2702
            -212.537  404042           675
            -212.537  830367           1351
            -212.537  679890           2703
            -212.537  327185           2704
            -212.537  654884           1352
            -212.537  995255           2705
            -212.537  122167           2706
            -212.537  276696           676
            -212.537  276023           1353
            -212.537  804872           2707
            -212.537  971770           2708
            -212.537  344689           1354
            -212.537  613933           2709
            -212.537  282806           2710
            -212.537  838615           677
            -212.537  393453           1355
            -212.537  273423           2711
            -212.537  469571           2712
            -212.537  449258           1356
            -212.537  645068           2713
            -212.537  856920           2714
            -212.537  327140           678
            -212.537  547354           1357
            -212.537  2292             2715
            -212.537  38165            2716
            -212.537  971119           1358
            -212.537  808328           2717
            -212.537  70669            2718
            -212.537  574412           679
            -212.537  357700           1359
            -212.537  581601           2719
            -212.537  478386           2720
            -212.537  873222           1360
            -212.537  402225           2721
            -212.537  722647           2722
            -212.537  677062           680
            -212.537  635599           1361
            -212.537  78393            2723
            -212.537  931841           2724
            -212.537  175583           1362
            -212.537  57775            2725
            -212.537  536075           2726
            -212.537  677720           681
            -212.537  859223           1363
            -212.537  926494           2727
            -212.537  940517           2728
            -212.537  199491           1364
            -212.537  901845           2729
            -212.537  422747           2730
            -212.537  148918           682
            -212.537  198008           1365
            -212.537  78021            2731
            -212.537  245947           2732
            -212.537  394609           1366
            -212.537  693257           2733
            -212.537  583083           2734
            -212.537  266340           683
            -212.537  74838            1367
            -212.537  743830           1368
            -212.537  712702           684
            -212.537  934216           1369
            -212.537  493083           1370
            -212.537  341960           685
            -212.537  970728           1371
            -212.537  356754           1372
            -212.537  106561           686
            -212.537  842091           1373
            -212.537  277373           1374
            -212.537  179022           687
            -212.537  319298           1375
            -212.537  661290           1376
            -212.537  488581           688
            -212.537  967567           1377
            -212.537  425140           1378
            -212.537  534193           689
            -212.537  667170           1379
            -212.537  865693           1380
            -212.537  686384           690
            -212.537  913926           1381
            -212.537  115218           1382
            -212.537  580181           691
            -212.537  357258           1383
            -212.537  160041           1384
            -212.537  72866            692
            -212.537  622896           1385
            -212.537  925994           1386
            -212.537  917702           693
            -212.537  115653           1387
            -212.537  723096           1388
            -212.537  848590           694
            -212.537  924828           1389
            -212.537  320884           1390
            -212.537  204959           695
            -212.537  230121           1391
            -212.537  227999           1392
            -212.537  536551           696
            -212.537  356194           1393
            -212.537  540747           1394
            -212.537  7195             697
            -212.537  65562            1395
            -212.537  182880           1396
            -212.537  626208           698
            -212.537  337381           1397
            -212.537  847341           1398
            -212.537  669639           699
            -212.537  903099           1399
            -212.537  555330           1400
            -212.537  856612           700
            -212.537  778338           1401
            -212.537  493775           1402
            -212.537  964570           701
            -212.537  531546           702
            -212.537  35191            703
            -212.537  926762           704
            -212.537  476393           705
            -212.537  579138           706
            -212.537  49293            707
            -212.537  114433           708
            -212.537  765586           709
            -212.537  117391           710
            -212.537  610181           711
            -212.537  77210            712
            -212.537  284716           713
            -212.537  46502            714
            -212.537  833196           715
            -212.537  853781           716
            -212.537  607072           717
            -212.537  702492           718
            -212.537  512403           719
            -212.537  178031           720
            -212.537  670281           721
            -212.537  461866           722
            -212.537  699834           723
            -212.537  502495           724
            -212.537  647617           725
            -212.537  177936           726
            -212.537  91231            727
            -212.537  878749           728
            -212.537  72662            729
            -212.537  42523            730
            -212.537  478341           731
            -212.537  548673           732
            -212.537  682718           733
            -212.537  556929           734
            -212.537  746057           3003
            -212.537  274131           3004
            -212.537  681079           3005
            -212.537  51943            3006
            -212.537  357077           3007
            -212.537  10632            3008
            -212.537  487062           3009
            -212.537  300741           3010
            -212.537  121729           3011
            -212.537  440963           3012
            -212.537  236640           3013
            -212.537  626264           3014
            -212.537  985883           3015
            -212.537  161831           3016
            -212.537  913007           3017
            -212.537  838944           3018
            -212.537  828901           3019
            -212.537  19271            3020
            -212.537  628628           3021
            -212.537  862277           3022
            -212.537  854613           3023
            -212.537  75643            3024
            -212.537  877914           3025
            -212.537  483602           3026
            -212.537  595590           3027
            -212.537  139043           3028
            -212.537  525406           3029
            -212.537  210846           3030
            -212.537  380978           3031
            -212.537  958223           3032
            -212.537  703              3033
            -212.537  560777           3034
            -212.537  549964           3035
            -212.537  204058           3036
            -212.537  528696           3037
            -212.537  445903           3038
            -212.537  912557           3039
            -212.537  331210           3040
            -212.537  80226            3041
            -212.537  164125           3042
            -212.537  202788           3043
            -212.537  851658           3044
            -212.537  91413            3045
            -212.537  960766           3046
            -212.537  93229            3047
            -212.537  117631           3048
            -212.537  567996           3049
            -212.537  618385           3050
            -212.537  407517           3051
            -212.537  105022           3052
            -212.537  673091           3053
            -212.537  839525           3054
            -212.537  122612           3055
            -212.537  612837           3056
            -212.537  539433           3057
            -212.537  476383           3058
            -212.537  943158           3059
            -212.537  135790           3060
            -212.537  251341           3061
            -212.537  678510           3062
            -212.537  797381           3063
            -212.537  260147           3064
            -212.537  203637           3065
            -212.537  271100           3066
            -212.537  196942           3067
            -212.537  761017           3336
            -212.537  427979           3337
            -212.537  98578            3338
            -212.537  761888           3339
            -212.537  671703           3340
            -212.537  245560           3341
            -212.537  895274           3342
            -212.537  853439           1671
            -212.537  786713           3343
            -212.537  749808           3344
            -212.537  171430           1672
            -212.537  561513           3345
            -212.537  677999           3346
            -212.537  146857           1673
            -212.537  659367           3347
            -212.537  676616           3348
            -212.537  275003           1674
            -212.537  928686           3349
            -212.537  830978           3350
            -212.537  452606           1675
            -212.537  192731           3351
            -212.537  893448           3352
            -212.537  422856           1676
            -212.537  134638           3353
            -212.537  679391           3354
            -212.537  778787           1677
            -212.537  270973           3355
            -212.537  387354           3356
            -212.537  719798           1678
            -212.537  161998           3357
            -212.537  500237           3358
            -212.537  137877           1679
            -212.537  74096            3359
            -212.537  839912           3360
            -212.537  22518            1680
            -212.537  137767           3361
            -212.537  175767           3362
            -212.537  538470           1681
            -212.537  105912           3363
            -212.537  785215           3364
            -212.537  758926           1682
            -212.537  171846           3365
            -212.537  278885           3366
            -212.537  983830           1683
            -212.537  575827           3367
            -212.537  274385           3368
            -212.537  654377           1684
            -212.537  185823           3369
            -212.537  388467           3370
            -212.537  958803           1685
            -212.537  325083           3371
            -212.537  494200           3372
            -212.537  269800           1686
            -212.537  383791           3373
            -212.537  763415           3374
            -212.537  784646           1687
            -212.537  752523           3375
            -212.537  718972           3376
            -212.537  575260           3398
            -212.537  696575           3397
            -212.537  552100           3396
            -212.537  320563           1688
            -212.537  830618           3377
            -212.537  663189           3378
            -212.537  987174           1689
            -212.537  511811           3379
            -212.537  715647           3390
            -212.537  540809           3389
            -212.537  476830           3388
            -212.537  555550           3380
            -212.537  59890            1690
            -212.537  568              3381
            -212.537  198168           3382
            -212.537  960582           1691
            -212.537  939470           3383
            -212.537  724245           3384
            -212.537  135076           1692
            -212.537  766824           3385
            -212.537  712456           3386
            -212.537  672339           1693
            -212.537  77063            3387
            -212.537  209243           1694
            -212.537  514629           1695
            -212.537  200506           3391
            -212.537  806904           3392
            -212.537  62158            1696
            -212.537  245878           3393
            -212.537  116609           3394
            -212.537  172133           1697
            -212.537  489524           3395
            -212.537  17730            1698
            -212.537  739486           1699
            -212.537  877705           3399
            -212.537  338951           3400
            -212.537  703098           1700
            -212.537  847855           1701
            -212.537  296924           1702
            -212.537  573574           1703
            -212.537  949654           1704
            -212.537  812408           1705
            -212.537  638032           1706
            -212.537  868600           1707
            -212.537  460453           1708
            -212.537  990491           1709
            -212.537  208230           1710
            -212.537  217759           1711
            -212.537  138555           1712
            -212.537  283112           1713
            -212.537  139018           1714
            -212.537  290366           1715
            -212.537  977507           1716
            -212.537  437936           1717
            -212.537  115028           1718
            -212.537  965074           1719
            -212.537  884146           1720
            -212.537  826811           1721
            -212.537  708128           1722
            -212.537  58353            1723
            -212.537  358115           1724
            -212.537  767770           1725
            -212.537  452792           1726
            -212.537  178337           1727
            -212.537  816796           1728
            -212.537  109920           1729
            -212.537  125089           1730
            -212.537  255016           1731
            -212.537  762690           1732
            -212.537  463894           1733
            -212.537  259148           1734
            -212.537  586561           1735
            -212.537  673767           1736
            -212.537  132836           3669
            -212.537  928789           3670
            -212.537  346749           3671
            -212.537  605367           3672
            -212.537  760898           3673
            -212.537  85186            3674
            -212.537  851553           3675
            -212.537  5139             3676
            -212.537  398329           3677
            -212.537  672489           3679
            -212.537  239389           3680
            -212.537  485264           3681
            -212.537  7421             3682
            -212.537  707126           3683
            -212.537  856950           3684
            -212.537  265927           3685
            -212.537  475953           3687
            -212.537  491690           3688
            -212.537  785753           3689
            -212.537  338064           3691
            -212.537  514266           3692
            -212.537  303742           3693
            -212.537  847651           3695
            -212.537  291035           3696
            -212.537  697297           3697
            -212.537  79156            3698
            -212.537  590437           3699
            -212.537  972349           3700
            -212.537  870721           3701
            -212.537  138513           3703
            -212.537  325494           3704
            -212.537  79932            3705
            -212.537  473869           3707
            -212.537  187594           3708
            -212.537  199051           3709
            -212.537  746487           3711
            -212.537  537166           3712
            -212.537  808960           3713
            -212.537  108961           3714
            -212.537  605442           3715
            -212.537  116438           3716
            -212.537  121292           3717
            -212.537  786545           3719
            -212.537  936879           3720
            -212.537  826112           3721
            -212.537  12177            3942
            -212.537  22155            3946
            -212.537  386235           3950
            -212.537  179079           3958
            -212.537  392300           3962
            -212.537  473657           3966
            -212.537  929499           3974
            -212.537  430395           3978
            -212.537  790081           3982
            -212.537  913220           3990
            -212.537  768537           3994
            -212.537  321422           3998
            -212.537  153942           31
            -212.537  227563           63
            -212.537  945065           255
            -212.537  794236           127
            -212.537  285380           1
            -212.537  27071            15
            -212.537  462953           7
            -212.537  7959             256
            -212.537  871851           257
            -212.537  164305           128
            -212.537  188498           258
            -212.537  311214           64
            -212.537  622860           259
            -212.537  814975           129
            -212.537  804660           260
            -212.537  616917           261
            -212.537  509733           130
            -212.537  520177           262
            -212.537  565819           65
            -212.537  349263           263
            -212.537  468036           131
            -212.537  626891           32
            -212.537  358488           264
            -212.537  105435           265
            -212.537  313407           132
            -212.537  970689           266
            -212.537  467339           66
            -212.537  930323           267
            -212.537  321390           133
            -212.537  529455           268
            -212.537  926283           269
            -212.537  903369           134
            -212.537  483369           270
            -212.537  789985           67
            -212.537  438144           271
            -212.537  437181           135
            -212.537  76974            16
            -212.537  749453           33
            -212.537  782821           272
            -212.537  688839           273
            -212.537  232559           136
            -212.537  15715            274
            -212.537  405079           68
            -212.537  387701           275
            -212.537  848331           137
            -212.537  840031           276
            -212.537  930872           277
            -212.537  741888           138
            -212.537  545140           278
            -212.537  685657           69
            -212.537  830529           279
            -212.537  118421           139
            -212.537  576726           280
            -212.537  341041           34
            -212.537  264935           281
            -212.537  948615           140
            -212.537  694303           282
            -212.537  987090           70
            -212.537  282464           283
            -212.537  931874           141
            -212.537  597614           284
            -212.537  281462           285
            -212.537  192071           142
            -212.537  580405           286
            -212.537  93468            3
            -212.537  939021           8
            -212.537  unperturbed      0



THE MODEL ESTIMATION TERMINATED NORMALLY



MODEL FIT INFORMATION

Number of Free Parameters                        8

Loglikelihood

          H0 Value                        -212.537
          H0 Scaling Correction Factor      1.0000
            for MLR

Information Criteria

          Akaike (AIC)                     441.074
          Bayesian (BIC)                   457.133
          Sample-Size Adjusted BIC         431.994
            (n* = (n + 2) / 24)

Chi-Square Test of Model Fit for the Binary and Ordered Categorical
(Ordinal) Outcomes

          Pearson Chi-Square

          Value                            198.049
          Degrees of Freedom                    99
          P-Value                           0.0000

          Likelihood Ratio Chi-Square

          Value                            117.114
          Degrees of Freedom                    99
          P-Value                           0.1033



FINAL CLASS COUNTS AND PROPORTIONS FOR THE LATENT CLASSES
BASED ON THE ESTIMATED MODEL

    Latent
   Classes

       1         55.00000          1.00000


FINAL CLASS COUNTS AND PROPORTIONS FOR THE LATENT CLASSES
BASED ON ESTIMATED POSTERIOR PROBABILITIES

    Latent
   Classes

       1         55.00000          1.00000


FINAL CLASS COUNTS AND PROPORTIONS FOR THE LATENT CLASSES
BASED ON THEIR MOST LIKELY LATENT CLASS MEMBERSHIP

Class Counts and Proportions

    Latent
   Classes

       1               55          1.00000


Classification Probabilities for the Most Likely Latent Class Membership (Column)
by Latent Class (Row)

           1

    1   1.000


Logits for the Classification Probabilities for the Most Likely Latent Class Membership (Column)
by Latent Class (Row)

              1

    1      0.000


MODEL RESULTS

                                                    Two-Tailed
                    Estimate       S.E.  Est./S.E.    P-Value

Latent Class 1

 Thresholds
    LA_YN$1            1.173      0.317      3.695      0.000
    SW_PCAT$1         -1.386      0.337     -4.112      0.000
    SW_PCAT$2          1.173      0.317      3.695      0.000
    DEL_YN$1           1.504      0.350      4.302      0.000
    SW_TYPE$1         -0.109      0.270     -0.404      0.686
    SW_TYPE$2          0.721      0.287      2.507      0.012
    SW_POS3$1         -3.277      0.720     -4.550      0.000
    SW_POS3$2          0.330      0.273      1.208      0.227


RESULTS IN PROBABILITY SCALE

Latent Class 1

 LA_YN
    Category 1         0.764      0.057     13.330      0.000
    Category 2         0.236      0.057      4.126      0.000
 SW_PCAT
    Category 1         0.200      0.054      3.708      0.000
    Category 2         0.564      0.067      8.429      0.000
    Category 3         0.236      0.057      4.126      0.000
 DEL_YN
    Category 1         0.818      0.052     15.732      0.000
    Category 2         0.182      0.052      3.496      0.000
 SW_TYPE
    Category 1         0.473      0.067      7.022      0.000
    Category 2         0.200      0.054      3.708      0.000
    Category 3         0.327      0.063      5.173      0.000
 SW_POS3
    Category 1         0.036      0.025      1.441      0.150
    Category 2         0.545      0.067      8.124      0.000
    Category 3         0.418      0.067      6.287      0.000


QUALITY OF NUMERICAL RESULTS

     Condition Number for the Information Matrix              0.280E-01
       (ratio of smallest to largest eigenvalue)


MODEL COMMAND WITH FINAL ESTIMATES USED AS STARTING VALUES

     %OVERALL%

     %CLASS#1%

     [ la_yn$1*1.17272 ];
     [ sw_pcat$1*-1.38629 ];
     [ sw_pcat$2*1.17272 ];
     [ del_yn$1*1.50408 ];
     [ sw_type$1*-0.10920 ];
     [ sw_type$2*0.72055 ];
     [ sw_pos3$1*-3.27714 ];
     [ sw_pos3$2*0.33024 ];



TECHNICAL 1 OUTPUT


     PARAMETER SPECIFICATION FOR LATENT CLASS 1


     PARAMETER SPECIFICATION FOR LATENT CLASS INDICATOR MODEL PART


           TAU(U) FOR LATENT CLASS 1
              LA_YN$1       SW_PCAT$      SW_PCAT$      DEL_YN$1      SW_TYPE$
              ________      ________      ________      ________      ________
                    1             2             3             4             5


           TAU(U) FOR LATENT CLASS 1
              SW_TYPE$      SW_POS3$      SW_POS3$
              ________      ________      ________
                    6             7             8


     PARAMETER SPECIFICATION FOR LATENT CLASS REGRESSION MODEL PART


           ALPHA(C)
              CLASS#1
              ________
                    0


     STARTING VALUES FOR LATENT CLASS 1


     STARTING VALUES FOR LATENT CLASS INDICATOR MODEL PART


           TAU(U) FOR LATENT CLASS 1
              LA_YN$1       SW_PCAT$      SW_PCAT$      DEL_YN$1      SW_TYPE$
              ________      ________      ________      ________      ________
                1.173        -1.386         1.173         1.504        -0.109


           TAU(U) FOR LATENT CLASS 1
              SW_TYPE$      SW_POS3$      SW_POS3$
              ________      ________      ________
                0.721        -3.277         0.330


     STARTING VALUES FOR LATENT CLASS REGRESSION MODEL PART


           ALPHA(C)
              CLASS#1
              ________
                0.000


TECHNICAL 4 OUTPUT


PLOT INFORMATION

The following plots are available:

  Histograms (sample values)
  Scatterplots (sample values)
  Sample proportions and estimated probabilities

SAVEDATA INFORMATION


  Save file
    LCA_sw_detailed_model2_lca_1.dat SAVE = cprobabilites bchweights

  Order and format of variables

    LA_YN          F10.3
    SW_PCAT        F10.3
    DEL_YN         F10.3
    SW_TYPE        F10.3
    SW_POS3        F10.3
    TS_YN          F10.3
    CA_YN          F10.3
    SW_BR          F10.3
    SW_GR          F10.3
    SW_EF          F10.3
    TS_PAIR        F10.3
    LA_PAIR        F10.3
    SW_PAIR        F10.3
    CPROB1         F10.3
    CLASS          F10.3
    ID             I4

  Save file format
    15F10.3 I4

  Save file record length    10000


     Beginning Time:  20:58:47
        Ending Time:  20:58:48
       Elapsed Time:  00:00:01



MUTHEN & MUTHEN
3463 Stoner Ave.
Los Angeles, CA  90066

Tel: (310) 391-9971
Fax: (310) 391-8971
Web: www.StatModel.com
Support: Support@StatModel.com

Copyright (c) 1998-2019 Muthen & Muthen
