Mplus VERSION 8.4 (Mac)
MUTHEN & MUTHEN
04/27/2025   8:58 PM

INPUT INSTRUCTIONS


  TITLE: LCA_sw_detailed4 classes
  DATA: FILE IS LCA_sw_detailed_model2_lca.dat;

  VARIABLE:
  NAMES = id TS_YN LA_YN DEL_YN CA_YN SW_type SW_pos3 SW_BR SW_GR SW_EF TS_PAIR
       LA_PAIR SW_PAIR SW_pcat;
  IDVARIABLE = id;
  USEVARIABLES = LA_YN SW_pcat DEL_YN SW_type SW_pos3;
  CATEGORICAL = LA_YN SW_pcat DEL_YN SW_type SW_pos3;
  AUXILIARY = TS_YN CA_YN SW_BR SW_GR SW_EF TS_PAIR LA_PAIR SW_PAIR;
  MISSING = .;
  CLASSES = class (4);


  ANALYSIS:
  TYPE = MIXTURE;
  PROCESSORS = 12;
  STITERATIONS = 800;
  STARTS = 4000 800;

  OUTPUT:
  SVALUES ENTROPY TECH1 TECH4;
  PLOT: TYPE=PLOT1 PLOT2 PLOT3;
  SAVEDATA:
  FILE IS LCA_sw_detailed_model2_lca_4.dat
  SAVE = cprobabilites bchweights;



INPUT READING TERMINATED NORMALLY



LCA_sw_detailed4 classes

SUMMARY OF ANALYSIS

Number of groups                                                 1
Number of observations                                          55

Number of dependent variables                                    5
Number of independent variables                                  0
Number of continuous latent variables                            0
Number of categorical latent variables                           1

Observed dependent variables

  Binary and ordered categorical (ordinal)
   LA_YN       SW_PCAT     DEL_YN      SW_TYPE     SW_POS3

Observed auxiliary variables
   TS_YN       CA_YN       SW_BR       SW_GR       SW_EF       TS_PAIR
   LA_PAIR     SW_PAIR

Categorical latent variables
   CLASS

Variables with special functions

  ID variable           ID

Estimator                                                      MLR
Information matrix                                        OBSERVED
Optimization Specifications for the Quasi-Newton Algorithm for
Continuous Outcomes
  Maximum number of iterations                                 100
  Convergence criterion                                  0.100D-05
Optimization Specifications for the EM Algorithm
  Maximum number of iterations                                 500
  Convergence criteria
    Loglikelihood change                                 0.100D-06
    Relative loglikelihood change                        0.100D-06
    Derivative                                           0.100D-05
Optimization Specifications for the M step of the EM Algorithm for
Categorical Latent variables
  Number of M step iterations                                    1
  M step convergence criterion                           0.100D-05
  Basis for M step termination                           ITERATION
Optimization Specifications for the M step of the EM Algorithm for
Censored, Binary or Ordered Categorical (Ordinal), Unordered
Categorical (Nominal) and Count Outcomes
  Number of M step iterations                                    1
  M step convergence criterion                           0.100D-05
  Basis for M step termination                           ITERATION
  Maximum value for logit thresholds                            15
  Minimum value for logit thresholds                           -15
  Minimum expected cell size for chi-square              0.100D-01
Maximum number of iterations for H1                           2000
Convergence criterion for H1                             0.100D-03
Optimization algorithm                                         EMA
Random Starts Specifications
  Number of initial stage random starts                       4000
  Number of final stage optimizations                          800
  Number of initial stage iterations                           800
  Initial stage convergence criterion                    0.100D+01
  Random starts scale                                    0.500D+01
  Random seed for generating random starts                       0
Link                                                         LOGIT

Input data file(s)
  LCA_sw_detailed_model2_lca.dat
Input data format  FREE


SUMMARY OF DATA

     Number of missing data patterns             1
     Number of y missing data patterns           0
     Number of u missing data patterns           1


COVARIANCE COVERAGE OF DATA

Minimum covariance coverage value   0.100


UNIVARIATE PROPORTIONS AND COUNTS FOR CATEGORICAL VARIABLES

    LA_YN
      Category 1    0.764           42.000
      Category 2    0.236           13.000
    SW_PCAT
      Category 1    0.200           11.000
      Category 2    0.564           31.000
      Category 3    0.236           13.000
    DEL_YN
      Category 1    0.818           45.000
      Category 2    0.182           10.000
    SW_TYPE
      Category 1    0.473           26.000
      Category 2    0.200           11.000
      Category 3    0.327           18.000
    SW_POS3
      Category 1    0.036            2.000
      Category 2    0.545           30.000
      Category 3    0.418           23.000


RANDOM STARTS RESULTS RANKED FROM THE BEST TO THE WORST LOGLIKELIHOOD VALUES

Final stage loglikelihood values at local maxima, seeds, and initial stage start numbers:

            -163.519  861335           2170
            -163.519  264951           1130
            -163.519  670915           2568
            -163.519  794866           2795
            -163.519  786697           3291
            -163.519  384199           882
            -163.519  317858           3752
            -163.519  338858           1342
            -163.519  452792           1726
            -163.519  307998           3584
            -163.519  582296           452
            -163.519  352988           2348
            -163.519  420643           1224
            -163.519  705020           3296
            -163.519  843555           952
            -163.519  300582           2236
            -163.519  676223           3227
            -163.519  396607           3897
            -163.519  389538           2052
            -163.519  86698            893
            -163.519  75168            1160
            -163.519  881859           2495
            -163.519  449171           1260
            -163.519  199491           1364
            -163.519  444307           2809
            -163.519  387401           1482
            -163.519  134830           780
            -163.519  396614           918
            -163.519  242576           3728
            -163.519  968256           3948
            -163.519  153302           2685
            -163.519  425140           1378
            -163.519  804616           868
            -163.519  471512           1951
            -163.519  778949           3595
            -163.519  953278           2916
            -163.519  693257           2733
            -163.519  448580           2845
            -163.519  134042           3778
            -163.519  853781           716
            -163.519  168870           3295
            -163.519  181178           1069
            -163.519  806904           3392
            -163.519  502203           1322
            -163.519  647125           3590
            -163.519  764692           1795
            -163.519  121292           3717
            -163.519  881552           3664
            -163.519  124369           2863
            -163.519  384972           3773
            -163.519  43523            297
            -163.519  167220           2608
            -163.519  331210           3040
            -163.519  592219           119
            -163.519  627047           3288
            -163.519  648352           1615
            -163.519  135              2132
            -163.519  751592           3458
            -163.519  634388           2055
            -163.519  296574           3320
            -163.519  514936           1793
            -163.519  7195             697
            -163.519  842637           2453
            -163.519  833196           715
            -163.519  970728           1371
            -163.519  861413           1154
            -163.519  386915           2902
            -163.519  739458           1963
            -163.519  971853           402
            -163.519  738551           1214
            -163.519  350502           1345
            -163.519  483369           270
            -163.519  875667           367
            -163.519  203592           3162
            -163.519  422421           1022
            -163.519  975502           3403
            -163.519  939870           655
            -163.519  105624           3977
            -163.519  413564           535
            -163.519  607642           1838
            -163.519  569833           85
            -163.519  524942           2139
            -163.519  136297           3686
            -163.519  830978           3350
            -163.519  602032           648
            -163.519  112441           3926
            -163.519  307090           3900
            -163.519  842595           3834
            -163.519  483431           2433
            -163.519  941728           3266
            -163.519  188637           3518
            -163.519  166171           1577
            -163.519  752847           1109
            -163.519  896960           2150
            -163.519  438144           271
            -163.519  917184           1337
            -163.519  88388            1527
            -163.519  463894           1733
            -163.519  613933           2709
            -163.519  636052           2569
            -163.519  473942           574
            -163.519  112231           2215
            -163.519  13472            1294
            -163.519  800560           2088
            -163.519  408713           450
            -163.519  693975           3781
            -163.519  228558           2496
            -163.519  479662           3730
            -163.519  492839           1493
            -163.519  2850             1110
            -163.519  507303           3272
            -163.519  85734            411
            -163.519  198008           1365
            -163.519  301180           236
            -163.519  406118           3827
            -163.519  415502           194
            -163.519  63231            935
            -163.519  249323           3587
            -163.519  590437           3699
            -163.519  451348           2972
            -163.519  691041           590
            -163.519  525403           1184
            -163.519  591290           1607
            -163.519  864006           1075
            -163.519  920593           611
            -163.519  830416           2120
            -163.519  766178           1937
            -163.519  529496           343
            -163.519  319298           1375
            -163.519  109946           771
            -163.519  780698           337
            -163.519  172531           1912
            -163.519  392531           2846
            -163.519  165026           3520
            -163.519  528696           3037
            -163.519  4730             1760
            -163.519  335877           3566
            -163.519  967902           52
            -163.519  335866           3121
            -163.519  37506            3489
            -163.519  661179           2185
            -163.519  181069           1810
            -163.519  794804           1211
            -163.519  399671           13
            -163.519  967588           1495
            -163.519  375590           438
            -163.519  807225           3452
            -163.519  849285           3864
            -163.519  180370           1652
            -163.519  860102           495
            -163.519  726787           1550
            -163.519  724245           3384
            -163.519  286102           2050
            -163.519  404870           2452
            -163.519  529308           3209
            -163.519  15715            274
            -163.519  32911            2270
            -163.519  69526            3599
            -163.519  858804           534
            -163.519  460630           3542
            -163.519  139043           3028
            -163.519  36642            2509
            -163.519  272764           3230
            -163.519  21130            1988
            -163.519  909990           3843
            -163.519  420067           3267
            -163.519  276023           1353
            -163.519  569338           755
            -163.519  649554           3231
            -163.519  536082           1539
            -163.519  159678           1553
            -163.519  652184           2207
            -163.519  471244           2410
            -163.519  921550           3934
            -163.519  797381           3063
            -163.519  177936           726
            -163.519  767822           1293
            -163.519  242560           3868
            -163.519  50983            834
            -163.519  938242           2625
            -163.519  425982           485
            -163.519  83263            2251
            -163.519  895878           1216
            -163.519  642008           1894
            -163.519  37570            3925
            -163.519  505082           1993
            -163.519  891041           1811
            -163.519  68932            2292
            -163.519  994934           2500
            -163.519  149357           1743
            -163.519  262922           1914
            -163.519  147440           514
            -163.519  860029           760
            -163.519  465996           2638
            -163.519  618000           190
            -163.519  297994           3862
            -163.519  56662            3270
            -163.519  461866           722
            -163.519  19374            2062
            -163.519  915628           2059
            -163.519  83878            2541
            -163.519  379464           1483
            -163.519  100874           108
            -163.519  519357           559
            -163.519  61710            1327
            -163.519  137654           1084
            -163.519  517379           3644
            -163.519  579995           183
            -163.519  485635           876
            -163.519  163519           2441
            -163.519  821206           1840
            -163.519  789985           67
            -163.519  696266           1192
            -163.519  804660           260
            -163.519  451188           2113
            -163.519  415931           10
            -163.519  261759           1972
            -163.519  698420           3334
            -163.519  836219           3913
            -163.519  711046           3445
            -163.519  481592           2133
            -163.519  775881           778
            -163.519  470466           3642
            -163.519  111066           1509
            -163.519  373370           3833
            -163.519  476204           1318
            -163.519  379230           2125
            -163.519  78393            2723
            -163.519  77596            1258
            -163.519  127362           757
            -163.519  805768           879
            -163.519  276468           1739
            -163.519  214260           2283
            -163.519  833278           3265
            -163.519  630121           3187
            -163.519  703715           2171
            -163.519  741884           2752
            -163.519  255016           1731
            -163.519  153920           2767
            -163.519  654248           3109
            -163.519  924828           1389
            -163.519  772758           2829
            -163.519  11984            934
            -163.519  952886           3428
            -163.519  97300            640
            -163.519  345726           461
            -163.519  743895           1198
            -163.519  910765           2935
            -163.519  278692           342
            -163.519  788325           2409
            -163.519  937588           293
            -163.519  524214           2775
            -163.519  910119           1886
            -163.519  910119           2034
            -163.519  620550           1992
            -163.519  513949           1910
            -163.519  636396           168
            -163.519  605784           3836
            -163.519  338064           3691
            -163.584  866183           2319
            -163.584  311072           2082
            -163.584  483056           2880
            -163.584  848590           694
            -163.584  344904           1814
            -163.584  933596           2349
            -163.584  252552           2489
            -163.584  373544           2065
            -163.584  966994           1934
            -163.584  568859           49
            -163.584  768472           3740
            -163.584  163110           584
            -163.584  82152            2955
            -163.584  454111           2097
            -163.584  92764            2064
            -163.584  560412           2442
            -163.584  58222            2823
            -163.584  693300           3487
            -163.584  786887           3242
            -163.584  776546           2027
            -163.584  754329           3889
            -163.584  860541           1191
            -163.584  137614           2198
            -163.584  870721           3701
            -163.584  598245           1655
            -163.584  491970           563
            -163.584  708042           1444
            -163.584  276392           2927
            -163.584  56630            2793
            -163.584  570908           98
            -163.584  688839           273
            -163.584  496710           386
            -163.584  877705           3399
            -163.584  351622           551
            -163.584  689546           2124
            -163.584  249557           2545
            -163.584  990489           1167
            -163.584  956646           3812
            -163.584  387354           3356
            -163.584  647548           2051
            -163.584  882752           3754
            -163.584  403892           2676
            -163.584  420910           928
            -163.584  312018           2209
            -163.584  21740            3286
            -163.584  62715            2599
            -163.584  692357           2081
            -163.584  34050            2235
            -163.584  222177           2763
            -163.584  724087           925
            -163.584  531546           702
            -163.584  979988           2164
            -163.584  2315             2397
            -163.584  417600           1416
            -163.584  314551           3955
            -163.584  760898           3673
            -163.584  950604           172
            -163.584  850506           2759
            -163.584  190770           3605
            -163.584  539683           1215
            -163.584  537745           1324
            -163.584  147165           3806
            -163.584  491386           1787
            -163.584  514326           325
            -163.584  15150            3087
            -163.584  444660           3137
            -163.584  496703           758
            -163.584  484687           306
            -163.584  421606           2526
            -163.584  871915           1602
            -163.584  347110           3761
            -163.584  448749           1975
            -163.584  269800           1686
            -163.584  770836           2614
            -163.584  576220           115
            -163.584  161831           3016
            -163.584  533738           11
            -163.584  561664           392
            -163.584  820977           776
            -163.584  854613           3023
            -163.584  164125           3042
            -163.584  600244           3830
            -163.584  233050           2087
            -163.584  753696           2372
            -163.584  140806           1001
            -163.584  502546           2633
            -163.584  457623           2246
            -163.584  177175           851
            -163.584  995255           2705
            -163.584  626277           1510
            -163.584  657994           788
            -163.584  117731           570
            -163.584  77571            980
            -163.584  118244           1950
            -163.584  518896           3970
            -163.584  307085           3659
            -163.584  799920           3471
            -163.584  560402           1532
            -163.584  3461             3879
            -163.584  953684           3243
            -163.584  62304            1885
            -163.584  610181           711
            -163.584  33915            3624
            -163.584  923803           1002
            -163.584  459780           3519
            -163.584  432960           2818
            -163.584  769461           3606
            -163.584  971119           1358
            -163.584  614098           3308
            -163.584  17359            227
            -163.584  371378           3506
            -163.584  750839           3904
            -163.584  533267           3192
            -163.584  178475           231
            -163.584  397522           1311
            -163.584  913726           3668
            -163.584  88437            761
            -163.584  720994           1531
            -163.584  79902            3971
            -163.584  264316           2420
            -163.584  832104           2228
            -163.584  278485           3316
            -163.584  232654           3169
            -163.584  990197           1055
            -163.584  312754           562
            -163.584  673336           1899
            -163.584  284109           82
            -163.584  78862            529
            -163.584  45724            2833
            -163.584  289928           1529
            -163.584  442072           625
            -163.584  732954           2434
            -163.584  472543           1917
            -163.584  76204            2003
            -163.584  843933           3832
            -163.584  262022           1467
            -163.584  19271            3020
            -163.584  14000            1867
            -163.584  435058           3535
            -163.584  987487           3627
            -163.584  997845           2386
            -163.584  462821           745
            -163.584  777178           2530
            -163.584  965639           463
            -163.584  284920           2791
            -163.584  914462           3094
            -163.584  225561           3077
            -163.924  753644           2437
            -163.924  848579           2263
            -164.149  747551           1190
            -164.149  962080           2480
            -164.149  489868           2631
            -164.149  811592           2827
            -164.149  364901           2873
            -164.149  647617           725
            -164.149  24384            2932
            -164.149  467561           819
            -164.149  735183           1666
            -164.149  296162           856
            -164.149  237742           1219
            -164.149  273294           3757
            -164.149  103765           2382
            -164.149  456812           3246
            -164.149  985883           3015
            -164.149  830618           3377
            -164.149  279850           555
            -164.149  500460           2953
            -164.149  971770           2708
            -164.149  824126           287
            -164.149  925741           1567
            -164.149  115671           1300
            -164.149  723642           3817
            -164.149  504861           1771
            -164.149  528938           1898
            -164.149  155622           507
            -164.149  127359           1737
            -164.149  679890           2703
            -164.149  77063            3387
            -164.149  856737           1241
            -164.149  63236            2258
            -164.149  826132           2518
            -164.149  485256           371
            -164.149  299996           1853
            -164.149  840623           2872
            -164.149  853118           1906
            -164.149  497690           2173
            -164.149  407732           3211
            -164.149  928085           1946
            -164.149  370957           554
            -164.149  689529           516
            -164.149  812408           1705
            -164.149  366872           1169
            -164.149  364335           2289
            -164.149  720085           3423
            -164.149  366706           29
            -164.149  473343           844
            -164.149  411984           3134
            -164.149  579134           3931
            -164.149  908912           3768
            -164.149  585553           3136
            -164.149  98578            3338
            -164.149  595969           2801
            -164.149  775996           1481
            -164.149  697540           2448
            -164.149  480675           1112
            -164.149  883576           3118
            -164.149  616776           3283
            -164.149  931874           141
            -164.149  72662            729
            -164.149  205875           1635
            -164.149  749808           3344
            -164.149  853283           1854
            -164.149  702334           2702
            -164.149  803816           2909
            -164.149  319144           176
            -164.149  360476           3647
            -164.149  925846           2405
            -164.149  202112           2619
            -164.149  763285           620
            -164.149  895274           3342
            -164.149  526742           1546
            -164.149  777248           1669
            -164.149  674786           1496
            -164.149  207299           1039
            -164.149  662091           3597
            -164.149  611958           3226
            -164.149  817779           2376
            -164.149  795367           2990
            -164.149  533798           2299
            -164.149  533798           3801
            -164.149  81233            825
            -164.149  344416           3290
            -164.149  316165           299
            -164.149  733775           2617
            -164.149  619846           3528
            -164.149  799404           1490
            -164.149  155106           2304
            -164.149  93523            2589
            -164.149  540217           1477
            -164.149  767845           2297
            -164.149  728038           177
            -164.149  174969           3623
            -164.149  549244           756
            -164.149  662983           666
            -164.149  732596           320
            -164.149  881652           2539
            -164.149  712066           2494
            -164.149  173440           328
            -164.149  608552           2654
            -164.149  279482           1895
            -164.149  612586           2543
            -164.149  741484           441
            -164.149  446528           3538
            -164.149  177414           1983
            -164.149  374756           3154
            -164.149  600202           1115
            -164.149  450584           3772
            -164.149  379729           512
            -164.161  641794           591
            -164.199  953205           2247
            -164.199  898058           1586
            -164.199  868600           1707
            -164.199  508482           446
            -164.199  869520           3943
            -164.199  364676           27
            -164.199  670595           1072
            -164.199  930654           1156
            -164.199  888286           2472
            -164.199  898009           2586
            -164.199  305245           2749
            -164.199  149777           1434
            -164.199  899062           3493
            -164.199  263049           454
            -164.199  987560           985
            -164.199  537166           3712
            -164.199  117116           1909
            -164.199  884242           957
            -164.199  85839            1099
            -164.199  173191           422
            -164.199  158612           581
            -164.199  822698           621
            -164.199  371105           3770
            -164.199  313306           612
            -164.199  700855           2761
            -164.199  518791           3884
            -164.199  858364           2273
            -164.199  603244           3534
            -164.199  606576           151
            -164.199  955502           1119
            -164.199  476830           3388
            -164.199  476498           179
            -164.199  626891           32
            -164.199  32468            1606
            -164.199  192071           142
            -164.199  217990           1077
            -164.199  461063           2741
            -164.199  546374           3138
            -164.199  469571           2712
            -164.199  725009           3633
            -164.199  944394           1024
            -164.199  291149           536
            -164.199  919098           2465
            -164.199  268664           1784
            -164.199  847540           3988
            -164.199  830392           35
            -164.199  118724           3250
            -164.199  392766           331
            -164.199  329099           3992
            -164.199  81954            1823
            -164.199  374171           2920
            -164.199  949554           2223
            -164.199  398584           2989
            -164.199  80438            246
            -164.199  867690           3543
            -164.199  982520           737
            -164.199  117146           3275
            -164.199  575700           100
            -164.199  874339           2782
            -164.199  480926           1824
            -164.199  266630           3429
            -164.199  442512           2468
            -164.199  930872           277
            -164.199  232559           136
            -164.199  679832           302
            -164.199  521770           945
            -164.199  323588           826
            -164.199  358688           1573
            -164.199  182524           373
            -164.199  245006           2458
            -164.199  928624           981
            -164.199  71086            3199
            -164.199  714574           2046
            -164.199  901159           1166
            -164.199  463232           3141
            -164.199  268217           83
            -164.199  327140           678
            -164.199  622290           880
            -164.199  572472           2159
            -164.199  935426           3142
            -164.199  971444           3533
            -164.199  392260           1526
            -164.199  690761           2600
            -164.199  196983           3722
            -164.199  427363           1966
            -164.199  503540           1984
            -164.199  945065           255
            -164.199  608460           244
            -164.199  1548             384
            -164.199  109229           3573
            -164.199  334092           2974
            -164.199  288190           2844
            -164.199  570598           2839
            -164.199  422103           62
            -164.199  473436           2427
            -164.199  61144            3492
            -164.199  526077           1903
            -164.199  778338           1401
            -164.199  170118           238
            -164.227  830292           527
            -164.227  941497           1317
            -164.227  120506           45
            -164.227  662524           1414
            -164.227  769797           1429
            -164.227  432513           803
            -164.227  980970           894
            -164.227  246488           2947
            -164.227  534052           3298
            -164.227  570388           2819
            -164.227  349898           3516
            -164.227  68985            17
            -164.227  22089            143
            -164.306  35478            2103
            -164.306  316694           2320
            -164.306  957392           79
            -164.306  472647           2948
            -164.306  816765           959
            -164.306  407108           366
            -164.354  16008            2464
            -164.354  691368           3416
            -164.354  871438           561
            -164.354  949086           1426
            -164.354  437936           1717
            -164.354  678510           3062
            -164.354  701526           1057
            -164.354  878749           728
            -164.354  189568           3651
            -164.354  589483           950
            -164.354  708150           2160
            -164.354  461409           1310
            -164.354  908276           2917
            -164.354  423665           3152
            -164.385  335561           2566
            -164.385  529627           1542
            -164.385  586561           1735
            -164.385  224950           455
            -164.385  106244           1535
            -164.385  324372           2214
            -164.385  426169           1544
            -164.385  321422           3998
            -164.385  519524           2835
            -164.385  288706           3789
            -164.385  661791           3070
            -164.385  602306           2856
            -164.385  365620           1457
            -164.385  410745           3424
            -164.385  661337           1754
            -164.385  323342           3569
            -164.385  540436           2528
            -164.385  860643           1844
            -164.385  928860           1651
            -164.385  131251           2939
            -164.385  145431           1920
            -164.385  221460           2375
            -164.385  259161           2229
            -164.385  907014           3870
            -164.385  913220           3990
            -164.385  393232           152
            -164.385  922596           456
            -164.385  117474           2515
            -164.385  509060           1548
            -164.385  227770           3166
            -164.385  76847            1959
            -164.385  74049            2269
            -164.385  508445           946
            -164.385  753046           2550
            -164.385  35562            3491
            -164.385  749756           3321
            -164.385  116609           3394
            -164.385  175583           1362
            -164.385  202788           3043
            -164.385  464292           3128
            -164.385  96617            955
            -164.385  807926           2090
            -164.385  216340           2334
            -164.385  801065           393
            -164.385  65952            933
            -164.385  650688           3851
            -164.385  74518            927
            -164.385  413363           2884
            -164.385  681680           3557
            -164.385  502157           799
            -164.385  129198           1928
            -164.385  418599           3783
            -164.385  383371           3818
            -164.385  704532           3637
            -164.385  25531            2390
            -164.385  645295           2443
            -164.385  496762           870
            -164.385  481974           2037
            -164.385  79945            395
            -164.385  292884           103
            -164.385  366739           1283
            -164.385  891531           206
            -164.385  540678           2071
            -164.385  150154           1829
            -164.385  49633            2701
            -164.385  131202           1575
            -164.385  633122           3524
            -164.385  929499           3974
            -164.385  676943           1916
            -164.385  337381           1397
            -164.385  40327            971
            -164.385  483538           1897
            -164.385  953843           651
            -164.385  185329           2145
            -164.385  975141           1623
            -164.385  798839           312
            -164.385  742450           2853
            -164.598  225932           1285
            -164.598  7510             2482
            -164.617  431630           3264
            -164.659  951709           348
            -164.659  633681           2580
            -164.659  638862           2753
            -164.659  261045           3155
            -164.659  49959            1074
            -164.659  947659           2351
            -164.659  749453           33
            -164.659  299977           956
            -164.659  92091            649
            -164.659  69405            3638
            -164.659  662359           1954
            -164.659  219785           3968
            -164.659  270973           3355
            -164.659  652857           1254
            -164.752  392418           28
            -164.752  30019            1476
            -165.176  950970           2963
            -165.176  76736            1142
            -165.176  742688           594
            -165.176  226322           478
            -165.176  712296           1243
            -165.176  161421           519
            -165.176  59296            1534
            -165.176  946467           3724
            -165.176  337570           1319
            -165.259  868112           1484
            -165.259  131063           843
            -165.259  256717           3193
            -165.259  770182           1015
            -165.259  741888           138
            -165.259  239088           1902
            -165.259  236640           3013
            -165.372  443442           380
            -165.372  790297           1883
            -165.372  140987           1093
            -165.372  400937           1152
            -165.372  157035           2308
            -165.372  59651            2517
            -165.372  764979           2540
            -165.579  7033             2329
            -165.579  467843           1157
            -165.579  999935           2882
            -165.579  677062           680
            -165.579  785822           1339
            -165.579  317444           1136
            -165.579  869564           869
            -165.579  690314           1128
            -165.579  609089           241
            -165.579  217759           1711
            -165.579  508457           1649
            -165.579  578623           1849
            -165.656  420002           2011
            -165.656  618760           489
            -165.656  330591           2510
            -165.656  299700           932
            -165.740  2066             1228
            -165.790  38165            2716
            -165.790  908977           2740
            -165.790  197621           1172
            -165.790  419858           1617
            -165.790  863849           1122
            -165.790  648555           113
            -165.790  314015           3517
            -165.790  158157           1183
            -165.790  710833           1179
            -165.790  923437           398
            -165.849  348637           749
            -165.849  57922            1102
            -165.864  515428           2688
            -165.864  170662           3825



THE BEST LOGLIKELIHOOD VALUE HAS BEEN REPLICATED.  RERUN WITH AT LEAST TWICE THE
RANDOM STARTS TO CHECK THAT THE BEST LOGLIKELIHOOD IS STILL OBTAINED AND REPLICATED.

     IN THE OPTIMIZATION, ONE OR MORE LOGIT THRESHOLDS APPROACHED EXTREME VALUES
     OF -15.000 AND 15.000 AND WERE FIXED TO STABILIZE MODEL ESTIMATION.  THESE
     VALUES IMPLY PROBABILITIES OF 0 AND 1.  IN THE MODEL RESULTS SECTION, THESE
     PARAMETERS HAVE 0 STANDARD ERRORS AND 999 IN THE Z-SCORE AND P-VALUE COLUMNS.




THE MODEL ESTIMATION TERMINATED NORMALLY



MODEL FIT INFORMATION

Number of Free Parameters                       35

Loglikelihood

          H0 Value                        -163.519
          H0 Scaling Correction Factor      1.0088
            for MLR

Information Criteria

          Akaike (AIC)                     397.038
          Bayesian (BIC)                   467.294
          Sample-Size Adjusted BIC         357.313
            (n* = (n + 2) / 24)

Chi-Square Test of Model Fit for the Binary and Ordered Categorical
(Ordinal) Outcomes

          Pearson Chi-Square

          Value                             28.883
          Degrees of Freedom                    72
          P-Value                           1.0000

          Likelihood Ratio Chi-Square

          Value                             19.077
          Degrees of Freedom                    72
          P-Value                           1.0000



FINAL CLASS COUNTS AND PROPORTIONS FOR THE LATENT CLASSES
BASED ON THE ESTIMATED MODEL

    Latent
   Classes

       1         14.28914          0.25980
       2         22.00000          0.40000
       3         10.00000          0.18182
       4          8.71086          0.15838


FINAL CLASS COUNTS AND PROPORTIONS FOR THE LATENT CLASSES
BASED ON ESTIMATED POSTERIOR PROBABILITIES

    Latent
   Classes

       1         14.28914          0.25980
       2         22.00000          0.40000
       3         10.00000          0.18182
       4          8.71086          0.15838


FINAL CLASS COUNTS AND PROPORTIONS FOR THE LATENT CLASSES
BASED ON THEIR MOST LIKELY LATENT CLASS MEMBERSHIP

Class Counts and Proportions

    Latent
   Classes

       1               13          0.23636
       2               22          0.40000
       3               10          0.18182
       4               10          0.18182


CLASSIFICATION QUALITY

     Entropy                         0.949


           Univariate Entropy
              LA_YN         SW_PCAT       DEL_YN        SW_TYPE       SW_POS3
              ________      ________      ________      ________      ________
                0.134         0.467         0.090         0.525         0.572


Classification Probabilities for the Most Likely Latent Class Membership (Column)
by Latent Class (Row)

           1        2        3        4

    1   0.886    0.000    0.000    0.114
    2   0.000    1.000    0.000    0.000
    3   0.000    0.000    1.000    0.000
    4   0.039    0.000    0.000    0.961


Logits for the Classification Probabilities for the Most Likely Latent Class Membership (Column)
by Latent Class (Row)

              1        2        3        4

    1      2.049  -11.645  -11.645    0.000
    2      0.000   13.816    0.000    0.000
    3      0.000    0.000   13.816    0.000
    4     -3.197  -13.775  -13.775    0.000


MODEL RESULTS

                                                    Two-Tailed
                    Estimate       S.E.  Est./S.E.    P-Value

Latent Class 1

 Thresholds
    LA_YN$1           -0.241      0.685     -0.351      0.725
    SW_PCAT$1        -15.000      0.000    999.000    999.000
    SW_PCAT$2         -0.735      0.796     -0.924      0.356
    DEL_YN$1           0.348      0.681      0.511      0.609
    SW_TYPE$1        -15.000      0.000    999.000    999.000
    SW_TYPE$2        -15.000      0.000    999.000    999.000
    SW_POS3$1        -15.000      0.000    999.000    999.000
    SW_POS3$2        -15.000      0.000    999.000    999.000

Latent Class 2

 Thresholds
    LA_YN$1            1.846      0.621      2.971      0.003
    SW_PCAT$1        -15.000      0.000    999.000    999.000
    SW_PCAT$2          2.303      0.742      3.105      0.002
    DEL_YN$1           2.303      0.742      3.105      0.002
    SW_TYPE$1          0.981      0.479      2.049      0.040
    SW_TYPE$2          3.045      1.024      2.975      0.003
    SW_POS3$1        -15.000      0.000    999.000    999.000
    SW_POS3$2         15.000      0.000    999.000    999.000

Latent Class 3

 Thresholds
    LA_YN$1            1.386      0.791      1.754      0.080
    SW_PCAT$1         15.000      0.000    999.000    999.000
    SW_PCAT$2         15.000      0.000    999.000    999.000
    DEL_YN$1           2.197      1.054      2.084      0.037
    SW_TYPE$1         15.000      0.000    999.000    999.000
    SW_TYPE$2         15.000      0.000    999.000    999.000
    SW_POS3$1         -1.386      0.791     -1.754      0.080
    SW_POS3$2         15.000      0.000    999.000    999.000

Latent Class 4

 Thresholds
    LA_YN$1           15.000      0.000    999.000    999.000
    SW_PCAT$1         -2.043      1.235     -1.654      0.098
    SW_PCAT$2          1.703      1.058      1.610      0.107
    DEL_YN$1           1.949      1.158      1.683      0.092
    SW_TYPE$1        -15.000      0.000    999.000    999.000
    SW_TYPE$2          0.794      1.434      0.554      0.580
    SW_POS3$1        -15.000      0.000    999.000    999.000
    SW_POS3$2        -15.000      0.000    999.000    999.000

Categorical Latent Variables

 Means
    CLASS#1            0.495      0.722      0.685      0.493
    CLASS#2            0.926      0.539      1.719      0.086
    CLASS#3            0.138      0.587      0.235      0.814


RESULTS IN PROBABILITY SCALE

Latent Class 1

 LA_YN
    Category 1         0.440      0.169      2.609      0.009
    Category 2         0.560      0.169      3.319      0.001
 SW_PCAT
    Category 1         0.000      0.000      0.000      1.000
    Category 2         0.324      0.174      1.860      0.063
    Category 3         0.676      0.174      3.878      0.000
 DEL_YN
    Category 1         0.586      0.165      3.547      0.000
    Category 2         0.414      0.165      2.505      0.012
 SW_TYPE
    Category 1         0.000      0.000      0.000      1.000
    Category 2         0.000      0.000      0.000      1.000
    Category 3         1.000      0.000      0.000      1.000
 SW_POS3
    Category 1         0.000      0.000      0.000      1.000
    Category 2         0.000      0.000      0.000      1.000
    Category 3         1.000      0.000      0.000      1.000

Latent Class 2

 LA_YN
    Category 1         0.864      0.073     11.804      0.000
    Category 2         0.136      0.073      1.864      0.062
 SW_PCAT
    Category 1         0.000      0.000      0.000      1.000
    Category 2         0.909      0.061     14.832      0.000
    Category 3         0.091      0.061      1.483      0.138
 DEL_YN
    Category 1         0.909      0.061     14.832      0.000
    Category 2         0.091      0.061      1.483      0.138
 SW_TYPE
    Category 1         0.727      0.095      7.659      0.000
    Category 2         0.227      0.089      2.544      0.011
    Category 3         0.045      0.044      1.024      0.306
 SW_POS3
    Category 1         0.000      0.000      0.000      1.000
    Category 2         1.000      0.000      0.000      1.000
    Category 3         0.000      0.000      0.000      1.000

Latent Class 3

 LA_YN
    Category 1         0.800      0.126      6.325      0.000
    Category 2         0.200      0.126      1.581      0.114
 SW_PCAT
    Category 1         1.000      0.000      0.000      1.000
    Category 2         0.000      0.000      0.000      1.000
    Category 3         0.000      0.000      0.000      1.000
 DEL_YN
    Category 1         0.900      0.095      9.487      0.000
    Category 2         0.100      0.095      1.054      0.292
 SW_TYPE
    Category 1         1.000      0.000      0.000      1.000
    Category 2         0.000      0.000      0.000      1.000
    Category 3         0.000      0.000      0.000      1.000
 SW_POS3
    Category 1         0.200      0.126      1.581      0.114
    Category 2         0.800      0.126      6.325      0.000
    Category 3         0.000      0.000      0.000      1.000

Latent Class 4

 LA_YN
    Category 1         1.000      0.000      0.000      1.000
    Category 2         0.000      0.000      0.000      1.000
 SW_PCAT
    Category 1         0.115      0.126      0.915      0.360
    Category 2         0.731      0.171      4.279      0.000
    Category 3         0.154      0.138      1.117      0.264
 DEL_YN
    Category 1         0.875      0.126      6.926      0.000
    Category 2         0.125      0.126      0.987      0.324
 SW_TYPE
    Category 1         0.000      0.000      0.000      1.000
    Category 2         0.689      0.307      2.241      0.025
    Category 3         0.311      0.307      1.013      0.311
 SW_POS3
    Category 1         0.000      0.000      0.000      1.000
    Category 2         0.000      0.000      0.000      1.000
    Category 3         1.000      0.000      0.000      1.000


LATENT CLASS ODDS RATIO RESULTS

                                         (Est. - 1) Two-Tailed
                    Estimate       S.E.     / S.E.    P-Value

Latent Class 1 Compared to Latent Class 2

 LA_YN
    Category > 1       8.056      7.448      0.947      0.343
 SW_PCAT
    Category > 1       1.000      0.000    999.000    999.000
    Category > 2      20.853     22.682      0.875      0.381
 DEL_YN
    Category > 1       7.061      7.110      0.852      0.394
 SW_TYPE
    Category > 1   *********      0.000    999.000    999.000
    Category > 2   *********      0.000    999.000    999.000
 SW_POS3
    Category > 1       1.000      0.000    999.000    999.000
    Category > 2   *********      0.000    999.000    999.000

Latent Class 1 Compared to Latent Class 3

 LA_YN
    Category > 1       5.088      5.321      0.768      0.442
 SW_PCAT
    Category > 1   *********      0.000    999.000    999.000
    Category > 2   *********      0.000    999.000    999.000
 DEL_YN
    Category > 1       6.355      7.975      0.671      0.502
 SW_TYPE
    Category > 1   *********      0.000    999.000    999.000
    Category > 2   *********      0.000    999.000    999.000
 SW_POS3
    Category > 1   *********      0.000    999.000    999.000
    Category > 2   *********      0.000    999.000    999.000

Latent Class 1 Compared to Latent Class 4

 LA_YN
    Category > 1   *********      0.000    999.000    999.000
 SW_PCAT
    Category > 1   *********      0.000    999.000    999.000
    Category > 2      11.448     15.858      0.659      0.510
 DEL_YN
    Category > 1       4.956      7.447      0.531      0.595
 SW_TYPE
    Category > 1       1.000      0.000    999.000    999.000
    Category > 2   *********      0.000    999.000    999.000
 SW_POS3
    Category > 1       1.000      0.000    999.000    999.000
    Category > 2       1.000      0.000    999.000    999.000

Latent Class 2 Compared to Latent Class 3

 LA_YN
    Category > 1       0.632      0.635     -0.580      0.562
 SW_PCAT
    Category > 1   *********      0.000    999.000    999.000
    Category > 2   *********      0.000    999.000    999.000
 DEL_YN
    Category > 1       0.900      1.160     -0.086      0.931
 SW_TYPE
    Category > 1   *********      0.000    999.000    999.000
    Category > 2   *********      0.000    999.000    999.000
 SW_POS3
    Category > 1   *********      0.000    999.000    999.000
    Category > 2       1.000      0.000    999.000    999.000

Latent Class 2 Compared to Latent Class 4

 LA_YN
    Category > 1   *********      0.000    999.000    999.000
 SW_PCAT
    Category > 1   *********      0.000    999.000    999.000
    Category > 2       0.549      0.709     -0.636      0.525
 DEL_YN
    Category > 1       0.702      0.965     -0.309      0.757
 SW_TYPE
    Category > 1       0.000      0.000    999.000    999.000
    Category > 2       0.105      0.186     -4.818      0.000
 SW_POS3
    Category > 1       1.000      0.000    999.000    999.000
    Category > 2       0.000      0.000    999.000    999.000

Latent Class 3 Compared to Latent Class 4

 LA_YN
    Category > 1   *********      0.000    999.000    999.000
 SW_PCAT
    Category > 1       0.000      0.000    999.000    999.000
    Category > 2       0.000      0.000    999.000    999.000
 DEL_YN
    Category > 1       0.780      1.221     -0.180      0.857
 SW_TYPE
    Category > 1       0.000      0.000    999.000    999.000
    Category > 2       0.000      0.000    999.000    999.000
 SW_POS3
    Category > 1       0.000      0.000    999.000    999.000
    Category > 2       0.000      0.000    999.000    999.000


QUALITY OF NUMERICAL RESULTS

     Condition Number for the Information Matrix              0.208E-01
       (ratio of smallest to largest eigenvalue)


MODEL COMMAND WITH FINAL ESTIMATES USED AS STARTING VALUES

     %OVERALL%

     [ class#1*0.49493 ];
     [ class#2*0.92647 ];
     [ class#3*0.13801 ];

     %CLASS#1%

     [ la_yn$1*-0.24062 ];
     [ sw_pcat$1*-15 ];
     [ sw_pcat$2*-0.73492 ];
     [ del_yn$1*0.34802 ];
     [ sw_type$1*-15 ];
     [ sw_type$2*-15 ];
     [ sw_pos3$1*-15 ];
     [ sw_pos3$2*-15 ];

     %CLASS#2%

     [ la_yn$1*1.84583 ];
     [ sw_pcat$1*-15 ];
     [ sw_pcat$2*2.30259 ];
     [ del_yn$1*2.30259 ];
     [ sw_type$1*0.98083 ];
     [ sw_type$2*3.04452 ];
     [ sw_pos3$1*-15 ];
     [ sw_pos3$2*15 ];

     %CLASS#3%

     [ la_yn$1*1.38629 ];
     [ sw_pcat$1*15 ];
     [ sw_pcat$2*15 ];
     [ del_yn$1*2.19722 ];
     [ sw_type$1*15 ];
     [ sw_type$2*15 ];
     [ sw_pos3$1*-1.38629 ];
     [ sw_pos3$2*15 ];

     %CLASS#4%

     [ la_yn$1*15 ];
     [ sw_pcat$1*-2.04263 ];
     [ sw_pcat$2*1.70292 ];
     [ del_yn$1*1.94863 ];
     [ sw_type$1*-15 ];
     [ sw_type$2*0.79449 ];
     [ sw_pos3$1*-15 ];
     [ sw_pos3$2*-15 ];



TECHNICAL 1 OUTPUT


     PARAMETER SPECIFICATION FOR LATENT CLASS 1


     PARAMETER SPECIFICATION FOR LATENT CLASS 2


     PARAMETER SPECIFICATION FOR LATENT CLASS 3


     PARAMETER SPECIFICATION FOR LATENT CLASS 4


     PARAMETER SPECIFICATION FOR LATENT CLASS INDICATOR MODEL PART


           TAU(U) FOR LATENT CLASS 1
              LA_YN$1       SW_PCAT$      SW_PCAT$      DEL_YN$1      SW_TYPE$
              ________      ________      ________      ________      ________
                    1             2             3             4             5


           TAU(U) FOR LATENT CLASS 1
              SW_TYPE$      SW_POS3$      SW_POS3$
              ________      ________      ________
                    6             7             8


           TAU(U) FOR LATENT CLASS 2
              LA_YN$1       SW_PCAT$      SW_PCAT$      DEL_YN$1      SW_TYPE$
              ________      ________      ________      ________      ________
                    9            10            11            12            13


           TAU(U) FOR LATENT CLASS 2
              SW_TYPE$      SW_POS3$      SW_POS3$
              ________      ________      ________
                   14            15            16


           TAU(U) FOR LATENT CLASS 3
              LA_YN$1       SW_PCAT$      SW_PCAT$      DEL_YN$1      SW_TYPE$
              ________      ________      ________      ________      ________
                   17            18            19            20            21


           TAU(U) FOR LATENT CLASS 3
              SW_TYPE$      SW_POS3$      SW_POS3$
              ________      ________      ________
                   22            23            24


           TAU(U) FOR LATENT CLASS 4
              LA_YN$1       SW_PCAT$      SW_PCAT$      DEL_YN$1      SW_TYPE$
              ________      ________      ________      ________      ________
                   25            26            27            28            29


           TAU(U) FOR LATENT CLASS 4
              SW_TYPE$      SW_POS3$      SW_POS3$
              ________      ________      ________
                   30            31            32


     PARAMETER SPECIFICATION FOR LATENT CLASS REGRESSION MODEL PART


           ALPHA(C)
              CLASS#1       CLASS#2       CLASS#3       CLASS#4
              ________      ________      ________      ________
                   33            34            35             0


     STARTING VALUES FOR LATENT CLASS 1


     STARTING VALUES FOR LATENT CLASS 2


     STARTING VALUES FOR LATENT CLASS 3


     STARTING VALUES FOR LATENT CLASS 4


     STARTING VALUES FOR LATENT CLASS INDICATOR MODEL PART


           TAU(U) FOR LATENT CLASS 1
              LA_YN$1       SW_PCAT$      SW_PCAT$      DEL_YN$1      SW_TYPE$
              ________      ________      ________      ________      ________
                0.173        -2.386         0.173         0.504        -1.109


           TAU(U) FOR LATENT CLASS 1
              SW_TYPE$      SW_POS3$      SW_POS3$
              ________      ________      ________
               -0.279        -4.277        -0.670


           TAU(U) FOR LATENT CLASS 2
              LA_YN$1       SW_PCAT$      SW_PCAT$      DEL_YN$1      SW_TYPE$
              ________      ________      ________      ________      ________
                1.173        -1.386         1.173         1.504        -0.109


           TAU(U) FOR LATENT CLASS 2
              SW_TYPE$      SW_POS3$      SW_POS3$
              ________      ________      ________
                0.721        -3.277         0.330


           TAU(U) FOR LATENT CLASS 3
              LA_YN$1       SW_PCAT$      SW_PCAT$      DEL_YN$1      SW_TYPE$
              ________      ________      ________      ________      ________
                1.173        -1.386         1.173         1.504        -0.109


           TAU(U) FOR LATENT CLASS 3
              SW_TYPE$      SW_POS3$      SW_POS3$
              ________      ________      ________
                0.721        -3.277         0.330


           TAU(U) FOR LATENT CLASS 4
              LA_YN$1       SW_PCAT$      SW_PCAT$      DEL_YN$1      SW_TYPE$
              ________      ________      ________      ________      ________
                2.173        -0.386         2.173         2.504         0.891


           TAU(U) FOR LATENT CLASS 4
              SW_TYPE$      SW_POS3$      SW_POS3$
              ________      ________      ________
                1.721        -2.277         1.330


     STARTING VALUES FOR LATENT CLASS REGRESSION MODEL PART


           ALPHA(C)
              CLASS#1       CLASS#2       CLASS#3       CLASS#4
              ________      ________      ________      ________
                0.000         0.000         0.000         0.000


TECHNICAL 4 OUTPUT


PLOT INFORMATION

The following plots are available:

  Histograms (sample values)
  Scatterplots (sample values)
  Sample proportions and estimated probabilities

SAVEDATA INFORMATION


  Save file
    LCA_sw_detailed_model2_lca_4.dat SAVE = cprobabilites bchweights

  Order and format of variables

    LA_YN          F10.3
    SW_PCAT        F10.3
    DEL_YN         F10.3
    SW_TYPE        F10.3
    SW_POS3        F10.3
    TS_YN          F10.3
    CA_YN          F10.3
    SW_BR          F10.3
    SW_GR          F10.3
    SW_EF          F10.3
    TS_PAIR        F10.3
    LA_PAIR        F10.3
    SW_PAIR        F10.3
    CPROB1         F10.3
    CPROB2         F10.3
    CPROB3         F10.3
    CPROB4         F10.3
    CLASS          F10.3
    ID             I4

  Save file format
    18F10.3 I4

  Save file record length    10000


     Beginning Time:  20:58:52
        Ending Time:  20:58:53
       Elapsed Time:  00:00:01



MUTHEN & MUTHEN
3463 Stoner Ave.
Los Angeles, CA  90066

Tel: (310) 391-9971
Fax: (310) 391-8971
Web: www.StatModel.com
Support: Support@StatModel.com

Copyright (c) 1998-2019 Muthen & Muthen
