Mplus VERSION 8.4 (Mac)
MUTHEN & MUTHEN
04/27/2025   9:01 PM

INPUT INSTRUCTIONS


  TITLE: LCA_full_pairs2 classes
  DATA: FILE IS LCA_full_pairs_model4_lca.dat;

  VARIABLE:
  NAMES = id TS_YN LA_YN DEL_YN CA_YN SW_type SW_pos3 SW_BR SW_GR SW_EF TS_PAIR
       LA_PAIR SW_PAIR SW_pcat;
  IDVARIABLE = id;
  USEVARIABLES = TS_PAIR LA_PAIR SW_PAIR DEL_YN SW_type SW_pos3;
  CATEGORICAL = DEL_YN SW_type SW_pos3;
  COUNT = TS_PAIR (p) SW_PAIR (p) LA_PAIR (nbi);
  AUXILIARY = TS_YN LA_YN CA_YN SW_BR SW_GR SW_EF SW_pcat;
  MISSING = .;
  CLASSES = class (2);

  MODEL:
  %CLASS#1%
  [ LA_PAIR#1 ];
  LA_PAIR;
  %CLASS#2%
  [ LA_PAIR#1 ];
  LA_PAIR;

  ANALYSIS:
  TYPE = MIXTURE;
  PROCESSORS = 12;
  STITERATIONS = 800;
  STARTS = 4000 800;

  OUTPUT:
  SVALUES ENTROPY TECH1 TECH4;
  PLOT: TYPE=PLOT1 PLOT2 PLOT3;
  SAVEDATA:
  FILE IS LCA_full_pairs_model4_lca_2.dat
  SAVE = cprobabilites bchweights;



INPUT READING TERMINATED NORMALLY



LCA_full_pairs2 classes

SUMMARY OF ANALYSIS

Number of groups                                                 1
Number of observations                                          55

Number of dependent variables                                    6
Number of independent variables                                  0
Number of continuous latent variables                            0
Number of categorical latent variables                           1

Observed dependent variables

  Binary and ordered categorical (ordinal)
   DEL_YN      SW_TYPE     SW_POS3

  Count
   TS_PAIR     SW_PAIR     LA_PAIR

Observed auxiliary variables
   TS_YN       LA_YN       CA_YN       SW_BR       SW_GR       SW_EF
   SW_PCAT

Categorical latent variables
   CLASS

Variables with special functions

  ID variable           ID

Estimator                                                      MLR
Information matrix                                        OBSERVED
Optimization Specifications for the Quasi-Newton Algorithm for
Continuous Outcomes
  Maximum number of iterations                                 100
  Convergence criterion                                  0.100D-05
Optimization Specifications for the EM Algorithm
  Maximum number of iterations                                 500
  Convergence criteria
    Loglikelihood change                                 0.100D-06
    Relative loglikelihood change                        0.100D-06
    Derivative                                           0.100D-05
Optimization Specifications for the M step of the EM Algorithm for
Categorical Latent variables
  Number of M step iterations                                    1
  M step convergence criterion                           0.100D-05
  Basis for M step termination                           ITERATION
Optimization Specifications for the M step of the EM Algorithm for
Censored, Binary or Ordered Categorical (Ordinal), Unordered
Categorical (Nominal) and Count Outcomes
  Number of M step iterations                                    1
  M step convergence criterion                           0.100D-05
  Basis for M step termination                           ITERATION
  Maximum value for logit thresholds                            15
  Minimum value for logit thresholds                           -15
  Minimum expected cell size for chi-square              0.100D-01
Maximum number of iterations for H1                           2000
Convergence criterion for H1                             0.100D-03
Optimization algorithm                                         EMA
Random Starts Specifications
  Number of initial stage random starts                       4000
  Number of final stage optimizations                          800
  Number of initial stage iterations                           800
  Initial stage convergence criterion                    0.100D+01
  Random starts scale                                    0.500D+01
  Random seed for generating random starts                       0
Link                                                         LOGIT

Input data file(s)
  LCA_full_pairs_model4_lca.dat
Input data format  FREE


SUMMARY OF DATA

     Number of missing data patterns             1
     Number of y missing data patterns           0
     Number of u missing data patterns           1


COVARIANCE COVERAGE OF DATA

Minimum covariance coverage value   0.100


UNIVARIATE PROPORTIONS AND COUNTS FOR CATEGORICAL VARIABLES

    DEL_YN
      Category 1    0.818           45.000
      Category 2    0.182           10.000
    SW_TYPE
      Category 1    0.473           26.000
      Category 2    0.200           11.000
      Category 3    0.327           18.000
    SW_POS3
      Category 1    0.036            2.000
      Category 2    0.545           30.000
      Category 3    0.418           23.000


COUNT PROPORTION OF ZERO, MINIMUM AND MAXIMUM VALUES

      TS_PAIR     0.073         0         4
      SW_PAIR     0.200         0         4
      LA_PAIR     0.764         0         4


RANDOM STARTS RESULTS RANKED FROM THE BEST TO THE WORST LOGLIKELIHOOD VALUES


1 perturbed starting value run(s) did not converge or were rejected in the third stage.
Final stage loglikelihood values at local maxima, seeds, and initial stage start numbers:

            -300.716  479273           156
            -300.716  649554           3231
            -300.716  395865           2451
            -300.716  219785           3968
            -300.716  668003           647
            -300.716  609185           181
            -300.716  491838           2851
            -300.716  736705           3319
            -300.716  45556            3294
            -300.716  828340           1559
            -300.716  917702           693
            -300.716  338967           3256
            -300.716  149357           1743
            -300.716  651651           2656
            -300.716  605442           3715
            -300.716  181178           1069
            -300.716  939870           655
            -300.716  513179           3613
            -300.716  723642           3817
            -300.716  355674           540
            -300.716  59963            670
            -300.716  815445           1295
            -300.716  72387            3203
            -300.716  773195           849
            -300.716  928085           1946
            -300.716  891510           1625
            -300.716  705224           953
            -300.716  409669           3746
            -300.716  735928           916
            -300.716  185473           2281
            -300.716  317640           437
            -300.716  562716           300
            -300.716  898745           466
            -300.716  671580           2924
            -300.716  96362            1801
            -300.716  483602           3026
            -300.716  866261           1866
            -300.716  76107            1822
            -300.716  746057           3003
            -300.716  467957           2919
            -300.716  896562           2773
            -300.716  843555           952
            -300.716  unperturbed      0
            -300.716  965639           463
            -300.716  931558           898
            -300.716  919098           2465
            -300.716  488125           368
            -300.716  951709           348
            -300.716  220279           2533
            -300.716  817724           2444
            -300.716  54325            2073
            -300.716  269910           1861
            -300.716  342019           301
            -300.716  273640           2028
            -300.716  191781           2318
            -300.716  574727           1437
            -300.716  356951           2178
            -300.716  72662            729
            -300.716  266340           683
            -300.716  177414           1983
            -300.716  180889           920
            -300.716  454111           2097
            -300.716  903099           1399
            -300.716  103240           3297
            -300.716  718593           3083
            -300.716  827063           3234
            -300.716  789564           2275
            -300.716  608763           3918
            -300.716  80798            3616
            -300.716  263394           1741
            -300.716  260095           3780
            -300.716  528696           3037
            -300.716  304444           3594
            -300.716  19575            2660
            -300.716  848331           137
            -300.716  754885           3555
            -300.716  701525           239
            -300.716  913926           1381
            -300.716  165382           1816
            -300.716  774692           1764
            -300.716  506113           895
            -300.716  777529           3477
            -300.716  832406           2449
            -300.716  545961           3690
            -300.716  270107           3831
            -300.716  134638           3353
            -300.716  626208           698
            -300.716  512403           719
            -300.716  179748           3505
            -300.716  427363           1966
            -300.716  944186           541
            -300.716  690631           2169
            -300.716  217744           326
            -300.716  137863           1030
            -300.716  294948           1999
            -300.716  955502           1119
            -300.716  400319           887
            -300.716  245947           2732
            -300.716  932615           2665
            -300.716  195763           358
            -300.716  299996           1853
            -300.716  63712            3771
            -300.716  102093           1521
            -300.716  82357            339
            -300.716  987560           985
            -300.716  982520           737
            -300.716  344275           3632
            -300.716  196948           1465
            -300.716  988709           2430
            -300.716  134830           780
            -300.716  998513           2820
            -300.716  707032           1229
            -300.716  843933           3832
            -300.716  207896           25
            -300.716  59651            2517
            -300.716  190781           2095
            -300.716  290837           1828
            -300.716  180370           1652
            -300.716  992610           3795
            -300.716  796166           3654
            -300.716  305006           3775
            -300.716  742688           594
            -300.716  256717           3193
            -300.716  548245           818
            -300.716  897581           1204
            -300.716  767845           2297
            -300.716  599003           1474
            -300.716  525650           3774
            -300.716  891041           1811
            -300.716  824956           607
            -300.716  36714            201
            -300.716  224806           3213
            -300.716  824126           287
            -300.716  881552           3664
            -300.716  344109           1044
            -300.716  170954           86
            -300.716  222513           1088
            -300.716  579124           3973
            -300.716  398789           2336
            -300.716  494365           1331
            -300.716  383636           3089
            -300.716  851553           3675
            -300.716  560777           3034
            -300.716  283146           1126
            -300.716  33553            2098
            -300.716  967237           48
            -300.716  508457           1649
            -300.716  436639           2645
            -300.716  165853           105
            -300.716  712296           1243
            -300.716  595190           1554
            -300.716  428058           2354
            -300.716  935274           3207
            -300.716  566943           1023
            -300.716  2850             1110
            -300.716  713148           3878
            -300.716  650387           2345
            -300.716  696830           668
            -300.716  625147           2538
            -300.716  177175           851
            -300.716  753644           2437
            -300.716  975897           1569
            -300.716  344410           1940
            -300.716  93468            3
            -300.716  478386           2720
            -300.716  226322           478
            -300.716  414059           1200
            -300.716  219035           3545
            -300.716  108322           3494
            -300.716  866183           2319
            -300.716  990491           1709
            -300.716  140442           500
            -300.716  344358           3816
            -300.716  754100           56
            -300.716  151923           2983
            -300.716  870529           3881
            -300.716  829442           1596
            -300.716  445692           2796
            -300.716  442672           1799
            -300.716  280721           2118
            -300.716  195104           3905
            -300.716  352849           2962
            -300.716  291344           3756
            -300.716  605358           321
            -300.716  72866            692
            -300.716  988761           475
            -300.716  613075           2056
            -300.716  925997           2951
            -300.716  30166            1888
            -300.716  449171           1260
            -300.716  625189           3102
            -300.716  930501           1819
            -300.716  173429           2879
            -300.716  425929           508
            -300.716  967567           1377
            -300.716  196983           3722
            -300.716  638977           643
            -300.716  942358           644
            -300.716  344422           296
            -300.716  36090            2158
            -300.716  470339           3829
            -300.716  709647           3895
            -300.716  881652           2539
            -300.716  918558           412
            -300.716  697297           3697
            -300.716  866961           1139
            -300.716  72972            2642
            -300.716  701716           1291
            -300.716  348637           749
            -300.716  723136           2848
            -300.716  926762           704
            -300.716  928789           3670
            -300.716  627795           3604
            -300.716  278692           342
            -300.716  288190           2844
            -300.716  553920           2961
            -300.716  96452            1783
            -300.716  519524           2835
            -300.716  540809           3389
            -300.716  239389           3680
            -300.716  69487            3163
            -300.716  153942           31
            -300.716  225995           847
            -300.716  752292           1750
            -300.716  819932           2180
            -300.716  966014           37
            -300.716  610181           711
            -300.716  968853           3327
            -300.716  714455           476
            -300.716  8089             2326
            -300.716  420322           1165
            -300.716  112586           494
            -300.716  682718           733
            -300.716  488581           688
            -300.716  85186            3674
            -300.716  704051           1083
            -300.716  346843           1316
            -300.716  908483           2331
            -300.716  946467           3724
            -300.716  950970           2963
            -300.716  392766           331
            -300.716  739214           807
            -300.716  776504           2218
            -300.716  910097           1031
            -300.716  78393            2723
            -300.716  720696           2058
            -300.716  786697           3291
            -300.716  356194           1393
            -300.716  116438           3716
            -300.716  53570            3143
            -300.716  765372           1123
            -300.716  285380           1
            -300.716  104688           2107
            -300.716  746966           1656
            -300.716  104055           3224
            -300.716  518896           3970
            -300.716  425831           2022
            -300.716  420910           928
            -300.716  311214           64
            -300.716  231199           1641
            -300.716  327185           2704
            -300.716  231281           542
            -300.716  987090           70
            -300.716  198593           2996
            -300.716  356754           1372
            -300.716  419474           3544
            -300.716  369331           2758
            -300.716  282955           1073
            -300.716  755611           3182
            -300.716  420002           2011
            -300.716  546909           1769
            -300.716  576726           280
            -300.716  358074           560
            -300.716  572695           3617
            -300.716  115653           1387
            -300.716  348100           2404
            -300.716  324372           2214
            -300.716  193757           3938
            -300.716  548673           732
            -300.716  126922           1124
            -300.716  923437           398
            -300.716  751054           117
            -300.716  56630            2793
            -300.716  684993           1148
            -300.716  93229            3047
            -300.716  34900            3002
            -300.716  71909            3483
            -300.716  270973           3355
            -300.716  291922           2463
            -300.716  117833           2217
            -300.716  837117           3839
            -300.716  193926           3165
            -300.716  407049           2089
            -300.716  286505           2416
            -300.716  263877           1659
            -300.716  902278           21
            -300.716  502532           445
            -300.716  830570           369
            -300.716  887676           22
            -300.716  846562           3760
            -300.716  274131           3004
            -300.716  910071           1061
            -300.716  705631           1269
            -300.716  700349           401
            -300.716  760380           3885
            -300.716  722095           1549
            -300.716  706042           1129
            -300.716  867423           3084
            -300.716  349898           3516
            -300.716  473343           844
            -300.716  953843           651
            -300.716  845466           3157
            -300.716  638862           2753
            -300.716  843278           3660
            -300.716  60380            3099
            -300.716  360597           1174
            -300.716  4395             2391
            -300.716  770836           2614
            -300.716  607642           1838
            -300.716  781624           2462
            -300.716  568405           233
            -300.716  923601           3890
            -300.716  681680           3557
            -300.716  414306           3547
            -300.716  565631           1209
            -300.716  181293           212
            -300.716  269874           1756
            -300.716  976247           2459
            -300.716  84437            1628
            -300.716  570738           2306
            -300.716  349263           263
            -300.716  552272           654
            -300.716  949654           1704
            -300.716  509060           1548
            -300.716  367213           2313
            -300.716  702492           718
            -300.716  343926           624
            -300.716  298553           773
            -300.716  419329           2503
            -300.716  932458           1132
            -300.716  124661           2172
            -300.716  493083           1370
            -300.716  537905           1335
            -300.716  738293           2836
            -300.716  301682           3315
            -300.716  995913           787
            -300.716  246794           801
            -300.716  387701           275
            -300.716  36183            1349
            -300.716  483369           270
            -300.716  387016           1035
            -300.716  370466           41
            -300.716  766824           3385
            -300.716  602328           2117
            -300.716  455617           242
            -300.716  627151           1601
            -300.716  851200           1479
            -300.716  204959           695
            -300.716  125750           1221
            -300.716  711233           3782
            -300.716  78364            3903
            -300.716  322790           636
            -300.716  780626           1982
            -300.716  266425           2000
            -300.716  263049           454
            -300.716  948974           3197
            -300.716  67009            564
            -300.716  276468           1739
            -300.716  611668           3776
            -300.716  726035           191
            -300.716  574942           558
            -300.716  556955           1141
            -300.716  847341           1398
            -300.716  863849           1122
            -300.716  300806           2828
            -300.716  360215           1475
            -300.716  27690            2347
            -300.716  370560           3292
            -300.716  11397            944
            -300.716  703893           2366
            -300.716  659601           3610
            -300.716  25127            107
            -300.716  119023           3521
            -300.716  623663           3446
            -300.716  636052           2569
            -300.716  377751           3260
            -300.716  479110           1796
            -300.716  364895           1590
            -300.716  776569           2847
            -300.716  453915           975
            -300.716  867690           3543
            -300.716  692628           3554
            -300.716  293820           1279
            -300.716  196940           2579
            -300.716  358488           264
            -300.716  634888           3641
            -300.716  496703           758
            -300.716  378530           1919
            -300.716  424818           2756
            -300.716  733775           2617
            -300.716  638577           769
            -300.716  813779           92
            -300.716  284109           82
            -300.716  79932            3705
            -300.716  804990           2154
            -300.716  676616           3348
            -300.716  645976           2302
            -300.716  887941           2425
            -300.716  294669           501
            -300.716  188944           3585
            -300.716  540747           1394
            -300.716  809593           3329
            -300.716  930218           3738
            -300.716  476995           2783
            -300.716  250807           2881
            -300.716  134413           1290
            -300.716  303429           1016
            -300.716  656945           1255
            -300.716  690985           2271
            -300.716  938409           1144
            -300.716  268812           3736
            -300.716  820977           776
            -300.716  646290           2792
            -300.716  88767            2700
            -300.716  965994           396
            -300.716  758647           951
            -300.716  797493           1563
            -300.716  379464           1483
            -300.716  281558           184
            -300.716  840031           276
            -300.716  467843           1157
            -300.716  417002           1499
            -300.716  24070            1212
            -300.716  224410           1220
            -300.716  159195           2661
            -300.716  444363           1936
            -300.716  192191           629
            -300.716  660650           2678
            -300.716  345726           461
            -300.716  177133           2784
            -300.716  224785           2053
            -300.716  990442           3892
            -300.716  335877           3566
            -300.716  499347           881
            -300.716  576960           3456
            -300.716  815575           1593
            -300.716  102845           1640
            -300.716  725083           3216
            -300.716  575827           3367
            -300.716  407520           2854
            -300.716  606769           1870
            -300.716  652429           3766
            -300.716  78862            529
            -300.716  398067           1759
            -300.716  313407           132
            -300.716  623120           1114
            -300.716  721392           768
            -300.716  3685             2310
            -300.716  75643            3024
            -300.716  251502           3571
            -300.716  296924           1702
            -300.716  33915            3624
            -300.716  812847           2309
            -300.716  105656           909
            -300.716  896960           2150
            -300.716  299700           932
            -300.716  767822           1293
            -300.716  353983           1235
            -300.716  372176           23
            -300.716  278661           674
            -300.716  745490           2960
            -300.716  692399           3763
            -300.716  118958           994
            -300.716  839912           3360
            -300.716  747511           3236
            -300.716  122167           2706
            -300.716  539433           3057
            -300.725  55115            408
            -300.725  551829           1466
            -300.725  149379           2696
            -300.725  868155           2204
            -300.725  158612           581
            -300.725  206705           3822
            -300.725  200506           3391
            -300.725  82711            2181
            -300.725  579138           706
            -300.725  18741            2970
            -300.725  969383           3432
            -300.725  564258           2653
            -300.725  399671           13
            -300.725  409744           2588
            -300.725  346102           2765
            -300.725  855696           2357
            -300.725  919217           1501
            -300.725  20976            1336
            -300.725  383992           3663
            -300.725  418686           338
            -300.725  323342           3569
            -300.725  471040           403
            -300.725  836066           372
            -300.725  779820           877
            -300.725  781255           3287
            -300.725  690330           2014
            -300.725  779009           1458
            -300.725  583083           2734
            -300.725  289148           1092
            -300.725  896153           1265
            -300.725  760599           832
            -300.725  518472           2020
            -300.725  779882           1012
            -300.725  677825           3273
            -300.725  62585            2342
            -300.725  782781           2587
            -300.725  760342           3531
            -300.725  259148           1734
            -300.725  81954            1823
            -300.725  56628            2485
            -300.725  952946           2768
            -300.725  182318           1536
            -300.725  619752           3244
            -300.725  561281           2393
            -300.725  630704           2295
            -300.725  886510           3906
            -300.725  137614           2198
            -300.725  338892           1432
            -300.725  761017           3336
            -300.725  653391           1195
            -300.725  255016           1731
            -300.725  754485           1175
            -300.725  79945            395
            -300.725  529455           268
            -300.725  34050            2235
            -300.725  30019            1476
            -300.725  141171           3553
            -300.725  140806           1001
            -300.725  536075           2726
            -300.725  758437           2017
            -300.725  827041           2400
            -300.725  725009           3633
            -300.725  689589           3947
            -300.725  618000           190
            -300.725  106840           3404
            -300.725  560128           3233
            -300.725  908201           2317
            -300.725  484224           1664
            -300.725  118421           139
            -300.725  170658           2609
            -300.725  884619           1441
            -300.725  159259           1665
            -300.725  458784           3185
            -300.725  659773           663
            -300.725  790297           1883
            -300.725  675755           3189
            -300.725  260953           589
            -300.725  988970           2492
            -300.725  670286           3582
            -300.725  404870           2452
            -300.725  729401           2106
            -300.725  115671           1300
            -300.725  550871           1037
            -300.725  354564           3098
            -300.725  595153           230
            -300.725  392418           28
            -300.725  877722           1053
            -300.725  341960           685
            -300.725  803696           1340
            -300.725  621441           2398
            -300.725  810594           845
            -300.725  761302           744
            -300.725  811592           2827
            -300.725  168199           1155
            -300.725  587946           120
            -300.725  499951           3153
            -300.725  666752           1820
            -300.725  853283           1854
            -300.725  730868           977
            -300.725  262076           2015
            -300.725  271397           3646
            -300.725  673767           1736
            -300.725  173814           2024
            -300.725  392602           2487
            -301.002  117116           1909
            -301.002  143337           2029
            -301.002  44842            3910
            -301.002  692531           2838
            -301.002  155749           960
            -301.002  906782           2966
            -301.002  512296           2476
            -301.002  850545           357
            -301.002  57226            208
            -301.002  215353           164
            -301.002  125742           2943
            -301.002  408652           2290
            -301.002  836219           3913
            -301.002  614535           449
            -301.002  566687           597
            -301.002  981727           1781
            -301.002  432765           1609
            -301.002  972349           3700
            -301.002  844709           3412
            -301.002  206646           2156
            -301.002  422699           1439
            -301.002  159216           1423
            -301.002  817813           2324
            -301.002  398329           3677
            -301.002  12050            1540
            -301.002  58353            1723
            -301.002  91413            3045
            -301.002  856920           2714
            -301.002  68850            462
            -301.002  944394           1024
            -301.002  215534           2831
            -301.002  432950           1244
            -301.002  500460           2953
            -301.002  806234           2362
            -301.002  301952           2414
            -301.002  556697           3174
            -301.002  353696           1070
            -301.002  777244           2852
            -301.002  806363           2374
            -301.002  142853           3228
            -301.002  312018           2209
            -301.002  910224           580
            -301.002  427062           3411
            -301.002  950604           172
            -301.002  435287           623
            -301.002  860102           495
            -301.002  904241           3093
            -301.002  518828           432
            -301.002  864683           2606
            -301.002  742450           2853
            -301.002  169819           3322
            -301.002  213704           2165
            -301.002  652266           490
            -301.002  69098            2788
            -301.002  578694           1608
            -301.002  563584           657
            -301.002  43393            2751
            -301.002  584602           2973
            -301.002  664138           3993
            -301.002  153153           1763
            -301.002  805768           879
            -301.002  602306           2856
            -301.002  408234           2840
            -301.002  59296            1534
            -301.002  699810           571
            -301.002  910765           2935
            -301.002  340711           2353
            -301.002  154192           3972
            -301.002  714574           2046
            -301.002  563647           2456
            -301.002  425140           1378
            -301.002  560961           2422
            -301.002  452356           1341
            -301.002  381543           1407
            -301.002  584397           428
            -301.002  800454           751
            -301.002  833955           2954
            -301.002  465996           2638
            -301.002  824535           3127
            -301.002  818852           1650
            -301.002  830978           3350
            -301.002  731610           1087
            -301.002  726973           2138
            -301.002  40140            2576
            -301.002  428893           1859
            -301.002  387431           2211
            -301.002  539883           3131
            -301.002  883576           3118
            -301.002  914505           838
            -301.002  246575           291
            -301.002  258756           2111
            -301.002  704532           3637
            -301.002  670998           1876
            -301.002  854613           3023
            -301.002  905166           1042
            -301.075  826112           3721
            -301.075  452342           3073
            -301.075  517385           2554
            -301.075  916339           2764
            -301.075  266630           3429
            -301.075  448388           3844
            -301.075  838535           3612
            -301.075  291884           1621
            -301.075  135514           3739
            -301.075  202788           3043
            -301.075  230385           3488
            -301.075  970689           266
            -301.075  848356           602
            -301.075  461687           833
            -301.075  16220            3221
            -301.075  612837           3056
            -301.075  81117            305
            -301.075  995197           2529
            -301.075  907810           795
            -301.075  571757           1268
            -301.075  16096            1147
            -301.075  703715           2171
            -301.075  946393           2216
            -301.075  253358           2
            -301.075  422004           1107
            -301.075  895878           1216
            -301.075  290168           2423
            -301.075  590834           785
            -301.075  116136           1960
            -301.075  772131           407
            -301.075  536017           2977
            -301.075  635245           121
            -301.075  599524           3268
            -301.075  586561           1735
            -301.075  697433           3626
            -301.075  111066           1509
            -301.075  158725           2825
            -303.258  928624           981
            -303.258  74096            3359
            -303.258  266349           1989
            -303.258  997423           2447
            -303.258  227272           1831
            -303.258  105990           3803
            -303.258  863378           2556
            -303.258  32911            2270
            -303.258  46908            3949
            -303.258  672339           1693
            -303.258  242966           1523
            -303.258  50983            834
            -303.258  321422           3998
            -303.258  535063           329
            -303.258  964570           701
            -303.258  299108           1420
            -303.258  46437            153
            -303.258  582630           3537
            -303.258  276392           2927
            -303.258  536082           1539
            -303.258  729267           2202
            -303.258  171430           1672
            -303.258  356068           1924
            -303.258  883488           3465
            -303.258  494115           2634
            -303.258  17730            1698
            -303.258  842511           2070
            -303.258  193847           354
            -303.258  907407           2624
            -303.258  896897           3919
            -303.258  361131           2563
            -303.258  749453           33
            -303.258  464179           106
            -303.258  256197           1923
            -303.258  123985           248
            -303.258  837902           2663
            -304.823  189568           3651
            -304.991  401245           1929
            -304.991  513949           1910
            -304.991  514629           1695

47 perturbed starting value run(s) did not converge or were rejected in the third stage.



THE BEST LOGLIKELIHOOD VALUE HAS BEEN REPLICATED.  RERUN WITH AT LEAST TWICE THE
RANDOM STARTS TO CHECK THAT THE BEST LOGLIKELIHOOD IS STILL OBTAINED AND REPLICATED.

     IN THE OPTIMIZATION, ONE OR MORE LOGIT THRESHOLDS APPROACHED EXTREME VALUES
     OF -15.000 AND 15.000 AND WERE FIXED TO STABILIZE MODEL ESTIMATION.  THESE
     VALUES IMPLY PROBABILITIES OF 0 AND 1.  IN THE MODEL RESULTS SECTION, THESE
     PARAMETERS HAVE 0 STANDARD ERRORS AND 999 IN THE Z-SCORE AND P-VALUE COLUMNS.

     IN THE OPTIMIZATION, ONE OR MORE LOGIT SCALE PARAMETERS APPROACHED EXTREME VALUES
     OF -15.000 AND 15.000 AND WERE FIXED TO STABILIZE MODEL ESTIMATION.  THESE
     VALUES IMPLY PROBABILITIES OF 0 AND 1.  IN THE MODEL RESULTS SECTION, THESE
     PARAMETERS HAVE 0 STANDARD ERRORS AND 999 IN THE Z-SCORE AND P-VALUE COLUMNS.

     ONE OR MORE PARAMETERS WERE FIXED TO AVOID SINGULARITY OF THE
     INFORMATION MATRIX. THE SINGULARITY IS MOST LIKELY DUE TO THE
     MODEL IS NOT IDENTIFIED, OR DUE TO A LARGE OR A SMALL PARAMETER
     ON THE LOGIT SCALE. THE FOLLOWING PARAMETERS WERE FIXED:
     Parameter 21, %CLASS#2%: LA_PAIR




THE MODEL ESTIMATION TERMINATED NORMALLY



MODEL FIT INFORMATION

Number of Free Parameters                       21

Loglikelihood

          H0 Value                        -300.716
          H0 Scaling Correction Factor      0.8713
            for MLR

Information Criteria

          Akaike (AIC)                     643.432
          Bayesian (BIC)                   685.586
          Sample-Size Adjusted BIC         619.597
            (n* = (n + 2) / 24)

Chi-Square Test of Model Fit for the Binary and Ordered Categorical
(Ordinal) Outcomes

          Pearson Chi-Square

          Value                              2.407
          Degrees of Freedom                     6
          P-Value                           0.8787

          Likelihood Ratio Chi-Square

          Value                              3.474
          Degrees of Freedom                     6
          P-Value                           0.7474

Chi-Square Test of Model Fit for the Count Outcomes**

          Pearson Chi-Square

          Value                            137.965
          Degrees of Freedom                   112
          P-Value                           0.0484

          Likelihood Ratio Chi-Square

          Value                             97.029
          Degrees of Freedom                   112
          P-Value                           0.8422

** Of the 125 cells in the latent class indicator table, 1
   were deleted in the calculation of chi-square due to extreme values.

Chi-Square Test for MCAR under the Unrestricted Latent Class Indicator Model
for the Count Outcomes

          Pearson Chi-Square

          Value                              0.000
          Degrees of Freedom                     0
          P-Value                           1.0000

          Likelihood Ratio Chi-Square

          Value                              0.000
          Degrees of Freedom                     0
          P-Value                           1.0000



FINAL CLASS COUNTS AND PROPORTIONS FOR THE LATENT CLASSES
BASED ON THE ESTIMATED MODEL

    Latent
   Classes

       1         22.99999          0.41818
       2         32.00001          0.58182


FINAL CLASS COUNTS AND PROPORTIONS FOR THE LATENT CLASSES
BASED ON ESTIMATED POSTERIOR PROBABILITIES

    Latent
   Classes

       1         22.99999          0.41818
       2         32.00001          0.58182


FINAL CLASS COUNTS AND PROPORTIONS FOR THE LATENT CLASSES
BASED ON THEIR MOST LIKELY LATENT CLASS MEMBERSHIP

Class Counts and Proportions

    Latent
   Classes

       1               23          0.41818
       2               32          0.58182


CLASSIFICATION QUALITY

     Entropy                         1.000


           Univariate Entropy
              TS_PAIR       SW_PAIR       LA_PAIR       DEL_YN        SW_TYPE
              ________      ________      ________      ________      ________
                0.028         0.201         0.109         0.072         0.700


           Univariate Entropy
              SW_POS3
              ________
                1.000


Classification Probabilities for the Most Likely Latent Class Membership (Column)
by Latent Class (Row)

           1        2

    1   1.000    0.000
    2   0.000    1.000


Logits for the Classification Probabilities for the Most Likely Latent Class Membership (Column)
by Latent Class (Row)

              1        2

    1     13.816    0.000
    2    -13.816    0.000


MODEL RESULTS

                                                    Two-Tailed
                    Estimate       S.E.  Est./S.E.    P-Value

Latent Class 1

 Means
    TS_PAIR            0.578      0.119      4.847      0.000
    SW_PAIR            0.975      0.103      9.501      0.000
    LA_PAIR#1          0.178      0.959      0.186      0.853
    LA_PAIR            0.423      0.615      0.688      0.491

 Thresholds
    DEL_YN$1           0.827      0.453      1.824      0.068
    SW_TYPE$1        -15.000      0.000    999.000    999.000
    SW_TYPE$2         -1.041      0.475     -2.193      0.028
    SW_POS3$1        -15.000      0.000    999.000    999.000
    SW_POS3$2        -15.000      0.000    999.000    999.000

 Dispersion
    LA_PAIR            0.079      0.600      0.132      0.895

Latent Class 2

 Means
    TS_PAIR            0.363      0.115      3.162      0.002
    SW_PAIR            0.118      0.156      0.755      0.450
    LA_PAIR#1        -15.000      0.000    999.000    999.000
    LA_PAIR           -1.856      0.411     -4.519      0.000

 Thresholds
    DEL_YN$1           2.269      0.606      3.741      0.000
    SW_TYPE$1          1.466      0.453      3.238      0.001
    SW_TYPE$2          3.434      1.016      3.380      0.001
    SW_POS3$1         -2.708      0.730     -3.708      0.000
    SW_POS3$2         15.000      0.000    999.000    999.000

 Dispersion
    LA_PAIR            0.000      0.000    999.000    999.000

Categorical Latent Variables

 Means
    CLASS#1           -0.330      0.273     -1.208      0.227


RESULTS IN PROBABILITY SCALE

Latent Class 1

 DEL_YN
    Category 1         0.696      0.096      7.251      0.000
    Category 2         0.304      0.096      3.172      0.002
 SW_TYPE
    Category 1         0.000      0.000      0.000      1.000
    Category 2         0.261      0.092      2.849      0.004
    Category 3         0.739      0.092      8.073      0.000
 SW_POS3
    Category 1         0.000      0.000      0.000      1.000
    Category 2         0.000      0.000      0.000      1.000
    Category 3         1.000      0.000      0.000      1.000

Latent Class 2

 DEL_YN
    Category 1         0.906      0.052     17.588      0.000
    Category 2         0.094      0.052      1.819      0.069
 SW_TYPE
    Category 1         0.812      0.069     11.776      0.000
    Category 2         0.156      0.064      2.434      0.015
    Category 3         0.031      0.031      1.016      0.310
 SW_POS3
    Category 1         0.062      0.043      1.461      0.144
    Category 2         0.938      0.043     21.909      0.000
    Category 3         0.000      0.000      0.000      1.000


LATENT CLASS ODDS RATIO RESULTS

                                         (Est. - 1) Two-Tailed
                    Estimate       S.E.     / S.E.    P-Value

Latent Class 1 Compared to Latent Class 2

 DEL_YN
    Category > 1       4.229      3.202      1.009      0.313
 SW_TYPE
    Category > 1   *********      0.000    999.000    999.000
    Category > 2      87.833     98.505      0.882      0.378
 SW_POS3
    Category > 1   *********      0.000    999.000    999.000
    Category > 2   *********      0.000    999.000    999.000


QUALITY OF NUMERICAL RESULTS

     Condition Number for the Information Matrix              0.128E-01
       (ratio of smallest to largest eigenvalue)


MODEL COMMAND WITH FINAL ESTIMATES USED AS STARTING VALUES

     %OVERALL%

     [ class#1*-0.33024 ];

     %CLASS#1%

     [ ts_pair*0.57808 ];
     [ sw_pair*0.97538 ];
     [ la_pair#1*0.17822 ];
     [ la_pair*0.42332 ];

     [ del_yn$1*0.82668 ];
     [ sw_type$1*-15 ];
     [ sw_type$2*-1.04145 ];
     [ sw_pos3$1*-15 ];
     [ sw_pos3$2*-15 ];

     la_pair*0.07886;

     %CLASS#2%

     [ ts_pair*0.36291 ];
     [ sw_pair*0.11778 ];
     [ la_pair#1*-15 ];
     [ la_pair*-1.85630 ];

     [ del_yn$1*2.26868 ];
     [ sw_type$1*1.46634 ];
     [ sw_type$2*3.43399 ];
     [ sw_pos3$1*-2.70805 ];
     [ sw_pos3$2*15 ];

     la_pair*0.00000;



TECHNICAL 1 OUTPUT


     PARAMETER SPECIFICATION FOR LATENT CLASS 1


     PARAMETER SPECIFICATION FOR LATENT CLASS 2


     PARAMETER SPECIFICATION FOR LATENT CLASS INDICATOR MODEL PART


           TAU(U) FOR LATENT CLASS 1
              DEL_YN$1      SW_TYPE$      SW_TYPE$      SW_POS3$      SW_POS3$
              ________      ________      ________      ________      ________
                    1             2             3             4             5


           TAU(U) FOR LATENT CLASS 2
              DEL_YN$1      SW_TYPE$      SW_TYPE$      SW_POS3$      SW_POS3$
              ________      ________      ________      ________      ________
                    6             7             8             9            10


     PARAMETER SPECIFICATION FOR LATENT CLASS REGRESSION MODEL PART


           ALPHA(C)
              CLASS#1       CLASS#2
              ________      ________
                   11             0


     PARAMETER SPECIFICATION FOR THE CENSORED/NOMINAL/COUNT MODEL PART


           NU(P) FOR LATENT CLASS 1
              TS_PAIR#      TS_PAIR       SW_PAIR#      SW_PAIR       LA_PAIR#
              ________      ________      ________      ________      ________
                    0            12             0            13            14


           NU(P) FOR LATENT CLASS 1
              LA_PAIR
              ________
                   15


           THETA(C) FOR CLASS LATENT CLASS 1
              LA_PAIR
              ________
                   16


           NU(P) FOR LATENT CLASS 2
              TS_PAIR#      TS_PAIR       SW_PAIR#      SW_PAIR       LA_PAIR#
              ________      ________      ________      ________      ________
                    0            17             0            18            19


           NU(P) FOR LATENT CLASS 2
              LA_PAIR
              ________
                   20


           THETA(C) FOR CLASS LATENT CLASS 2
              LA_PAIR
              ________
                   21


     STARTING VALUES FOR LATENT CLASS 1


     STARTING VALUES FOR LATENT CLASS 2


     STARTING VALUES FOR LATENT CLASS INDICATOR MODEL PART


           TAU(U) FOR LATENT CLASS 1
              DEL_YN$1      SW_TYPE$      SW_TYPE$      SW_POS3$      SW_POS3$
              ________      ________      ________      ________      ________
                0.504        -1.109        -0.279        -4.277        -0.670


           TAU(U) FOR LATENT CLASS 2
              DEL_YN$1      SW_TYPE$      SW_TYPE$      SW_POS3$      SW_POS3$
              ________      ________      ________      ________      ________
                2.504         0.891         1.721        -2.277         1.330


     STARTING VALUES FOR LATENT CLASS REGRESSION MODEL PART


           ALPHA(C)
              CLASS#1       CLASS#2
              ________      ________
                0.000         0.000


     STARTING VALUES FOR THE CENSORED/NOMINAL/COUNT MODEL PART


           NU(P) FOR LATENT CLASS 1
              TS_PAIR#      TS_PAIR       SW_PAIR#      SW_PAIR       LA_PAIR#
              ________      ________      ________      ________      ________
              -20.000         0.459       -20.000         0.596        -0.369


           NU(P) FOR LATENT CLASS 1
              LA_PAIR
              ________
                0.214


           THETA(C) FOR LATENT CLASS 1
              LA_PAIR
              ________
                2.243


           NU(P) FOR LATENT CLASS 2
              TS_PAIR#      TS_PAIR       SW_PAIR#      SW_PAIR       LA_PAIR#
              ________      ________      ________      ________      ________
              -20.000         1.459       -20.000         1.596        -0.369


           NU(P) FOR LATENT CLASS 2
              LA_PAIR
              ________
                1.214


           THETA(C) FOR LATENT CLASS 2
              LA_PAIR
              ________
                2.243


TECHNICAL 4 OUTPUT


PLOT INFORMATION

The following plots are available:

  Histograms (sample values)
  Scatterplots (sample values)
  Sample proportions and estimated probabilities

SAVEDATA INFORMATION


  Save file
    LCA_full_pairs_model4_lca_2.dat SAVE = cprobabilites bchweights

  Order and format of variables

    TS_PAIR        F10.3
    SW_PAIR        F10.3
    LA_PAIR        F10.3
    DEL_YN         F10.3
    SW_TYPE        F10.3
    SW_POS3        F10.3
    TS_YN          F10.3
    LA_YN          F10.3
    CA_YN          F10.3
    SW_BR          F10.3
    SW_GR          F10.3
    SW_EF          F10.3
    SW_PCAT        F10.3
    CPROB1         F10.3
    CPROB2         F10.3
    CLASS          F10.3
    ID             I4

  Save file format
    16F10.3 I4

  Save file record length    10000


     Beginning Time:  21:01:05
        Ending Time:  21:01:10
       Elapsed Time:  00:00:05



MUTHEN & MUTHEN
3463 Stoner Ave.
Los Angeles, CA  90066

Tel: (310) 391-9971
Fax: (310) 391-8971
Web: www.StatModel.com
Support: Support@StatModel.com

Copyright (c) 1998-2019 Muthen & Muthen
