Mplus VERSION 8.4 (Mac)
MUTHEN & MUTHEN
04/27/2025   8:28 PM

INPUT INSTRUCTIONS


  TITLE: LCA_sw_detailed4 classes
  DATA: FILE IS LCA_sw_detailed_model4_lca.dat;

  VARIABLE:
  NAMES = id TS_YN LA_YN DEL_YN CA_YN SW_type SW_pos3 SW_BR SW_GR SW_EF TS_PAIR
       LA_PAIR SW_PAIR SW_pcat;
  IDVARIABLE = id;
  USEVARIABLES = LA_YN SW_pcat DEL_YN SW_type SW_pos3;
  CATEGORICAL = LA_YN SW_pcat DEL_YN SW_type SW_pos3;
  AUXILIARY = TS_YN CA_YN SW_BR SW_GR SW_EF TS_PAIR LA_PAIR SW_PAIR;
  MISSING = .;
  CLASSES = class (4);


  ANALYSIS:
  TYPE = MIXTURE;
  PROCESSORS = 12;
  STITERATIONS = 50;
  STARTS = 250 50;

  OUTPUT:
  SVALUES ENTROPY TECH1 TECH4;
  PLOT: TYPE=PLOT1 PLOT2 PLOT3;
  SAVEDATA:
  FILE IS LCA_sw_detailed_model4_lca_4.dat
  SAVE = cprobabilites bchweights;



INPUT READING TERMINATED NORMALLY



LCA_sw_detailed4 classes

SUMMARY OF ANALYSIS

Number of groups                                                 1
Number of observations                                          55

Number of dependent variables                                    5
Number of independent variables                                  0
Number of continuous latent variables                            0
Number of categorical latent variables                           1

Observed dependent variables

  Binary and ordered categorical (ordinal)
   LA_YN       SW_PCAT     DEL_YN      SW_TYPE     SW_POS3

Observed auxiliary variables
   TS_YN       CA_YN       SW_BR       SW_GR       SW_EF       TS_PAIR
   LA_PAIR     SW_PAIR

Categorical latent variables
   CLASS

Variables with special functions

  ID variable           ID

Estimator                                                      MLR
Information matrix                                        OBSERVED
Optimization Specifications for the Quasi-Newton Algorithm for
Continuous Outcomes
  Maximum number of iterations                                 100
  Convergence criterion                                  0.100D-05
Optimization Specifications for the EM Algorithm
  Maximum number of iterations                                 500
  Convergence criteria
    Loglikelihood change                                 0.100D-06
    Relative loglikelihood change                        0.100D-06
    Derivative                                           0.100D-05
Optimization Specifications for the M step of the EM Algorithm for
Categorical Latent variables
  Number of M step iterations                                    1
  M step convergence criterion                           0.100D-05
  Basis for M step termination                           ITERATION
Optimization Specifications for the M step of the EM Algorithm for
Censored, Binary or Ordered Categorical (Ordinal), Unordered
Categorical (Nominal) and Count Outcomes
  Number of M step iterations                                    1
  M step convergence criterion                           0.100D-05
  Basis for M step termination                           ITERATION
  Maximum value for logit thresholds                            15
  Minimum value for logit thresholds                           -15
  Minimum expected cell size for chi-square              0.100D-01
Maximum number of iterations for H1                           2000
Convergence criterion for H1                             0.100D-03
Optimization algorithm                                         EMA
Random Starts Specifications
  Number of initial stage random starts                        250
  Number of final stage optimizations                           50
  Number of initial stage iterations                            50
  Initial stage convergence criterion                    0.100D+01
  Random starts scale                                    0.500D+01
  Random seed for generating random starts                       0
Link                                                         LOGIT

Input data file(s)
  LCA_sw_detailed_model4_lca.dat
Input data format  FREE


SUMMARY OF DATA

     Number of missing data patterns             1
     Number of y missing data patterns           0
     Number of u missing data patterns           1


COVARIANCE COVERAGE OF DATA

Minimum covariance coverage value   0.100


UNIVARIATE PROPORTIONS AND COUNTS FOR CATEGORICAL VARIABLES

    LA_YN
      Category 1    0.764           42.000
      Category 2    0.236           13.000
    SW_PCAT
      Category 1    0.200           11.000
      Category 2    0.564           31.000
      Category 3    0.236           13.000
    DEL_YN
      Category 1    0.818           45.000
      Category 2    0.182           10.000
    SW_TYPE
      Category 1    0.473           26.000
      Category 2    0.200           11.000
      Category 3    0.327           18.000
    SW_POS3
      Category 1    0.036            2.000
      Category 2    0.545           30.000
      Category 3    0.418           23.000


RANDOM STARTS RESULTS RANKED FROM THE BEST TO THE WORST LOGLIKELIHOOD VALUES

Final stage loglikelihood values at local maxima, seeds, and initial stage start numbers:

            -163.519  592219           119
            -163.519  499150           216
            -163.519  569833           85
            -163.519  301180           236
            -163.519  415502           194
            -163.519  967902           52
            -163.519  399671           13
            -163.519  618000           190
            -163.519  579995           183
            -163.519  100874           108
            -163.519  789985           67
            -163.519  415931           10
            -163.584  568859           49
            -163.584  570908           98
            -163.584  576220           115
            -163.584  533738           11
            -163.584  17359            227
            -163.584  178475           231
            -163.584  284109           82
            -164.149  366706           29
            -164.149  931874           141
            -164.199  364676           27
            -164.199  476498           179
            -164.199  626891           32
            -164.199  830392           35
            -164.199  80438            246
            -164.199  575700           100
            -164.199  232559           136
            -164.199  268217           83
            -164.199  422103           62
            -164.227  120506           45
            -164.227  68985            17
            -164.306  297518           166
            -164.306  957392           79
            -164.659  749453           33
            -164.930  39136            226
            -165.259  741888           138
            -165.790  21345            199
            -165.790  648555           113

11 perturbed starting value run(s) did not converge or were rejected in the third stage.



THE BEST LOGLIKELIHOOD VALUE HAS BEEN REPLICATED.  RERUN WITH AT LEAST TWICE THE
RANDOM STARTS TO CHECK THAT THE BEST LOGLIKELIHOOD IS STILL OBTAINED AND REPLICATED.

     IN THE OPTIMIZATION, ONE OR MORE LOGIT THRESHOLDS APPROACHED EXTREME VALUES
     OF -15.000 AND 15.000 AND WERE FIXED TO STABILIZE MODEL ESTIMATION.  THESE
     VALUES IMPLY PROBABILITIES OF 0 AND 1.  IN THE MODEL RESULTS SECTION, THESE
     PARAMETERS HAVE 0 STANDARD ERRORS AND 999 IN THE Z-SCORE AND P-VALUE COLUMNS.




THE MODEL ESTIMATION TERMINATED NORMALLY



MODEL FIT INFORMATION

Number of Free Parameters                       35

Loglikelihood

          H0 Value                        -163.519
          H0 Scaling Correction Factor      1.0088
            for MLR

Information Criteria

          Akaike (AIC)                     397.038
          Bayesian (BIC)                   467.294
          Sample-Size Adjusted BIC         357.313
            (n* = (n + 2) / 24)

Chi-Square Test of Model Fit for the Binary and Ordered Categorical
(Ordinal) Outcomes

          Pearson Chi-Square

          Value                             28.883
          Degrees of Freedom                    72
          P-Value                           1.0000

          Likelihood Ratio Chi-Square

          Value                             19.077
          Degrees of Freedom                    72
          P-Value                           1.0000



FINAL CLASS COUNTS AND PROPORTIONS FOR THE LATENT CLASSES
BASED ON THE ESTIMATED MODEL

    Latent
   Classes

       1         10.00000          0.18182
       2         22.00000          0.40000
       3         14.28912          0.25980
       4          8.71088          0.15838


FINAL CLASS COUNTS AND PROPORTIONS FOR THE LATENT CLASSES
BASED ON ESTIMATED POSTERIOR PROBABILITIES

    Latent
   Classes

       1         10.00000          0.18182
       2         22.00000          0.40000
       3         14.28912          0.25980
       4          8.71088          0.15838


FINAL CLASS COUNTS AND PROPORTIONS FOR THE LATENT CLASSES
BASED ON THEIR MOST LIKELY LATENT CLASS MEMBERSHIP

Class Counts and Proportions

    Latent
   Classes

       1               10          0.18182
       2               22          0.40000
       3               13          0.23636
       4               10          0.18182


CLASSIFICATION QUALITY

     Entropy                         0.949


           Univariate Entropy
              LA_YN         SW_PCAT       DEL_YN        SW_TYPE       SW_POS3
              ________      ________      ________      ________      ________
                0.134         0.467         0.090         0.525         0.572


Classification Probabilities for the Most Likely Latent Class Membership (Column)
by Latent Class (Row)

           1        2        3        4

    1   1.000    0.000    0.000    0.000
    2   0.000    1.000    0.000    0.000
    3   0.000    0.000    0.886    0.114
    4   0.000    0.000    0.039    0.961


Logits for the Classification Probabilities for the Most Likely Latent Class Membership (Column)
by Latent Class (Row)

              1        2        3        4

    1     13.816    0.000    0.000    0.000
    2      0.000   13.816    0.000    0.000
    3    -11.645  -11.645    2.049    0.000
    4    -13.775  -13.775   -3.197    0.000


MODEL RESULTS

                                                    Two-Tailed
                    Estimate       S.E.  Est./S.E.    P-Value

Latent Class 1

 Thresholds
    LA_YN$1            1.386      0.791      1.754      0.080
    SW_PCAT$1         15.000      0.000    999.000    999.000
    SW_PCAT$2         15.000      0.000    999.000    999.000
    DEL_YN$1           2.197      1.054      2.084      0.037
    SW_TYPE$1         15.000      0.000    999.000    999.000
    SW_TYPE$2         15.000      0.000    999.000    999.000
    SW_POS3$1         -1.386      0.791     -1.754      0.080
    SW_POS3$2         15.000      0.000    999.000    999.000

Latent Class 2

 Thresholds
    LA_YN$1            1.846      0.621      2.971      0.003
    SW_PCAT$1        -15.000      0.000    999.000    999.000
    SW_PCAT$2          2.303      0.742      3.105      0.002
    DEL_YN$1           2.303      0.742      3.105      0.002
    SW_TYPE$1          0.981      0.479      2.049      0.040
    SW_TYPE$2          3.045      1.024      2.975      0.003
    SW_POS3$1        -15.000      0.000    999.000    999.000
    SW_POS3$2         15.000      0.000    999.000    999.000

Latent Class 3

 Thresholds
    LA_YN$1           -0.241      0.685     -0.351      0.725
    SW_PCAT$1        -15.000      0.000    999.000    999.000
    SW_PCAT$2         -0.735      0.796     -0.924      0.356
    DEL_YN$1           0.348      0.681      0.511      0.609
    SW_TYPE$1        -15.000      0.000    999.000    999.000
    SW_TYPE$2        -15.000      0.000    999.000    999.000
    SW_POS3$1        -15.000      0.000    999.000    999.000
    SW_POS3$2        -15.000      0.000    999.000    999.000

Latent Class 4

 Thresholds
    LA_YN$1           15.000      0.000    999.000    999.000
    SW_PCAT$1         -2.043      1.235     -1.654      0.098
    SW_PCAT$2          1.703      1.058      1.610      0.107
    DEL_YN$1           1.949      1.158      1.683      0.092
    SW_TYPE$1        -15.000      0.000    999.000    999.000
    SW_TYPE$2          0.794      1.434      0.554      0.580
    SW_POS3$1        -15.000      0.000    999.000    999.000
    SW_POS3$2        -15.000      0.000    999.000    999.000

Categorical Latent Variables

 Means
    CLASS#1            0.138      0.587      0.235      0.814
    CLASS#2            0.926      0.539      1.719      0.086
    CLASS#3            0.495      0.722      0.685      0.493


RESULTS IN PROBABILITY SCALE

Latent Class 1

 LA_YN
    Category 1         0.800      0.126      6.325      0.000
    Category 2         0.200      0.126      1.581      0.114
 SW_PCAT
    Category 1         1.000      0.000      0.000      1.000
    Category 2         0.000      0.000      0.000      1.000
    Category 3         0.000      0.000      0.000      1.000
 DEL_YN
    Category 1         0.900      0.095      9.487      0.000
    Category 2         0.100      0.095      1.054      0.292
 SW_TYPE
    Category 1         1.000      0.000      0.000      1.000
    Category 2         0.000      0.000      0.000      1.000
    Category 3         0.000      0.000      0.000      1.000
 SW_POS3
    Category 1         0.200      0.126      1.581      0.114
    Category 2         0.800      0.126      6.325      0.000
    Category 3         0.000      0.000      0.000      1.000

Latent Class 2

 LA_YN
    Category 1         0.864      0.073     11.804      0.000
    Category 2         0.136      0.073      1.864      0.062
 SW_PCAT
    Category 1         0.000      0.000      0.000      1.000
    Category 2         0.909      0.061     14.832      0.000
    Category 3         0.091      0.061      1.483      0.138
 DEL_YN
    Category 1         0.909      0.061     14.832      0.000
    Category 2         0.091      0.061      1.483      0.138
 SW_TYPE
    Category 1         0.727      0.095      7.659      0.000
    Category 2         0.227      0.089      2.544      0.011
    Category 3         0.045      0.044      1.024      0.306
 SW_POS3
    Category 1         0.000      0.000      0.000      1.000
    Category 2         1.000      0.000      0.000      1.000
    Category 3         0.000      0.000      0.000      1.000

Latent Class 3

 LA_YN
    Category 1         0.440      0.169      2.609      0.009
    Category 2         0.560      0.169      3.319      0.001
 SW_PCAT
    Category 1         0.000      0.000      0.000      1.000
    Category 2         0.324      0.174      1.860      0.063
    Category 3         0.676      0.174      3.878      0.000
 DEL_YN
    Category 1         0.586      0.165      3.547      0.000
    Category 2         0.414      0.165      2.505      0.012
 SW_TYPE
    Category 1         0.000      0.000      0.000      1.000
    Category 2         0.000      0.000      0.000      1.000
    Category 3         1.000      0.000      0.000      1.000
 SW_POS3
    Category 1         0.000      0.000      0.000      1.000
    Category 2         0.000      0.000      0.000      1.000
    Category 3         1.000      0.000      0.000      1.000

Latent Class 4

 LA_YN
    Category 1         1.000      0.000      0.000      1.000
    Category 2         0.000      0.000      0.000      1.000
 SW_PCAT
    Category 1         0.115      0.126      0.915      0.360
    Category 2         0.731      0.171      4.279      0.000
    Category 3         0.154      0.138      1.117      0.264
 DEL_YN
    Category 1         0.875      0.126      6.926      0.000
    Category 2         0.125      0.126      0.987      0.324
 SW_TYPE
    Category 1         0.000      0.000      0.000      1.000
    Category 2         0.689      0.307      2.241      0.025
    Category 3         0.311      0.307      1.013      0.311
 SW_POS3
    Category 1         0.000      0.000      0.000      1.000
    Category 2         0.000      0.000      0.000      1.000
    Category 3         1.000      0.000      0.000      1.000


LATENT CLASS ODDS RATIO RESULTS

                                         (Est. - 1) Two-Tailed
                    Estimate       S.E.     / S.E.    P-Value

Latent Class 1 Compared to Latent Class 2

 LA_YN
    Category > 1       1.583      1.592      0.366      0.714
 SW_PCAT
    Category > 1       0.000      0.000    999.000    999.000
    Category > 2       0.000      0.000    999.000    999.000
 DEL_YN
    Category > 1       1.111      1.432      0.078      0.938
 SW_TYPE
    Category > 1       0.000      0.000    999.000    999.000
    Category > 2       0.000      0.000    999.000    999.000
 SW_POS3
    Category > 1       0.000      0.000    999.000    999.000
    Category > 2       1.000      0.000    999.000    999.000

Latent Class 1 Compared to Latent Class 3

 LA_YN
    Category > 1       0.197      0.206     -3.909      0.000
 SW_PCAT
    Category > 1       0.000      0.000    999.000    999.000
    Category > 2       0.000      0.000    999.000    999.000
 DEL_YN
    Category > 1       0.157      0.197     -4.267      0.000
 SW_TYPE
    Category > 1       0.000      0.000    999.000    999.000
    Category > 2       0.000      0.000    999.000    999.000
 SW_POS3
    Category > 1       0.000      0.000    999.000    999.000
    Category > 2       0.000      0.000    999.000    999.000

Latent Class 1 Compared to Latent Class 4

 LA_YN
    Category > 1   *********      0.000    999.000    999.000
 SW_PCAT
    Category > 1       0.000      0.000    999.000    999.000
    Category > 2       0.000      0.000    999.000    999.000
 DEL_YN
    Category > 1       0.780      1.221     -0.180      0.857
 SW_TYPE
    Category > 1       0.000      0.000    999.000    999.000
    Category > 2       0.000      0.000    999.000    999.000
 SW_POS3
    Category > 1       0.000      0.000    999.000    999.000
    Category > 2       0.000      0.000    999.000    999.000

Latent Class 2 Compared to Latent Class 3

 LA_YN
    Category > 1       0.124      0.115     -7.633      0.000
 SW_PCAT
    Category > 1       1.000      0.000    999.000    999.000
    Category > 2       0.048      0.052    -18.253      0.000
 DEL_YN
    Category > 1       0.142      0.143     -6.019      0.000
 SW_TYPE
    Category > 1       0.000      0.000    999.000    999.000
    Category > 2       0.000      0.000    999.000    999.000
 SW_POS3
    Category > 1       1.000      0.000    999.000    999.000
    Category > 2       0.000      0.000    999.000    999.000

Latent Class 2 Compared to Latent Class 4

 LA_YN
    Category > 1   *********      0.000    999.000    999.000
 SW_PCAT
    Category > 1   *********      0.000    999.000    999.000
    Category > 2       0.549      0.709     -0.636      0.525
 DEL_YN
    Category > 1       0.702      0.965     -0.309      0.757
 SW_TYPE
    Category > 1       0.000      0.000    999.000    999.000
    Category > 2       0.105      0.186     -4.818      0.000
 SW_POS3
    Category > 1       1.000      0.000    999.000    999.000
    Category > 2       0.000      0.000    999.000    999.000

Latent Class 3 Compared to Latent Class 4

 LA_YN
    Category > 1   *********      0.000    999.000    999.000
 SW_PCAT
    Category > 1   *********      0.000    999.000    999.000
    Category > 2      11.448     15.858      0.659      0.510
 DEL_YN
    Category > 1       4.956      7.447      0.531      0.595
 SW_TYPE
    Category > 1       1.000      0.000    999.000    999.000
    Category > 2   *********      0.000    999.000    999.000
 SW_POS3
    Category > 1       1.000      0.000    999.000    999.000
    Category > 2       1.000      0.000    999.000    999.000


QUALITY OF NUMERICAL RESULTS

     Condition Number for the Information Matrix              0.208E-01
       (ratio of smallest to largest eigenvalue)


MODEL COMMAND WITH FINAL ESTIMATES USED AS STARTING VALUES

     %OVERALL%

     [ class#1*0.13801 ];
     [ class#2*0.92647 ];
     [ class#3*0.49493 ];

     %CLASS#1%

     [ la_yn$1*1.38629 ];
     [ sw_pcat$1*15 ];
     [ sw_pcat$2*15 ];
     [ del_yn$1*2.19722 ];
     [ sw_type$1*15 ];
     [ sw_type$2*15 ];
     [ sw_pos3$1*-1.38629 ];
     [ sw_pos3$2*15 ];

     %CLASS#2%

     [ la_yn$1*1.84583 ];
     [ sw_pcat$1*-15 ];
     [ sw_pcat$2*2.30259 ];
     [ del_yn$1*2.30259 ];
     [ sw_type$1*0.98083 ];
     [ sw_type$2*3.04452 ];
     [ sw_pos3$1*-15 ];
     [ sw_pos3$2*15 ];

     %CLASS#3%

     [ la_yn$1*-0.24062 ];
     [ sw_pcat$1*-15 ];
     [ sw_pcat$2*-0.73492 ];
     [ del_yn$1*0.34802 ];
     [ sw_type$1*-15 ];
     [ sw_type$2*-15 ];
     [ sw_pos3$1*-15 ];
     [ sw_pos3$2*-15 ];

     %CLASS#4%

     [ la_yn$1*15 ];
     [ sw_pcat$1*-2.04263 ];
     [ sw_pcat$2*1.70292 ];
     [ del_yn$1*1.94863 ];
     [ sw_type$1*-15 ];
     [ sw_type$2*0.79449 ];
     [ sw_pos3$1*-15 ];
     [ sw_pos3$2*-15 ];



TECHNICAL 1 OUTPUT


     PARAMETER SPECIFICATION FOR LATENT CLASS 1


     PARAMETER SPECIFICATION FOR LATENT CLASS 2


     PARAMETER SPECIFICATION FOR LATENT CLASS 3


     PARAMETER SPECIFICATION FOR LATENT CLASS 4


     PARAMETER SPECIFICATION FOR LATENT CLASS INDICATOR MODEL PART


           TAU(U) FOR LATENT CLASS 1
              LA_YN$1       SW_PCAT$      SW_PCAT$      DEL_YN$1      SW_TYPE$
              ________      ________      ________      ________      ________
                    1             2             3             4             5


           TAU(U) FOR LATENT CLASS 1
              SW_TYPE$      SW_POS3$      SW_POS3$
              ________      ________      ________
                    6             7             8


           TAU(U) FOR LATENT CLASS 2
              LA_YN$1       SW_PCAT$      SW_PCAT$      DEL_YN$1      SW_TYPE$
              ________      ________      ________      ________      ________
                    9            10            11            12            13


           TAU(U) FOR LATENT CLASS 2
              SW_TYPE$      SW_POS3$      SW_POS3$
              ________      ________      ________
                   14            15            16


           TAU(U) FOR LATENT CLASS 3
              LA_YN$1       SW_PCAT$      SW_PCAT$      DEL_YN$1      SW_TYPE$
              ________      ________      ________      ________      ________
                   17            18            19            20            21


           TAU(U) FOR LATENT CLASS 3
              SW_TYPE$      SW_POS3$      SW_POS3$
              ________      ________      ________
                   22            23            24


           TAU(U) FOR LATENT CLASS 4
              LA_YN$1       SW_PCAT$      SW_PCAT$      DEL_YN$1      SW_TYPE$
              ________      ________      ________      ________      ________
                   25            26            27            28            29


           TAU(U) FOR LATENT CLASS 4
              SW_TYPE$      SW_POS3$      SW_POS3$
              ________      ________      ________
                   30            31            32


     PARAMETER SPECIFICATION FOR LATENT CLASS REGRESSION MODEL PART


           ALPHA(C)
              CLASS#1       CLASS#2       CLASS#3       CLASS#4
              ________      ________      ________      ________
                   33            34            35             0


     STARTING VALUES FOR LATENT CLASS 1


     STARTING VALUES FOR LATENT CLASS 2


     STARTING VALUES FOR LATENT CLASS 3


     STARTING VALUES FOR LATENT CLASS 4


     STARTING VALUES FOR LATENT CLASS INDICATOR MODEL PART


           TAU(U) FOR LATENT CLASS 1
              LA_YN$1       SW_PCAT$      SW_PCAT$      DEL_YN$1      SW_TYPE$
              ________      ________      ________      ________      ________
                0.173        -2.386         0.173         0.504        -1.109


           TAU(U) FOR LATENT CLASS 1
              SW_TYPE$      SW_POS3$      SW_POS3$
              ________      ________      ________
               -0.279        -4.277        -0.670


           TAU(U) FOR LATENT CLASS 2
              LA_YN$1       SW_PCAT$      SW_PCAT$      DEL_YN$1      SW_TYPE$
              ________      ________      ________      ________      ________
                1.173        -1.386         1.173         1.504        -0.109


           TAU(U) FOR LATENT CLASS 2
              SW_TYPE$      SW_POS3$      SW_POS3$
              ________      ________      ________
                0.721        -3.277         0.330


           TAU(U) FOR LATENT CLASS 3
              LA_YN$1       SW_PCAT$      SW_PCAT$      DEL_YN$1      SW_TYPE$
              ________      ________      ________      ________      ________
                1.173        -1.386         1.173         1.504        -0.109


           TAU(U) FOR LATENT CLASS 3
              SW_TYPE$      SW_POS3$      SW_POS3$
              ________      ________      ________
                0.721        -3.277         0.330


           TAU(U) FOR LATENT CLASS 4
              LA_YN$1       SW_PCAT$      SW_PCAT$      DEL_YN$1      SW_TYPE$
              ________      ________      ________      ________      ________
                2.173        -0.386         2.173         2.504         0.891


           TAU(U) FOR LATENT CLASS 4
              SW_TYPE$      SW_POS3$      SW_POS3$
              ________      ________      ________
                1.721        -2.277         1.330


     STARTING VALUES FOR LATENT CLASS REGRESSION MODEL PART


           ALPHA(C)
              CLASS#1       CLASS#2       CLASS#3       CLASS#4
              ________      ________      ________      ________
                0.000         0.000         0.000         0.000


TECHNICAL 4 OUTPUT


PLOT INFORMATION

The following plots are available:

  Histograms (sample values)
  Scatterplots (sample values)
  Sample proportions and estimated probabilities

SAVEDATA INFORMATION


  Save file
    LCA_sw_detailed_model4_lca_4.dat SAVE = cprobabilites bchweights

  Order and format of variables

    LA_YN          F10.3
    SW_PCAT        F10.3
    DEL_YN         F10.3
    SW_TYPE        F10.3
    SW_POS3        F10.3
    TS_YN          F10.3
    CA_YN          F10.3
    SW_BR          F10.3
    SW_GR          F10.3
    SW_EF          F10.3
    TS_PAIR        F10.3
    LA_PAIR        F10.3
    SW_PAIR        F10.3
    CPROB1         F10.3
    CPROB2         F10.3
    CPROB3         F10.3
    CPROB4         F10.3
    CLASS          F10.3
    ID             I4

  Save file format
    18F10.3 I4

  Save file record length    10000


     Beginning Time:  20:28:57
        Ending Time:  20:28:58
       Elapsed Time:  00:00:01



MUTHEN & MUTHEN
3463 Stoner Ave.
Los Angeles, CA  90066

Tel: (310) 391-9971
Fax: (310) 391-8971
Web: www.StatModel.com
Support: Support@StatModel.com

Copyright (c) 1998-2019 Muthen & Muthen
