Mplus VERSION 8.4 (Mac)
MUTHEN & MUTHEN
04/27/2025   8:33 PM

INPUT INSTRUCTIONS


  TITLE: LCA_sw_detailed2 classes
  DATA: FILE IS LCA_sw_detailed_model3_lca.dat;

  VARIABLE:
  NAMES = id TS_YN LA_YN DEL_YN CA_YN SW_type SW_pos3 SW_BR SW_GR SW_EF TS_PAIR
       LA_PAIR SW_PAIR SW_pcat;
  IDVARIABLE = id;
  USEVARIABLES = LA_YN SW_pcat DEL_YN SW_type CA_YN;
  CATEGORICAL = LA_YN SW_pcat DEL_YN SW_type CA_YN;
  AUXILIARY = TS_YN SW_pos3 SW_BR SW_GR SW_EF TS_PAIR LA_PAIR SW_PAIR;
  MISSING = .;
  CLASSES = class (2);


  ANALYSIS:
  TYPE = MIXTURE;
  PROCESSORS = 12;
  STITERATIONS = 50;
  STARTS = 250 50;

  OUTPUT:
  SVALUES ENTROPY TECH1 TECH4;
  PLOT: TYPE=PLOT1 PLOT2 PLOT3;
  SAVEDATA:
  FILE IS LCA_sw_detailed_model3_lca_2.dat
  SAVE = cprobabilites bchweights;



INPUT READING TERMINATED NORMALLY



LCA_sw_detailed2 classes

SUMMARY OF ANALYSIS

Number of groups                                                 1
Number of observations                                          55

Number of dependent variables                                    5
Number of independent variables                                  0
Number of continuous latent variables                            0
Number of categorical latent variables                           1

Observed dependent variables

  Binary and ordered categorical (ordinal)
   LA_YN       SW_PCAT     DEL_YN      SW_TYPE     CA_YN

Observed auxiliary variables
   TS_YN       SW_POS3     SW_BR       SW_GR       SW_EF       TS_PAIR
   LA_PAIR     SW_PAIR

Categorical latent variables
   CLASS

Variables with special functions

  ID variable           ID

Estimator                                                      MLR
Information matrix                                        OBSERVED
Optimization Specifications for the Quasi-Newton Algorithm for
Continuous Outcomes
  Maximum number of iterations                                 100
  Convergence criterion                                  0.100D-05
Optimization Specifications for the EM Algorithm
  Maximum number of iterations                                 500
  Convergence criteria
    Loglikelihood change                                 0.100D-06
    Relative loglikelihood change                        0.100D-06
    Derivative                                           0.100D-05
Optimization Specifications for the M step of the EM Algorithm for
Categorical Latent variables
  Number of M step iterations                                    1
  M step convergence criterion                           0.100D-05
  Basis for M step termination                           ITERATION
Optimization Specifications for the M step of the EM Algorithm for
Censored, Binary or Ordered Categorical (Ordinal), Unordered
Categorical (Nominal) and Count Outcomes
  Number of M step iterations                                    1
  M step convergence criterion                           0.100D-05
  Basis for M step termination                           ITERATION
  Maximum value for logit thresholds                            15
  Minimum value for logit thresholds                           -15
  Minimum expected cell size for chi-square              0.100D-01
Maximum number of iterations for H1                           2000
Convergence criterion for H1                             0.100D-03
Optimization algorithm                                         EMA
Random Starts Specifications
  Number of initial stage random starts                        250
  Number of final stage optimizations                           50
  Number of initial stage iterations                            50
  Initial stage convergence criterion                    0.100D+01
  Random starts scale                                    0.500D+01
  Random seed for generating random starts                       0
Link                                                         LOGIT

Input data file(s)
  LCA_sw_detailed_model3_lca.dat
Input data format  FREE


SUMMARY OF DATA

     Number of missing data patterns             1
     Number of y missing data patterns           0
     Number of u missing data patterns           1


COVARIANCE COVERAGE OF DATA

Minimum covariance coverage value   0.100


UNIVARIATE PROPORTIONS AND COUNTS FOR CATEGORICAL VARIABLES

    LA_YN
      Category 1    0.764           42.000
      Category 2    0.236           13.000
    SW_PCAT
      Category 1    0.200           11.000
      Category 2    0.564           31.000
      Category 3    0.236           13.000
    DEL_YN
      Category 1    0.818           45.000
      Category 2    0.182           10.000
    SW_TYPE
      Category 1    0.473           26.000
      Category 2    0.200           11.000
      Category 3    0.327           18.000
    CA_YN
      Category 1    0.582           32.000
      Category 2    0.418           23.000


RANDOM STARTS RESULTS RANKED FROM THE BEST TO THE WORST LOGLIKELIHOOD VALUES

Final stage loglikelihood values at local maxima, seeds, and initial stage start numbers:

            -167.411  458181           189
            -167.411  468036           131
            -167.411  637095           207
            -167.411  717754           180
            -167.411  569833           85
            -167.411  479273           156
            -167.411  533738           11
            -167.411  85462            51
            -167.411  846194           93
            -167.411  751153           110
            -167.411  686482           215
            -167.411  372176           23
            -167.411  73576            213
            -167.411  939021           8
            -167.411  783165           170
            -167.411  950604           172
            -167.411  352277           42
            -167.411  36714            201
            -167.411  178475           231
            -167.411  913639           162
            -167.411  783110           72
            -167.411  321390           133
            -167.411  364676           27
            -167.411  606576           151
            -167.411  347515           24
            -167.411  579995           183
            -167.411  781190           219
            -167.411  399671           13
            -167.411  366706           29
            -167.411  407168           44
            -167.411  821011           161
            -167.411  190339           102
            -167.411  415502           194
            -167.411  565819           65
            -167.411  354559           73
            -167.411  960438           116
            -167.411  723775           97
            -167.411  232559           136
            -167.411  851945           18
            -167.411  603842           61
            -167.411  123985           248
            -167.411  587946           120
            -167.411  569131           26
            -167.411  80438            246
            -167.411  76337            76
            -167.411  89970            223
            -167.411  903420           5
            -167.411  691234           250

2 perturbed starting value run(s) did not converge or were rejected in the third stage.



THE BEST LOGLIKELIHOOD VALUE HAS BEEN REPLICATED.  RERUN WITH AT LEAST TWICE THE
RANDOM STARTS TO CHECK THAT THE BEST LOGLIKELIHOOD IS STILL OBTAINED AND REPLICATED.

     IN THE OPTIMIZATION, ONE OR MORE LOGIT THRESHOLDS APPROACHED EXTREME VALUES
     OF -15.000 AND 15.000 AND WERE FIXED TO STABILIZE MODEL ESTIMATION.  THESE
     VALUES IMPLY PROBABILITIES OF 0 AND 1.  IN THE MODEL RESULTS SECTION, THESE
     PARAMETERS HAVE 0 STANDARD ERRORS AND 999 IN THE Z-SCORE AND P-VALUE COLUMNS.




THE MODEL ESTIMATION TERMINATED NORMALLY



MODEL FIT INFORMATION

Number of Free Parameters                       15

Loglikelihood

          H0 Value                        -167.411
          H0 Scaling Correction Factor      1.0351
            for MLR

Information Criteria

          Akaike (AIC)                     364.823
          Bayesian (BIC)                   394.933
          Sample-Size Adjusted BIC         347.797
            (n* = (n + 2) / 24)

Chi-Square Test of Model Fit for the Binary and Ordered Categorical
(Ordinal) Outcomes

          Pearson Chi-Square

          Value                             47.172
          Degrees of Freedom                    56
          P-Value                           0.7935

          Likelihood Ratio Chi-Square

          Value                             35.859
          Degrees of Freedom                    56
          P-Value                           0.9834



FINAL CLASS COUNTS AND PROPORTIONS FOR THE LATENT CLASSES
BASED ON THE ESTIMATED MODEL

    Latent
   Classes

       1         23.99993          0.43636
       2         31.00007          0.56364


FINAL CLASS COUNTS AND PROPORTIONS FOR THE LATENT CLASSES
BASED ON ESTIMATED POSTERIOR PROBABILITIES

    Latent
   Classes

       1         23.99993          0.43636
       2         31.00007          0.56364


FINAL CLASS COUNTS AND PROPORTIONS FOR THE LATENT CLASSES
BASED ON THEIR MOST LIKELY LATENT CLASS MEMBERSHIP

Class Counts and Proportions

    Latent
   Classes

       1               24          0.43636
       2               31          0.56364


CLASSIFICATION QUALITY

     Entropy                         0.952


           Univariate Entropy
              LA_YN         SW_PCAT       DEL_YN        SW_TYPE       CA_YN
              ________      ________      ________      ________      ________
                0.057         0.259         0.057         0.731         0.883


Classification Probabilities for the Most Likely Latent Class Membership (Column)
by Latent Class (Row)

           1        2

    1   0.982    0.018
    2   0.014    0.986


Logits for the Classification Probabilities for the Most Likely Latent Class Membership (Column)
by Latent Class (Row)

              1        2

    1      4.000    0.000
    2     -4.260    0.000


MODEL RESULTS

                                                    Two-Tailed
                    Estimate       S.E.  Est./S.E.    P-Value

Latent Class 1

 Thresholds
    LA_YN$1            0.588      0.437      1.346      0.178
    SW_PCAT$1         -3.135      1.024     -3.063      0.002
    SW_PCAT$2          0.072      0.417      0.173      0.863
    DEL_YN$1           0.887      0.505      1.758      0.079
    SW_TYPE$1        -15.000      0.000    999.000    999.000
    SW_TYPE$2         -0.953      0.532     -1.791      0.073
    CA_YN$1           -3.136      2.707     -1.158      0.247

Latent Class 2

 Thresholds
    LA_YN$1            1.791      0.564      3.178      0.001
    SW_PCAT$1         -0.742      0.420     -1.767      0.077
    SW_PCAT$2          3.028      1.215      2.492      0.013
    DEL_YN$1           2.234      0.621      3.595      0.000
    SW_TYPE$1          1.649      0.714      2.308      0.021
    SW_TYPE$2          3.798      1.922      1.976      0.048
    CA_YN$1           15.000      0.000    999.000    999.000

Categorical Latent Variables

 Means
    CLASS#1           -0.256      0.326     -0.786      0.432


RESULTS IN PROBABILITY SCALE

Latent Class 1

 LA_YN
    Category 1         0.643      0.100      6.409      0.000
    Category 2         0.357      0.100      3.558      0.000
 SW_PCAT
    Category 1         0.042      0.041      1.019      0.308
    Category 2         0.476      0.105      4.556      0.000
    Category 3         0.482      0.104      4.632      0.000
 DEL_YN
    Category 1         0.708      0.104      6.793      0.000
    Category 2         0.292      0.104      2.797      0.005
 SW_TYPE
    Category 1         0.000      0.000      0.000      1.000
    Category 2         0.278      0.107      2.604      0.009
    Category 3         0.722      0.107      6.752      0.000
 CA_YN
    Category 1         0.042      0.108      0.385      0.700
    Category 2         0.958      0.108      8.865      0.000

Latent Class 2

 LA_YN
    Category 1         0.857      0.069     12.412      0.000
    Category 2         0.143      0.069      2.070      0.038
 SW_PCAT
    Category 1         0.323      0.092      3.515      0.000
    Category 2         0.631      0.088      7.168      0.000
    Category 3         0.046      0.054      0.863      0.388
 DEL_YN
    Category 1         0.903      0.054     16.631      0.000
    Category 2         0.097      0.054      1.782      0.075
 SW_TYPE
    Category 1         0.839      0.097      8.678      0.000
    Category 2         0.139      0.077      1.812      0.070
    Category 3         0.022      0.041      0.532      0.595
 CA_YN
    Category 1         1.000      0.000      0.000      1.000
    Category 2         0.000      0.000      0.000      1.000


LATENT CLASS ODDS RATIO RESULTS

                                         (Est. - 1) Two-Tailed
                    Estimate       S.E.     / S.E.    P-Value

Latent Class 1 Compared to Latent Class 2

 LA_YN
    Category > 1       3.329      2.483      0.938      0.348
 SW_PCAT
    Category > 1      10.952     12.273      0.811      0.417
    Category > 2      19.219     24.740      0.736      0.461
 DEL_YN
    Category > 1       3.843      3.218      0.884      0.377
 SW_TYPE
    Category > 1   *********      0.000    999.000    999.000
    Category > 2     115.685    208.145      0.551      0.582
 CA_YN
    Category > 1   *********      0.000    999.000    999.000


QUALITY OF NUMERICAL RESULTS

     Condition Number for the Information Matrix              0.109E-01
       (ratio of smallest to largest eigenvalue)


MODEL COMMAND WITH FINAL ESTIMATES USED AS STARTING VALUES

     %OVERALL%

     [ class#1*-0.25594 ];

     %CLASS#1%

     [ la_yn$1*0.58834 ];
     [ sw_pcat$1*-3.13549 ];
     [ sw_pcat$2*0.07197 ];
     [ del_yn$1*0.88730 ];
     [ sw_type$1*-15 ];
     [ sw_type$2*-0.95283 ];
     [ ca_yn$1*-3.13557 ];

     %CLASS#2%

     [ la_yn$1*1.79095 ];
     [ sw_pcat$1*-0.74194 ];
     [ sw_pcat$2*3.02788 ];
     [ del_yn$1*2.23360 ];
     [ sw_type$1*1.64864 ];
     [ sw_type$2*3.79804 ];
     [ ca_yn$1*15 ];



TECHNICAL 1 OUTPUT


     PARAMETER SPECIFICATION FOR LATENT CLASS 1


     PARAMETER SPECIFICATION FOR LATENT CLASS 2


     PARAMETER SPECIFICATION FOR LATENT CLASS INDICATOR MODEL PART


           TAU(U) FOR LATENT CLASS 1
              LA_YN$1       SW_PCAT$      SW_PCAT$      DEL_YN$1      SW_TYPE$
              ________      ________      ________      ________      ________
                    1             2             3             4             5


           TAU(U) FOR LATENT CLASS 1
              SW_TYPE$      CA_YN$1
              ________      ________
                    6             7


           TAU(U) FOR LATENT CLASS 2
              LA_YN$1       SW_PCAT$      SW_PCAT$      DEL_YN$1      SW_TYPE$
              ________      ________      ________      ________      ________
                    8             9            10            11            12


           TAU(U) FOR LATENT CLASS 2
              SW_TYPE$      CA_YN$1
              ________      ________
                   13            14


     PARAMETER SPECIFICATION FOR LATENT CLASS REGRESSION MODEL PART


           ALPHA(C)
              CLASS#1       CLASS#2
              ________      ________
                   15             0


     STARTING VALUES FOR LATENT CLASS 1


     STARTING VALUES FOR LATENT CLASS 2


     STARTING VALUES FOR LATENT CLASS INDICATOR MODEL PART


           TAU(U) FOR LATENT CLASS 1
              LA_YN$1       SW_PCAT$      SW_PCAT$      DEL_YN$1      SW_TYPE$
              ________      ________      ________      ________      ________
                0.173        -2.386         0.173         0.504        -1.109


           TAU(U) FOR LATENT CLASS 1
              SW_TYPE$      CA_YN$1
              ________      ________
               -0.279        -0.670


           TAU(U) FOR LATENT CLASS 2
              LA_YN$1       SW_PCAT$      SW_PCAT$      DEL_YN$1      SW_TYPE$
              ________      ________      ________      ________      ________
                2.173        -0.386         2.173         2.504         0.891


           TAU(U) FOR LATENT CLASS 2
              SW_TYPE$      CA_YN$1
              ________      ________
                1.721         1.330


     STARTING VALUES FOR LATENT CLASS REGRESSION MODEL PART


           ALPHA(C)
              CLASS#1       CLASS#2
              ________      ________
                0.000         0.000


TECHNICAL 4 OUTPUT


PLOT INFORMATION

The following plots are available:

  Histograms (sample values)
  Scatterplots (sample values)
  Sample proportions and estimated probabilities

SAVEDATA INFORMATION


  Save file
    LCA_sw_detailed_model3_lca_2.dat SAVE = cprobabilites bchweights

  Order and format of variables

    LA_YN          F10.3
    SW_PCAT        F10.3
    DEL_YN         F10.3
    SW_TYPE        F10.3
    CA_YN          F10.3
    TS_YN          F10.3
    SW_POS3        F10.3
    SW_BR          F10.3
    SW_GR          F10.3
    SW_EF          F10.3
    TS_PAIR        F10.3
    LA_PAIR        F10.3
    SW_PAIR        F10.3
    CPROB1         F10.3
    CPROB2         F10.3
    CLASS          F10.3
    ID             I4

  Save file format
    16F10.3 I4

  Save file record length    10000


     Beginning Time:  20:33:54
        Ending Time:  20:33:55
       Elapsed Time:  00:00:01



MUTHEN & MUTHEN
3463 Stoner Ave.
Los Angeles, CA  90066

Tel: (310) 391-9971
Fax: (310) 391-8971
Web: www.StatModel.com
Support: Support@StatModel.com

Copyright (c) 1998-2019 Muthen & Muthen
