Mplus VERSION 8.4 (Mac)
MUTHEN & MUTHEN
05/16/2025   1:53 PM

INPUT INSTRUCTIONS


  TITLE: LCA_full_pairs1 classes
  DATA: FILE IS LCA_full_pairs_model1_lca.dat;

  VARIABLE:
  NAMES = id TS_YN LA_YN DEL_YN CA_YN SW_type SW_pos3 SW_BR SW_GR SW_EF TS_PAIR
       LA_PAIR SW_PAIR SW_pcat;
  IDVARIABLE = id;
  USEVARIABLES = TS_PAIR LA_PAIR SW_PAIR DEL_YN SW_type SW_pos3;
  CATEGORICAL = DEL_YN SW_type SW_pos3;
  COUNT = TS_PAIR (p) SW_PAIR (p) LA_PAIR (nbi);
  AUXILIARY = TS_YN LA_YN CA_YN SW_BR SW_GR SW_EF SW_pcat;
  MISSING = .;
  CLASSES = class (1);

  MODEL:
  %CLASS#1%
  [ LA_PAIR#1 ];

  ANALYSIS:
  TYPE = MIXTURE;
  PROCESSORS = 12;
  STITERATIONS = 800;
  STARTS = 4000 800;

  OUTPUT:
  SVALUES ENTROPY TECH1 TECH4;
  PLOT: TYPE=PLOT1 PLOT2 PLOT3;
  SAVEDATA:
  FILE IS LCA_full_pairs_model1_lca_1.dat
  SAVE = cprobabilites bchweights;



INPUT READING TERMINATED NORMALLY



LCA_full_pairs1 classes

SUMMARY OF ANALYSIS

Number of groups                                                 1
Number of observations                                          55

Number of dependent variables                                    6
Number of independent variables                                  0
Number of continuous latent variables                            0
Number of categorical latent variables                           1

Observed dependent variables

  Binary and ordered categorical (ordinal)
   DEL_YN      SW_TYPE     SW_POS3

  Count
   TS_PAIR     SW_PAIR     LA_PAIR

Observed auxiliary variables
   TS_YN       LA_YN       CA_YN       SW_BR       SW_GR       SW_EF
   SW_PCAT

Categorical latent variables
   CLASS

Variables with special functions

  ID variable           ID

Estimator                                                      MLR
Information matrix                                        OBSERVED
Optimization Specifications for the Quasi-Newton Algorithm for
Continuous Outcomes
  Maximum number of iterations                                 100
  Convergence criterion                                  0.100D-05
Optimization Specifications for the EM Algorithm
  Maximum number of iterations                                 500
  Convergence criteria
    Loglikelihood change                                 0.100D-06
    Relative loglikelihood change                        0.100D-06
    Derivative                                           0.100D-05
Optimization Specifications for the M step of the EM Algorithm for
Categorical Latent variables
  Number of M step iterations                                    1
  M step convergence criterion                           0.100D-05
  Basis for M step termination                           ITERATION
Optimization Specifications for the M step of the EM Algorithm for
Censored, Binary or Ordered Categorical (Ordinal), Unordered
Categorical (Nominal) and Count Outcomes
  Number of M step iterations                                    1
  M step convergence criterion                           0.100D-05
  Basis for M step termination                           ITERATION
  Maximum value for logit thresholds                            15
  Minimum value for logit thresholds                           -15
  Minimum expected cell size for chi-square              0.100D-01
Maximum number of iterations for H1                           2000
Convergence criterion for H1                             0.100D-03
Optimization algorithm                                         EMA
Random Starts Specifications
  Number of initial stage random starts                       4000
  Number of final stage optimizations                          800
  Number of initial stage iterations                           800
  Initial stage convergence criterion                    0.100D+01
  Random starts scale                                    0.500D+01
  Random seed for generating random starts                       0
Link                                                         LOGIT

Input data file(s)
  LCA_full_pairs_model1_lca.dat
Input data format  FREE


SUMMARY OF DATA

     Number of missing data patterns             1
     Number of y missing data patterns           0
     Number of u missing data patterns           1


COVARIANCE COVERAGE OF DATA

Minimum covariance coverage value   0.100


UNIVARIATE PROPORTIONS AND COUNTS FOR CATEGORICAL VARIABLES

    DEL_YN
      Category 1    0.818           45.000
      Category 2    0.182           10.000
    SW_TYPE
      Category 1    0.473           26.000
      Category 2    0.200           11.000
      Category 3    0.327           18.000
    SW_POS3
      Category 1    0.036            2.000
      Category 2    0.545           30.000
      Category 3    0.418           23.000


COUNT PROPORTION OF ZERO, MINIMUM AND MAXIMUM VALUES

      TS_PAIR     0.073         0         4
      SW_PAIR     0.200         0         4
      LA_PAIR     0.764         0         4


RANDOM STARTS RESULTS RANKED FROM THE BEST TO THE WORST LOGLIKELIHOOD VALUES

Final stage loglikelihood values at local maxima, seeds, and initial stage start numbers:

            -341.748  157035           2308
            -341.748  252552           2489
            -341.748  192191           629
            -341.748  13571            2669
            -341.748  696830           668
            -341.748  34900            3002
            -341.748  526230           1589
            -341.748  746304           3335
            -341.748  538482           3755
            -341.748  331259           1947
            -341.748  923803           1002
            -341.748  462953           7
            -341.748  405079           68
            -341.748  741888           138
            -341.748  342019           301
            -341.748  93468            3
            -341.748  12477            155
            -341.748  411615           171
            -341.748  131856           90
            -341.748  637095           207
            -341.748  686482           215
            -341.748  7959             256
            -341.748  814975           129
            -341.748  782821           272
            -341.748  76974            16
            -341.748  930872           277
            -341.748  545140           278
            -341.748  948615           140
            -341.748  694303           282
            -341.748  192071           142
            -341.748  211281           292
            -341.748  937588           293
            -341.748  863094           147
            -341.748  43523            297
            -341.748  679832           302
            -341.748  606576           151
            -341.748  790452           303
            -341.748  879338           309
            -341.748  285380           1
            -341.748  391179           78
            -341.748  972873           157
            -341.748  614009           317
            -341.748  667250           318
            -341.748  732596           320
            -341.748  127215           9
            -341.748  314084           81
            -341.748  484501           163
            -341.748  637345           19
            -341.748  263268           165
            -341.748  724519           333
            -341.748  654136           167
            -341.748  782200           84
            -341.748  352277           42
            -341.748  950604           172
            -341.748  902278           21
            -341.748  717754           180
            -341.748  120506           45
            -341.748  458181           189
            -341.748  168762           200
            -341.748  259507           53
            -341.748  345070           114
            -341.748  366706           29
            -341.748  164467           2047
            -341.748  42638            2048
            -341.748  286102           2050
            -341.748  224785           2053
            -341.748  314034           513
            -341.748  613075           2056
            -341.748  217403           1028
            -341.748  621197           1029
            -341.748  137863           1030
            -341.748  460521           1032
            -341.748  689529           516
            -341.748  957792           2069
            -341.748  79212            517
            -341.748  540678           2071
            -341.748  54325            2073
            -341.748  320864           2078
            -341.748  27071            15
            -341.748  418284           2080
            -341.748  608363           1041
            -341.748  905166           1042
            -341.748  233050           2087
            -341.748  456915           2092
            -341.748  971278           2094
            -341.748  715255           523
            -341.748  33553            2098
            -341.748  319638           1049
            -341.748  217645           2102
            -341.748  520177           262
            -341.748  295033           1052
            -341.748  877722           1053
            -341.748  32106            2108
            -341.748  3086             2112
            -341.748  701526           1057
            -341.748  477063           2116
            -341.748  602328           2117
            -341.748  830416           2120
            -341.748  900817           1060
            -341.748  90353            2121
            -341.748  704798           530
            -341.748  139885           2128
            -341.748  60038            1064
            -341.748  481592           2133
            -341.748  84233            2134
            -341.748  970689           266
            -341.748  496016           2135
            -341.748  570842           2137
            -341.748  858804           534
            -341.748  277475           2143
            -341.748  49959            1074
            -341.748  864006           1075
            -341.748  592184           2155
            -341.748  572472           2159
            -341.748  708150           2160
            -341.748  401701           1080
            -341.748  602055           2166
            -341.748  944186           541
            -341.748  690631           2169
            -341.748  289415           1086
            -341.748  497690           2173
            -341.748  602889           2176
            -341.748  897245           2179
            -341.748  82711            2181
            -341.748  80               2188
            -341.748  199639           1094
            -341.748  321363           1095
            -341.748  229744           1096
            -341.748  124755           2194
            -341.748  672942           1098
            -341.748  15715            274
            -341.748  85839            1099
            -341.748  369973           2201
            -341.748  754267           2203
            -341.748  312018           2209
            -341.748  733337           1105
            -341.748  578567           2212
            -341.748  397552           2213
            -341.748  903633           553
            -341.748  370957           554
            -341.748  2850             1110
            -341.748  279850           555
            -341.748  832104           2228
            -341.748  699748           1120
            -341.748  358074           560
            -341.748  607263           1121
            -341.748  785015           2245
            -341.748  312754           562
            -341.748  83263            2251
            -341.748  60464            2254
            -341.748  341041           34
            -341.748  93856            1127
            -341.748  63236            2258
            -341.748  706042           1129
            -341.748  364671           2261
            -341.748  271886           2268
            -341.748  74049            2269
            -341.748  610340           2272
            -341.748  858364           2273
            -341.748  664562           1138
            -341.748  405371           569
            -341.748  718336           2280
            -341.748  396921           2282
            -341.748  699810           571
            -341.748  901150           1143
            -341.748  408652           2290
            -341.748  117587           572
            -341.748  68932            2292
            -341.748  947714           573
            -341.748  630704           2295
            -341.748  684993           1148
            -341.748  767845           2297
            -341.748  400937           1152
            -341.748  3685             2310
            -341.748  333082           578
            -341.748  708207           1158
            -341.748  856536           144
            -341.748  931192           2323
            -341.748  185331           1162
            -341.748  908483           2331
            -341.748  unperturbed      0
            -341.748  990489           1167
            -341.748  398789           2336
            -341.748  917570           1168
            -341.748  358083           2344
            -341.748  486646           586
            -341.748  369602           146
            -341.748  428058           2354
            -341.748  377504           294
            -341.748  974762           2360
            -341.748  788599           1180
            -341.748  691041           590
            -341.748  789171           2365
            -341.748  641794           591
            -341.748  321574           1185
            -341.748  753696           2372
            -341.748  221460           2375
            -341.748  196844           3804
            -341.748  817779           2376
            -341.748  628997           1188
            -341.748  747551           1190
            -341.748  156034           2381
            -341.748  103765           2382
            -341.748  939021           8
            -341.748  860541           1191
            -341.748  553604           2383
            -341.748  711214           1194
            -341.748  561281           2393
            -341.748  376992           1199
            -341.748  925846           2405
            -341.748  118438           601
            -341.748  447667           2408
            -341.748  848356           602
            -341.748  217924           2411
            -341.748  565631           1209
            -341.748  951352           2419
            -341.748  264316           2420
            -341.748  213189           605
            -341.748  794804           1211
            -341.748  988709           2430
            -341.748  824956           607
            -341.748  582615           2431
            -341.748  732954           2434
            -341.748  881886           608
            -341.748  460407           2435
            -341.748  622873           1218
            -341.748  163519           2441
            -341.748  15270            610
            -341.748  679427           2446
            -341.748  697540           2448
            -341.748  303304           2450
            -341.748  404870           2452
            -341.748  2066             1228
            -341.748  329626           2457
            -341.748  976247           2459
            -341.748  805935           615
            -341.748  647690           1232
            -341.748  852283           616
            -341.748  108382           2471
            -341.748  293428           2473
            -341.748  935459           2474
            -341.748  373815           618
            -341.748  512296           2476
            -341.748  738393           619
            -341.748  784282           2479
            -341.748  962080           2480
            -341.748  763285           620
            -341.748  493368           2483
            -341.748  480046           2484
            -341.748  940258           1242
            -341.748  955828           2491
            -341.748  180878           1246
            -341.748  881859           2495
            -341.748  445689           1248
            -341.748  343926           624
            -341.748  676560           1250
            -341.748  442072           625
            -341.748  386373           2504
            -341.748  261431           2506
            -341.748  910850           2508
            -341.748  330591           2510
            -341.748  656945           1255
            -341.748  79785            2511
            -341.748  31158            2514
            -341.748  59651            2517
            -341.748  197385           1259
            -341.748  377584           630
            -341.748  845617           1262
            -341.748  807750           3733
            -341.748  853581           2531
            -341.748  798541           1266
            -341.748  220279           2533
            -341.748  583657           2537
            -341.748  625147           2538
            -341.748  881652           2539
            -341.748  780726           1270
            -341.748  531668           1271
            -341.748  178369           2546
            -341.748  234198           2548
            -341.748  293820           1279
            -341.748  157832           2560
            -341.748  692908           2561
            -341.748  973404           2567
            -341.748  638977           643
            -341.748  421051           1287
            -341.748  120855           2585
            -341.748  162072           2595
            -341.748  829540           324
            -341.748  877180           2604
            -341.748  913639           162
            -341.748  953843           651
            -341.748  167220           2608
            -341.748  518570           1308
            -341.748  938242           2625
            -341.748  298997           1315
            -341.748  489868           2631
            -341.748  101894           2632
            -341.748  22075            659
            -341.748  502203           1322
            -341.748  900149           2646
            -341.748  237332           661
            -341.748  269586           2647
            -341.748  520619           2652
            -341.748  608552           2654
            -341.748  486572           1333
            -341.748  627421           2670
            -341.748  350191           2671
            -341.748  301545           2672
            -341.748  20976            1336
            -341.748  203143           2675
            -341.748  403892           2676
            -341.748  81124            2677
            -341.748  660650           2678
            -341.748  350608           334
            -341.748  788342           2681
            -341.748  452356           1341
            -341.748  158872           2683
            -341.748  188340           1343
            -341.748  77289            2693
            -341.748  862221           2694
            -341.748  149379           2696
            -341.748  374819           2698
            -341.748  679890           2703
            -341.748  327185           2704
            -341.748  995255           2705
            -341.748  393453           1355
            -341.748  303634           169
            -341.748  574412           679
            -341.748  581601           2719
            -341.748  873222           1360
            -341.748  931841           2724
            -341.748  940517           2728
            -341.748  78021            2731
            -341.748  394609           1366
            -341.748  836515           341
            -341.748  266340           683
            -341.748  622607           2735
            -341.748  934216           1369
            -341.748  732904           2739
            -341.748  106561           686
            -341.748  886352           2748
            -341.748  638862           2753
            -341.748  967567           1377
            -341.748  369331           2758
            -341.748  404426           344
            -341.748  667170           1379
            -341.748  450181           2760
            -341.748  115218           1382
            -341.748  314757           345
            -341.748  580181           691
            -341.748  600373           2769
            -341.748  651337           2772
            -341.748  917702           693
            -341.748  613264           2781
            -341.748  170954           86
            -341.748  944169           2786
            -341.748  321423           2787
            -341.748  69098            2788
            -341.748  646290           2792
            -341.748  337381           1397
            -341.748  947822           2797
            -341.748  145042           2798
            -341.748  669639           699
            -341.748  555330           1400
            -341.748  595969           2801
            -341.748  309852           2802
            -341.748  847658           2803
            -341.748  757590           2804
            -341.748  768503           2806
            -341.748  625191           350
            -341.748  869158           2807
            -341.748  97243            2810
            -341.748  35191            703
            -341.748  855963           1408
            -341.748  157105           2817
            -341.748  217585           2821
            -341.748  23012            352
            -341.748  300806           2828
            -341.748  940007           1417
            -341.748  738293           2836
            -341.748  570598           2839
            -341.748  408234           2840
            -341.748  288190           2844
            -341.748  723136           2848
            -341.748  464810           1424
            -341.748  77210            712
            -341.748  949086           1426
            -341.748  89016            1428
            -341.748  33404            2858
            -341.748  833196           715
            -341.748  195763           358
            -341.748  619388           2871
            -341.748  912489           1436
            -341.748  250807           2881
            -341.748  891364           2892
            -341.748  586510           1446
            -341.748  732971           1447
            -341.748  468731           1451
            -341.748  696107           1452
            -341.748  515909           2905
            -341.748  179229           1453
            -341.748  91231            727
            -341.748  878749           728
            -341.748  879349           1459
            -341.748  421653           2922
            -341.748  478341           731
            -341.748  813954           2931
            -341.748  331955           1468
            -341.748  648019           2946
            -341.748  244349           736
            -341.748  472647           2948
            -341.748  599003           1474
            -341.748  982520           737
            -341.748  231400           738
            -341.748  92471            2958
            -341.748  319993           1480
            -341.748  553920           2961
            -341.748  317868           740
            -341.748  485256           371
            -341.748  220492           743
            -341.748  536017           2977
            -341.748  761302           744
            -341.748  575089           2980
            -341.748  792389           746
            -341.748  241197           747
            -341.748  352269           1497
            -341.748  203244           2995
            -341.748  494663           1498
            -341.748  872743           374
            -341.748  417002           1499
            -341.748  785068           3000
            -341.748  746057           3003
            -341.748  166220           1502
            -341.748  357077           3007
            -341.748  487062           3009
            -341.748  121729           3011
            -341.748  813351           1507
            -341.748  659832           754
            -341.748  19271            3020
            -341.748  862277           3022
            -341.748  84927            1511
            -341.748  75643            3024
            -341.748  612578           1512
            -341.748  483602           3026
            -341.748  380978           3031
            -341.748  496703           758
            -341.748  539423           1517
            -341.748  331210           3040
            -341.748  860029           760
            -341.748  93229            3047
            -341.748  618385           3050
            -341.748  839525           3054
            -341.748  618000           190
            -341.748  539433           3057
            -341.748  943158           3059
            -341.748  135790           3060
            -341.748  109357           765
            -341.748  797381           3063
            -341.748  260147           3064
            -341.748  79196            3069
            -341.748  547702           767
            -341.748  452342           3073
            -341.748  596170           3074
            -341.748  721392           768
            -341.748  585607           1537
            -341.748  111494           3075
            -341.748  794426           3076
            -341.748  225561           3077
            -341.748  971444           3533
            -341.748  425133           3079
            -341.748  548036           3081
            -341.748  867423           3084
            -341.748  383636           3089
            -341.748  167409           772
            -341.748  722095           1549
            -341.748  820977           776
            -341.748  654248           3109
            -341.748  633122           3524
            -341.748  395754           388
            -341.748  570681           777
            -341.748  841121           3112
            -341.748  140015           1556
            -341.748  240241           3113
            -341.748  442879           3114
            -341.748  775881           778
            -341.748  246967           1557
            -341.748  970939           3115
            -341.748  40947            3116
            -341.748  403287           1558
            -341.748  941301           3117
            -341.748  173709           1560
            -341.748  57148            1561
            -341.748  416250           390
            -341.748  711657           1564
            -341.748  921023           782
            -341.748  411984           3134
            -341.748  138695           783
            -341.748  585553           3136
            -341.748  942094           3139
            -341.748  463232           3141
            -341.748  455429           3144
            -341.748  358688           1573
            -341.748  581912           3149
            -341.748  499951           3153
            -341.748  657994           788
            -341.748  166171           1577
            -341.748  398349           3156
            -341.748  845466           3157
            -341.748  193926           3165
            -341.748  556697           3174
            -341.748  638118           1588
            -341.748  110389           3178
            -341.748  743613           3179
            -341.748  44679            1591
            -341.748  178341           1592
            -341.748  815575           1593
            -341.748  630121           3187
            -341.748  923437           398
            -341.748  390788           3191
            -341.748  256717           3193
            -341.748  961908           3194
            -341.748  893715           3196
            -341.748  240994           1598
            -341.748  502157           799
            -341.748  569777           3200
            -341.748  871915           1602
            -341.748  246794           801
            -341.748  279027           3474
            -341.748  505528           1604
            -341.748  95624            1605
            -341.748  32468            1606
            -341.748  518162           1611
            -341.748  142946           1612
            -341.748  203508           806
            -341.748  648352           1615
            -341.748  649554           3231
            -341.748  496344           808
            -341.748  419858           1617
            -341.748  605565           404
            -341.748  832635           3239
            -341.748  309767           3240
            -341.748  926797           406
            -341.748  84437            1628
            -341.748  232249           1629
            -341.748  772131           407
            -341.748  420067           3267
            -341.748  810241           1634
            -341.748  737045           1638
            -341.748  605161           409
            -341.748  196425           3280
            -341.748  964448           3281
            -341.748  242621           1642
            -341.748  21740            3286
            -341.748  214681           824
            -341.748  508457           1649
            -341.748  918558           412
            -341.748  928860           1651
            -341.748  139881           3304
            -341.748  323788           3307
            -341.748  990504           827
            -341.748  278485           3316
            -341.748  49910            829
            -341.748  169819           3322
            -341.748  82200            830
            -341.748  4737             1662
            -341.748  399508           415
            -341.748  761017           3336
            -341.748  98578            3338
            -341.748  761888           3339
            -341.748  216091           1670
            -341.748  171430           1672
            -341.748  561513           3345
            -341.748  648035           836
            -341.748  146857           1673
            -341.748  659367           3347
            -341.748  275003           1674
            -341.748  679391           3354
            -341.748  161998           3357
            -341.748  802682           419
            -341.748  137877           1679
            -341.748  74096            3359
            -341.748  954354           840
            -341.748  339073           841
            -341.748  575827           3367
            -341.748  958803           1685
            -341.748  763415           3374
            -341.748  131063           843
            -341.748  830618           3377
            -341.748  987174           1689
            -341.748  724245           3384
            -341.748  476830           3388
            -341.748  209243           1694
            -341.748  225995           847
            -341.748  514629           1695
            -341.748  877705           3399
            -341.748  975502           3403
            -341.748  106840           3404
            -341.748  296924           1702
            -341.748  177175           851
            -341.748  347593           3407
            -341.748  200591           3408
            -341.748  812408           1705
            -341.748  844709           3412
            -341.748  868600           1707
            -341.748  208230           1710
            -341.748  700270           855
            -341.748  217759           1711
            -341.748  138555           1712
            -341.748  812064           3427
            -341.748  266630           3429
            -341.748  120772           3434
            -341.748  635223           3438
            -341.748  153394           429
            -341.748  792993           859
            -341.748  884146           1720
            -341.748  966924           3444
            -341.748  623663           3446
            -341.748  727176           861
            -341.748  293963           3447
            -341.748  767770           1725
            -341.748  322964           3451
            -341.748  576960           3456
            -341.748  816796           1728
            -341.748  109920           1729
            -341.748  498105           3459
            -341.748  753789           3461
            -341.748  762690           1732
            -341.748  212241           3466
            -341.748  463894           1733
            -341.748  885995           3469
            -341.748  586561           1735
            -341.748  654041           3472
            -341.748  673767           1736
            -341.748  433121           3473
            -341.748  558535           3475
            -341.748  56176            3476
            -341.748  496762           870
            -341.748  962482           1742
            -341.748  87586            871
            -341.748  37506            3489
            -341.748  156465           3495
            -341.748  970402           3502
            -341.748  966243           1751
            -341.748  771103           3504
            -341.748  836345           1752
            -341.748  314015           3517
            -341.748  188637           3518
            -341.748  805768           879
            -341.748  459780           3519
            -341.748  165026           3520
            -341.748  4730             1760
            -341.748  622290           880
            -341.748  557917           3523
            -341.748  110721           3526
            -341.748  499347           881
            -341.748  619846           3528
            -341.748  384199           882
            -341.748  100595           1766
            -341.748  276243           1768
            -341.748  330328           3541
            -341.748  404510           442
            -341.748  504861           1771
            -341.748  148079           1773
            -341.748  217130           443
            -341.748  140864           1776
            -341.748  46552            1778
            -341.748  857122           889
            -341.748  323342           3569
            -341.748  116150           3570
            -341.748  188833           3576
            -341.748  845533           1789
            -341.748  506113           895
            -341.748  624309           3588
            -341.748  647125           3590
            -341.748  354624           448
            -341.748  764692           1795
            -341.748  208182           3591
            -341.748  778949           3595
            -341.748  398480           3596
            -341.748  408713           450
            -341.748  661141           3608
            -341.748  659601           3610
            -341.748  511170           1813
            -341.748  39136            226
            -341.748  879211           453
            -341.748  344275           3632
            -341.748  704532           3637
            -341.748  69405            3638
            -341.748  666752           1820
            -341.748  645052           910
            -341.748  76107            1822
            -341.748  189568           3651
            -341.748  712638           1827
            -341.748  227272           1831
            -341.748  370434           1832
            -341.748  913726           3668
            -341.748  346749           3671
            -341.748  605367           3672
            -341.748  85186            3674
            -341.748  576306           3678
            -341.748  821206           1840
            -341.748  7421             3682
            -341.748  309926           1841
            -341.748  265927           3685
            -341.748  475953           3687
            -341.748  847651           3695
            -341.748  269529           1850
            -341.748  108961           3714
            -341.748  733175           1857
            -341.748  605442           3715
            -341.748  428893           1859
            -341.748  196983           3722
            -341.748  946467           3724
            -341.748  133843           3729
            -341.748  812578           1865
            -341.748  508123           3732
            -341.748  866261           1866
            -341.748  135514           3739
            -341.748  95219            1871
            -341.748  892495           3745
            -341.748  801526           3747
            -341.748  883276           3753
            -341.748  448829           938
            -341.748  566399           1877
            -341.748  568973           3758
            -341.748  288738           940
            -341.748  678813           1881
            -341.748  872342           3765
            -341.748  963967           941
            -341.748  945212           3769
            -341.748  63712            3771
            -341.748  450584           3772
            -341.748  30166            1888
            -341.748  711233           3782
            -341.748  612218           3784
            -341.748  821912           3788
            -341.748  279482           1895
            -341.748  533798           3801
            -341.748  589483           950
            -341.748  105990           3803
            -341.748  147165           3806
            -341.748  526077           1903
            -341.748  307652           3808
            -341.748  956646           3812
            -341.748  91710            1908
            -341.748  332331           1913
            -341.748  884242           957
            -341.748  837117           3839
            -341.748  145431           1920
            -341.748  90504            3842
            -341.748  734946           3847
            -341.748  442009           3848
            -341.748  650688           3851
            -341.748  856347           1927
            -341.748  586549           3858
            -341.748  787985           482
            -341.748  343014           3867
            -341.748  53621            483
            -341.748  238176           3876
            -341.748  713148           3878
            -341.748  288692           3880
            -341.748  870529           3881
            -341.748  587886           3883
            -341.748  760380           3885
            -341.748  784504           1943
            -341.748  820170           1944
            -341.748  754329           3889
            -341.748  604729           3891
            -341.748  613342           3894
            -341.748  709647           3895
            -341.748  467831           3896
            -341.748  215483           1952
            -341.748  440696           3915
            -341.748  262613           3916
            -341.748  76847            1959
            -341.748  647472           3927
            -341.748  49525            3928
            -341.748  487467           3932
            -341.748  41551            3933
            -341.748  869520           3943
            -341.748  24379            3944
            -341.748  639911           3945
            -341.748  573367           986
            -341.748  663305           3964
            -341.748  335485           496
            -341.748  682824           3976
            -341.748  913220           3990
            -341.748  899942           1996
            -341.748  502974           1998
            -341.748  890949           3997
            -341.748  294948           1999
            -341.748  994893           2002
            -341.748  140806           1001
            -341.748  76204            2003
            -341.748  600082           1008
            -341.748  546118           2030
            -341.748  770182           1015
            -341.748  981681           1017
            -341.748  481974           2037
            -341.748  61127            2044


     IN THE OPTIMIZATION, ONE OR MORE LOGIT SCALE PARAMETERS APPROACHED EXTREME VALUES
     OF -15.000 AND 15.000 AND WERE FIXED TO STABILIZE MODEL ESTIMATION.  THESE
     VALUES IMPLY PROBABILITIES OF 0 AND 1.  IN THE MODEL RESULTS SECTION, THESE
     PARAMETERS HAVE 0 STANDARD ERRORS AND 999 IN THE Z-SCORE AND P-VALUE COLUMNS.


THE MODEL ESTIMATION TERMINATED NORMALLY



MODEL FIT INFORMATION

Number of Free Parameters                       10

Loglikelihood

          H0 Value                        -341.748
          H0 Scaling Correction Factor      0.9431
            for MLR

Information Criteria

          Akaike (AIC)                     703.497
          Bayesian (BIC)                   723.570
          Sample-Size Adjusted BIC         692.147
            (n* = (n + 2) / 24)

Chi-Square Test of Model Fit for the Binary and Ordered Categorical
(Ordinal) Outcomes

          Pearson Chi-Square

          Value                             50.674
          Degrees of Freedom                    12
          P-Value                           0.0000

          Likelihood Ratio Chi-Square

          Value                             59.334
          Degrees of Freedom                    12
          P-Value                           0.0000

Chi-Square Test of Model Fit for the Count Outcomes**

          Pearson Chi-Square

          Value                            184.214
          Degrees of Freedom                   118
          P-Value                           0.0001

          Likelihood Ratio Chi-Square

          Value                            100.839
          Degrees of Freedom                   118
          P-Value                           0.8713

** Of the 125 cells in the latent class indicator table, 1
   were deleted in the calculation of chi-square due to extreme values.

Chi-Square Test for MCAR under the Unrestricted Latent Class Indicator Model
for the Count Outcomes

          Pearson Chi-Square

          Value                              0.000
          Degrees of Freedom                     0
          P-Value                           1.0000

          Likelihood Ratio Chi-Square

          Value                              0.000
          Degrees of Freedom                     0
          P-Value                           1.0000



FINAL CLASS COUNTS AND PROPORTIONS FOR THE LATENT CLASSES
BASED ON THE ESTIMATED MODEL

    Latent
   Classes

       1         55.00000          1.00000


FINAL CLASS COUNTS AND PROPORTIONS FOR THE LATENT CLASSES
BASED ON ESTIMATED POSTERIOR PROBABILITIES

    Latent
   Classes

       1         55.00000          1.00000


FINAL CLASS COUNTS AND PROPORTIONS FOR THE LATENT CLASSES
BASED ON THEIR MOST LIKELY LATENT CLASS MEMBERSHIP

Class Counts and Proportions

    Latent
   Classes

       1               55          1.00000


Classification Probabilities for the Most Likely Latent Class Membership (Column)
by Latent Class (Row)

           1

    1   1.000


Logits for the Classification Probabilities for the Most Likely Latent Class Membership (Column)
by Latent Class (Row)

              1

    1      0.000


MODEL RESULTS

                                                    Two-Tailed
                    Estimate       S.E.  Est./S.E.    P-Value

Latent Class 1

 Means
    TS_PAIR            0.459      0.084      5.461      0.000
    SW_PAIR            0.567      0.104      5.451      0.000
    LA_PAIR#1        -15.000      0.000    999.000    999.000
    LA_PAIR           -0.963      0.297     -3.238      0.001

 Thresholds
    DEL_YN$1           1.504      0.350      4.302      0.000
    SW_TYPE$1         -0.109      0.270     -0.404      0.686
    SW_TYPE$2          0.721      0.287      2.507      0.012
    SW_POS3$1         -3.277      0.720     -4.550      0.000
    SW_POS3$2          0.330      0.273      1.208      0.227

 Dispersion
    LA_PAIR            2.484      1.376      1.805      0.071


RESULTS IN PROBABILITY SCALE

Latent Class 1

 DEL_YN
    Category 1         0.818      0.052     15.732      0.000
    Category 2         0.182      0.052      3.496      0.000
 SW_TYPE
    Category 1         0.473      0.067      7.022      0.000
    Category 2         0.200      0.054      3.708      0.000
    Category 3         0.327      0.063      5.173      0.000
 SW_POS3
    Category 1         0.036      0.025      1.441      0.150
    Category 2         0.545      0.067      8.124      0.000
    Category 3         0.418      0.067      6.287      0.000


QUALITY OF NUMERICAL RESULTS

     Condition Number for the Information Matrix              0.240E-02
       (ratio of smallest to largest eigenvalue)


MODEL COMMAND WITH FINAL ESTIMATES USED AS STARTING VALUES

     %OVERALL%

     %CLASS#1%

     [ ts_pair*0.45857 ];
     [ sw_pair*0.56738 ];
     [ la_pair#1*-15 ];
     [ la_pair*-0.96281 ];

     [ del_yn$1*1.50408 ];
     [ sw_type$1*-0.10920 ];
     [ sw_type$2*0.72055 ];
     [ sw_pos3$1*-3.27714 ];
     [ sw_pos3$2*0.33024 ];

     la_pair*2.48402;



TECHNICAL 1 OUTPUT


     PARAMETER SPECIFICATION FOR LATENT CLASS 1


     PARAMETER SPECIFICATION FOR LATENT CLASS INDICATOR MODEL PART


           TAU(U) FOR LATENT CLASS 1
              DEL_YN$1      SW_TYPE$      SW_TYPE$      SW_POS3$      SW_POS3$
              ________      ________      ________      ________      ________
                    1             2             3             4             5


     PARAMETER SPECIFICATION FOR LATENT CLASS REGRESSION MODEL PART


           ALPHA(C)
              CLASS#1
              ________
                    0


     PARAMETER SPECIFICATION FOR THE CENSORED/NOMINAL/COUNT MODEL PART


           NU(P) FOR LATENT CLASS 1
              TS_PAIR#      TS_PAIR       SW_PAIR#      SW_PAIR       LA_PAIR#
              ________      ________      ________      ________      ________
                    0             6             0             7             8


           NU(P) FOR LATENT CLASS 1
              LA_PAIR
              ________
                    9


           THETA(C) FOR CLASS LATENT CLASS 1
              LA_PAIR
              ________
                   10


     STARTING VALUES FOR LATENT CLASS 1


     STARTING VALUES FOR LATENT CLASS INDICATOR MODEL PART


           TAU(U) FOR LATENT CLASS 1
              DEL_YN$1      SW_TYPE$      SW_TYPE$      SW_POS3$      SW_POS3$
              ________      ________      ________      ________      ________
                1.504        -0.109         0.721        -3.277         0.330


     STARTING VALUES FOR LATENT CLASS REGRESSION MODEL PART


           ALPHA(C)
              CLASS#1
              ________
                0.000


     STARTING VALUES FOR THE CENSORED/NOMINAL/COUNT MODEL PART


           NU(P) FOR LATENT CLASS 1
              TS_PAIR#      TS_PAIR       SW_PAIR#      SW_PAIR       LA_PAIR#
              ________      ________      ________      ________      ________
              -20.000         0.459       -20.000         0.596        -0.369


           NU(P) FOR LATENT CLASS 1
              LA_PAIR
              ________
                0.214


           THETA(C) FOR LATENT CLASS 1
              LA_PAIR
              ________
                2.243


TECHNICAL 4 OUTPUT


PLOT INFORMATION

The following plots are available:

  Histograms (sample values)
  Scatterplots (sample values)
  Sample proportions and estimated probabilities

SAVEDATA INFORMATION


  Save file
    LCA_full_pairs_model1_lca_1.dat SAVE = cprobabilites bchweights

  Order and format of variables

    TS_PAIR        F10.3
    SW_PAIR        F10.3
    LA_PAIR        F10.3
    DEL_YN         F10.3
    SW_TYPE        F10.3
    SW_POS3        F10.3
    TS_YN          F10.3
    LA_YN          F10.3
    CA_YN          F10.3
    SW_BR          F10.3
    SW_GR          F10.3
    SW_EF          F10.3
    SW_PCAT        F10.3
    CPROB1         F10.3
    CLASS          F10.3
    ID             I4

  Save file format
    15F10.3 I4

  Save file record length    10000


     Beginning Time:  13:53:58
        Ending Time:  13:54:00
       Elapsed Time:  00:00:02



MUTHEN & MUTHEN
3463 Stoner Ave.
Los Angeles, CA  90066

Tel: (310) 391-9971
Fax: (310) 391-8971
Web: www.StatModel.com
Support: Support@StatModel.com

Copyright (c) 1998-2019 Muthen & Muthen
