Mplus VERSION 8.4 (Mac)
MUTHEN & MUTHEN
05/16/2025   1:54 PM

INPUT INSTRUCTIONS


  TITLE: LCA_full_pairs2 classes
  DATA: FILE IS LCA_full_pairs_model1_lca.dat;

  VARIABLE:
  NAMES = id TS_YN LA_YN DEL_YN CA_YN SW_type SW_pos3 SW_BR SW_GR SW_EF TS_PAIR
       LA_PAIR SW_PAIR SW_pcat;
  IDVARIABLE = id;
  USEVARIABLES = TS_PAIR LA_PAIR SW_PAIR DEL_YN SW_type SW_pos3;
  CATEGORICAL = DEL_YN SW_type SW_pos3;
  COUNT = TS_PAIR (p) SW_PAIR (p) LA_PAIR (nbi);
  AUXILIARY = TS_YN LA_YN CA_YN SW_BR SW_GR SW_EF SW_pcat;
  MISSING = .;
  CLASSES = class (2);

  MODEL:
  %CLASS#1%
  [ LA_PAIR#1 ];
  %CLASS#2%
  [ LA_PAIR#1 ];

  ANALYSIS:
  TYPE = MIXTURE;
  PROCESSORS = 12;
  STITERATIONS = 800;
  STARTS = 4000 800;

  OUTPUT:
  SVALUES ENTROPY TECH1 TECH4;
  PLOT: TYPE=PLOT1 PLOT2 PLOT3;
  SAVEDATA:
  FILE IS LCA_full_pairs_model1_lca_2.dat
  SAVE = cprobabilites bchweights;



INPUT READING TERMINATED NORMALLY



LCA_full_pairs2 classes

SUMMARY OF ANALYSIS

Number of groups                                                 1
Number of observations                                          55

Number of dependent variables                                    6
Number of independent variables                                  0
Number of continuous latent variables                            0
Number of categorical latent variables                           1

Observed dependent variables

  Binary and ordered categorical (ordinal)
   DEL_YN      SW_TYPE     SW_POS3

  Count
   TS_PAIR     SW_PAIR     LA_PAIR

Observed auxiliary variables
   TS_YN       LA_YN       CA_YN       SW_BR       SW_GR       SW_EF
   SW_PCAT

Categorical latent variables
   CLASS

Variables with special functions

  ID variable           ID

Estimator                                                      MLR
Information matrix                                        OBSERVED
Optimization Specifications for the Quasi-Newton Algorithm for
Continuous Outcomes
  Maximum number of iterations                                 100
  Convergence criterion                                  0.100D-05
Optimization Specifications for the EM Algorithm
  Maximum number of iterations                                 500
  Convergence criteria
    Loglikelihood change                                 0.100D-06
    Relative loglikelihood change                        0.100D-06
    Derivative                                           0.100D-05
Optimization Specifications for the M step of the EM Algorithm for
Categorical Latent variables
  Number of M step iterations                                    1
  M step convergence criterion                           0.100D-05
  Basis for M step termination                           ITERATION
Optimization Specifications for the M step of the EM Algorithm for
Censored, Binary or Ordered Categorical (Ordinal), Unordered
Categorical (Nominal) and Count Outcomes
  Number of M step iterations                                    1
  M step convergence criterion                           0.100D-05
  Basis for M step termination                           ITERATION
  Maximum value for logit thresholds                            15
  Minimum value for logit thresholds                           -15
  Minimum expected cell size for chi-square              0.100D-01
Maximum number of iterations for H1                           2000
Convergence criterion for H1                             0.100D-03
Optimization algorithm                                         EMA
Random Starts Specifications
  Number of initial stage random starts                       4000
  Number of final stage optimizations                          800
  Number of initial stage iterations                           800
  Initial stage convergence criterion                    0.100D+01
  Random starts scale                                    0.500D+01
  Random seed for generating random starts                       0
Link                                                         LOGIT

Input data file(s)
  LCA_full_pairs_model1_lca.dat
Input data format  FREE


SUMMARY OF DATA

     Number of missing data patterns             1
     Number of y missing data patterns           0
     Number of u missing data patterns           1


COVARIANCE COVERAGE OF DATA

Minimum covariance coverage value   0.100


UNIVARIATE PROPORTIONS AND COUNTS FOR CATEGORICAL VARIABLES

    DEL_YN
      Category 1    0.818           45.000
      Category 2    0.182           10.000
    SW_TYPE
      Category 1    0.473           26.000
      Category 2    0.200           11.000
      Category 3    0.327           18.000
    SW_POS3
      Category 1    0.036            2.000
      Category 2    0.545           30.000
      Category 3    0.418           23.000


COUNT PROPORTION OF ZERO, MINIMUM AND MAXIMUM VALUES

      TS_PAIR     0.073         0         4
      SW_PAIR     0.200         0         4
      LA_PAIR     0.764         0         4


RANDOM STARTS RESULTS RANKED FROM THE BEST TO THE WORST LOGLIKELIHOOD VALUES


1 perturbed starting value run(s) did not converge or were rejected in the third stage.
Final stage loglikelihood values at local maxima, seeds, and initial stage start numbers:

            -300.725  57226            208
            -300.725  140442           500
            -300.725  975897           1569
            -300.725  79945            395
            -300.725  692628           3554
            -300.725  398329           3677
            -300.725  574727           1437
            -300.725  712296           1243
            -300.725  493083           1370
            -300.725  299700           932
            -300.725  269910           1861
            -300.725  605358           321
            -300.725  700349           401
            -300.725  4395             2391
            -300.725  826112           3721
            -300.725  766824           3385
            -300.725  846562           3760
            -300.725  804990           2154
            -300.725  137614           2198
            -300.725  671580           2924
            -300.725  408234           2840
            -300.725  891510           1625
            -300.725  378530           1919
            -300.725  356951           2178
            -300.725  356194           1393
            -300.725  621441           2398
            -300.725  69487            3163
            -300.725  173814           2024
            -300.725  843278           3660
            -300.725  273640           2028
            -300.725  758647           951
            -300.725  837117           3839
            -300.725  866261           1866
            -300.725  668003           647
            -300.725  225995           847
            -300.725  312018           2209
            -300.725  553920           2961
            -300.725  733775           2617
            -300.725  867690           3543
            -300.725  572695           3617
            -300.725  754485           1175
            -300.725  479110           1796
            -300.725  266340           683
            -300.725  180889           920
            -300.725  217744           326
            -300.725  196948           1465
            -300.725  159195           2661
            -300.725  180370           1652
            -300.725  729401           2106
            -300.725  358488           264
            -300.725  870529           3881
            -300.725  790297           1883
            -300.725  72972            2642
            -300.725  124661           2172
            -300.725  478386           2720
            -300.725  108322           3494
            -300.725  906782           2966
            -300.725  586561           1735
            -300.725  467843           1157
            -300.725  195104           3905
            -300.725  441191           361
            -300.725  951709           348
            -300.725  518896           3970
            -300.725  811592           2827
            -300.725  563647           2456
            -300.725  142853           3228
            -300.725  455617           242
            -300.725  606769           1870
            -300.725  198593           2996
            -300.725  722095           1549
            -300.725  383636           3089
            -300.725  195763           358
            -300.725  692399           3763
            -300.725  383992           3663
            -300.725  898745           466
            -300.725  60380            3099
            -300.725  925997           2951
            -300.725  765372           1123
            -300.725  400319           887
            -300.725  299996           1853
            -300.725  251502           3571
            -300.725  344109           1044
            -300.725  119023           3521
            -300.725  196940           2579
            -300.725  760342           3531
            -300.725  255016           1731
            -300.725  585607           1537
            -300.725  71909            3483
            -300.725  24070            1212
            -300.725  30166            1888
            -300.725  67009            564
            -300.725  987560           985
            -300.725  245560           3341
            -300.725  815575           1593
            -300.725  294669           501
            -300.725  926762           704
            -300.725  207896           25
            -300.725  540747           1394
            -300.725  565631           1209
            -300.725  377751           3260
            -300.725  704051           1083
            -300.725  224785           2053
            -300.725  140806           1001
            -300.725  574942           558
            -300.725  269874           1756
            -300.725  579124           3973
            -300.725  607642           1838
            -300.725  944186           541
            -300.725  797493           1563
            -300.725  518472           2020
            -300.725  877722           1053
            -300.725  219785           3968
            -300.725  705631           1269
            -300.725  560128           3233
            -300.725  946467           3724
            -300.725  747511           3236
            -300.725  436639           2645
            -300.725  836219           3913
            -300.725  625189           3102
            -300.725  726035           191
            -300.725  250807           2881
            -300.725  79932            3705
            -300.725  755611           3182
            -300.725  711233           3782
            -300.725  303429           1016
            -300.725  311214           64
            -300.725  179748           3505
            -300.725  568405           233
            -300.725  54325            2073
            -300.725  172133           1697
            -300.725  496703           758
            -300.725  746057           3003
            -300.725  714574           2046
            -300.725  992610           3795
            -300.725  398789           2336
            -300.725  988761           475
            -300.725  819932           2180
            -300.725  154192           3972
            -300.725  913926           1381
            -300.725  270973           3355
            -300.725  776504           2218
            -300.725  151923           2983
            -300.725  928789           3670
            -300.725  824535           3127
            -300.725  125750           1221
            -300.725  286505           2416
            -300.725  696830           668
            -300.725  587946           120
            -300.725  268812           3736
            -300.725  19575            2660
            -300.725  246575           291
            -300.725  595153           230
            -300.725  419474           3544
            -300.725  305006           3775
            -300.725  546909           1769
            -300.725  293820           1279
            -300.725  943496           3930
            -300.725  735928           916
            -300.725  444363           1936
            -300.725  135514           3739
            -300.725  153942           31
            -300.725  782781           2587
            -300.725  141171           3553
            -300.725  425929           508
            -300.725  78393            2723
            -300.725  981727           1781
            -300.725  990491           1709
            -300.725  428058           2354
            -300.725  684993           1148
            -300.725  215353           164
            -300.725  868155           2204
            -300.725  324372           2214
            -300.725  968853           3327
            -300.725  285380           1
            -300.725  682718           733
            -300.725  773195           849
            -300.725  645976           2302
            -300.725  827063           3234
            -300.725  625147           2538
            -300.725  853283           1854
            -300.725  96452            1783
            -300.725  34050            2235
            -300.725  420910           928
            -300.725  539433           3057
            -300.725  676616           3348
            -300.725  540809           3389
            -300.725  72866            692
            -300.725  206705           3822
            -300.725  104688           2107
            -300.725  414284           158
            -300.725  149379           2696
            -300.725  638862           2753
            -300.725  283146           1126
            -300.725  494365           1331
            -300.725  887676           22
            -300.725  502532           445
            -300.725  193757           3938
            -300.725  955502           1119
            -300.725  231199           1641
            -300.725  707032           1229
            -300.725  518828           432
            -300.725  634888           3641
            -300.725  190781           2095
            -300.725  62585            2342
            -300.725  758437           2017
            -300.725  990442           3892
            -300.725  786697           3291
            -300.725  949654           1704
            -300.725  181178           1069
            -300.725  950604           172
            -300.725  304444           3594
            -300.725  578694           1608
            -300.725  545961           3690
            -300.725  299730           1627
            -300.725  483602           3026
            -300.725  418686           338
            -300.725  246794           801
            -300.725  369331           2758
            -300.725  173429           2879
            -300.725  851200           1479
            -300.725  471040           403
            -300.725  610181           711
            -300.725  392418           28
            -300.725  902278           21
            -300.725  887941           2425
            -300.725  851553           3675
            -300.725  779009           1458
            -300.725  706042           1129
            -300.725  344358           3816
            -300.725  705224           953
            -300.725  760599           832
            -300.725  803696           1340
            -300.725  414306           3547
            -300.725  115653           1387
            -300.725  177133           2784
            -300.725  36714            201
            -300.725  703893           2366
            -300.725  266425           2000
            -300.725  105656           909
            -300.725  420322           1165
            -300.725  745490           2960
            -300.725  72662            729
            -300.725  730868           977
            -300.725  344410           1940
            -300.725  701716           1291
            -300.725  245947           2732
            -300.725  840031           276
            -300.725  725083           3216
            -300.725  806234           2362
            -300.725  583083           2734
            -300.725  226322           478
            -300.725  917702           693
            -300.725  72387            3203
            -300.725  714455           476
            -300.725  8089             2326
            -300.725  896153           1265
            -300.725  950970           2963
            -300.725  932615           2665
            -300.725  608763           3918
            -300.725  342019           301
            -300.725  866183           2319
            -300.725  185473           2281
            -300.725  938409           1144
            -300.725  540841           3564
            -300.725  551829           1466
            -300.725  564258           2653
            -300.725  519524           2835
            -300.725  159259           1665
            -300.725  85186            3674
            -300.725  630704           2295
            -300.725  427363           1966
            -300.725  219035           3545
            -300.725  122167           2706
            -300.725  651651           2656
            -300.725  623663           3446
            -300.725  903099           1399
            -300.725  20976            1336
            -300.725  910097           1031
            -300.725  80798            3616
            -300.725  867423           3084
            -300.725  539883           3131
            -300.725  134830           780
            -300.725  263394           1741
            -300.725  472543           1917
            -300.725  352849           2962
            -300.725  988970           2492
            -300.725  93468            3
            -300.725  488581           688
            -300.725  832406           2449
            -300.725  177175           851
            -300.725  149357           1743
            -300.725  82711            2181
            -300.725  357077           3007
            -300.725  561281           2393
            -300.725  536075           2726
            -300.725  884619           1441
            -300.725  611668           3776
            -300.725  358074           560
            -300.725  125742           2943
            -300.725  360215           1475
            -300.725  230385           3488
            -300.725  761017           3336
            -300.725  896960           2150
            -300.725  830570           369
            -300.725  387016           1035
            -300.725  182318           1536
            -300.725  68850            462
            -300.725  638577           769
            -300.725  828340           1559
            -300.725  619752           3244
            -300.725  848331           137
            -300.725  827041           2400
            -300.725  239389           3680
            -300.725  774692           1764
            -300.725  770836           2614
            -300.725  12050            1540
            -300.725  360597           1174
            -300.725  115671           1300
            -300.725  96362            1801
            -300.725  395865           2451
            -300.725  856950           3684
            -300.725  59963            670
            -300.725  364895           1590
            -300.725  939870           655
            -300.725  476995           2783
            -300.725  548673           732
            -300.725  291344           3756
            -300.725  222513           1088
            -300.725  556955           1141
            -300.725  348100           2404
            -300.725  776569           2847
            -300.725  836066           372
            -300.725  595190           1554
            -300.725  725009           3633
            -300.725  231281           542
            -300.725  56630            2793
            -300.725  346102           2765
            -300.725  354564           3098
            -300.725  280721           2118
            -300.725  81954            1823
            -300.725  78862            529
            -300.725  170954           86
            -300.725  609185           181
            -300.725  967567           1377
            -300.725  967237           48
            -300.725  76107            1822
            -300.725  560777           3034
            -300.725  608496           4
            -300.725  34900            3002
            -300.725  417002           1499
            -300.725  789564           2275
            -300.725  263877           1659
            -300.725  379464           1483
            -300.725  652266           490
            -300.725  364335           2289
            -300.725  448388           3844
            -300.725  158725           2825
            -300.725  830529           279
            -300.725  317640           437
            -300.725  509060           1548
            -300.725  409744           2588
            -300.725  349263           263
            -300.725  276468           1739
            -300.725  506113           895
            -300.725  263049           454
            -300.725  30019            1476
            -300.725  854613           3023
            -300.725  636052           2569
            -300.725  860102           495
            -300.725  224806           3213
            -300.725  602328           2117
            -300.725  650387           2345
            -300.725  512403           719
            -300.725  84437            1628
            -300.725  344275           3632
            -300.725  670286           3582
            -300.725  673767           1736
            -300.725  548245           818
            -300.725  59651            2517
            -300.725  271397           3646
            -300.725  908201           2317
            -300.725  742688           594
            -300.725  777244           2852
            -300.725  506886           576
            -300.725  102845           1640
            -300.725  742450           2853
            -300.725  948974           3197
            -300.725  536017           2977
            -300.725  919098           2465
            -300.725  566943           1023
            -300.725  204959           695
            -300.725  701525           239
            -300.725  338967           3256
            -300.725  289148           1092
            -300.725  723642           3817
            -300.725  260095           3780
            -300.725  298553           773
            -300.725  278692           342
            -300.725  576960           3456
            -300.725  513179           3613
            -300.725  165382           1816
            -300.725  649554           3231
            -300.725  613075           2056
            -300.725  718593           3083
            -300.725  407049           2089
            -300.725  863849           1122
            -300.725  754100           56
            -300.725  677825           3273
            -300.725  908483           2331
            -300.725  137877           1679
            -300.725  296924           1702
            -300.725  282955           1073
            -300.725  626208           698
            -300.725  562716           300
            -300.725  327185           2704
            -300.725  118421           139
            -300.725  104055           3224
            -300.725  367213           2313
            -300.725  743878           2402
            -300.725  796166           3654
            -300.725  491838           2851
            -300.725  692531           2838
            -300.725  690985           2271
            -300.725  713148           3878
            -300.725  420002           2011
            -300.725  889972           3630
            -300.725  349898           3516
            -300.725  916339           2764
            -300.725  935274           3207
            -300.725  116438           3716
            -300.725  843555           952
            -300.725  896562           2773
            -300.725  134638           3353
            -300.725  454111           2097
            -300.725  461687           833
            -300.725  483369           270
            -300.725  322790           636
            -300.725  45556            3294
            -300.725  43393            2751
            -300.725  345726           461
            -300.725  33915            3624
            -300.725  422699           1439
            -300.725  445692           2796
            -300.725  156309           2086
            -300.725  824956           607
            -300.725  134413           1290
            -300.725  965994           396
            -300.725  270107           3831
            -300.725  449171           1260
            -300.725  697297           3697
            -300.725  978153           1772
            -300.725  404870           2452
            -300.725  824126           287
            -300.725  213704           2165
            -300.725  81117            305
            -300.725  760380           3885
            -300.725  612837           3056
            -300.725  931558           898
            -300.725  638977           643
            -300.725  392766           331
            -300.725  486363           3937
            -300.725  656945           1255
            -300.725  752292           1750
            -300.725  290837           1828
            -300.725  918558           412
            -300.725  36090            2158
            -300.725  2850             1110
            -300.725  563584           657
            -300.725  726973           2138
            -300.725  75643            3024
            -300.725  599003           1474
            -300.725  78364            3903
            -300.725  627795           3604
            -300.725  11397            944
            -300.725  843933           3832
            -300.725  88767            2700
            -300.725  779820           877
            -300.725  177414           1983
            -300.725  453915           975
            -300.725  165853           105
            -300.725  117833           2217
            -300.725  288190           2844
            -300.725  739214           807
            -300.725  116136           1960
            -300.725  479273           156
            -300.725  15270            610
            -300.725  343926           624
            -300.725  291884           1621
            -300.725  398067           1759
            -300.725  777529           3477
            -300.725  914505           838
            -300.725  348637           749
            -300.725  525650           3774
            -300.725  659601           3610
            -300.725  910071           1061
            -300.725  356754           1372
            -300.725  970689           266
            -300.725  488125           368
            -300.725  281558           184
            -300.725  346843           1316
            -300.725  829442           1596
            -300.725  881552           3664
            -300.725  897581           1204
            -300.725  923601           3890
            -300.725  284109           82
            -300.725  845466           3157
            -300.725  809593           3329
            -300.725  605442           3715
            -300.725  627151           1601
            -300.725  982520           737
            -300.725  942358           644
            -300.725  754885           3555
            -300.725  256717           3193
            -300.725  736705           3319
            -300.725  202788           3043
            -300.725  576726           280
            -300.725  930218           3738
            -300.725  537905           1335
            -300.725  414059           1200
            -300.725  844709           3412
            -300.725  881652           2539
            -300.725  988709           2430
            -300.725  313407           132
            -300.725  425831           2022
            -300.725  102093           1521
            -300.725  930501           1819
            -300.725  753644           2437
            -300.725  599524           3268
            -300.725  550871           1037
            -300.725  817724           2444
            -300.725  335561           2566
            -300.725  839912           3360
            -300.725  731610           1087
            -300.725  812847           2309
            -300.725  788342           2681
            -300.725  746966           1656
            -300.725  848356           602
            -300.725  33553            2098
            -300.725  294948           1999
            -300.725  192191           629
            -300.725  570738           2306
            -300.725  499347           881
            -300.725  301952           2414
            -300.725  681680           3557
            -300.725  326697           3797
            -300.725  656604           3909
            -300.725  344422           296
            -300.725  646290           2792
            -300.725  370466           41
            -300.725  813779           92
            -300.725  103240           3297
            -300.725  370560           3292
            -300.725  690631           2169
            -300.725  579138           706
            -300.725  3685             2310
            -300.725  847341           1398
            -300.725  998513           2820
            -300.725  442672           1799
            -300.725  407520           2854
            -300.725  635245           121
            -301.568  50887            389
            -301.568  473343           844
            -301.568  699810           571
            -301.568  512296           2476
            -301.568  602306           2856
            -301.568  568475           3159
            -301.568  630121           3187
            -301.568  529346           1633
            -301.568  928085           1946
            -301.568  63236            2258
            -301.568  866961           1139
            -301.568  408652           2290
            -301.568  424818           2756
            -301.568  338892           1432
            -301.568  428893           1859
            -301.568  677790           3792
            -301.568  170118           238
            -301.568  864006           1075
            -301.568  910224           580
            -301.568  432950           1244
            -301.568  856920           2714
            -301.568  833955           2954
            -301.568  971853           402
            -301.568  957066           3332
            -301.568  805768           879
            -301.568  41447            3665
            -301.568  551639           55
            -301.568  258756           2111
            -301.568  169819           3322
            -301.568  575827           3367
            -301.568  384199           882
            -301.568  662091           3597
            -301.568  689589           3947
            -301.568  372176           23
            -301.568  905166           1042
            -301.568  387431           2211
            -301.568  436892           565
            -301.568  932458           1132
            -301.568  392602           2487
            -301.568  633668           2874
            -301.568  59296            1534
            -301.568  53570            3143
            -301.568  675755           3189
            -301.568  584397           428
            -301.568  335877           3566
            -301.568  802256           477
            -301.568  944394           1024
            -301.568  767845           2297
            -301.568  817813           2324
            -301.568  806363           2374
            -301.568  653391           1195
            -301.568  560961           2422
            -301.568  230124           2557
            -301.568  864683           2606
            -301.568  883576           3118
            -301.568  832635           3239
            -301.568  484224           1664
            -301.568  143337           2029
            -301.568  224410           1220
            -301.568  953843           651
            -301.568  432765           1609
            -301.568  614535           449
            -301.568  399671           13
            -301.568  600373           2769
            -301.568  500460           2953
            -301.568  93229            3047
            -301.568  972349           3700
            -301.568  965639           463
            -301.568  155749           960
            -301.568  751054           117
            -301.568  140987           1093
            -301.568  153153           1763
            -301.568  732596           320
            -301.568  340711           2353
            -301.568  969383           3432
            -301.568  387701           275
            -301.568  820977           776
            -301.568  815445           1295
            -301.568  462228           298
            -301.568  847855           1701
            -301.568  556697           3174
            -301.568  598245           1655
            -301.568  425140           1378
            -301.568  63712            3771
            -301.568  465996           2638
            -301.568  800454           751
            -301.568  158612           581
            -301.568  855696           2357
            -301.568  467957           2919
            -301.568  830978           3350
            -301.568  987090           70
            -301.568  892896           2177
            -301.568  118958           994
            -301.568  810594           845
            -301.568  58353            1723
            -301.568  608363           1041
            -301.568  381543           1407
            -301.568  690330           2014
            -301.568  910765           2935
            -301.568  452356           1341
            -301.568  818852           1650
            -301.568  91413            3045
            -301.568  126922           1124
            -301.568  850545           357
            -301.568  818353           1256
            -301.571  904241           3093
            -301.571  664138           3993
            -301.571  44842            3910
            -301.571  610066           1438
            -301.571  69098            2788
            -301.571  435287           623
            -301.571  215534           2831
            -301.571  741884           2752
            -301.571  16220            3221
            -301.571  203637           3065
            -301.571  16096            1147
            -301.571  590834           785
            -301.571  573574           1703
            -301.571  36183            1349
            -301.571  995197           2529
            -301.571  571757           1268
            -301.571  452342           3073
            -301.571  964999           1522
            -301.571  591407           2906
            -301.571  907810           795
            -301.571  946393           2216
            -301.571  891041           1811
            -301.571  584602           2973
            -301.571  unperturbed      0
            -301.571  517385           2554
            -301.571  111066           1509
            -301.571  138695           783
            -301.571  207299           1039
            -301.571  422004           1107
            -301.602  217403           1028
            -301.602  693264           3274
            -301.602  98352            3636
            -301.602  168199           1155
            -301.602  529455           268
            -301.602  512836           289
            -301.602  821011           161
            -301.602  233050           2087
            -301.602  355674           540
            -301.602  457623           2246
            -301.602  82661            2252
            -301.602  765589           1140
            -301.602  181089           1177
            -301.602  628997           1188
            -301.602  566687           597
            -301.602  820604           2421
            -301.602  483431           2433
            -301.602  976247           2459
            -301.602  781624           2462
            -301.602  480046           2484
            -301.602  56628            2485
            -301.602  40140            2576
            -301.602  170658           2609
            -301.602  489868           2631
            -301.602  502546           2633
            -301.602  332693           2655
            -301.602  961454           665
            -301.602  278661           674
            -301.602  327140           678
            -301.602  732904           2739
            -301.602  300806           2828
            -301.602  738293           2836
            -301.602  702492           718
            -301.602  659319           2888
            -301.602  907224           2950
            -301.602  872631           2967
            -301.602  919217           1501
            -301.602  528696           3037
            -301.602  912557           3039
            -301.602  721392           768
            -301.602  700298           1555
            -301.602  193926           3165
            -301.602  363979           1594
            -301.602  923437           398
            -301.602  459673           3248
            -301.602  55115            408
            -301.602  21740            3286
            -301.602  761888           3339
            -301.602  278885           3366
            -301.602  209243           1694
            -301.602  200506           3391
            -301.602  106840           3404
            -301.602  427062           3411
            -301.602  751592           3458
            -301.602  259148           1734
            -301.602  578301           3550
            -301.602  995233           3558
            -301.602  188944           3585
            -301.602  327927           908
            -301.602  704532           3637
            -301.602  666752           1820
            -301.602  473869           3707
            -301.602  657861           3779
            -301.602  863691           481
            -301.602  446548           3875
            -301.602  709647           3895
            -301.602  891481           1948
            -301.602  392300           3962
            -301.602  426708           3987
            -301.602  262076           2015
            -301.602  513448           2016
            -303.264  990598           3810
            -303.264  356068           1924
            -303.264  560412           2442
            -303.264  361131           2563
            -303.264  17730            1698
            -303.264  50983            834
            -303.264  46437            153
            -303.264  494115           2634
            -303.264  907407           2624
            -303.264  32911            2270
            -303.264  193847           354
            -303.264  266349           1989
            -303.264  928624           981
            -303.264  299108           1420
            -303.264  46908            3949
            -303.264  749453           33
            -303.264  464179           106
            -303.264  514629           1695
            -303.264  74096            3359
            -303.264  900268           327
            -303.264  672339           1693
            -303.264  964570           701
            -303.264  842511           2070
            -303.264  105990           3803
            -303.264  16258            3530
            -303.264  896897           3919
            -303.738  171430           1672
            -303.738  513949           1910
            -303.738  227272           1831
            -303.738  401245           1929
            -303.738  691368           3416
            -303.738  877272           1406
            -304.991  613723           1804
            -305.366  400467           1806
            -305.366  985325           1890



THE BEST LOGLIKELIHOOD VALUE HAS BEEN REPLICATED.  RERUN WITH AT LEAST TWICE THE
RANDOM STARTS TO CHECK THAT THE BEST LOGLIKELIHOOD IS STILL OBTAINED AND REPLICATED.

     IN THE OPTIMIZATION, ONE OR MORE LOGIT THRESHOLDS APPROACHED EXTREME VALUES
     OF -15.000 AND 15.000 AND WERE FIXED TO STABILIZE MODEL ESTIMATION.  THESE
     VALUES IMPLY PROBABILITIES OF 0 AND 1.  IN THE MODEL RESULTS SECTION, THESE
     PARAMETERS HAVE 0 STANDARD ERRORS AND 999 IN THE Z-SCORE AND P-VALUE COLUMNS.

     IN THE OPTIMIZATION, ONE OR MORE LOGIT SCALE PARAMETERS APPROACHED EXTREME VALUES
     OF -15.000 AND 15.000 AND WERE FIXED TO STABILIZE MODEL ESTIMATION.  THESE
     VALUES IMPLY PROBABILITIES OF 0 AND 1.  IN THE MODEL RESULTS SECTION, THESE
     PARAMETERS HAVE 0 STANDARD ERRORS AND 999 IN THE Z-SCORE AND P-VALUE COLUMNS.

     ONE OR MORE PARAMETERS WERE FIXED TO AVOID SINGULARITY OF THE
     INFORMATION MATRIX. THE SINGULARITY IS MOST LIKELY DUE TO THE
     MODEL IS NOT IDENTIFIED, OR DUE TO A LARGE OR A SMALL PARAMETER
     ON THE LOGIT SCALE. THE FOLLOWING PARAMETERS WERE FIXED:
     Parameter 16, %CLASS#1%: LA_PAIR (equality/label)




THE MODEL ESTIMATION TERMINATED NORMALLY



MODEL FIT INFORMATION

Number of Free Parameters                       20

Loglikelihood

          H0 Value                        -300.725
          H0 Scaling Correction Factor      0.8802
            for MLR

Information Criteria

          Akaike (AIC)                     641.449
          Bayesian (BIC)                   681.596
          Sample-Size Adjusted BIC         618.749
            (n* = (n + 2) / 24)

Chi-Square Test of Model Fit for the Binary and Ordered Categorical
(Ordinal) Outcomes

          Pearson Chi-Square

          Value                              2.407
          Degrees of Freedom                     6
          P-Value                           0.8787

          Likelihood Ratio Chi-Square

          Value                              3.474
          Degrees of Freedom                     6
          P-Value                           0.7474

Chi-Square Test of Model Fit for the Count Outcomes**

          Pearson Chi-Square

          Value                            137.045
          Degrees of Freedom                   113
          P-Value                           0.0615

          Likelihood Ratio Chi-Square

          Value                             97.058
          Degrees of Freedom                   113
          P-Value                           0.8577

** Of the 125 cells in the latent class indicator table, 1
   were deleted in the calculation of chi-square due to extreme values.

Chi-Square Test for MCAR under the Unrestricted Latent Class Indicator Model
for the Count Outcomes

          Pearson Chi-Square

          Value                              0.000
          Degrees of Freedom                     0
          P-Value                           1.0000

          Likelihood Ratio Chi-Square

          Value                              0.000
          Degrees of Freedom                     0
          P-Value                           1.0000



FINAL CLASS COUNTS AND PROPORTIONS FOR THE LATENT CLASSES
BASED ON THE ESTIMATED MODEL

    Latent
   Classes

       1         22.99999          0.41818
       2         32.00001          0.58182


FINAL CLASS COUNTS AND PROPORTIONS FOR THE LATENT CLASSES
BASED ON ESTIMATED POSTERIOR PROBABILITIES

    Latent
   Classes

       1         22.99999          0.41818
       2         32.00001          0.58182


FINAL CLASS COUNTS AND PROPORTIONS FOR THE LATENT CLASSES
BASED ON THEIR MOST LIKELY LATENT CLASS MEMBERSHIP

Class Counts and Proportions

    Latent
   Classes

       1               23          0.41818
       2               32          0.58182


CLASSIFICATION QUALITY

     Entropy                         1.000


           Univariate Entropy
              TS_PAIR       SW_PAIR       LA_PAIR       DEL_YN        SW_TYPE
              ________      ________      ________      ________      ________
                0.028         0.201         0.109         0.072         0.700


           Univariate Entropy
              SW_POS3
              ________
                1.000


Classification Probabilities for the Most Likely Latent Class Membership (Column)
by Latent Class (Row)

           1        2

    1   1.000    0.000
    2   0.000    1.000


Logits for the Classification Probabilities for the Most Likely Latent Class Membership (Column)
by Latent Class (Row)

              1        2

    1     13.816    0.000
    2    -13.816    0.000


MODEL RESULTS

                                                    Two-Tailed
                    Estimate       S.E.  Est./S.E.    P-Value

Latent Class 1

 Means
    TS_PAIR            0.578      0.119      4.847      0.000
    SW_PAIR            0.975      0.103      9.501      0.000
    LA_PAIR#1          0.255      0.561      0.455      0.649
    LA_PAIR            0.466      0.333      1.400      0.162

 Thresholds
    DEL_YN$1           0.827      0.453      1.824      0.068
    SW_TYPE$1        -15.000      0.000    999.000    999.000
    SW_TYPE$2         -1.041      0.475     -2.193      0.028
    SW_POS3$1        -15.000      0.000    999.000    999.000
    SW_POS3$2        -15.000      0.000    999.000    999.000

 Dispersion
    LA_PAIR            0.000      0.000    999.000    999.000

Latent Class 2

 Means
    TS_PAIR            0.363      0.115      3.162      0.002
    SW_PAIR            0.118      0.156      0.755      0.450
    LA_PAIR#1        -15.000      0.000    999.000    999.000
    LA_PAIR           -1.856      0.411     -4.519      0.000

 Thresholds
    DEL_YN$1           2.269      0.606      3.741      0.000
    SW_TYPE$1          1.466      0.453      3.238      0.001
    SW_TYPE$2          3.434      1.016      3.380      0.001
    SW_POS3$1         -2.708      0.730     -3.708      0.000
    SW_POS3$2         15.000      0.000    999.000    999.000

 Dispersion
    LA_PAIR            0.000      0.000    999.000    999.000

Categorical Latent Variables

 Means
    CLASS#1           -0.330      0.273     -1.208      0.227


RESULTS IN PROBABILITY SCALE

Latent Class 1

 DEL_YN
    Category 1         0.696      0.096      7.251      0.000
    Category 2         0.304      0.096      3.172      0.002
 SW_TYPE
    Category 1         0.000      0.000      0.000      1.000
    Category 2         0.261      0.092      2.849      0.004
    Category 3         0.739      0.092      8.073      0.000
 SW_POS3
    Category 1         0.000      0.000      0.000      1.000
    Category 2         0.000      0.000      0.000      1.000
    Category 3         1.000      0.000      0.000      1.000

Latent Class 2

 DEL_YN
    Category 1         0.906      0.052     17.588      0.000
    Category 2         0.094      0.052      1.819      0.069
 SW_TYPE
    Category 1         0.812      0.069     11.776      0.000
    Category 2         0.156      0.064      2.434      0.015
    Category 3         0.031      0.031      1.016      0.310
 SW_POS3
    Category 1         0.062      0.043      1.461      0.144
    Category 2         0.938      0.043     21.909      0.000
    Category 3         0.000      0.000      0.000      1.000


LATENT CLASS ODDS RATIO RESULTS

                                         (Est. - 1) Two-Tailed
                    Estimate       S.E.     / S.E.    P-Value

Latent Class 1 Compared to Latent Class 2

 DEL_YN
    Category > 1       4.229      3.202      1.009      0.313
 SW_TYPE
    Category > 1   *********      0.000    999.000    999.000
    Category > 2      87.833     98.505      0.882      0.378
 SW_POS3
    Category > 1   *********      0.000    999.000    999.000
    Category > 2   *********      0.000    999.000    999.000


QUALITY OF NUMERICAL RESULTS

     Condition Number for the Information Matrix              0.154E-01
       (ratio of smallest to largest eigenvalue)


MODEL COMMAND WITH FINAL ESTIMATES USED AS STARTING VALUES

     %OVERALL%

     [ class#1*-0.33024 ];

     %CLASS#1%

     [ ts_pair*0.57808 ];
     [ sw_pair*0.97538 ];
     [ la_pair#1*0.25529 ];
     [ la_pair*0.46601 ];

     [ del_yn$1*0.82668 ];
     [ sw_type$1*-15 ];
     [ sw_type$2*-1.04145 ];
     [ sw_pos3$1*-15 ];
     [ sw_pos3$2*-15 ];

     la_pair*0.00000 (16);

     %CLASS#2%

     [ ts_pair*0.36291 ];
     [ sw_pair*0.11778 ];
     [ la_pair#1*-15 ];
     [ la_pair*-1.85630 ];

     [ del_yn$1*2.26868 ];
     [ sw_type$1*1.46634 ];
     [ sw_type$2*3.43399 ];
     [ sw_pos3$1*-2.70805 ];
     [ sw_pos3$2*15 ];

     la_pair*0.00000 (16);



TECHNICAL 1 OUTPUT


     PARAMETER SPECIFICATION FOR LATENT CLASS 1


     PARAMETER SPECIFICATION FOR LATENT CLASS 2


     PARAMETER SPECIFICATION FOR LATENT CLASS INDICATOR MODEL PART


           TAU(U) FOR LATENT CLASS 1
              DEL_YN$1      SW_TYPE$      SW_TYPE$      SW_POS3$      SW_POS3$
              ________      ________      ________      ________      ________
                    1             2             3             4             5


           TAU(U) FOR LATENT CLASS 2
              DEL_YN$1      SW_TYPE$      SW_TYPE$      SW_POS3$      SW_POS3$
              ________      ________      ________      ________      ________
                    6             7             8             9            10


     PARAMETER SPECIFICATION FOR LATENT CLASS REGRESSION MODEL PART


           ALPHA(C)
              CLASS#1       CLASS#2
              ________      ________
                   11             0


     PARAMETER SPECIFICATION FOR THE CENSORED/NOMINAL/COUNT MODEL PART


           NU(P) FOR LATENT CLASS 1
              TS_PAIR#      TS_PAIR       SW_PAIR#      SW_PAIR       LA_PAIR#
              ________      ________      ________      ________      ________
                    0            12             0            13            14


           NU(P) FOR LATENT CLASS 1
              LA_PAIR
              ________
                   15


           THETA(C) FOR CLASS LATENT CLASS 1
              LA_PAIR
              ________
                   16


           NU(P) FOR LATENT CLASS 2
              TS_PAIR#      TS_PAIR       SW_PAIR#      SW_PAIR       LA_PAIR#
              ________      ________      ________      ________      ________
                    0            17             0            18            19


           NU(P) FOR LATENT CLASS 2
              LA_PAIR
              ________
                   20


           THETA(C) FOR CLASS LATENT CLASS 2
              LA_PAIR
              ________
                   16


     STARTING VALUES FOR LATENT CLASS 1


     STARTING VALUES FOR LATENT CLASS 2


     STARTING VALUES FOR LATENT CLASS INDICATOR MODEL PART


           TAU(U) FOR LATENT CLASS 1
              DEL_YN$1      SW_TYPE$      SW_TYPE$      SW_POS3$      SW_POS3$
              ________      ________      ________      ________      ________
                0.504        -1.109        -0.279        -4.277        -0.670


           TAU(U) FOR LATENT CLASS 2
              DEL_YN$1      SW_TYPE$      SW_TYPE$      SW_POS3$      SW_POS3$
              ________      ________      ________      ________      ________
                2.504         0.891         1.721        -2.277         1.330


     STARTING VALUES FOR LATENT CLASS REGRESSION MODEL PART


           ALPHA(C)
              CLASS#1       CLASS#2
              ________      ________
                0.000         0.000


     STARTING VALUES FOR THE CENSORED/NOMINAL/COUNT MODEL PART


           NU(P) FOR LATENT CLASS 1
              TS_PAIR#      TS_PAIR       SW_PAIR#      SW_PAIR       LA_PAIR#
              ________      ________      ________      ________      ________
              -20.000         0.459       -20.000         0.596        -0.369


           NU(P) FOR LATENT CLASS 1
              LA_PAIR
              ________
                0.214


           THETA(C) FOR LATENT CLASS 1
              LA_PAIR
              ________
                2.243


           NU(P) FOR LATENT CLASS 2
              TS_PAIR#      TS_PAIR       SW_PAIR#      SW_PAIR       LA_PAIR#
              ________      ________      ________      ________      ________
              -20.000         1.459       -20.000         1.596        -0.369


           NU(P) FOR LATENT CLASS 2
              LA_PAIR
              ________
                1.214


           THETA(C) FOR LATENT CLASS 2
              LA_PAIR
              ________
                2.243


TECHNICAL 4 OUTPUT


PLOT INFORMATION

The following plots are available:

  Histograms (sample values)
  Scatterplots (sample values)
  Sample proportions and estimated probabilities

SAVEDATA INFORMATION


  Save file
    LCA_full_pairs_model1_lca_2.dat SAVE = cprobabilites bchweights

  Order and format of variables

    TS_PAIR        F10.3
    SW_PAIR        F10.3
    LA_PAIR        F10.3
    DEL_YN         F10.3
    SW_TYPE        F10.3
    SW_POS3        F10.3
    TS_YN          F10.3
    LA_YN          F10.3
    CA_YN          F10.3
    SW_BR          F10.3
    SW_GR          F10.3
    SW_EF          F10.3
    SW_PCAT        F10.3
    CPROB1         F10.3
    CPROB2         F10.3
    CLASS          F10.3
    ID             I4

  Save file format
    16F10.3 I4

  Save file record length    10000


     Beginning Time:  13:54:00
        Ending Time:  13:54:05
       Elapsed Time:  00:00:05



MUTHEN & MUTHEN
3463 Stoner Ave.
Los Angeles, CA  90066

Tel: (310) 391-9971
Fax: (310) 391-8971
Web: www.StatModel.com
Support: Support@StatModel.com

Copyright (c) 1998-2019 Muthen & Muthen
