Mplus VERSION 8.4 (Mac)
MUTHEN & MUTHEN
04/27/2025   8:34 PM

INPUT INSTRUCTIONS


  TITLE: LCA_sw_detailed3 classes
  DATA: FILE IS LCA_sw_detailed_model4_lca.dat;

  VARIABLE:
  NAMES = id TS_YN LA_YN DEL_YN CA_YN SW_type SW_pos3 SW_BR SW_GR SW_EF TS_PAIR
       LA_PAIR SW_PAIR SW_pcat;
  IDVARIABLE = id;
  USEVARIABLES = LA_YN SW_pcat DEL_YN SW_type CA_YN;
  CATEGORICAL = LA_YN SW_pcat DEL_YN SW_type CA_YN;
  AUXILIARY = TS_YN SW_pos3 SW_BR SW_GR SW_EF TS_PAIR LA_PAIR SW_PAIR;
  MISSING = .;
  CLASSES = class (3);


  ANALYSIS:
  TYPE = MIXTURE;
  PROCESSORS = 12;
  STITERATIONS = 50;
  STARTS = 250 50;

  OUTPUT:
  SVALUES ENTROPY TECH1 TECH4;
  PLOT: TYPE=PLOT1 PLOT2 PLOT3;
  SAVEDATA:
  FILE IS LCA_sw_detailed_model4_lca_3.dat
  SAVE = cprobabilites bchweights;



INPUT READING TERMINATED NORMALLY



LCA_sw_detailed3 classes

SUMMARY OF ANALYSIS

Number of groups                                                 1
Number of observations                                          55

Number of dependent variables                                    5
Number of independent variables                                  0
Number of continuous latent variables                            0
Number of categorical latent variables                           1

Observed dependent variables

  Binary and ordered categorical (ordinal)
   LA_YN       SW_PCAT     DEL_YN      SW_TYPE     CA_YN

Observed auxiliary variables
   TS_YN       SW_POS3     SW_BR       SW_GR       SW_EF       TS_PAIR
   LA_PAIR     SW_PAIR

Categorical latent variables
   CLASS

Variables with special functions

  ID variable           ID

Estimator                                                      MLR
Information matrix                                        OBSERVED
Optimization Specifications for the Quasi-Newton Algorithm for
Continuous Outcomes
  Maximum number of iterations                                 100
  Convergence criterion                                  0.100D-05
Optimization Specifications for the EM Algorithm
  Maximum number of iterations                                 500
  Convergence criteria
    Loglikelihood change                                 0.100D-06
    Relative loglikelihood change                        0.100D-06
    Derivative                                           0.100D-05
Optimization Specifications for the M step of the EM Algorithm for
Categorical Latent variables
  Number of M step iterations                                    1
  M step convergence criterion                           0.100D-05
  Basis for M step termination                           ITERATION
Optimization Specifications for the M step of the EM Algorithm for
Censored, Binary or Ordered Categorical (Ordinal), Unordered
Categorical (Nominal) and Count Outcomes
  Number of M step iterations                                    1
  M step convergence criterion                           0.100D-05
  Basis for M step termination                           ITERATION
  Maximum value for logit thresholds                            15
  Minimum value for logit thresholds                           -15
  Minimum expected cell size for chi-square              0.100D-01
Maximum number of iterations for H1                           2000
Convergence criterion for H1                             0.100D-03
Optimization algorithm                                         EMA
Random Starts Specifications
  Number of initial stage random starts                        250
  Number of final stage optimizations                           50
  Number of initial stage iterations                            50
  Initial stage convergence criterion                    0.100D+01
  Random starts scale                                    0.500D+01
  Random seed for generating random starts                       0
Link                                                         LOGIT

Input data file(s)
  LCA_sw_detailed_model4_lca.dat
Input data format  FREE


SUMMARY OF DATA

     Number of missing data patterns             1
     Number of y missing data patterns           0
     Number of u missing data patterns           1


COVARIANCE COVERAGE OF DATA

Minimum covariance coverage value   0.100


UNIVARIATE PROPORTIONS AND COUNTS FOR CATEGORICAL VARIABLES

    LA_YN
      Category 1    0.764           42.000
      Category 2    0.236           13.000
    SW_PCAT
      Category 1    0.200           11.000
      Category 2    0.564           31.000
      Category 3    0.236           13.000
    DEL_YN
      Category 1    0.818           45.000
      Category 2    0.182           10.000
    SW_TYPE
      Category 1    0.473           26.000
      Category 2    0.200           11.000
      Category 3    0.327           18.000
    CA_YN
      Category 1    0.582           32.000
      Category 2    0.418           23.000


RANDOM STARTS RESULTS RANKED FROM THE BEST TO THE WORST LOGLIKELIHOOD VALUES

Final stage loglikelihood values at local maxima, seeds, and initial stage start numbers:

            -159.762  39136            226
            -159.762  286735           175
            -159.762  66276            217
            -159.762  471398           74
            -159.762  458181           189
            -159.762  576220           115
            -159.762  966014           37
            -159.762  414284           158
            -159.762  455617           242
            -159.762  848163           47
            -159.762  370466           41
            -159.762  784664           75
            -159.762  576596           99
            -159.762  637345           19
            -159.762  748692           204
            -159.762  462953           7
            -159.762  794236           127
            -159.762  36714            201
            -159.762  761633           50
            -159.762  963053           43
            -159.762  80438            246
            -159.762  715561           125
            -159.762  848331           137
            -159.762  392407           221
            -159.762  992389           77
            -159.762  207896           25
            -159.762  939021           8
            -159.762  392418           28
            -159.762  728038           177
            -159.762  863094           147
            -159.762  481835           57
            -159.762  unperturbed      0
            -159.762  17359            227
            -159.762  568405           233
            -159.762  383986           159
            -159.762  587946           120
            -159.762  46437            153
            -159.762  436460           89
            -159.762  848890           95
            -159.762  369602           146
            -159.762  802779           122
            -159.762  281558           184
            -159.762  232559           136
            -159.762  760878           249
            -159.762  30098            209
            -160.464  902278           21
            -160.464  813779           92
            -160.464  950604           172
            -160.464  27071            15
            -160.790  789985           67



THE BEST LOGLIKELIHOOD VALUE HAS BEEN REPLICATED.  RERUN WITH AT LEAST TWICE THE
RANDOM STARTS TO CHECK THAT THE BEST LOGLIKELIHOOD IS STILL OBTAINED AND REPLICATED.

     IN THE OPTIMIZATION, ONE OR MORE LOGIT THRESHOLDS APPROACHED EXTREME VALUES
     OF -15.000 AND 15.000 AND WERE FIXED TO STABILIZE MODEL ESTIMATION.  THESE
     VALUES IMPLY PROBABILITIES OF 0 AND 1.  IN THE MODEL RESULTS SECTION, THESE
     PARAMETERS HAVE 0 STANDARD ERRORS AND 999 IN THE Z-SCORE AND P-VALUE COLUMNS.




THE MODEL ESTIMATION TERMINATED NORMALLY



MODEL FIT INFORMATION

Number of Free Parameters                       23

Loglikelihood

          H0 Value                        -159.762
          H0 Scaling Correction Factor      1.0170
            for MLR

Information Criteria

          Akaike (AIC)                     365.524
          Bayesian (BIC)                   411.693
          Sample-Size Adjusted BIC         339.419
            (n* = (n + 2) / 24)

Chi-Square Test of Model Fit for the Binary and Ordered Categorical
(Ordinal) Outcomes

          Pearson Chi-Square

          Value                             30.684
          Degrees of Freedom                    48
          P-Value                           0.9756

          Likelihood Ratio Chi-Square

          Value                             20.561
          Degrees of Freedom                    48
          P-Value                           0.9998



FINAL CLASS COUNTS AND PROPORTIONS FOR THE LATENT CLASSES
BASED ON THE ESTIMATED MODEL

    Latent
   Classes

       1         14.23589          0.25883
       2         26.00000          0.47273
       3         14.76411          0.26844


FINAL CLASS COUNTS AND PROPORTIONS FOR THE LATENT CLASSES
BASED ON ESTIMATED POSTERIOR PROBABILITIES

    Latent
   Classes

       1         14.23589          0.25883
       2         26.00000          0.47273
       3         14.76411          0.26844


FINAL CLASS COUNTS AND PROPORTIONS FOR THE LATENT CLASSES
BASED ON THEIR MOST LIKELY LATENT CLASS MEMBERSHIP

Class Counts and Proportions

    Latent
   Classes

       1               12          0.21818
       2               26          0.47273
       3               17          0.30909


CLASSIFICATION QUALITY

     Entropy                         0.931


           Univariate Entropy
              LA_YN         SW_PCAT       DEL_YN        SW_TYPE       CA_YN
              ________      ________      ________      ________      ________
                0.115         0.271         0.089         0.860         0.496


Classification Probabilities for the Most Likely Latent Class Membership (Column)
by Latent Class (Row)

           1        2        3

    1   0.843    0.000    0.157
    2   0.000    1.000    0.000
    3   0.000    0.000    1.000


Logits for the Classification Probabilities for the Most Likely Latent Class Membership (Column)
by Latent Class (Row)

              1        2        3

    1      1.680  -11.964    0.000
    2      0.000   13.816    0.000
    3    -13.816  -13.816    0.000


MODEL RESULTS

                                                    Two-Tailed
                    Estimate       S.E.  Est./S.E.    P-Value

Latent Class 1

 Thresholds
    LA_YN$1            2.422      1.026      2.360      0.018
    SW_PCAT$1         -2.583      1.073     -2.408      0.016
    SW_PCAT$2          1.688      0.779      2.166      0.030
    DEL_YN$1           2.540      1.054      2.410      0.016
    SW_TYPE$1        -15.000      0.000    999.000    999.000
    SW_TYPE$2          1.224      1.217      1.005      0.315
    CA_YN$1           -0.317      0.676     -0.469      0.639

Latent Class 2

 Thresholds
    LA_YN$1            1.705      0.544      3.136      0.002
    SW_PCAT$1         -0.470      0.403     -1.166      0.244
    SW_PCAT$2          3.219      1.020      3.156      0.002
    DEL_YN$1           2.037      0.614      3.318      0.001
    SW_TYPE$1         15.000      0.000    999.000    999.000
    SW_TYPE$2         15.000      0.000    999.000    999.000
    CA_YN$1           15.000      0.000    999.000    999.000

Latent Class 3

 Thresholds
    LA_YN$1           -0.124      0.633     -0.196      0.845
    SW_PCAT$1        -15.000      0.000    999.000    999.000
    SW_PCAT$2         -0.674      0.815     -0.827      0.408
    DEL_YN$1           0.390      0.684      0.571      0.568
    SW_TYPE$1        -15.000      0.000    999.000    999.000
    SW_TYPE$2        -15.000      0.000    999.000    999.000
    CA_YN$1          -15.000      0.000    999.000    999.000

Categorical Latent Variables

 Means
    CLASS#1           -0.036      0.571     -0.064      0.949
    CLASS#2            0.566      0.389      1.454      0.146


RESULTS IN PROBABILITY SCALE

Latent Class 1

 LA_YN
    Category 1         0.918      0.077     11.952      0.000
    Category 2         0.082      0.077      1.061      0.289
 SW_PCAT
    Category 1         0.070      0.070      1.003      0.316
    Category 2         0.774      0.121      6.399      0.000
    Category 3         0.156      0.103      1.520      0.128
 DEL_YN
    Category 1         0.927      0.071     12.977      0.000
    Category 2         0.073      0.071      1.024      0.306
 SW_TYPE
    Category 1         0.000      0.000      0.000      1.000
    Category 2         0.773      0.214      3.614      0.000
    Category 3         0.227      0.214      1.063      0.288
 CA_YN
    Category 1         0.421      0.165      2.558      0.011
    Category 2         0.579      0.165      3.511      0.000

Latent Class 2

 LA_YN
    Category 1         0.846      0.071     11.958      0.000
    Category 2         0.154      0.071      2.174      0.030
 SW_PCAT
    Category 1         0.385      0.095      4.031      0.000
    Category 2         0.577      0.097      5.954      0.000
    Category 3         0.038      0.038      1.020      0.308
 DEL_YN
    Category 1         0.885      0.063     14.119      0.000
    Category 2         0.115      0.063      1.842      0.066
 SW_TYPE
    Category 1         1.000      0.000      0.000      1.000
    Category 2         0.000      0.000      0.000      1.000
    Category 3         0.000      0.000      0.000      1.000
 CA_YN
    Category 1         1.000      0.000      0.000      1.000
    Category 2         0.000      0.000      0.000      1.000

Latent Class 3

 LA_YN
    Category 1         0.469      0.158      2.974      0.003
    Category 2         0.531      0.158      3.366      0.001
 SW_PCAT
    Category 1         0.000      0.000      0.000      1.000
    Category 2         0.338      0.182      1.853      0.064
    Category 3         0.662      0.182      3.636      0.000
 DEL_YN
    Category 1         0.596      0.165      3.621      0.000
    Category 2         0.404      0.165      2.451      0.014
 SW_TYPE
    Category 1         0.000      0.000      0.000      1.000
    Category 2         0.000      0.000      0.000      1.000
    Category 3         1.000      0.000      0.000      1.000
 CA_YN
    Category 1         0.000      0.000      0.000      1.000
    Category 2         1.000      0.000      0.000      1.000


LATENT CLASS ODDS RATIO RESULTS

                                         (Est. - 1) Two-Tailed
                    Estimate       S.E.     / S.E.    P-Value

Latent Class 1 Compared to Latent Class 2

 LA_YN
    Category > 1       0.488      0.567     -0.903      0.367
 SW_PCAT
    Category > 1       8.272      9.480      0.767      0.443
    Category > 2       4.621      5.931      0.611      0.542
 DEL_YN
    Category > 1       0.605      0.738     -0.536      0.592
 SW_TYPE
    Category > 1   *********      0.000    999.000    999.000
    Category > 2   *********      0.000    999.000    999.000
 CA_YN
    Category > 1   *********      0.000    999.000    999.000

Latent Class 1 Compared to Latent Class 3

 LA_YN
    Category > 1       0.078      0.102     -9.054      0.000
 SW_PCAT
    Category > 1       0.000      0.000    999.000    999.000
    Category > 2       0.094      0.116     -7.781      0.000
 DEL_YN
    Category > 1       0.117      0.155     -5.697      0.000
 SW_TYPE
    Category > 1       1.000      0.000    999.000    999.000
    Category > 2       0.000      0.000    999.000    999.000
 CA_YN
    Category > 1       0.000      0.000    999.000    999.000

Latent Class 2 Compared to Latent Class 3

 LA_YN
    Category > 1       0.161      0.134     -6.262      0.000
 SW_PCAT
    Category > 1       0.000      0.000    999.000    999.000
    Category > 2       0.020      0.027    -36.807      0.000
 DEL_YN
    Category > 1       0.193      0.177     -4.556      0.000
 SW_TYPE
    Category > 1       0.000      0.000    999.000    999.000
    Category > 2       0.000      0.000    999.000    999.000
 CA_YN
    Category > 1       0.000      0.000    999.000    999.000


QUALITY OF NUMERICAL RESULTS

     Condition Number for the Information Matrix              0.152E-01
       (ratio of smallest to largest eigenvalue)


MODEL COMMAND WITH FINAL ESTIMATES USED AS STARTING VALUES

     %OVERALL%

     [ class#1*-0.03643 ];
     [ class#2*0.56590 ];

     %CLASS#1%

     [ la_yn$1*2.42180 ];
     [ sw_pcat$1*-2.58293 ];
     [ sw_pcat$2*1.68819 ];
     [ del_yn$1*2.53950 ];
     [ sw_type$1*-15 ];
     [ sw_type$2*1.22359 ];
     [ ca_yn$1*-0.31674 ];

     %CLASS#2%

     [ la_yn$1*1.70475 ];
     [ sw_pcat$1*-0.47000 ];
     [ sw_pcat$2*3.21888 ];
     [ del_yn$1*2.03688 ];
     [ sw_type$1*15 ];
     [ sw_type$2*15 ];
     [ ca_yn$1*15 ];

     %CLASS#3%

     [ la_yn$1*-0.12407 ];
     [ sw_pcat$1*-15 ];
     [ sw_pcat$2*-0.67379 ];
     [ del_yn$1*0.39047 ];
     [ sw_type$1*-15 ];
     [ sw_type$2*-15 ];
     [ ca_yn$1*-15 ];



TECHNICAL 1 OUTPUT


     PARAMETER SPECIFICATION FOR LATENT CLASS 1


     PARAMETER SPECIFICATION FOR LATENT CLASS 2


     PARAMETER SPECIFICATION FOR LATENT CLASS 3


     PARAMETER SPECIFICATION FOR LATENT CLASS INDICATOR MODEL PART


           TAU(U) FOR LATENT CLASS 1
              LA_YN$1       SW_PCAT$      SW_PCAT$      DEL_YN$1      SW_TYPE$
              ________      ________      ________      ________      ________
                    1             2             3             4             5


           TAU(U) FOR LATENT CLASS 1
              SW_TYPE$      CA_YN$1
              ________      ________
                    6             7


           TAU(U) FOR LATENT CLASS 2
              LA_YN$1       SW_PCAT$      SW_PCAT$      DEL_YN$1      SW_TYPE$
              ________      ________      ________      ________      ________
                    8             9            10            11            12


           TAU(U) FOR LATENT CLASS 2
              SW_TYPE$      CA_YN$1
              ________      ________
                   13            14


           TAU(U) FOR LATENT CLASS 3
              LA_YN$1       SW_PCAT$      SW_PCAT$      DEL_YN$1      SW_TYPE$
              ________      ________      ________      ________      ________
                   15            16            17            18            19


           TAU(U) FOR LATENT CLASS 3
              SW_TYPE$      CA_YN$1
              ________      ________
                   20            21


     PARAMETER SPECIFICATION FOR LATENT CLASS REGRESSION MODEL PART


           ALPHA(C)
              CLASS#1       CLASS#2       CLASS#3
              ________      ________      ________
                   22            23             0


     STARTING VALUES FOR LATENT CLASS 1


     STARTING VALUES FOR LATENT CLASS 2


     STARTING VALUES FOR LATENT CLASS 3


     STARTING VALUES FOR LATENT CLASS INDICATOR MODEL PART


           TAU(U) FOR LATENT CLASS 1
              LA_YN$1       SW_PCAT$      SW_PCAT$      DEL_YN$1      SW_TYPE$
              ________      ________      ________      ________      ________
                0.173        -2.386         0.173         0.504        -1.109


           TAU(U) FOR LATENT CLASS 1
              SW_TYPE$      CA_YN$1
              ________      ________
               -0.279        -0.670


           TAU(U) FOR LATENT CLASS 2
              LA_YN$1       SW_PCAT$      SW_PCAT$      DEL_YN$1      SW_TYPE$
              ________      ________      ________      ________      ________
                1.173        -1.386         1.173         1.504        -0.109


           TAU(U) FOR LATENT CLASS 2
              SW_TYPE$      CA_YN$1
              ________      ________
                0.721         0.330


           TAU(U) FOR LATENT CLASS 3
              LA_YN$1       SW_PCAT$      SW_PCAT$      DEL_YN$1      SW_TYPE$
              ________      ________      ________      ________      ________
                2.173        -0.386         2.173         2.504         0.891


           TAU(U) FOR LATENT CLASS 3
              SW_TYPE$      CA_YN$1
              ________      ________
                1.721         1.330


     STARTING VALUES FOR LATENT CLASS REGRESSION MODEL PART


           ALPHA(C)
              CLASS#1       CLASS#2       CLASS#3
              ________      ________      ________
                0.000         0.000         0.000


TECHNICAL 4 OUTPUT


PLOT INFORMATION

The following plots are available:

  Histograms (sample values)
  Scatterplots (sample values)
  Sample proportions and estimated probabilities

SAVEDATA INFORMATION


  Save file
    LCA_sw_detailed_model4_lca_3.dat SAVE = cprobabilites bchweights

  Order and format of variables

    LA_YN          F10.3
    SW_PCAT        F10.3
    DEL_YN         F10.3
    SW_TYPE        F10.3
    CA_YN          F10.3
    TS_YN          F10.3
    SW_POS3        F10.3
    SW_BR          F10.3
    SW_GR          F10.3
    SW_EF          F10.3
    TS_PAIR        F10.3
    LA_PAIR        F10.3
    SW_PAIR        F10.3
    CPROB1         F10.3
    CPROB2         F10.3
    CPROB3         F10.3
    CLASS          F10.3
    ID             I4

  Save file format
    17F10.3 I4

  Save file record length    10000


     Beginning Time:  20:34:01
        Ending Time:  20:34:02
       Elapsed Time:  00:00:01



MUTHEN & MUTHEN
3463 Stoner Ave.
Los Angeles, CA  90066

Tel: (310) 391-9971
Fax: (310) 391-8971
Web: www.StatModel.com
Support: Support@StatModel.com

Copyright (c) 1998-2019 Muthen & Muthen
