Mplus VERSION 8.4 (Mac)
MUTHEN & MUTHEN
04/27/2025   8:28 PM

INPUT INSTRUCTIONS


  TITLE: LCA_sw_detailed3 classes
  DATA: FILE IS LCA_sw_detailed_model3_lca.dat;

  VARIABLE:
  NAMES = id TS_YN LA_YN DEL_YN CA_YN SW_type SW_pos3 SW_BR SW_GR SW_EF TS_PAIR
       LA_PAIR SW_PAIR SW_pcat;
  IDVARIABLE = id;
  USEVARIABLES = LA_YN SW_pcat DEL_YN SW_type SW_pos3;
  CATEGORICAL = LA_YN SW_pcat DEL_YN SW_type SW_pos3;
  AUXILIARY = TS_YN CA_YN SW_BR SW_GR SW_EF TS_PAIR LA_PAIR SW_PAIR;
  MISSING = .;
  CLASSES = class (3);


  ANALYSIS:
  TYPE = MIXTURE;
  PROCESSORS = 12;
  STITERATIONS = 50;
  STARTS = 250 50;

  OUTPUT:
  SVALUES ENTROPY TECH1 TECH4;
  PLOT: TYPE=PLOT1 PLOT2 PLOT3;
  SAVEDATA:
  FILE IS LCA_sw_detailed_model3_lca_3.dat
  SAVE = cprobabilites bchweights;



INPUT READING TERMINATED NORMALLY



LCA_sw_detailed3 classes

SUMMARY OF ANALYSIS

Number of groups                                                 1
Number of observations                                          55

Number of dependent variables                                    5
Number of independent variables                                  0
Number of continuous latent variables                            0
Number of categorical latent variables                           1

Observed dependent variables

  Binary and ordered categorical (ordinal)
   LA_YN       SW_PCAT     DEL_YN      SW_TYPE     SW_POS3

Observed auxiliary variables
   TS_YN       CA_YN       SW_BR       SW_GR       SW_EF       TS_PAIR
   LA_PAIR     SW_PAIR

Categorical latent variables
   CLASS

Variables with special functions

  ID variable           ID

Estimator                                                      MLR
Information matrix                                        OBSERVED
Optimization Specifications for the Quasi-Newton Algorithm for
Continuous Outcomes
  Maximum number of iterations                                 100
  Convergence criterion                                  0.100D-05
Optimization Specifications for the EM Algorithm
  Maximum number of iterations                                 500
  Convergence criteria
    Loglikelihood change                                 0.100D-06
    Relative loglikelihood change                        0.100D-06
    Derivative                                           0.100D-05
Optimization Specifications for the M step of the EM Algorithm for
Categorical Latent variables
  Number of M step iterations                                    1
  M step convergence criterion                           0.100D-05
  Basis for M step termination                           ITERATION
Optimization Specifications for the M step of the EM Algorithm for
Censored, Binary or Ordered Categorical (Ordinal), Unordered
Categorical (Nominal) and Count Outcomes
  Number of M step iterations                                    1
  M step convergence criterion                           0.100D-05
  Basis for M step termination                           ITERATION
  Maximum value for logit thresholds                            15
  Minimum value for logit thresholds                           -15
  Minimum expected cell size for chi-square              0.100D-01
Maximum number of iterations for H1                           2000
Convergence criterion for H1                             0.100D-03
Optimization algorithm                                         EMA
Random Starts Specifications
  Number of initial stage random starts                        250
  Number of final stage optimizations                           50
  Number of initial stage iterations                            50
  Initial stage convergence criterion                    0.100D+01
  Random starts scale                                    0.500D+01
  Random seed for generating random starts                       0
Link                                                         LOGIT

Input data file(s)
  LCA_sw_detailed_model3_lca.dat
Input data format  FREE


SUMMARY OF DATA

     Number of missing data patterns             1
     Number of y missing data patterns           0
     Number of u missing data patterns           1


COVARIANCE COVERAGE OF DATA

Minimum covariance coverage value   0.100


UNIVARIATE PROPORTIONS AND COUNTS FOR CATEGORICAL VARIABLES

    LA_YN
      Category 1    0.764           42.000
      Category 2    0.236           13.000
    SW_PCAT
      Category 1    0.200           11.000
      Category 2    0.564           31.000
      Category 3    0.236           13.000
    DEL_YN
      Category 1    0.818           45.000
      Category 2    0.182           10.000
    SW_TYPE
      Category 1    0.473           26.000
      Category 2    0.200           11.000
      Category 3    0.327           18.000
    SW_POS3
      Category 1    0.036            2.000
      Category 2    0.545           30.000
      Category 3    0.418           23.000


RANDOM STARTS RESULTS RANKED FROM THE BEST TO THE WORST LOGLIKELIHOOD VALUES

Final stage loglikelihood values at local maxima, seeds, and initial stage start numbers:

            -166.813  471398           74
            -166.813  691234           250
            -166.813  354559           73
            -166.813  957392           79
            -166.813  297518           166
            -166.813  544048           87
            -166.813  364676           27
            -166.813  891531           206
            -166.813  966014           37
            -166.813  399848           220
            -166.813  202790           198
            -166.813  195873           6
            -166.813  321390           133
            -166.813  848890           95
            -166.813  286735           175
            -166.813  915107           54
            -166.813  51375            148
            -166.813  97158            205
            -166.813  715561           125
            -166.813  814975           129
            -166.813  107446           12
            -166.813  156536           245
            -166.813  329127           185
            -166.813  481835           57
            -166.813  573096           20
            -166.813  568405           233
            -166.813  915642           40
            -166.813  789985           67
            -166.813  695155           150
            -166.813  462953           7
            -166.813  268896           124
            -166.813  963053           43
            -166.813  411615           171
            -166.813  70118            104
            -166.813  754100           56
            -166.813  749453           33
            -166.813  645664           39
            -166.813  579995           183
            -166.813  673496           218
            -166.813  152496           123
            -166.813  39136            226
            -166.813  741888           138
            -166.813  997222           229
            -167.691  960438           116
            -167.841  415502           194
            -167.841  399671           13

4 perturbed starting value run(s) did not converge or were rejected in the third stage.



THE BEST LOGLIKELIHOOD VALUE HAS BEEN REPLICATED.  RERUN WITH AT LEAST TWICE THE
RANDOM STARTS TO CHECK THAT THE BEST LOGLIKELIHOOD IS STILL OBTAINED AND REPLICATED.

     IN THE OPTIMIZATION, ONE OR MORE LOGIT THRESHOLDS APPROACHED EXTREME VALUES
     OF -15.000 AND 15.000 AND WERE FIXED TO STABILIZE MODEL ESTIMATION.  THESE
     VALUES IMPLY PROBABILITIES OF 0 AND 1.  IN THE MODEL RESULTS SECTION, THESE
     PARAMETERS HAVE 0 STANDARD ERRORS AND 999 IN THE Z-SCORE AND P-VALUE COLUMNS.




THE MODEL ESTIMATION TERMINATED NORMALLY



MODEL FIT INFORMATION

Number of Free Parameters                       26

Loglikelihood

          H0 Value                        -166.813
          H0 Scaling Correction Factor      1.0151
            for MLR

Information Criteria

          Akaike (AIC)                     385.626
          Bayesian (BIC)                   437.817
          Sample-Size Adjusted BIC         356.116
            (n* = (n + 2) / 24)

Chi-Square Test of Model Fit for the Binary and Ordered Categorical
(Ordinal) Outcomes

          Pearson Chi-Square

          Value                             36.222
          Degrees of Freedom                    81
          P-Value                           1.0000

          Likelihood Ratio Chi-Square

          Value                             25.666
          Degrees of Freedom                    81
          P-Value                           1.0000



FINAL CLASS COUNTS AND PROPORTIONS FOR THE LATENT CLASSES
BASED ON THE ESTIMATED MODEL

    Latent
   Classes

       1         26.00000          0.47273
       2         14.76425          0.26844
       3         14.23575          0.25883


FINAL CLASS COUNTS AND PROPORTIONS FOR THE LATENT CLASSES
BASED ON ESTIMATED POSTERIOR PROBABILITIES

    Latent
   Classes

       1         26.00000          0.47273
       2         14.76425          0.26844
       3         14.23575          0.25883


FINAL CLASS COUNTS AND PROPORTIONS FOR THE LATENT CLASSES
BASED ON THEIR MOST LIKELY LATENT CLASS MEMBERSHIP

Class Counts and Proportions

    Latent
   Classes

       1               26          0.47273
       2               17          0.30909
       3               12          0.21818


CLASSIFICATION QUALITY

     Entropy                         0.931


           Univariate Entropy
              LA_YN         SW_PCAT       DEL_YN        SW_TYPE       SW_POS3
              ________      ________      ________      ________      ________
                0.115         0.271         0.089         0.860         0.503


Classification Probabilities for the Most Likely Latent Class Membership (Column)
by Latent Class (Row)

           1        2        3

    1   1.000    0.000    0.000
    2   0.000    1.000    0.000
    3   0.000    0.157    0.843


Logits for the Classification Probabilities for the Most Likely Latent Class Membership (Column)
by Latent Class (Row)

              1        2        3

    1     13.816    0.000    0.000
    2      0.000   13.816    0.000
    3    -13.645   -1.680    0.000


MODEL RESULTS

                                                    Two-Tailed
                    Estimate       S.E.  Est./S.E.    P-Value

Latent Class 1

 Thresholds
    LA_YN$1            1.705      0.544      3.136      0.002
    SW_PCAT$1         -0.470      0.403     -1.166      0.244
    SW_PCAT$2          3.219      1.020      3.156      0.002
    DEL_YN$1           2.037      0.614      3.318      0.001
    SW_TYPE$1         15.000      0.000    999.000    999.000
    SW_TYPE$2         15.000      0.000    999.000    999.000
    SW_POS3$1         -2.485      0.736     -3.376      0.001
    SW_POS3$2         15.000      0.000    999.000    999.000

Latent Class 2

 Thresholds
    LA_YN$1           -0.124      0.633     -0.196      0.845
    SW_PCAT$1        -15.000      0.000    999.000    999.000
    SW_PCAT$2         -0.674      0.815     -0.827      0.408
    DEL_YN$1           0.390      0.684      0.571      0.568
    SW_TYPE$1        -15.000      0.000    999.000    999.000
    SW_TYPE$2        -15.000      0.000    999.000    999.000
    SW_POS3$1        -15.000      0.000    999.000    999.000
    SW_POS3$2        -15.000      0.000    999.000    999.000

Latent Class 3

 Thresholds
    LA_YN$1            2.422      1.026      2.360      0.018
    SW_PCAT$1         -2.583      1.073     -2.408      0.016
    SW_PCAT$2          1.688      0.779      2.166      0.030
    DEL_YN$1           2.539      1.054      2.410      0.016
    SW_TYPE$1        -15.000      0.000    999.000    999.000
    SW_TYPE$2          1.224      1.217      1.005      0.315
    SW_POS3$1        -15.000      0.000    999.000    999.000
    SW_POS3$2         -0.317      0.676     -0.469      0.639

Categorical Latent Variables

 Means
    CLASS#1            0.602      0.397      1.518      0.129
    CLASS#2            0.036      0.571      0.064      0.949


RESULTS IN PROBABILITY SCALE

Latent Class 1

 LA_YN
    Category 1         0.846      0.071     11.958      0.000
    Category 2         0.154      0.071      2.174      0.030
 SW_PCAT
    Category 1         0.385      0.095      4.031      0.000
    Category 2         0.577      0.097      5.954      0.000
    Category 3         0.038      0.038      1.020      0.308
 DEL_YN
    Category 1         0.885      0.063     14.119      0.000
    Category 2         0.115      0.063      1.842      0.066
 SW_TYPE
    Category 1         1.000      0.000      0.000      1.000
    Category 2         0.000      0.000      0.000      1.000
    Category 3         0.000      0.000      0.000      1.000
 SW_POS3
    Category 1         0.077      0.052      1.472      0.141
    Category 2         0.923      0.052     17.664      0.000
    Category 3         0.000      0.000      0.000      1.000

Latent Class 2

 LA_YN
    Category 1         0.469      0.158      2.974      0.003
    Category 2         0.531      0.158      3.366      0.001
 SW_PCAT
    Category 1         0.000      0.000      0.000      1.000
    Category 2         0.338      0.182      1.853      0.064
    Category 3         0.662      0.182      3.636      0.000
 DEL_YN
    Category 1         0.596      0.165      3.621      0.000
    Category 2         0.404      0.165      2.451      0.014
 SW_TYPE
    Category 1         0.000      0.000      0.000      1.000
    Category 2         0.000      0.000      0.000      1.000
    Category 3         1.000      0.000      0.000      1.000
 SW_POS3
    Category 1         0.000      0.000      0.000      1.000
    Category 2         0.000      0.000      0.000      1.000
    Category 3         1.000      0.000      0.000      1.000

Latent Class 3

 LA_YN
    Category 1         0.918      0.077     11.952      0.000
    Category 2         0.082      0.077      1.061      0.289
 SW_PCAT
    Category 1         0.070      0.070      1.003      0.316
    Category 2         0.774      0.121      6.399      0.000
    Category 3         0.156      0.103      1.520      0.128
 DEL_YN
    Category 1         0.927      0.071     12.976      0.000
    Category 2         0.073      0.071      1.024      0.306
 SW_TYPE
    Category 1         0.000      0.000      0.000      1.000
    Category 2         0.773      0.214      3.614      0.000
    Category 3         0.227      0.214      1.063      0.288
 SW_POS3
    Category 1         0.000      0.000      0.000      1.000
    Category 2         0.421      0.165      2.558      0.011
    Category 3         0.579      0.165      3.511      0.000


LATENT CLASS ODDS RATIO RESULTS

                                         (Est. - 1) Two-Tailed
                    Estimate       S.E.     / S.E.    P-Value

Latent Class 1 Compared to Latent Class 2

 LA_YN
    Category > 1       0.161      0.134     -6.262      0.000
 SW_PCAT
    Category > 1       0.000      0.000    999.000    999.000
    Category > 2       0.020      0.027    -36.806      0.000
 DEL_YN
    Category > 1       0.193      0.177     -4.556      0.000
 SW_TYPE
    Category > 1       0.000      0.000    999.000    999.000
    Category > 2       0.000      0.000    999.000    999.000
 SW_POS3
    Category > 1       0.000      0.000    999.000    999.000
    Category > 2       0.000      0.000    999.000    999.000

Latent Class 1 Compared to Latent Class 3

 LA_YN
    Category > 1       2.048      2.379      0.441      0.659
 SW_PCAT
    Category > 1       0.121      0.139     -6.346      0.000
    Category > 2       0.216      0.278     -2.822      0.005
 DEL_YN
    Category > 1       1.653      2.016      0.324      0.746
 SW_TYPE
    Category > 1       0.000      0.000    999.000    999.000
    Category > 2       0.000      0.000    999.000    999.000
 SW_POS3
    Category > 1       0.000      0.000    999.000    999.000
    Category > 2       0.000      0.000    999.000    999.000

Latent Class 2 Compared to Latent Class 3

 LA_YN
    Category > 1      12.754     16.558      0.710      0.478
 SW_PCAT
    Category > 1   *********      0.000    999.000    999.000
    Category > 2      10.612     13.108      0.733      0.463
 DEL_YN
    Category > 1       8.576     11.405      0.664      0.506
 SW_TYPE
    Category > 1       1.000      0.000    999.000    999.000
    Category > 2   *********      0.000    999.000    999.000
 SW_POS3
    Category > 1       1.000      0.000    999.000    999.000
    Category > 2   *********      0.000    999.000    999.000


QUALITY OF NUMERICAL RESULTS

     Condition Number for the Information Matrix              0.149E-01
       (ratio of smallest to largest eigenvalue)


MODEL COMMAND WITH FINAL ESTIMATES USED AS STARTING VALUES

     %OVERALL%

     [ class#1*0.60234 ];
     [ class#2*0.03645 ];

     %CLASS#1%

     [ la_yn$1*1.70475 ];
     [ sw_pcat$1*-0.47000 ];
     [ sw_pcat$2*3.21888 ];
     [ del_yn$1*2.03688 ];
     [ sw_type$1*15 ];
     [ sw_type$2*15 ];
     [ sw_pos3$1*-2.48491 ];
     [ sw_pos3$2*15 ];

     %CLASS#2%

     [ la_yn$1*-0.12405 ];
     [ sw_pcat$1*-15 ];
     [ sw_pcat$2*-0.67376 ];
     [ del_yn$1*0.39049 ];
     [ sw_type$1*-15 ];
     [ sw_type$2*-15 ];
     [ sw_pos3$1*-15 ];
     [ sw_pos3$2*-15 ];

     %CLASS#3%

     [ la_yn$1*2.42180 ];
     [ sw_pcat$1*-2.58292 ];
     [ sw_pcat$2*1.68819 ];
     [ del_yn$1*2.53949 ];
     [ sw_type$1*-15 ];
     [ sw_type$2*1.22364 ];
     [ sw_pos3$1*-15 ];
     [ sw_pos3$2*-0.31672 ];



TECHNICAL 1 OUTPUT


     PARAMETER SPECIFICATION FOR LATENT CLASS 1


     PARAMETER SPECIFICATION FOR LATENT CLASS 2


     PARAMETER SPECIFICATION FOR LATENT CLASS 3


     PARAMETER SPECIFICATION FOR LATENT CLASS INDICATOR MODEL PART


           TAU(U) FOR LATENT CLASS 1
              LA_YN$1       SW_PCAT$      SW_PCAT$      DEL_YN$1      SW_TYPE$
              ________      ________      ________      ________      ________
                    1             2             3             4             5


           TAU(U) FOR LATENT CLASS 1
              SW_TYPE$      SW_POS3$      SW_POS3$
              ________      ________      ________
                    6             7             8


           TAU(U) FOR LATENT CLASS 2
              LA_YN$1       SW_PCAT$      SW_PCAT$      DEL_YN$1      SW_TYPE$
              ________      ________      ________      ________      ________
                    9            10            11            12            13


           TAU(U) FOR LATENT CLASS 2
              SW_TYPE$      SW_POS3$      SW_POS3$
              ________      ________      ________
                   14            15            16


           TAU(U) FOR LATENT CLASS 3
              LA_YN$1       SW_PCAT$      SW_PCAT$      DEL_YN$1      SW_TYPE$
              ________      ________      ________      ________      ________
                   17            18            19            20            21


           TAU(U) FOR LATENT CLASS 3
              SW_TYPE$      SW_POS3$      SW_POS3$
              ________      ________      ________
                   22            23            24


     PARAMETER SPECIFICATION FOR LATENT CLASS REGRESSION MODEL PART


           ALPHA(C)
              CLASS#1       CLASS#2       CLASS#3
              ________      ________      ________
                   25            26             0


     STARTING VALUES FOR LATENT CLASS 1


     STARTING VALUES FOR LATENT CLASS 2


     STARTING VALUES FOR LATENT CLASS 3


     STARTING VALUES FOR LATENT CLASS INDICATOR MODEL PART


           TAU(U) FOR LATENT CLASS 1
              LA_YN$1       SW_PCAT$      SW_PCAT$      DEL_YN$1      SW_TYPE$
              ________      ________      ________      ________      ________
                0.173        -2.386         0.173         0.504        -1.109


           TAU(U) FOR LATENT CLASS 1
              SW_TYPE$      SW_POS3$      SW_POS3$
              ________      ________      ________
               -0.279        -4.277        -0.670


           TAU(U) FOR LATENT CLASS 2
              LA_YN$1       SW_PCAT$      SW_PCAT$      DEL_YN$1      SW_TYPE$
              ________      ________      ________      ________      ________
                1.173        -1.386         1.173         1.504        -0.109


           TAU(U) FOR LATENT CLASS 2
              SW_TYPE$      SW_POS3$      SW_POS3$
              ________      ________      ________
                0.721        -3.277         0.330


           TAU(U) FOR LATENT CLASS 3
              LA_YN$1       SW_PCAT$      SW_PCAT$      DEL_YN$1      SW_TYPE$
              ________      ________      ________      ________      ________
                2.173        -0.386         2.173         2.504         0.891


           TAU(U) FOR LATENT CLASS 3
              SW_TYPE$      SW_POS3$      SW_POS3$
              ________      ________      ________
                1.721        -2.277         1.330


     STARTING VALUES FOR LATENT CLASS REGRESSION MODEL PART


           ALPHA(C)
              CLASS#1       CLASS#2       CLASS#3
              ________      ________      ________
                0.000         0.000         0.000


TECHNICAL 4 OUTPUT


PLOT INFORMATION

The following plots are available:

  Histograms (sample values)
  Scatterplots (sample values)
  Sample proportions and estimated probabilities

SAVEDATA INFORMATION


  Save file
    LCA_sw_detailed_model3_lca_3.dat SAVE = cprobabilites bchweights

  Order and format of variables

    LA_YN          F10.3
    SW_PCAT        F10.3
    DEL_YN         F10.3
    SW_TYPE        F10.3
    SW_POS3        F10.3
    TS_YN          F10.3
    CA_YN          F10.3
    SW_BR          F10.3
    SW_GR          F10.3
    SW_EF          F10.3
    TS_PAIR        F10.3
    LA_PAIR        F10.3
    SW_PAIR        F10.3
    CPROB1         F10.3
    CPROB2         F10.3
    CPROB3         F10.3
    CLASS          F10.3
    ID             I4

  Save file format
    17F10.3 I4

  Save file record length    10000


     Beginning Time:  20:28:51
        Ending Time:  20:28:52
       Elapsed Time:  00:00:01



MUTHEN & MUTHEN
3463 Stoner Ave.
Los Angeles, CA  90066

Tel: (310) 391-9971
Fax: (310) 391-8971
Web: www.StatModel.com
Support: Support@StatModel.com

Copyright (c) 1998-2019 Muthen & Muthen
