Mplus VERSION 8.4 (Mac)
MUTHEN & MUTHEN
04/27/2025   8:59 PM

INPUT INSTRUCTIONS


  TITLE: LCA_full_pairs3 classes
  DATA: FILE IS LCA_full_pairs_model1_lca.dat;

  VARIABLE:
  NAMES = id TS_YN LA_YN DEL_YN CA_YN SW_type SW_pos3 SW_BR SW_GR SW_EF TS_PAIR
       LA_PAIR SW_PAIR SW_pcat;
  IDVARIABLE = id;
  USEVARIABLES = TS_PAIR LA_PAIR SW_PAIR DEL_YN SW_type SW_pos3;
  CATEGORICAL = DEL_YN SW_type SW_pos3;
  COUNT = TS_PAIR (p) SW_PAIR (p) LA_PAIR (nbi);
  AUXILIARY = TS_YN LA_YN CA_YN SW_BR SW_GR SW_EF SW_pcat;
  MISSING = .;
  CLASSES = class (3);

  MODEL:
  %CLASS#1%
  [ LA_PAIR#1 ];
  %CLASS#2%
  [ LA_PAIR#1 ];
  %CLASS#3%
  [ LA_PAIR#1 ];

  ANALYSIS:
  TYPE = MIXTURE;
  PROCESSORS = 12;
  STITERATIONS = 800;
  STARTS = 4000 800;

  OUTPUT:
  SVALUES ENTROPY TECH1 TECH4;
  PLOT: TYPE=PLOT1 PLOT2 PLOT3;
  SAVEDATA:
  FILE IS LCA_full_pairs_model1_lca_3.dat
  SAVE = cprobabilites bchweights;



INPUT READING TERMINATED NORMALLY



LCA_full_pairs3 classes

SUMMARY OF ANALYSIS

Number of groups                                                 1
Number of observations                                          55

Number of dependent variables                                    6
Number of independent variables                                  0
Number of continuous latent variables                            0
Number of categorical latent variables                           1

Observed dependent variables

  Binary and ordered categorical (ordinal)
   DEL_YN      SW_TYPE     SW_POS3

  Count
   TS_PAIR     SW_PAIR     LA_PAIR

Observed auxiliary variables
   TS_YN       LA_YN       CA_YN       SW_BR       SW_GR       SW_EF
   SW_PCAT

Categorical latent variables
   CLASS

Variables with special functions

  ID variable           ID

Estimator                                                      MLR
Information matrix                                        OBSERVED
Optimization Specifications for the Quasi-Newton Algorithm for
Continuous Outcomes
  Maximum number of iterations                                 100
  Convergence criterion                                  0.100D-05
Optimization Specifications for the EM Algorithm
  Maximum number of iterations                                 500
  Convergence criteria
    Loglikelihood change                                 0.100D-06
    Relative loglikelihood change                        0.100D-06
    Derivative                                           0.100D-05
Optimization Specifications for the M step of the EM Algorithm for
Categorical Latent variables
  Number of M step iterations                                    1
  M step convergence criterion                           0.100D-05
  Basis for M step termination                           ITERATION
Optimization Specifications for the M step of the EM Algorithm for
Censored, Binary or Ordered Categorical (Ordinal), Unordered
Categorical (Nominal) and Count Outcomes
  Number of M step iterations                                    1
  M step convergence criterion                           0.100D-05
  Basis for M step termination                           ITERATION
  Maximum value for logit thresholds                            15
  Minimum value for logit thresholds                           -15
  Minimum expected cell size for chi-square              0.100D-01
Maximum number of iterations for H1                           2000
Convergence criterion for H1                             0.100D-03
Optimization algorithm                                         EMA
Random Starts Specifications
  Number of initial stage random starts                       4000
  Number of final stage optimizations                          800
  Number of initial stage iterations                           800
  Initial stage convergence criterion                    0.100D+01
  Random starts scale                                    0.500D+01
  Random seed for generating random starts                       0
Link                                                         LOGIT

Input data file(s)
  LCA_full_pairs_model1_lca.dat
Input data format  FREE


SUMMARY OF DATA

     Number of missing data patterns             1
     Number of y missing data patterns           0
     Number of u missing data patterns           1


COVARIANCE COVERAGE OF DATA

Minimum covariance coverage value   0.100


UNIVARIATE PROPORTIONS AND COUNTS FOR CATEGORICAL VARIABLES

    DEL_YN
      Category 1    0.818           45.000
      Category 2    0.182           10.000
    SW_TYPE
      Category 1    0.473           26.000
      Category 2    0.200           11.000
      Category 3    0.327           18.000
    SW_POS3
      Category 1    0.036            2.000
      Category 2    0.545           30.000
      Category 3    0.418           23.000


COUNT PROPORTION OF ZERO, MINIMUM AND MAXIMUM VALUES

      TS_PAIR     0.073         0         4
      SW_PAIR     0.200         0         4
      LA_PAIR     0.764         0         4


RANDOM STARTS RESULTS RANKED FROM THE BEST TO THE WORST LOGLIKELIHOOD VALUES

Final stage loglikelihood values at local maxima, seeds, and initial stage start numbers:

            -291.134  850112           922
            -291.134  969468           2674
            -291.134  860102           495
            -291.134  289148           1092
            -291.134  679391           3354
            -291.134  561281           2393
            -291.134  146857           1673
            -291.134  135072           2915
            -291.134  247912           537
            -291.134  259997           3449
            -291.134  89970            223
            -291.134  733490           2834
            -291.134  365620           1457
            -291.134  633681           2580
            -291.134  290171           3413
            -291.134  438144           271
            -291.134  927789           2742
            -291.134  478341           731
            -291.134  976247           2459
            -291.134  679891           3168
            -291.134  494115           2634
            -291.134  333082           578
            -291.134  431271           943
            -291.134  202379           2921
            -291.134  924828           1389
            -291.134  800454           751
            -291.134  661264           1181
            -291.134  514266           3692
            -291.134  360419           356
            -291.134  946467           3724
            -291.134  511811           3379
            -291.134  357077           3007
            -291.134  711046           3445
            -291.134  102093           1521
            -291.134  488814           3170
            -291.134  602328           2117
            -291.134  820822           3986
            -291.134  496881           192
            -291.134  572472           2159
            -291.134  663031           1566
            -291.134  444660           3137
            -291.134  396614           918
            -291.134  642008           1894
            -291.134  101641           2481
            -291.134  745674           3511
            -291.134  464179           106
            -291.134  351622           551
            -291.134  426103           3577
            -291.134  157206           3920
            -291.134  634888           3641
            -291.134  990491           1709
            -291.134  366739           1283
            -291.134  491690           3688
            -291.134  229573           3800
            -291.134  931874           141
            -291.134  228558           2496
            -291.134  779095           3132
            -291.134  421731           886
            -291.134  494200           3372
            -291.134  122167           2706
            -291.134  273640           2028
            -291.134  64717            1631
            -291.134  681671           1253
            -291.134  733175           1857
            -291.134  679448           937
            -291.134  561513           3345
            -291.134  338892           1432
            -291.134  827041           2400
            -291.134  949311           2889
            -291.134  80438            246
            -291.134  72866            692
            -291.134  480926           1824
            -291.134  164467           2047
            -291.134  15160            3507
            -291.134  579712           2359
            -291.134  391752           3421
            -291.134  732140           2131
            -291.134  991329           182
            -291.134  605784           3836
            -291.134  199639           1094
            -291.134  469571           2712
            -291.134  118421           139
            -291.134  370823           2640
            -291.134  723096           1388
            -291.134  623663           3446
            -291.134  230121           1391
            -291.134  621308           3960
            -291.134  467509           3546
            -291.134  442653           2553
            -291.134  32106            2108
            -291.134  915107           54
            -291.134  84256            2662
            -291.134  985883           3015
            -291.134  839912           3360
            -291.134  287545           3198
            -291.134  429335           2021
            -291.134  659773           663
            -291.134  323788           3307
            -291.134  754100           56
            -291.134  349360           464
            -291.134  652539           2596
            -291.134  607642           1838
            -291.134  132524           2316
            -291.134  325724           1043
            -291.134  802928           892
            -291.134  440841           118
            -291.134  76847            1959
            -291.134  327927           908
            -291.134  776504           2218
            -291.134  170683           2388
            -291.134  123962           1868
            -291.134  605161           409
            -291.134  51375            148
            -291.134  232249           1629
            -291.134  579124           3973
            -291.134  463894           1733
            -291.134  833278           3265
            -291.134  273669           1118
            -291.134  313306           612
            -291.134  231581           1048
            -291.134  945711           1419
            -291.134  369602           146
            -291.134  935426           3142
            -291.134  830416           2120
            -291.134  582630           3537
            -291.134  620568           2843
            -291.134  unperturbed      0
            -291.134  214260           2283
            -291.134  265927           3685
            -291.134  535063           329
            -291.134  732971           1447
            -291.134  11984            934
            -291.134  282955           1073
            -291.134  752847           1109
            -291.134  871915           1602
            -291.134  60380            3099
            -291.134  979084           2837
            -291.134  156465           3495
            -291.134  877272           1406
            -291.134  473869           3707
            -291.134  517385           2554
            -291.134  36579            2265
            -291.134  106840           3404
            -291.134  575827           3367
            -291.134  906835           2994
            -291.134  889020           2277
            -291.134  314551           3955
            -291.134  556697           3174
            -291.134  435287           623
            -291.134  222513           1088
            -291.134  317476           1427
            -291.134  660326           2639
            -291.134  441119           2104
            -291.134  856612           700
            -291.134  256197           1923
            -291.134  133904           2816
            -291.134  602889           2176
            -291.134  735183           1666
            -291.134  179229           1453
            -291.134  643311           888
            -291.134  269910           1861
            -291.134  3461             3879
            -291.134  788197           3328
            -291.134  818278           2043
            -291.134  332809           2687
            -291.134  772315           1958
            -291.134  254551           996
            -291.134  401377           1889
            -291.134  327475           518
            -291.134  456213           160
            -291.134  536082           1539
            -291.134  111066           1509
            -291.134  883488           3465
            -291.134  59296            1534
            -291.134  968175           2744
            -291.134  640833           434
            -291.134  987487           3627
            -291.134  754057           3252
            -291.134  486572           1333
            -291.134  160326           546
            -291.134  383791           3373
            -291.134  53621            483
            -291.134  348892           1010
            -291.134  284716           713
            -291.134  891510           1625
            -291.134  638577           769
            -291.134  797381           3063
            -291.134  884146           1720
            -291.134  576306           3678
            -291.134  565763           2231
            -291.134  947659           2351
            -291.134  913007           3017
            -291.134  268642           2114
            -291.134  858804           534
            -291.134  480046           2484
            -291.134  15150            3087
            -291.134  33553            2098
            -291.134  685765           2244
            -291.134  107362           2928
            -291.134  259148           1734
            -291.134  426557           1306
            -291.134  518561           1856
            -291.134  794804           1211
            -291.134  834526           3655
            -291.134  845569           3567
            -291.134  977800           853
            -291.134  686482           215
            -291.134  712702           684
            -291.134  691544           2183
            -291.134  613319           2008
            -291.134  299774           1777
            -291.134  173709           1560
            -291.134  192071           142
            -291.134  387016           1035
            -291.134  972349           3700
            -291.134  574412           679
            -291.134  621978           1587
            -291.134  514098           3306
            -291.134  288940           2122
            -291.134  95219            1871
            -291.134  827063           3234
            -291.134  74736            2335
            -291.134  729232           1892
            -291.134  79212            517
            -291.134  824956           607
            -291.134  319575           499
            -291.134  303834           798
            -291.134  442158           2644
            -291.134  972931           3293
            -291.134  416483           3999
            -291.134  364449           2239
            -291.134  214681           824
            -291.134  532095           2004
            -291.134  967174           2901
            -291.134  457017           1762
            -291.134  374735           1178
            -291.134  544009           842
            -291.134  828340           1559
            -291.134  158701           1058
            -291.134  351165           3220
            -291.134  19374            2062
            -291.134  804104           566
            -291.134  519524           2835
            -291.134  843933           3832
            -291.134  659147           2499
            -291.134  670281           721
            -291.134  904241           3093
            -291.134  273992           349
            -291.134  676560           1250
            -291.134  558741           2815
            -291.134  463473           1249
            -291.134  227770           3166
            -291.134  168437           2127
            -291.134  7195             697
            -291.134  86394            3666
            -291.134  829575           3177
            -291.134  807534           850
            -291.134  262922           1914
            -291.134  923767           1979
            -291.134  693264           3274
            -291.134  413564           535
            -291.134  195763           358
            -291.134  695961           1668
            -291.134  261759           1972
            -291.134  811592           2827
            -291.134  198168           3382
            -291.134  781624           2462
            -291.134  436806           883
            -291.134  105022           3052
            -291.134  853283           1854
            -291.134  356754           1372
            -291.134  271319           1765
            -291.134  109669           3257
            -291.134  534864           307
            -291.134  39053            1301
            -291.134  607072           717
            -291.134  681992           2466
            -291.134  641794           591
            -291.134  302037           3793
            -291.134  46437            153
            -291.134  324372           2214
            -291.134  512048           3172
            -291.134  939021           8
            -291.134  477063           2116
            -291.134  978781           497
            -291.134  206840           3985
            -291.134  952860           2461
            -291.134  669947           1528
            -291.134  947822           2797
            -291.134  414306           3547
            -291.134  506113           895
            -291.134  866961           1139
            -291.134  437181           135
            -291.134  103653           3821
            -291.134  570738           2306
            -291.134  49959            1074
            -291.134  180654           3150
            -291.134  497522           502
            -291.134  519234           3479
            -291.134  182568           2903
            -291.134  463232           3141
            -291.134  487062           3009
            -291.134  464174           1461
            -291.134  727880           1547
            -291.134  203018           3813
            -291.134  668293           2023
            -291.134  209986           1939
            -291.134  829442           1596
            -291.134  215483           1952
            -291.134  723642           3817
            -291.134  432148           30
            -291.134  86651            993
            -291.134  932529           1013
            -291.134  317640           437
            -291.134  217585           2821
            -291.134  986805           3956
            -291.134  45724            2833
            -291.134  715948           3568
            -291.134  250295           1884
            -291.134  269171           2307
            -291.134  712456           3386
            -291.134  429802           3983
            -291.134  930872           277
            -291.134  185823           3369
            -291.134  443741           1236
            -291.134  476383           3058
            -291.134  109229           3573
            -291.134  108382           2471
            -291.134  790059           469
            -291.134  893582           2412
            -291.134  118724           3250
            -291.134  618760           489
            -291.134  470339           3829
            -291.134  994679           2830
            -291.134  288571           2891
            -291.134  553953           1595
            -291.134  529496           343
            -291.134  231373           2766
            -291.134  611740           1251
            -291.134  540314           3561
            -291.134  188640           451
            -291.134  911144           2933
            -291.134  788342           2681
            -291.134  485948           3188
            -291.134  807225           3452
            -291.134  762690           1732
            -291.134  907342           1133
            -291.134  520865           763
            -291.134  188490           1460
            -291.134  268896           124
            -291.134  777529           3477
            -291.134  605442           3715
            -291.134  459780           3519
            -291.134  241299           912
            -291.134  387431           2211
            -291.134  79932            3705
            -291.134  420067           3267
            -291.134  719490           1780
            -291.134  459673           3248
            -291.134  575700           100
            -291.134  953267           3840
            -291.134  608451           2248
            -291.134  485816           3092
            -291.134  828901           3019
            -291.134  460453           1708
            -291.449  673767           1736
            -291.449  508123           3732
            -291.449  479273           156
            -291.449  545756           1056
            -291.449  489524           3395
            -291.449  629320           222
            -291.688  820977           776
            -291.688  264521           929
            -291.688  591019           2695
            -291.688  752513           2174
            -291.688  635597           3702
            -291.688  443917           60
            -291.688  193926           3165
            -291.688  537166           3712
            -291.688  307652           3808
            -291.688  559798           2250
            -291.688  312951           3935
            -291.688  135605           1786
            -291.688  259161           2229
            -291.688  921023           782
            -291.688  701716           1291
            -291.688  806234           2362
            -291.688  826811           1721
            -291.688  216565           474
            -291.688  115671           1300
            -291.688  708042           1444
            -291.688  627047           3288
            -291.688  622568           3402
            -291.688  922042           492
            -291.688  925741           1567
            -291.688  250872           2380
            -291.688  516206           3877
            -291.688  662524           1414
            -291.688  313599           3418
            -291.688  215534           2831
            -291.688  910071           1061
            -291.688  720696           2058
            -291.688  66276            217
            -291.688  554395           2195
            -291.688  131921           3841
            -291.688  263268           165
            -291.688  950120           3742
            -291.688  699834           723
            -291.688  155622           507
            -291.688  182461           1346
            -291.688  209243           1694
            -291.688  777492           972
            -291.688  831417           3095
            -291.688  81233            825
            -291.688  293428           2473
            -291.688  619114           2697
            -291.688  331681           549
            -291.688  901845           2729
            -291.688  499951           3153
            -291.688  905166           1042
            -291.688  384199           882
            -291.688  318742           1812
            -291.688  690631           2169
            -291.688  361131           2563
            -291.688  297994           3862
            -291.688  549244           756
            -291.688  69526            3599
            -291.688  619752           3244
            -291.688  303742           3693
            -291.688  769797           1429
            -291.688  320494           465
            -291.688  781255           3287
            -291.688  845617           1262
            -291.688  741888           138
            -291.688  781531           3441
            -291.688  595590           3027
            -291.688  739214           807
            -291.688  299108           1420
            -291.688  836219           3913
            -291.688  507303           3272
            -291.688  704051           1083
            -291.688  274000           3607
            -291.688  519357           559
            -291.688  160041           1384
            -291.688  609004           2777
            -291.688  966014           37
            -291.688  355706           2941
            -291.688  137767           3361
            -292.644  248742           556
            -292.644  860643           1844
            -292.644  505244           582
            -292.644  848382           3790
            -292.644  818450           2894
            -292.644  888905           444
            -292.644  16096            1147
            -292.644  545140           278
            -292.644  153053           378
            -292.644  287107           864
            -292.644  50887            389
            -292.644  966243           1751
            -292.644  862495           3657
            -292.644  775844           2371
            -292.644  561546           3277
            -292.644  233050           2087
            -292.644  608552           2654
            -292.644  608363           1041
            -292.644  278885           3366
            -292.644  973427           2340
            -292.644  404870           2452
            -292.644  460304           3764
            -292.644  669320           3164
            -293.170  971119           1358
            -293.170  108881           3869
            -293.170  923601           3890
            -293.170  203244           2995
            -293.170  181178           1069
            -293.170  321363           1095
            -293.170  322464           3078
            -293.170  701525           239
            -293.170  398067           1759
            -293.170  925994           1386
            -293.170  45556            3294
            -293.170  738069           1830
            -293.170  863643           1619
            -293.170  419329           2503
            -293.170  942848           852
            -293.170  685155           1761
            -293.170  296574           3320
            -293.170  967237           48
            -293.170  750625           3509
            -293.170  250807           2881
            -293.212  373691           1624
            -293.212  460521           1032
            -293.212  560824           3578
            -293.363  264935           281
            -293.363  469158           1145
            -293.517  3607             873
            -293.517  76107            1822
            -293.517  264951           1130
            -293.517  192731           3351
            -293.518  510491           1275
            -293.518  245560           3341
            -293.690  384859           1530
            -293.690  77063            3387
            -293.690  496935           1805
            -293.690  439638           3625
            -293.690  928085           1946
            -293.690  677825           3273
            -293.690  125089           1730
            -293.690  413363           2884
            -293.690  966603           919
            -293.719  286505           2416
            -293.719  372483           1645
            -294.943  789528           837
            -296.192  715356           2440
            -296.192  88117            3417
            -296.192  930218           3738
            -296.192  689967           3091
            -296.192  160779           2668
            -296.585  372158           1404
            -296.585  675755           3189
            -296.585  672643           1085
            -296.585  17896            592
            -296.585  347110           3761
            -296.585  383371           3818
            -296.585  743895           1198
            -296.585  108322           3494
            -296.585  992389           77
            -296.585  568279           1580
            -296.585  604441           1026
            -296.585  361694           1834
            -296.585  180878           1246
            -296.585  355674           540
            -296.585  799404           1490
            -296.585  602305           1076
            -296.585  673681           3809
            -296.585  136842           58
            -296.585  812847           2309
            -296.585  117587           572
            -296.585  47719            962
            -296.585  374819           2698
            -296.585  822358           1667
            -296.585  582061           2057
            -296.585  702492           718
            -296.585  821912           3788
            -296.585  232226           235
            -296.585  480009           2598
            -296.585  938409           1144
            -296.585  601074           2119
            -296.585  263394           1741
            -296.585  435112           2339
            -296.585  941205           3741
            -296.585  798734           2869
            -296.585  987560           985
            -296.585  661978           1281
            -296.585  877180           2604
            -296.585  77758            2126
            -296.585  467339           66
            -296.585  981681           1017
            -296.585  354483           1851
            -296.585  232509           2745
            -296.585  36077            2054
            -296.585  403287           1558
            -296.585  172531           1912
            -296.585  726025           1445
            -296.585  37570            3925
            -296.585  656604           3909
            -296.585  176439           3235
            -296.585  643910           1957
            -296.585  926762           704
            -296.585  484224           1664
            -296.585  283492           435
            -296.585  182163           1264
            -296.585  88437            761
            -296.585  34346            330
            -296.585  346102           2765
            -296.585  406311           3560
            -296.585  134638           3353
            -296.585  865906           641
            -296.585  425133           3079
            -296.585  800662           2352
            -296.585  668655           2036
            -296.585  540436           2528
            -296.585  709906           2904
            -296.585  742688           594
            -296.585  958803           1685
            -296.585  784646           1687
            -296.585  533372           3865
            -296.585  806363           2374
            -296.585  372176           23
            -296.585  814305           2301
            -296.585  45696            1543
            -296.585  583083           2734
            -296.585  227786           1964
            -296.585  622896           1385
            -296.585  356068           1924
            -296.585  177305           2130
            -297.495  29323            2574
            -297.495  203637           3065
            -297.495  683518           2521
            -297.495  783165           170
            -297.495  964999           1522
            -297.495  892896           2177
            -297.495  793768           3129
            -297.495  314015           3517
            -297.495  965994           396
            -297.495  867690           3543
            -297.495  452342           3073
            -297.495  290837           1828
            -297.495  897782           545
            -297.495  564723           3744
            -297.495  662718           460
            -297.495  783102           433
            -297.495  640602           2778
            -297.495  234137           1965
            -297.495  9311             1597
            -297.495  473343           844
            -297.495  605358           321
            -297.495  246794           801
            -297.495  859432           770
            -297.495  191267           1599
            -297.495  978061           488
            -298.255  647548           2051
            -298.255  115028           1718
            -298.698  871851           257
            -298.698  393453           1355
            -298.698  212934           568
            -298.699  908674           1748
            -298.717  16220            3221
            -298.718  396795           323
            -298.789  132387           1203
            -298.789  586510           1446
            -298.789  49910            829
            -298.789  432513           803
            -298.789  893448           3352
            -298.789  773943           3436
            -298.789  262076           2015
            -298.789  563584           657
            -298.789  196948           1465
            -298.789  975897           1569
            -298.789  697540           2448
            -298.789  445692           2796
            -298.789  569338           755
            -298.789  552272           654
            -298.789  410745           3424
            -298.789  110911           1234
            -298.789  252346           528
            -298.789  522936           2978
            -298.789  21130            1988
            -298.789  71251            3579
            -298.789  328661           813
            -298.789  870529           3881
            -298.789  123102           1302
            -298.789  518570           1308
            -298.789  226322           478
            -298.789  473942           574
            -298.789  362529           2736
            -298.789  462662           872
            -298.789  433197           2364
            -298.789  294669           501
            -298.789  349263           263
            -298.789  902202           2911
            -298.789  480649           1900
            -298.789  286102           2050
            -298.789  995875           547
            -298.789  817813           2324
            -298.789  106244           1535
            -298.789  85666            1654
            -298.789  819932           2180
            -298.791  114115           2007
            -298.818  189568           3651
            -298.818  782781           2587
            -298.881  400319           887
            -298.881  185342           2512
            -299.279  72387            3203
            -299.279  961908           3194
            -299.280  420322           1165
            -299.280  516908           1977
            -299.280  569131           26
            -299.280  621904           2142
            -299.280  738142           1970
            -299.280  202063           2385
            -299.280  788293           1003
            -299.280  110260           2535
            -299.280  175820           1040
            -299.280  407732           3211
            -299.280  913926           1381
            -299.280  614009           317
            -299.280  945490           3300
            -299.280  87366            2501
            -299.280  125742           2943
            -299.280  226337           1582
            -299.285  863849           1122
            -299.292  123356           2628
            -299.292  91413            3045
            -299.292  695404           3071
            -299.292  424223           900
            -299.292  537745           1324
            -299.377  985445           2934
            -299.377  933596           2349
            -299.377  699983           3510
            -299.377  956446           1081
            -299.377  633668           2874
            -299.377  645976           2302
            -299.377  366533           484
            -299.377  803816           2909
            -299.377  745490           2960
            -299.377  493083           1370
            -299.377  785822           1339
            -299.723  576220           115
            -299.723  945925           2583
            -299.723  358083           2344
            -299.776  276468           1739
            -299.776  278661           674
            -300.195  112586           494
            -300.195  149841           2987
            -300.195  454111           2097
            -300.195  925004           1583
            -300.195  988761           475
            -300.537  450584           3772
            -300.638  804561           59
            -300.725  590834           785
            -300.725  866261           1866
            -300.725  345070           114
            -300.725  726035           191
            -300.725  456915           2092
            -300.725  81117            305
            -300.725  88140            1089
            -300.725  168000           3882
            -300.725  648019           2946
            -300.725  764609           3667
            -300.725  738293           2836
            -300.725  453260           1106
            -300.725  761633           50
            -300.725  821750           2498
            -300.725  266349           1989
            -300.725  634407           2620
            -300.725  340711           2353
            -300.725  471398           74
            -300.725  22155            3946
            -300.725  689546           2124
            -300.725  354208           196
            -300.725  472647           2948
            -300.725  612601           3658
            -300.725  371246           101
            -300.725  995233           3558
            -300.725  785309           2490
            -300.725  833955           2954
            -300.725  863094           147
            -300.725  901159           1166
            -300.725  98720            1059
            -300.725  703783           2346
            -300.725  910224           580
            -300.725  765586           709
            -300.725  732954           2434
            -300.725  600244           3830
            -300.725  987090           70
            -300.725  591227           2455
            -300.725  802785           2969
            -300.725  602960           2226
            -300.725  835767           210
            -300.725  364671           2261
            -300.725  194728           2949
            -300.725  882750           646
            -300.725  484501           163
            -300.725  243298           3953
            -300.725  62738            2074
            -300.725  153942           31
            -300.725  406935           958
            -300.725  207896           25
            -300.725  536847           3967
            -300.725  19575            2660
            -300.725  793674           2413
            -300.725  906782           2966
            -300.725  931896           2418
            -300.725  179130           2197
            -300.725  813779           92
            -300.725  646290           2792
            -300.725  488125           368
            -300.725  535303           923
            -300.725  531668           1271
            -300.725  504861           1771
            -300.725  159195           2661
            -300.725  693975           3781
            -300.725  954354           840
            -300.725  13472            1294
            -300.725  395865           2451
            -300.725  945212           3769
            -300.725  36090            2158
            -300.725  112441           3926
            -300.725  377504           294
            -300.725  900631           774
            -300.725  707067           2876
            -300.725  473657           3966
            -300.725  196983           3722
            -300.725  436170           2936
            -300.725  847855           1701
            -300.725  742450           2853
            -300.725  113138           585
            -300.725  147767           3750



THE BEST LOGLIKELIHOOD VALUE HAS BEEN REPLICATED.  RERUN WITH AT LEAST TWICE THE
RANDOM STARTS TO CHECK THAT THE BEST LOGLIKELIHOOD IS STILL OBTAINED AND REPLICATED.

     IN THE OPTIMIZATION, ONE OR MORE LOGIT THRESHOLDS APPROACHED EXTREME VALUES
     OF -15.000 AND 15.000 AND WERE FIXED TO STABILIZE MODEL ESTIMATION.  THESE
     VALUES IMPLY PROBABILITIES OF 0 AND 1.  IN THE MODEL RESULTS SECTION, THESE
     PARAMETERS HAVE 0 STANDARD ERRORS AND 999 IN THE Z-SCORE AND P-VALUE COLUMNS.

     IN THE OPTIMIZATION, ONE OR MORE LOGIT SCALE PARAMETERS APPROACHED EXTREME VALUES
     OF -15.000 AND 15.000 AND WERE FIXED TO STABILIZE MODEL ESTIMATION.  THESE
     VALUES IMPLY PROBABILITIES OF 0 AND 1.  IN THE MODEL RESULTS SECTION, THESE
     PARAMETERS HAVE 0 STANDARD ERRORS AND 999 IN THE Z-SCORE AND P-VALUE COLUMNS.

     ONE OR MORE PARAMETERS WERE FIXED TO AVOID SINGULARITY OF THE
     INFORMATION MATRIX. THE SINGULARITY IS MOST LIKELY DUE TO THE
     MODEL IS NOT IDENTIFIED, OR DUE TO A LARGE OR A SMALL PARAMETER
     ON THE LOGIT SCALE. THE FOLLOWING PARAMETERS WERE FIXED:
     Parameter 22, %CLASS#1%: LA_PAIR (equality/label)




THE MODEL ESTIMATION TERMINATED NORMALLY



MODEL FIT INFORMATION

Number of Free Parameters                       30

Loglikelihood

          H0 Value                        -291.134
          H0 Scaling Correction Factor      0.9017
            for MLR

Information Criteria

          Akaike (AIC)                     642.268
          Bayesian (BIC)                   702.488
          Sample-Size Adjusted BIC         608.218
            (n* = (n + 2) / 24)

Chi-Square Test of Model Fit for the Binary and Ordered Categorical
(Ordinal) Outcomes

          Pearson Chi-Square

          Value                              1.604
          Degrees of Freedom                     0
          P-Value                           0.0000

          Likelihood Ratio Chi-Square

          Value                              2.107
          Degrees of Freedom                     0
          P-Value                           0.0000

Chi-Square Test of Model Fit for the Count Outcomes

          Pearson Chi-Square

          Value                            233.632
          Degrees of Freedom                   109
          P-Value                           0.0000

          Likelihood Ratio Chi-Square

          Value                            108.099
          Degrees of Freedom                   109
          P-Value                           0.5064

Chi-Square Test for MCAR under the Unrestricted Latent Class Indicator Model
for the Count Outcomes

          Pearson Chi-Square

          Value                              0.000
          Degrees of Freedom                     0
          P-Value                           1.0000

          Likelihood Ratio Chi-Square

          Value                              0.000
          Degrees of Freedom                     0
          P-Value                           1.0000



FINAL CLASS COUNTS AND PROPORTIONS FOR THE LATENT CLASSES
BASED ON THE ESTIMATED MODEL

    Latent
   Classes

       1         13.93251          0.25332
       2         26.00000          0.47273
       3         15.06749          0.27395


FINAL CLASS COUNTS AND PROPORTIONS FOR THE LATENT CLASSES
BASED ON ESTIMATED POSTERIOR PROBABILITIES

    Latent
   Classes

       1         13.93251          0.25332
       2         26.00000          0.47273
       3         15.06749          0.27395


FINAL CLASS COUNTS AND PROPORTIONS FOR THE LATENT CLASSES
BASED ON THEIR MOST LIKELY LATENT CLASS MEMBERSHIP

Class Counts and Proportions

    Latent
   Classes

       1               12          0.21818
       2               26          0.47273
       3               17          0.30909


CLASSIFICATION QUALITY

     Entropy                         0.928


           Univariate Entropy
              TS_PAIR       SW_PAIR       LA_PAIR       DEL_YN        SW_TYPE
              ________      ________      ________      ________      ________
                0.066         0.188         0.135         0.088         0.868


           Univariate Entropy
              SW_POS3
              ________
                0.506


Classification Probabilities for the Most Likely Latent Class Membership (Column)
by Latent Class (Row)

           1        2        3

    1   0.861    0.000    0.139
    2   0.000    1.000    0.000
    3   0.000    0.000    1.000


Logits for the Classification Probabilities for the Most Likely Latent Class Membership (Column)
by Latent Class (Row)

              1        2        3

    1      1.826  -11.840    0.000
    2      0.000   13.816    0.000
    3    -13.816  -13.816    0.000


MODEL RESULTS

                                                    Two-Tailed
                    Estimate       S.E.  Est./S.E.    P-Value

Latent Class 1

 Means
    TS_PAIR            0.086      0.128      0.671      0.502
    SW_PAIR            0.541      0.180      2.999      0.003
    LA_PAIR#1        -15.000      0.000    999.000    999.000
    LA_PAIR           -2.155      1.238     -1.740      0.082

 Thresholds
    DEL_YN$1           2.544      1.115      2.282      0.022
    SW_TYPE$1        -15.000      0.000    999.000    999.000
    SW_TYPE$2          1.322      1.848      0.715      0.474
    SW_POS3$1        -15.000      0.000    999.000    999.000
    SW_POS3$2         -0.279      0.804     -0.347      0.728

 Dispersion
    LA_PAIR            0.000      0.000    999.000    999.000

Latent Class 2

 Means
    TS_PAIR            0.431      0.124      3.484      0.000
    SW_PAIR           -0.080      0.186     -0.431      0.666
    LA_PAIR#1        -15.000      0.000    999.000    999.000
    LA_PAIR           -1.872      0.460     -4.070      0.000

 Thresholds
    DEL_YN$1           2.037      0.614      3.318      0.001
    SW_TYPE$1         15.000      0.000    999.000    999.000
    SW_TYPE$2         15.000      0.000    999.000    999.000
    SW_POS3$1         -2.485      0.736     -3.376      0.001
    SW_POS3$2         15.000      0.000    999.000    999.000

 Dispersion
    LA_PAIR            0.000      0.000    999.000    999.000

Latent Class 3

 Means
    TS_PAIR            0.748      0.232      3.218      0.001
    SW_PAIR            1.181      0.136      8.673      0.000
    LA_PAIR#1         -0.402      0.794     -0.506      0.613
    LA_PAIR            0.533      0.457      1.166      0.244

 Thresholds
    DEL_YN$1           0.417      0.872      0.478      0.632
    SW_TYPE$1        -15.000      0.000    999.000    999.000
    SW_TYPE$2        -15.000      0.000    999.000    999.000
    SW_POS3$1        -15.000      0.000    999.000    999.000
    SW_POS3$2        -15.000      0.000    999.000    999.000

 Dispersion
    LA_PAIR            0.000      0.000    999.000    999.000

Categorical Latent Variables

 Means
    CLASS#1           -0.078      0.759     -0.103      0.918
    CLASS#2            0.546      0.454      1.202      0.229


RESULTS IN PROBABILITY SCALE

Latent Class 1

 DEL_YN
    Category 1         0.927      0.075     12.318      0.000
    Category 2         0.073      0.075      0.968      0.333
 SW_TYPE
    Category 1         0.000      0.000      0.000      1.000
    Category 2         0.790      0.307      2.570      0.010
    Category 3         0.210      0.307      0.685      0.493
 SW_POS3
    Category 1         0.000      0.000      0.000      1.000
    Category 2         0.431      0.197      2.185      0.029
    Category 3         0.569      0.197      2.889      0.004

Latent Class 2

 DEL_YN
    Category 1         0.885      0.063     14.119      0.000
    Category 2         0.115      0.063      1.842      0.066
 SW_TYPE
    Category 1         1.000      0.000      0.000      1.000
    Category 2         0.000      0.000      0.000      1.000
    Category 3         0.000      0.000      0.000      1.000
 SW_POS3
    Category 1         0.077      0.052      1.472      0.141
    Category 2         0.923      0.052     17.664      0.000
    Category 3         0.000      0.000      0.000      1.000

Latent Class 3

 DEL_YN
    Category 1         0.603      0.209      2.888      0.004
    Category 2         0.397      0.209      1.903      0.057
 SW_TYPE
    Category 1         0.000      0.000      0.000      1.000
    Category 2         0.000      0.000      0.000      1.000
    Category 3         1.000      0.000      0.000      1.000
 SW_POS3
    Category 1         0.000      0.000      0.000      1.000
    Category 2         0.000      0.000      0.000      1.000
    Category 3         1.000      0.000      0.000      1.000


LATENT CLASS ODDS RATIO RESULTS

                                         (Est. - 1) Two-Tailed
                    Estimate       S.E.     / S.E.    P-Value

Latent Class 1 Compared to Latent Class 2

 DEL_YN
    Category > 1       0.602      0.766     -0.519      0.604
 SW_TYPE
    Category > 1   *********      0.000    999.000    999.000
    Category > 2   *********      0.000    999.000    999.000
 SW_POS3
    Category > 1   *********      0.000    999.000    999.000
    Category > 2   *********      0.000    999.000    999.000

Latent Class 1 Compared to Latent Class 3

 DEL_YN
    Category > 1       0.119      0.191     -4.609      0.000
 SW_TYPE
    Category > 1       1.000      0.000    999.000    999.000
    Category > 2       0.000      0.000    999.000    999.000
 SW_POS3
    Category > 1       1.000      0.000    999.000    999.000
    Category > 2       0.000      0.000    999.000    999.000

Latent Class 2 Compared to Latent Class 3

 DEL_YN
    Category > 1       0.198      0.211     -3.801      0.000
 SW_TYPE
    Category > 1       0.000      0.000    999.000    999.000
    Category > 2       0.000      0.000    999.000    999.000
 SW_POS3
    Category > 1       0.000      0.000    999.000    999.000
    Category > 2       0.000      0.000    999.000    999.000


QUALITY OF NUMERICAL RESULTS

     Condition Number for the Information Matrix              0.851E-02
       (ratio of smallest to largest eigenvalue)


MODEL COMMAND WITH FINAL ESTIMATES USED AS STARTING VALUES

     %OVERALL%

     [ class#1*-0.07831 ];
     [ class#2*0.54556 ];

     %CLASS#1%

     [ ts_pair*0.08582 ];
     [ sw_pair*0.54130 ];
     [ la_pair#1*-15 ];
     [ la_pair*-2.15517 ];

     [ del_yn$1*2.54404 ];
     [ sw_type$1*-15 ];
     [ sw_type$2*1.32203 ];
     [ sw_pos3$1*-15 ];
     [ sw_pos3$2*-0.27921 ];

     la_pair*0.00000 (22);

     %CLASS#2%

     [ ts_pair*0.43078 ];
     [ sw_pair*-0.08004 ];
     [ la_pair#1*-15 ];
     [ la_pair*-1.87180 ];

     [ del_yn$1*2.03688 ];
     [ sw_type$1*15 ];
     [ sw_type$2*15 ];
     [ sw_pos3$1*-2.48491 ];
     [ sw_pos3$2*15 ];

     la_pair*0.00000 (22);

     %CLASS#3%

     [ ts_pair*0.74752 ];
     [ sw_pair*1.18052 ];
     [ la_pair#1*-0.40221 ];
     [ la_pair*0.53301 ];

     [ del_yn$1*0.41700 ];
     [ sw_type$1*-15 ];
     [ sw_type$2*-15 ];
     [ sw_pos3$1*-15 ];
     [ sw_pos3$2*-15 ];

     la_pair*0.00000 (22);



TECHNICAL 1 OUTPUT


     PARAMETER SPECIFICATION FOR LATENT CLASS 1


     PARAMETER SPECIFICATION FOR LATENT CLASS 2


     PARAMETER SPECIFICATION FOR LATENT CLASS 3


     PARAMETER SPECIFICATION FOR LATENT CLASS INDICATOR MODEL PART


           TAU(U) FOR LATENT CLASS 1
              DEL_YN$1      SW_TYPE$      SW_TYPE$      SW_POS3$      SW_POS3$
              ________      ________      ________      ________      ________
                    1             2             3             4             5


           TAU(U) FOR LATENT CLASS 2
              DEL_YN$1      SW_TYPE$      SW_TYPE$      SW_POS3$      SW_POS3$
              ________      ________      ________      ________      ________
                    6             7             8             9            10


           TAU(U) FOR LATENT CLASS 3
              DEL_YN$1      SW_TYPE$      SW_TYPE$      SW_POS3$      SW_POS3$
              ________      ________      ________      ________      ________
                   11            12            13            14            15


     PARAMETER SPECIFICATION FOR LATENT CLASS REGRESSION MODEL PART


           ALPHA(C)
              CLASS#1       CLASS#2       CLASS#3
              ________      ________      ________
                   16            17             0


     PARAMETER SPECIFICATION FOR THE CENSORED/NOMINAL/COUNT MODEL PART


           NU(P) FOR LATENT CLASS 1
              TS_PAIR#      TS_PAIR       SW_PAIR#      SW_PAIR       LA_PAIR#
              ________      ________      ________      ________      ________
                    0            18             0            19            20


           NU(P) FOR LATENT CLASS 1
              LA_PAIR
              ________
                   21


           THETA(C) FOR CLASS LATENT CLASS 1
              LA_PAIR
              ________
                   22


           NU(P) FOR LATENT CLASS 2
              TS_PAIR#      TS_PAIR       SW_PAIR#      SW_PAIR       LA_PAIR#
              ________      ________      ________      ________      ________
                    0            23             0            24            25


           NU(P) FOR LATENT CLASS 2
              LA_PAIR
              ________
                   26


           THETA(C) FOR CLASS LATENT CLASS 2
              LA_PAIR
              ________
                   22


           NU(P) FOR LATENT CLASS 3
              TS_PAIR#      TS_PAIR       SW_PAIR#      SW_PAIR       LA_PAIR#
              ________      ________      ________      ________      ________
                    0            27             0            28            29


           NU(P) FOR LATENT CLASS 3
              LA_PAIR
              ________
                   30


           THETA(C) FOR CLASS LATENT CLASS 3
              LA_PAIR
              ________
                   22


     STARTING VALUES FOR LATENT CLASS 1


     STARTING VALUES FOR LATENT CLASS 2


     STARTING VALUES FOR LATENT CLASS 3


     STARTING VALUES FOR LATENT CLASS INDICATOR MODEL PART


           TAU(U) FOR LATENT CLASS 1
              DEL_YN$1      SW_TYPE$      SW_TYPE$      SW_POS3$      SW_POS3$
              ________      ________      ________      ________      ________
                0.504        -1.109        -0.279        -4.277        -0.670


           TAU(U) FOR LATENT CLASS 2
              DEL_YN$1      SW_TYPE$      SW_TYPE$      SW_POS3$      SW_POS3$
              ________      ________      ________      ________      ________
                1.504        -0.109         0.721        -3.277         0.330


           TAU(U) FOR LATENT CLASS 3
              DEL_YN$1      SW_TYPE$      SW_TYPE$      SW_POS3$      SW_POS3$
              ________      ________      ________      ________      ________
                2.504         0.891         1.721        -2.277         1.330


     STARTING VALUES FOR LATENT CLASS REGRESSION MODEL PART


           ALPHA(C)
              CLASS#1       CLASS#2       CLASS#3
              ________      ________      ________
                0.000         0.000         0.000


     STARTING VALUES FOR THE CENSORED/NOMINAL/COUNT MODEL PART


           NU(P) FOR LATENT CLASS 1
              TS_PAIR#      TS_PAIR       SW_PAIR#      SW_PAIR       LA_PAIR#
              ________      ________      ________      ________      ________
              -20.000        -0.541       -20.000        -0.404        -0.369


           NU(P) FOR LATENT CLASS 1
              LA_PAIR
              ________
               -0.786


           THETA(C) FOR LATENT CLASS 1
              LA_PAIR
              ________
                2.243


           NU(P) FOR LATENT CLASS 2
              TS_PAIR#      TS_PAIR       SW_PAIR#      SW_PAIR       LA_PAIR#
              ________      ________      ________      ________      ________
              -20.000         0.459       -20.000         0.596        -0.369


           NU(P) FOR LATENT CLASS 2
              LA_PAIR
              ________
                0.214


           THETA(C) FOR LATENT CLASS 2
              LA_PAIR
              ________
                2.243


           NU(P) FOR LATENT CLASS 3
              TS_PAIR#      TS_PAIR       SW_PAIR#      SW_PAIR       LA_PAIR#
              ________      ________      ________      ________      ________
              -20.000         1.459       -20.000         1.596        -0.369


           NU(P) FOR LATENT CLASS 3
              LA_PAIR
              ________
                1.214


           THETA(C) FOR LATENT CLASS 3
              LA_PAIR
              ________
                2.243


TECHNICAL 4 OUTPUT


PLOT INFORMATION

The following plots are available:

  Histograms (sample values)
  Scatterplots (sample values)
  Sample proportions and estimated probabilities

SAVEDATA INFORMATION


  Save file
    LCA_full_pairs_model1_lca_3.dat SAVE = cprobabilites bchweights

  Order and format of variables

    TS_PAIR        F10.3
    SW_PAIR        F10.3
    LA_PAIR        F10.3
    DEL_YN         F10.3
    SW_TYPE        F10.3
    SW_POS3        F10.3
    TS_YN          F10.3
    LA_YN          F10.3
    CA_YN          F10.3
    SW_BR          F10.3
    SW_GR          F10.3
    SW_EF          F10.3
    SW_PCAT        F10.3
    CPROB1         F10.3
    CPROB2         F10.3
    CPROB3         F10.3
    CLASS          F10.3
    ID             I4

  Save file format
    17F10.3 I4

  Save file record length    10000


     Beginning Time:  20:59:34
        Ending Time:  20:59:43
       Elapsed Time:  00:00:09



MUTHEN & MUTHEN
3463 Stoner Ave.
Los Angeles, CA  90066

Tel: (310) 391-9971
Fax: (310) 391-8971
Web: www.StatModel.com
Support: Support@StatModel.com

Copyright (c) 1998-2019 Muthen & Muthen
