Mplus VERSION 8.4 (Mac)
MUTHEN & MUTHEN
04/27/2025   8:57 PM

INPUT INSTRUCTIONS


  TITLE: LCA_minimal2 classes
  DATA: FILE IS LCA_minimal_model1_lca.dat;

  VARIABLE:
  NAMES = id TS_YN LA_YN DEL_YN CA_YN SW_type SW_pos3 SW_BR SW_GR SW_EF TS_PAIR
       LA_PAIR SW_PAIR SW_pcat;
  IDVARIABLE = id;
  USEVARIABLES = LA_YN DEL_YN SW_type CA_YN;
  CATEGORICAL = LA_YN DEL_YN SW_type CA_YN;
  AUXILIARY = TS_YN SW_pos3 SW_BR SW_GR SW_EF TS_PAIR LA_PAIR SW_PAIR SW_pcat;
  MISSING = .;
  CLASSES = class (2);


  ANALYSIS:
  TYPE = MIXTURE;
  PROCESSORS = 12;
  STITERATIONS = 800;
  STARTS = 4000 800;

  OUTPUT:
  SVALUES ENTROPY TECH1 TECH4;
  PLOT: TYPE=PLOT1 PLOT2 PLOT3;
  SAVEDATA:
  FILE IS LCA_minimal_model1_lca_2.dat
  SAVE = cprobabilites bchweights;



INPUT READING TERMINATED NORMALLY



LCA_minimal2 classes

SUMMARY OF ANALYSIS

Number of groups                                                 1
Number of observations                                          55

Number of dependent variables                                    4
Number of independent variables                                  0
Number of continuous latent variables                            0
Number of categorical latent variables                           1

Observed dependent variables

  Binary and ordered categorical (ordinal)
   LA_YN       DEL_YN      SW_TYPE     CA_YN

Observed auxiliary variables
   TS_YN       SW_POS3     SW_BR       SW_GR       SW_EF       TS_PAIR
   LA_PAIR     SW_PAIR     SW_PCAT

Categorical latent variables
   CLASS

Variables with special functions

  ID variable           ID

Estimator                                                      MLR
Information matrix                                        OBSERVED
Optimization Specifications for the Quasi-Newton Algorithm for
Continuous Outcomes
  Maximum number of iterations                                 100
  Convergence criterion                                  0.100D-05
Optimization Specifications for the EM Algorithm
  Maximum number of iterations                                 500
  Convergence criteria
    Loglikelihood change                                 0.100D-06
    Relative loglikelihood change                        0.100D-06
    Derivative                                           0.100D-05
Optimization Specifications for the M step of the EM Algorithm for
Categorical Latent variables
  Number of M step iterations                                    1
  M step convergence criterion                           0.100D-05
  Basis for M step termination                           ITERATION
Optimization Specifications for the M step of the EM Algorithm for
Censored, Binary or Ordered Categorical (Ordinal), Unordered
Categorical (Nominal) and Count Outcomes
  Number of M step iterations                                    1
  M step convergence criterion                           0.100D-05
  Basis for M step termination                           ITERATION
  Maximum value for logit thresholds                            15
  Minimum value for logit thresholds                           -15
  Minimum expected cell size for chi-square              0.100D-01
Maximum number of iterations for H1                           2000
Convergence criterion for H1                             0.100D-03
Optimization algorithm                                         EMA
Random Starts Specifications
  Number of initial stage random starts                       4000
  Number of final stage optimizations                          800
  Number of initial stage iterations                           800
  Initial stage convergence criterion                    0.100D+01
  Random starts scale                                    0.500D+01
  Random seed for generating random starts                       0
Link                                                         LOGIT

Input data file(s)
  LCA_minimal_model1_lca.dat
Input data format  FREE


SUMMARY OF DATA

     Number of missing data patterns             1
     Number of y missing data patterns           0
     Number of u missing data patterns           1


COVARIANCE COVERAGE OF DATA

Minimum covariance coverage value   0.100


UNIVARIATE PROPORTIONS AND COUNTS FOR CATEGORICAL VARIABLES

    LA_YN
      Category 1    0.764           42.000
      Category 2    0.236           13.000
    DEL_YN
      Category 1    0.818           45.000
      Category 2    0.182           10.000
    SW_TYPE
      Category 1    0.473           26.000
      Category 2    0.200           11.000
      Category 3    0.327           18.000
    CA_YN
      Category 1    0.582           32.000
      Category 2    0.418           23.000


RANDOM STARTS RESULTS RANKED FROM THE BEST TO THE WORST LOGLIKELIHOOD VALUES

Final stage loglikelihood values at local maxima, seeds, and initial stage start numbers:

            -121.549  145042           2798
            -121.549  979276           3085
            -121.549  580539           786
            -121.549  691544           2183
            -121.549  348100           2404
            -121.549  895878           1216
            -121.549  951709           348
            -121.549  226337           1582
            -121.549  800161           3565
            -121.549  690608           1800
            -121.549  516206           3877
            -121.549  566943           1023
            -121.549  42638            2048
            -121.549  224785           2053
            -121.549  874698           1027
            -121.549  582061           2057
            -121.549  973315           2060
            -121.549  344236           2061
            -121.549  85735            2067
            -121.549  957792           2069
            -121.549  314662           1036
            -121.549  550871           1037
            -121.549  786248           2076
            -121.549  692357           2081
            -121.549  489927           520
            -121.549  635483           2083
            -121.549  520685           2084
            -121.549  800560           2088
            -121.549  456915           2092
            -121.549  715255           523
            -121.549  859041           2096
            -121.549  231581           1048
            -121.549  33553            2098
            -121.549  451188           2113
            -121.549  566094           2115
            -121.549  830416           2120
            -121.549  552209           2123
            -121.549  689546           2124
            -121.549  168437           2127
            -121.549  60038            1064
            -121.549  347222           533
            -121.549  512820           1071
            -121.549  812494           2144
            -121.549  670595           1072
            -121.549  872628           2146
            -121.549  282955           1073
            -121.549  875431           2148
            -121.549  896960           2150
            -121.549  217990           1077
            -121.549  36090            2158
            -121.549  401701           1080
            -121.549  355674           540
            -121.549  607284           2163
            -121.549  979988           2164
            -121.549  602055           2166
            -121.549  22155            3946
            -121.549  672643           1085
            -121.549  892896           2177
            -121.549  897245           2179
            -121.549  897782           545
            -121.549  140987           1093
            -121.549  777504           2190
            -121.549  123098           2191
            -121.549  318388           2196
            -121.549  672942           1098
            -121.549  907676           1101
            -121.549  754267           2203
            -121.549  434915           552
            -121.549  397552           2213
            -121.549  359063           1108
            -121.549  350074           2220
            -121.549  666357           2222
            -121.549  602960           2226
            -121.549  832104           2228
            -121.549  552713           2232
            -121.549  519357           559
            -121.549  211555           2243
            -121.549  765372           1123
            -121.549  67009            564
            -121.549  470991           2259
            -121.549  745606           2260
            -121.549  848579           2263
            -121.549  36579            2265
            -121.549  858364           2273
            -121.549  212934           568
            -121.549  664562           1138
            -121.549  765589           1140
            -121.549  556955           1141
            -121.549  836219           3913
            -121.549  891723           2284
            -121.549  699810           571
            -121.549  901150           1143
            -121.549  364335           2289
            -121.549  68932            2292
            -121.549  97223            1146
            -121.549  947714           573
            -121.549  16096            1147
            -121.549  415769           1149
            -121.549  400937           1152
            -121.549  680847           2305
            -121.549  637524           2312
            -121.549  132524           2316
            -121.549  908201           2317
            -121.549  931192           2323
            -121.549  817813           2324
            -121.549  261601           1163
            -121.549  778292           1164
            -121.549  505244           582
            -121.549  908483           2331
            -121.549  398789           2336
            -121.549  917570           1168
            -121.549  435112           2339
            -121.549  288620           1171
            -121.549  358083           2344
            -121.549  352988           2348
            -121.549  340711           2353
            -121.549  565709           2356
            -121.549  374735           1178
            -121.549  855696           2357
            -121.549  579712           2359
            -121.549  661264           1181
            -121.549  703893           2366
            -121.549  158157           1183
            -121.549  17896            592
            -121.549  221460           2375
            -121.549  474350           2384
            -121.549  696266           1192
            -121.549  332986           1193
            -121.549  460291           2387
            -121.549  711214           1194
            -121.549  561281           2393
            -121.549  883688           1197
            -121.549  227478           2396
            -121.549  743895           1198
            -121.549  276102           599
            -121.549  315131           2401
            -121.549  743878           2402
            -121.549  720204           2406
            -121.549  27733            2407
            -121.549  286505           2416
            -121.549  997836           1208
            -121.549  951352           2419
            -121.549  588923           606
            -121.549  610396           2429
            -121.549  83306            2432
            -121.549  460407           2435
            -121.549  753644           2437
            -121.549  941525           609
            -121.549  964389           1223
            -121.549  997423           2447
            -121.549  702409           1227
            -121.549  329626           2457
            -121.549  976247           2459
            -121.549  805935           615
            -121.549  442512           2468
            -121.549  665858           1238
            -121.549  83354            2478
            -121.549  940258           1242
            -121.549  392602           2487
            -121.549  432950           1244
            -121.549  785309           2490
            -121.549  955828           2491
            -121.549  712066           2494
            -121.549  219602           1247
            -121.549  445689           1248
            -121.549  343926           624
            -121.549  676560           1250
            -121.549  419329           2503
            -121.549  810705           626
            -121.549  681671           1253
            -121.549  781489           627
            -121.549  818353           1256
            -121.549  31158            2514
            -121.549  117474           2515
            -121.549  377584           630
            -121.549  11122            2523
            -121.549  712531           631
            -121.549  802015           2527
            -121.549  995197           2529
            -121.549  168166           2532
            -121.549  590471           2534
            -121.549  401601           1267
            -121.549  705631           1269
            -121.549  881652           2539
            -121.549  209421           2547
            -121.549  234198           2548
            -121.549  510491           1275
            -121.549  478277           2552
            -121.549  333642           2555
            -121.549  97300            640
            -121.549  865906           641
            -121.549  973404           2567
            -121.549  670915           2568
            -121.549  291388           2571
            -121.549  486913           2575
            -121.549  196940           2579
            -121.549  134413           1290
            -121.549  196408           2584
            -121.549  898009           2586
            -121.549  60547            2590
            -121.549  668003           647
            -121.549  166256           2591
            -121.549  85751            2593
            -121.549  930781           2594
            -121.549  324517           1297
            -121.549  92091            649
            -121.549  881268           1299
            -121.549  690761           2600
            -121.549  564685           2602
            -121.549  877180           2604
            -121.549  864683           2606
            -121.549  554694           2610
            -121.549  42278            1305
            -121.549  770836           2614
            -121.549  341519           653
            -121.549  518570           1308
            -121.549  234114           1312
            -121.549  123356           2628
            -121.549  568556           1314
            -121.549  489868           2631
            -121.549  22075            659
            -121.549  675765           1323
            -121.549  537745           1324
            -121.549  95387            2651
            -121.549  533355           1328
            -121.549  662983           666
            -121.549  13571            2669
            -121.549  577058           2673
            -121.549  969468           2674
            -121.549  452356           1341
            -121.549  153302           2685
            -121.549  669634           335
            -121.549  188340           1343
            -121.549  682178           1344
            -121.549  477585           2692
            -121.549  182461           1346
            -121.549  77289            2693
            -121.549  862221           2694
            -121.549  953815           1347
            -121.549  278661           674
            -121.549  830367           1351
            -121.549  654884           1352
            -121.549  804872           2707
            -121.549  613933           2709
            -121.549  282806           2710
            -121.549  449258           1356
            -121.549  856920           2714
            -121.549  478386           2720
            -121.549  199491           1364
            -121.549  394609           1366
            -121.549  934216           1369
            -121.549  278692           342
            -121.549  601383           2743
            -121.549  968175           2744
            -121.549  806409           2747
            -121.549  886352           2748
            -121.549  267178           2754
            -121.549  404426           344
            -121.549  450181           2760
            -121.549  314757           345
            -121.549  580181           691
            -121.549  153920           2767
            -121.549  952946           2768
            -121.549  622896           1385
            -121.549  860732           2774
            -121.549  723096           1388
            -121.549  848590           694
            -121.549  230121           1391
            -121.549  177133           2784
            -121.549  227999           1392
            -121.549  145786           2785
            -121.549  356194           1393
            -121.549  488663           2790
            -121.549  284920           2791
            -121.549  182880           1396
            -121.549  626208           698
            -121.549  669639           699
            -121.549  768503           2806
            -121.549  97243            2810
            -121.549  877272           1406
            -121.549  445001           2814
            -121.549  381543           1407
            -121.549  158725           2825
            -121.549  579138           706
            -121.549  215534           2831
            -121.549  45724            2833
            -121.549  940007           1417
            -121.549  738293           2836
            -121.549  117391           710
            -121.549  288190           2844
            -121.549  392531           2846
            -121.549  464810           1424
            -121.549  250658           2850
            -121.549  491838           2851
            -121.549  777244           2852
            -121.549  876370           2855
            -121.549  46502            714
            -121.549  850545           357
            -121.549  833196           715
            -121.549  853781           716
            -121.549  824026           2867
            -121.549  674419           2870
            -121.549  702492           718
            -121.549  999935           2882
            -121.549  652015           2883
            -121.549  413363           2884
            -121.549  512630           2886
            -121.549  892012           2887
            -121.549  949311           2889
            -121.549  726025           1445
            -121.549  891364           2892
            -121.549  763867           2897
            -121.549  892583           2900
            -121.549  967174           2901
            -121.549  647617           725
            -121.549  179229           1453
            -121.549  206099           363
            -121.549  657746           1455
            -121.549  908276           2917
            -121.549  718326           2918
            -121.549  72662            729
            -121.549  432490           1462
            -121.549  107362           2928
            -121.549  334766           2929
            -121.549  813954           2931
            -121.549  910765           2935
            -121.549  436170           2936
            -121.549  511988           1469
            -121.549  294228           2942
            -121.549  360215           1475
            -121.549  833955           2954
            -121.549  319993           1480
            -121.549  380941           2968
            -121.549  584602           2973
            -121.549  523233           1487
            -121.549  792389           746
            -121.549  754917           2988
            -121.549  171417           2992
            -121.549  198593           2996
            -121.549  823588           2997
            -121.549  847088           750
            -121.549  919217           1501
            -121.549  889514           1505
            -121.549  329944           1506
            -121.549  913007           3017
            -121.549  838944           3018
            -121.549  84927            1511
            -121.549  75643            3024
            -121.549  525406           3029
            -121.549  932967           1515
            -121.549  958223           3032
            -121.549  27352            1516
            -121.549  252175           1520
            -121.549  202788           3043
            -121.549  88437            761
            -121.549  438792           1525
            -121.549  88388            1527
            -121.549  476383           3058
            -121.549  940533           764
            -121.549  135790           3060
            -121.549  678510           3062
            -121.549  765392           382
            -121.549  109357           765
            -121.549  260147           3064
            -121.549  560402           1532
            -121.549  551340           766
            -121.549  92056            3068
            -121.549  106244           1535
            -121.549  695404           3071
            -121.549  322464           3078
            -121.549  638577           769
            -121.549  718593           3083
            -121.549  529627           1542
            -121.549  109946           771
            -121.549  15150            3087
            -121.549  689967           3091
            -121.549  727880           1547
            -121.549  60380            3099
            -121.549  625189           3102
            -121.549  507154           387
            -121.549  159678           1553
            -121.549  365814           3110
            -121.549  841121           3112
            -121.549  240241           3113
            -121.549  883576           3118
            -121.549  595619           779
            -121.549  675953           1562
            -121.549  212202           3125
            -121.549  14262            781
            -121.549  464292           3128
            -121.549  539883           3131
            -121.549  779095           3132
            -121.549  587750           3135
            -121.549  16207            1568
            -121.549  251641           784
            -121.549  968857           3140
            -121.549  865890           1571
            -121.549  996270           1572
            -121.549  326355           1576
            -121.549  937225           394
            -121.549  958107           790
            -121.549  886520           3171
            -121.549  898058           1586
            -121.549  58507            793
            -121.549  903246           3176
            -121.549  638118           1588
            -121.549  829575           3177
            -121.549  743613           3179
            -121.549  137377           397
            -121.549  907810           795
            -121.549  633984           3184
            -121.549  485948           3188
            -121.549  675755           3189
            -121.549  923437           398
            -121.549  440368           797
            -121.549  287545           3198
            -121.549  191267           1599
            -121.549  91119            3204
            -121.549  276397           3205
            -121.549  935274           3207
            -121.549  95624            1605
            -121.549  881058           3215
            -121.549  725083           3216
            -121.549  715260           3217
            -121.549  432765           1609
            -121.549  16220            3221
            -121.549  739214           807
            -121.549  291884           1621
            -121.549  596257           405
            -121.549  238317           812
            -121.549  369026           3255
            -121.549  36369            3258
            -121.549  287787           1630
            -121.549  144257           3262
            -121.549  371072           3263
            -121.549  941728           3266
            -121.549  852387           3269
            -121.549  693264           3274
            -121.549  561546           3277
            -121.549  605161           409
            -121.549  141203           1639
            -121.549  102845           1640
            -121.549  964448           3281
            -121.549  231199           1641
            -121.549  720520           3285
            -121.549  301717           823
            -121.549  848838           1647
            -121.549  103240           3297
            -121.549  534052           3298
            -121.549  214681           824
            -121.549  818852           1650
            -121.549  261364           3301
            -121.549  464143           3302
            -121.549  382139           3305
            -121.549  614098           3308
            -121.549  970791           3310
            -121.549  598245           1655
            -121.549  119225           1658
            -121.549  151775           3317
            -121.549  736705           3319
            -121.549  296574           3320
            -121.549  53089            1660
            -121.549  220889           3323
            -121.549  710154           831
            -121.549  484224           1664
            -121.549  735183           1666
            -121.549  296242           3333
            -121.549  695961           1668
            -121.549  98578            3338
            -121.549  761888           3339
            -121.549  665121           417
            -121.549  146857           1673
            -121.549  659367           3347
            -121.549  134638           3353
            -121.549  679391           3354
            -121.549  270973           3355
            -121.549  387354           3356
            -121.549  74096            3359
            -121.549  654377           1684
            -121.549  544009           842
            -121.549  325083           3371
            -121.549  494200           3372
            -121.549  269800           1686
            -121.549  188637           3518
            -121.549  752523           3375
            -121.549  473343           844
            -121.549  511811           3379
            -121.549  555550           3380
            -121.549  59890            1690
            -121.549  810594           845
            -121.549  724245           3384
            -121.549  77063            3387
            -121.549  476830           3388
            -121.549  715647           3390
            -121.549  245878           3393
            -121.549  17730            1698
            -121.549  818326           3401
            -121.549  847855           1701
            -121.549  296924           1702
            -121.549  762461           425
            -121.549  788034           3410
            -121.549  857751           3415
            -121.549  313599           3418
            -121.549  916761           3498
            -121.549  628143           854
            -121.549  138555           1712
            -121.549  812064           3427
            -121.549  139018           1714
            -121.549  903141           3435
            -121.549  337181           3437
            -121.549  635223           3438
            -121.549  884146           1720
            -121.549  126237           3443
            -121.549  58353            1723
            -121.549  358115           1724
            -121.549  958973           3486
            -121.549  280543           3450
            -121.549  785023           3454
            -121.549  853195           431
            -121.549  178337           1727
            -121.549  125089           1730
            -121.549  931515           3462
            -121.549  255016           1731
            -121.549  463894           1733
            -121.549  783102           433
            -121.549  799920           3471
            -121.549  777529           3477
            -121.549  219197           3480
            -121.549  182256           3481
            -121.549  71909            3483
            -121.549  962482           1742
            -121.549  230385           3488
            -121.549  35562            3491
            -121.549  3607             873
            -121.549  582916           1747
            -121.549  908674           1748
            -121.549  291063           3501
            -121.549  317640           437
            -121.549  966243           1751
            -121.549  371378           3506
            -121.549  661337           1754
            -121.549  758825           3512
            -121.549  411295           3515
            -121.549  349898           3516
            -121.549  906196           1758
            -121.549  165026           3520
            -121.549  4730             1760
            -121.549  622290           880
            -121.549  557917           3523
            -121.549  193569           440
            -121.549  384199           882
            -121.549  971444           3533
            -121.549  582630           3537
            -121.549  460630           3542
            -121.549  757640           3549
            -121.549  217130           443
            -121.549  804111           1775
            -121.549  643311           888
            -121.549  299774           1777
            -121.549  719490           1780
            -121.549  981727           1781
            -121.549  109260           3563
            -121.549  753939           1785
            -121.549  135605           1786
            -121.549  508482           446
            -121.549  426103           3577
            -121.549  845533           1789
            -121.549  307998           3584
            -121.549  130541           896
            -121.549  249323           3587
            -121.549  382383           3589
            -121.549  769461           3606
            -121.549  408713           450
            -121.549  661141           3608
            -121.549  513179           3613
            -121.549  298201           903
            -121.549  970838           3615
            -121.549  494209           904
            -121.549  439638           3625
            -121.549  697433           3626
            -121.549  297461           3628
            -121.549  891259           3635
            -121.549  105656           909
            -121.549  645052           910
            -121.549  922596           456
            -121.549  979450           913
            -121.549  612601           3658
            -121.549  440395           917
            -121.549  605367           3672
            -121.549  85186            3674
            -121.549  5139             3676
            -121.549  485264           3681
            -121.549  180889           920
            -121.549  707126           3683
            -121.549  581196           921
            -121.549  850112           922
            -121.549  867231           1846
            -121.549  345726           461
            -121.549  724087           925
            -121.549  791614           1852
            -121.549  746487           3711
            -121.549  420910           928
            -121.549  116438           3716
            -121.549  428893           1859
            -121.549  320494           465
            -121.549  280227           1863
            -121.549  997513           3727
            -121.549  508123           3732
            -121.549  866261           1866
            -121.549  65952            933
            -121.549  123962           1868
            -121.549  930218           3738
            -121.549  416463           467
            -121.549  409669           3746
            -121.549  317858           3752
            -121.549  538482           3755
            -121.549  790059           469
            -121.549  347110           3761
            -121.549  952682           1882
            -121.549  106529           3767
            -121.549  342197           3777
            -121.549  260095           3780
            -121.549  693975           3781
            -121.549  521770           945
            -121.549  900041           3785
            -121.549  677790           3792
            -121.549  527050           948
            -121.549  326697           3797
            -121.549  761714           3799
            -121.549  480649           1900
            -121.549  533798           3801
            -121.549  105990           3803
            -121.549  239088           1902
            -121.549  988761           475
            -121.549  501017           1904
            -121.549  843555           952
            -121.549  369024           1905
            -121.549  502379           3811
            -121.549  705224           953
            -121.549  723642           3817
            -121.549  383371           3818
            -121.549  889774           954
            -121.549  117116           1909
            -121.549  759125           3824
            -121.549  172531           1912
            -121.549  170662           3825
            -121.549  262922           1914
            -121.549  226322           478
            -121.549  479256           1915
            -121.549  270107           3831
            -121.549  842595           3834
            -121.549  472543           1917
            -121.549  145431           1920
            -121.549  909990           3843
            -121.549  448388           3844
            -121.549  456199           3845
            -121.549  392751           480
            -121.549  568534           961
            -121.549  47719            962
            -121.549  424772           3852
            -121.549  863691           481
            -121.549  129198           1928
            -121.549  782765           3859
            -121.549  533372           3865
            -121.549  39810            966
            -121.549  611687           1933
            -121.549  966994           1934
            -121.549  633073           3871
            -121.549  209986           1939
            -121.549  288692           3880
            -121.549  168000           3882
            -121.549  164643           1941
            -121.549  702808           3886
            -121.549  40327            971
            -121.549  990442           3892
            -121.549  613342           3894
            -121.549  396607           3897
            -121.549  118244           1950
            -121.549  13508            3908
            -121.549  656604           3909
            -121.549  978061           488
            -121.549  730868           977
            -121.549  564643           1955
            -121.549  269688           3911
            -121.549  932449           1956
            -121.549  262613           3916
            -121.549  399097           3921
            -121.549  189463           1961
            -121.549  487467           3932
            -121.549  41551            3933
            -121.549  286835           1969
            -121.549  738142           1970
            -121.549  922042           492
            -121.549  987560           985
            -121.549  24379            3944
            -121.549  639911           3945
            -121.549  533691           1974
            -121.549  386235           3950
            -121.549  435506           988
            -121.549  516908           1977
            -121.549  923767           1979
            -121.549  988537           1980
            -121.549  392300           3962
            -121.549  663305           3964
            -121.549  503540           1984
            -121.549  154192           3972
            -121.549  929499           3974
            -121.549  335485           496
            -121.549  21130            1988
            -121.549  768629           3984
            -121.549  820822           3986
            -121.549  927045           1994
            -121.549  329099           3992
            -121.549  92355            1997
            -121.549  23784            3995
            -121.549  321422           3998
            -121.549  141887           2006
            -121.549  788293           1003
            -121.549  543202           2009
            -121.549  707200           1005
            -121.549  250631           2013
            -121.549  262076           2015
            -121.549  429335           2021
            -121.549  766903           505
            -121.549  495190           1014
            -121.549  546118           2030
            -121.549  155622           507
            -121.549  981681           1017
            -121.549  786984           2035
            -121.549  697866           1018
            -121.549  378393           509
            -121.549  879409           2041
            -121.549  714574           2046
            -121.549  232226           235
            -121.549  830392           35
            -121.549  856536           144
            -121.549  637345           19
            -121.549  726035           191
            -121.549  748692           204
            -121.549  751054           117
            -121.549  565819           65
            -121.549  438144           271
            -121.549  462953           7
            -121.549  341041           34
            -121.549  192071           142
            -121.549  512836           289
            -121.549  369602           146
            -121.549  417035           149
            -121.549  784664           75
            -121.549  692169           308
            -121.549  614009           317
            -121.549  396795           323
            -121.549  514326           325
            -121.549  915642           40
            -121.549  724519           333
            -121.549  544048           87
            -121.549  373505           88
            -121.549  120506           45
            -121.549  264081           186
            -121.549  848890           95
            -121.549  202790           198
            -121.549  168762           200
            -121.549  25127            107
            -121.549  466971           109
            -121.549  751153           110
            -121.549  850840           232
            -121.549  123985           248
            -121.549  268896           124
            -121.549  264935           281
            -121.549  475420           71
            -121.549  391949           295
            -121.549  851945           18
            -121.549  76337            76
            -121.549  992389           77
            -121.549  479273           156
            -121.549  972873           157
            -121.549  193042           316
            -121.549  913639           162
            -121.549  900268           327
            -121.549  535063           329
            -121.549  263268           165
            -121.549  848969           173
            -121.549  526324           178
            -121.549  372176           23
            -121.549  928287           197
            -121.549  347515           24
            -121.549  36714            201
            -121.549  371246           101
            -121.549  891531           206
            -121.549  85462            51
            -121.549  89970            223
            -121.549  648555           113
            -121.549  568405           233
            -121.549  366706           29
            -121.549  616917           261
            -121.549  580405           286
            -121.549  342019           301
            -121.549  608849           224
            -121.549  587946           120
            -121.549  791396           243



THE BEST LOGLIKELIHOOD VALUE HAS BEEN REPLICATED.  RERUN WITH AT LEAST TWICE THE
RANDOM STARTS TO CHECK THAT THE BEST LOGLIKELIHOOD IS STILL OBTAINED AND REPLICATED.

     IN THE OPTIMIZATION, ONE OR MORE LOGIT THRESHOLDS APPROACHED EXTREME VALUES
     OF -15.000 AND 15.000 AND WERE FIXED TO STABILIZE MODEL ESTIMATION.  THESE
     VALUES IMPLY PROBABILITIES OF 0 AND 1.  IN THE MODEL RESULTS SECTION, THESE
     PARAMETERS HAVE 0 STANDARD ERRORS AND 999 IN THE Z-SCORE AND P-VALUE COLUMNS.




THE MODEL ESTIMATION TERMINATED NORMALLY



MODEL FIT INFORMATION

Number of Free Parameters                       11

Loglikelihood

          H0 Value                        -121.549
          H0 Scaling Correction Factor      1.0000
            for MLR

Information Criteria

          Akaike (AIC)                     265.098
          Bayesian (BIC)                   287.179
          Sample-Size Adjusted BIC         252.613
            (n* = (n + 2) / 24)

Chi-Square Test of Model Fit for the Binary and Ordered Categorical
(Ordinal) Outcomes

          Pearson Chi-Square

          Value                              7.477
          Degrees of Freedom                    12
          P-Value                           0.8245

          Likelihood Ratio Chi-Square

          Value                              9.448
          Degrees of Freedom                    12
          P-Value                           0.6642



FINAL CLASS COUNTS AND PROPORTIONS FOR THE LATENT CLASSES
BASED ON THE ESTIMATED MODEL

    Latent
   Classes

       1         23.00000          0.41818
       2         32.00000          0.58182


FINAL CLASS COUNTS AND PROPORTIONS FOR THE LATENT CLASSES
BASED ON ESTIMATED POSTERIOR PROBABILITIES

    Latent
   Classes

       1         23.00000          0.41818
       2         32.00000          0.58182


FINAL CLASS COUNTS AND PROPORTIONS FOR THE LATENT CLASSES
BASED ON THEIR MOST LIKELY LATENT CLASS MEMBERSHIP

Class Counts and Proportions

    Latent
   Classes

       1               23          0.41818
       2               32          0.58182


CLASSIFICATION QUALITY

     Entropy                         1.000


           Univariate Entropy
              LA_YN         DEL_YN        SW_TYPE       CA_YN
              ________      ________      ________      ________
                0.055         0.072         0.700         1.000


Classification Probabilities for the Most Likely Latent Class Membership (Column)
by Latent Class (Row)

           1        2

    1   1.000    0.000
    2   0.000    1.000


Logits for the Classification Probabilities for the Most Likely Latent Class Membership (Column)
by Latent Class (Row)

              1        2

    1     13.816    0.000
    2    -13.816    0.000


MODEL RESULTS

                                                    Two-Tailed
                    Estimate       S.E.  Est./S.E.    P-Value

Latent Class 1

 Thresholds
    LA_YN$1            0.629      0.438      1.436      0.151
    DEL_YN$1           0.827      0.453      1.824      0.068
    SW_TYPE$1        -15.000      0.000    999.000    999.000
    SW_TYPE$2         -1.041      0.475     -2.193      0.028
    CA_YN$1          -15.000      0.000    999.000    999.000

Latent Class 2

 Thresholds
    LA_YN$1            1.686      0.487      3.464      0.001
    DEL_YN$1           2.269      0.606      3.741      0.000
    SW_TYPE$1          1.466      0.453      3.238      0.001
    SW_TYPE$2          3.434      1.016      3.380      0.001
    CA_YN$1           15.000      0.000    999.000    999.000

Categorical Latent Variables

 Means
    CLASS#1           -0.330      0.273     -1.208      0.227


RESULTS IN PROBABILITY SCALE

Latent Class 1

 LA_YN
    Category 1         0.652      0.099      6.567      0.000
    Category 2         0.348      0.099      3.502      0.000
 DEL_YN
    Category 1         0.696      0.096      7.251      0.000
    Category 2         0.304      0.096      3.172      0.002
 SW_TYPE
    Category 1         0.000      0.000      0.000      1.000
    Category 2         0.261      0.092      2.849      0.004
    Category 3         0.739      0.092      8.073      0.000
 CA_YN
    Category 1         0.000      0.000      0.000      1.000
    Category 2         1.000      0.000      0.000      1.000

Latent Class 2

 LA_YN
    Category 1         0.844      0.064     13.145      0.000
    Category 2         0.156      0.064      2.434      0.015
 DEL_YN
    Category 1         0.906      0.052     17.588      0.000
    Category 2         0.094      0.052      1.819      0.069
 SW_TYPE
    Category 1         0.813      0.069     11.776      0.000
    Category 2         0.156      0.064      2.434      0.015
    Category 3         0.031      0.031      1.016      0.310
 CA_YN
    Category 1         1.000      0.000      0.000      1.000
    Category 2         0.000      0.000      0.000      1.000


LATENT CLASS ODDS RATIO RESULTS

                                         (Est. - 1) Two-Tailed
                    Estimate       S.E.     / S.E.    P-Value

Latent Class 1 Compared to Latent Class 2

 LA_YN
    Category > 1       2.880      1.886      0.997      0.319
 DEL_YN
    Category > 1       4.229      3.202      1.009      0.313
 SW_TYPE
    Category > 1   *********      0.000    999.000    999.000
    Category > 2      87.834     98.505      0.882      0.378
 CA_YN
    Category > 1   *********      0.000    999.000    999.000


QUALITY OF NUMERICAL RESULTS

     Condition Number for the Information Matrix              0.692E-01
       (ratio of smallest to largest eigenvalue)


MODEL COMMAND WITH FINAL ESTIMATES USED AS STARTING VALUES

     %OVERALL%

     [ class#1*-0.33024 ];

     %CLASS#1%

     [ la_yn$1*0.62861 ];
     [ del_yn$1*0.82668 ];
     [ sw_type$1*-15 ];
     [ sw_type$2*-1.04145 ];
     [ ca_yn$1*-15 ];

     %CLASS#2%

     [ la_yn$1*1.68640 ];
     [ del_yn$1*2.26868 ];
     [ sw_type$1*1.46634 ];
     [ sw_type$2*3.43399 ];
     [ ca_yn$1*15 ];



TECHNICAL 1 OUTPUT


     PARAMETER SPECIFICATION FOR LATENT CLASS 1


     PARAMETER SPECIFICATION FOR LATENT CLASS 2


     PARAMETER SPECIFICATION FOR LATENT CLASS INDICATOR MODEL PART


           TAU(U) FOR LATENT CLASS 1
              LA_YN$1       DEL_YN$1      SW_TYPE$      SW_TYPE$      CA_YN$1
              ________      ________      ________      ________      ________
                    1             2             3             4             5


           TAU(U) FOR LATENT CLASS 2
              LA_YN$1       DEL_YN$1      SW_TYPE$      SW_TYPE$      CA_YN$1
              ________      ________      ________      ________      ________
                    6             7             8             9            10


     PARAMETER SPECIFICATION FOR LATENT CLASS REGRESSION MODEL PART


           ALPHA(C)
              CLASS#1       CLASS#2
              ________      ________
                   11             0


     STARTING VALUES FOR LATENT CLASS 1


     STARTING VALUES FOR LATENT CLASS 2


     STARTING VALUES FOR LATENT CLASS INDICATOR MODEL PART


           TAU(U) FOR LATENT CLASS 1
              LA_YN$1       DEL_YN$1      SW_TYPE$      SW_TYPE$      CA_YN$1
              ________      ________      ________      ________      ________
                0.173         0.504        -1.109        -0.279        -0.670


           TAU(U) FOR LATENT CLASS 2
              LA_YN$1       DEL_YN$1      SW_TYPE$      SW_TYPE$      CA_YN$1
              ________      ________      ________      ________      ________
                2.173         2.504         0.891         1.721         1.330


     STARTING VALUES FOR LATENT CLASS REGRESSION MODEL PART


           ALPHA(C)
              CLASS#1       CLASS#2
              ________      ________
                0.000         0.000


TECHNICAL 4 OUTPUT


PLOT INFORMATION

The following plots are available:

  Histograms (sample values)
  Scatterplots (sample values)
  Sample proportions and estimated probabilities

SAVEDATA INFORMATION


  Save file
    LCA_minimal_model1_lca_2.dat SAVE = cprobabilites bchweights

  Order and format of variables

    LA_YN          F10.3
    DEL_YN         F10.3
    SW_TYPE        F10.3
    CA_YN          F10.3
    TS_YN          F10.3
    SW_POS3        F10.3
    SW_BR          F10.3
    SW_GR          F10.3
    SW_EF          F10.3
    TS_PAIR        F10.3
    LA_PAIR        F10.3
    SW_PAIR        F10.3
    SW_PCAT        F10.3
    CPROB1         F10.3
    CPROB2         F10.3
    CLASS          F10.3
    ID             I4

  Save file format
    16F10.3 I4

  Save file record length    10000


     Beginning Time:  20:57:56
        Ending Time:  20:57:57
       Elapsed Time:  00:00:01



MUTHEN & MUTHEN
3463 Stoner Ave.
Los Angeles, CA  90066

Tel: (310) 391-9971
Fax: (310) 391-8971
Web: www.StatModel.com
Support: Support@StatModel.com

Copyright (c) 1998-2019 Muthen & Muthen
