Mplus VERSION 8.4 (Mac)
MUTHEN & MUTHEN
04/27/2025   8:57 PM

INPUT INSTRUCTIONS


  TITLE: LCA_minimal3 classes
  DATA: FILE IS LCA_minimal_model1_lca.dat;

  VARIABLE:
  NAMES = id TS_YN LA_YN DEL_YN CA_YN SW_type SW_pos3 SW_BR SW_GR SW_EF TS_PAIR
       LA_PAIR SW_PAIR SW_pcat;
  IDVARIABLE = id;
  USEVARIABLES = LA_YN DEL_YN SW_type CA_YN;
  CATEGORICAL = LA_YN DEL_YN SW_type CA_YN;
  AUXILIARY = TS_YN SW_pos3 SW_BR SW_GR SW_EF TS_PAIR LA_PAIR SW_PAIR SW_pcat;
  MISSING = .;
  CLASSES = class (3);


  ANALYSIS:
  TYPE = MIXTURE;
  PROCESSORS = 12;
  STITERATIONS = 800;
  STARTS = 4000 800;

  OUTPUT:
  SVALUES ENTROPY TECH1 TECH4;
  PLOT: TYPE=PLOT1 PLOT2 PLOT3;
  SAVEDATA:
  FILE IS LCA_minimal_model1_lca_3.dat
  SAVE = cprobabilites bchweights;



INPUT READING TERMINATED NORMALLY



LCA_minimal3 classes

SUMMARY OF ANALYSIS

Number of groups                                                 1
Number of observations                                          55

Number of dependent variables                                    4
Number of independent variables                                  0
Number of continuous latent variables                            0
Number of categorical latent variables                           1

Observed dependent variables

  Binary and ordered categorical (ordinal)
   LA_YN       DEL_YN      SW_TYPE     CA_YN

Observed auxiliary variables
   TS_YN       SW_POS3     SW_BR       SW_GR       SW_EF       TS_PAIR
   LA_PAIR     SW_PAIR     SW_PCAT

Categorical latent variables
   CLASS

Variables with special functions

  ID variable           ID

Estimator                                                      MLR
Information matrix                                        OBSERVED
Optimization Specifications for the Quasi-Newton Algorithm for
Continuous Outcomes
  Maximum number of iterations                                 100
  Convergence criterion                                  0.100D-05
Optimization Specifications for the EM Algorithm
  Maximum number of iterations                                 500
  Convergence criteria
    Loglikelihood change                                 0.100D-06
    Relative loglikelihood change                        0.100D-06
    Derivative                                           0.100D-05
Optimization Specifications for the M step of the EM Algorithm for
Categorical Latent variables
  Number of M step iterations                                    1
  M step convergence criterion                           0.100D-05
  Basis for M step termination                           ITERATION
Optimization Specifications for the M step of the EM Algorithm for
Censored, Binary or Ordered Categorical (Ordinal), Unordered
Categorical (Nominal) and Count Outcomes
  Number of M step iterations                                    1
  M step convergence criterion                           0.100D-05
  Basis for M step termination                           ITERATION
  Maximum value for logit thresholds                            15
  Minimum value for logit thresholds                           -15
  Minimum expected cell size for chi-square              0.100D-01
Maximum number of iterations for H1                           2000
Convergence criterion for H1                             0.100D-03
Optimization algorithm                                         EMA
Random Starts Specifications
  Number of initial stage random starts                       4000
  Number of final stage optimizations                          800
  Number of initial stage iterations                           800
  Initial stage convergence criterion                    0.100D+01
  Random starts scale                                    0.500D+01
  Random seed for generating random starts                       0
Link                                                         LOGIT

Input data file(s)
  LCA_minimal_model1_lca.dat
Input data format  FREE


SUMMARY OF DATA

     Number of missing data patterns             1
     Number of y missing data patterns           0
     Number of u missing data patterns           1


COVARIANCE COVERAGE OF DATA

Minimum covariance coverage value   0.100


UNIVARIATE PROPORTIONS AND COUNTS FOR CATEGORICAL VARIABLES

    LA_YN
      Category 1    0.764           42.000
      Category 2    0.236           13.000
    DEL_YN
      Category 1    0.818           45.000
      Category 2    0.182           10.000
    SW_TYPE
      Category 1    0.473           26.000
      Category 2    0.200           11.000
      Category 3    0.327           18.000
    CA_YN
      Category 1    0.582           32.000
      Category 2    0.418           23.000


RANDOM STARTS RESULTS RANKED FROM THE BEST TO THE WORST LOGLIKELIHOOD VALUES

Final stage loglikelihood values at local maxima, seeds, and initial stage start numbers:

            -118.034  327475           518
            -118.034  923427           2182
            -118.034  156034           2381
            -118.034  622873           1218
            -118.034  775996           1481
            -118.034  151923           2983
            -118.034  867423           3084
            -118.034  208230           1710
            -118.034  754885           3555
            -118.034  74518            927
            -118.034  839733           3798
            -118.034  81117            305
            -118.034  46437            153
            -118.034  284109           82
            -118.034  301180           236
            -118.034  534483           290
            -118.034  915628           2059
            -118.034  35478            2103
            -118.034  830292           527
            -118.034  990197           1055
            -118.034  247912           537
            -118.034  734100           2162
            -118.034  861335           2170
            -118.034  124661           2172
            -118.034  809240           543
            -118.034  592043           1090
            -118.034  897782           545
            -118.034  229744           1096
            -118.034  4091             548
            -118.034  480675           1112
            -118.034  705445           1117
            -118.034  185473           2281
            -118.034  401483           2287
            -118.034  640728           1187
            -118.034  170683           2388
            -118.034  893582           2412
            -118.034  610396           2429
            -118.034  681992           2466
            -118.034  351807           617
            -118.034  353983           1235
            -118.034  712296           1243
            -118.034  31158            2514
            -118.034  59651            2517
            -118.034  427273           2524
            -118.034  421606           2526
            -118.034  881652           2539
            -118.034  83878            2541
            -118.034  573035           1273
            -118.034  189496           2572
            -118.034  193990           1303
            -118.034  170658           2609
            -118.034  744582           2621
            -118.034  901334           2630
            -118.034  84256            2662
            -118.034  350191           2671
            -118.034  327185           2704
            -118.034  449258           1356
            -118.034  70669            2718
            -118.034  574412           679
            -118.034  78393            2723
            -118.034  865693           1380
            -118.034  924828           1389
            -118.034  145786           2785
            -118.034  757590           2804
            -118.034  869158           2807
            -118.034  288190           2844
            -118.034  876370           2855
            -118.034  707067           2876
            -118.034  173429           2879
            -118.034  444166           1443
            -118.034  179229           1453
            -118.034  383777           2945
            -118.034  950970           2963
            -118.034  802785           2969
            -118.034  550800           1488
            -118.034  612578           1512
            -118.034  483602           3026
            -118.034  79196            3069
            -118.034  794426           3076
            -118.034  400139           3086
            -118.034  689967           3091
            -118.034  585553           3136
            -118.034  999166           3146
            -118.034  358688           1573
            -118.034  374756           3154
            -118.034  7886             804
            -118.034  649554           3231
            -118.034  167280           3238
            -118.034  720520           3285
            -118.034  634333           1648
            -118.034  261364           3301
            -118.034  296574           3320
            -118.034  296242           3333
            -118.034  320563           1688
            -118.034  116609           3394
            -118.034  739486           1699
            -118.034  238906           430
            -118.034  526244           3457
            -118.034  109920           1729
            -118.034  182256           3481
            -118.034  110721           3526
            -118.034  446528           3538
            -118.034  217130           443
            -118.034  105285           3586
            -118.034  304444           3594
            -118.034  340820           3622
            -118.034  165382           1816
            -118.034  398329           3677
            -118.034  785753           3689
            -118.034  791614           1852
            -118.034  812578           1865
            -118.034  704905           3749
            -118.034  670998           1876
            -118.034  692399           3763
            -118.034  431271           943
            -118.034  322593           1893
            -118.034  206705           3822
            -118.034  837117           3839
            -118.034  424772           3852
            -118.034  914096           3861
            -118.034  817298           967
            -118.034  702808           3886
            -118.034  506228           3939
            -118.034  456039           3951
            -118.034  40588            1976
            -118.034  435506           988
            -118.034  943550           1981
            -118.034  779882           1012
            -118.034  535804           111
            -118.034  462228           298
            -118.034  972873           157
            -118.034  533738           11
            -118.034  467339           66
            -118.034  253358           2
            -118.034  220454           288
            -118.034  645664           39
            -118.034  790452           303
            -118.034  150531           154
            -118.034  373505           88
            -118.034  391949           295
            -118.034  66276            217
            -118.034  926283           269
            -118.034  636396           168
            -118.034  462953           7
            -118.034  874698           1027
            -118.034  140849           515
            -118.034  401572           1033
            -118.034  320864           2078
            -118.034  692357           2081
            -118.034  32106            2108
            -118.034  900817           1060
            -118.034  60038            1064
            -118.034  987012           1067
            -118.034  883355           2140
            -118.034  813605           2152
            -118.034  733337           1105
            -118.034  51011            1111
            -118.034  400937           1152
            -118.034  181598           2325
            -118.034  62585            2342
            -118.034  415538           1196
            -118.034  395865           2451
            -118.034  432950           1244
            -118.034  424280           1245
            -118.034  228558           2496
            -118.034  753046           2550
            -118.034  85352            2562
            -118.034  733775           2617
            -118.034  95308            2618
            -118.034  617658           660
            -118.034  237332           661
            -118.034  679890           2703
            -118.034  278692           342
            -118.034  356754           1372
            -118.034  806409           2747
            -118.034  524214           2775
            -118.034  204959           695
            -118.034  555330           1400
            -118.034  97243            2810
            -118.034  174809           2813
            -118.034  765586           709
            -118.034  124369           2863
            -118.034  364901           2873
            -118.034  967174           2901
            -118.034  851200           1479
            -118.034  755095           2991
            -118.034  889514           1505
            -118.034  121729           3011
            -118.034  93229            3047
            -118.034  111494           3075
            -118.034  904241           3093
            -118.034  496710           386
            -118.034  276071           1551
            -118.034  246967           1557
            -118.034  57148            1561
            -118.034  691615           1570
            -118.034  53570            3143
            -118.034  958107           790
            -118.034  232654           3169
            -118.034  488814           3170
            -118.034  638118           1588
            -118.034  251680           794
            -118.034  714997           399
            -118.034  417713           3222
            -118.034  919335           3253
            -118.034  918558           412
            -118.034  323788           3307
            -118.034  659367           3347
            -118.034  134638           3353
            -118.034  200506           3391
            -118.034  245878           3393
            -118.034  164804           3420
            -118.034  690596           858
            -118.034  807225           3452
            -118.034  885995           3469
            -118.034  283492           435
            -118.034  899062           3493
            -118.034  771103           3504
            -118.034  719490           1780
            -118.034  728986           3580
            -118.034  130541           896
            -118.034  514936           1793
            -118.034  470570           3598
            -118.034  424223           900
            -118.034  235468           1802
            -118.034  298201           903
            -118.034  843278           3660
            -118.034  377994           3661
            -118.034  966603           919
            -118.034  428893           1859
            -118.034  786545           3719
            -118.034  14000            1867
            -118.034  11984            934
            -118.034  280104           1875
            -118.034  342197           3777
            -118.034  31491            3787
            -118.034  568287           3791
            -118.034  131921           3841
            -118.034  154750           1921
            -118.034  144164           3860
            -118.034  611687           1933
            -118.034  820170           1944
            -118.034  331259           1947
            -118.034  195104           3905
            -118.034  392300           3962
            -118.034  609185           181
            -118.034  814975           129
            -118.034  520177           262
            -118.034  415502           194
            -118.034  466971           109
            -118.034  93468            3
            -118.034  85462            51
            -118.034  930323           267
            -118.034  131856           90
            -118.034  715561           125
            -118.034  674171           195
            -118.034  835162           1038
            -118.034  231581           1048
            -118.034  258756           2111
            -118.034  78862            529
            -118.034  222513           1088
            -118.034  652184           2207
            -118.034  473942           574
            -118.034  702670           1151
            -118.034  191781           2318
            -118.034  800662           2352
            -118.034  565709           2356
            -118.034  276102           599
            -118.034  997836           1208
            -118.034  373815           618
            -118.034  822698           621
            -118.034  988970           2492
            -118.034  419329           2503
            -118.034  826132           2518
            -118.034  449171           1260
            -118.034  896153           1265
            -118.034  778953           635
            -118.034  293820           1279
            -118.034  701716           1291
            -118.034  882750           646
            -118.034  961454           665
            -118.034  458123           2679
            -118.034  188340           1343
            -118.034  591019           2695
            -118.034  654884           1352
            -118.034  393453           1355
            -118.034  661290           1376
            -118.034  916339           2764
            -118.034  952712           2780
            -118.034  849670           347
            -118.034  903099           1399
            -118.034  558208           1403
            -118.034  519524           2835
            -118.034  159216           1423
            -118.034  288571           2891
            -118.034  732971           1447
            -118.034  515909           2905
            -118.034  833955           2954
            -118.034  387401           1482
            -118.034  417002           1499
            -118.034  353772           1508
            -118.034  27352            1516
            -118.034  539433           3057
            -118.034  182318           1536
            -118.034  167409           772
            -118.034  716642           3151
            -118.034  261045           3155
            -118.034  568475           3159
            -118.034  109669           3257
            -118.034  494149           815
            -118.034  383791           3373
            -118.034  172133           1697
            -118.034  106840           3404
            -118.034  413360           3422
            -118.034  500273           3468
            -118.034  127359           1737
            -118.034  999729           3503
            -118.034  978555           3508
            -118.034  148079           1773
            -118.034  802928           892
            -118.034  309523           3620
            -118.034  855934           3662
            -118.034  881552           3664
            -118.034  128569           1839
            -118.034  514266           3692
            -118.034  893169           1847
            -118.034  68850            462
            -118.034  116438           3716
            -118.034  826112           3721
            -118.034  866261           1866
            -118.034  416463           467
            -118.034  790059           469
            -118.034  971693           470
            -118.034  693975           3781
            -118.034  677790           3792
            -118.034  956984           3898
            -118.034  41551            3933
            -118.034  193757           3938
            -118.034  622173           992
            -118.034  115929           1991
            -118.034  429802           3983
            -118.034  662162           4000
            -118.034  263268           165
            -118.034  819358           2093
            -118.034  552209           2123
            -118.034  85839            1099
            -118.034  694663           2278
            -118.034  338031           2279
            -118.034  901150           1143
            -118.034  168382           2296
            -118.034  367213           2313
            -118.034  817813           2324
            -118.034  638977           643
            -118.034  442158           2644
            -118.034  859223           1363
            -118.034  198008           1365
            -118.034  640602           2778
            -118.034  606094           2866
            -118.034  818450           2894
            -118.034  374171           2920
            -118.034  262022           1467
            -118.034  403801           762
            -118.034  105022           3052
            -118.034  661791           3070
            -118.034  154044           1581
            -118.034  44644            3181
            -118.034  833278           3265
            -118.034  85666            1654
            -118.034  783102           433
            -118.034  540841           3564
            -118.034  354483           1851
            -118.034  452789           3826
            -118.034  856347           1927
            -118.034  614401           3907
            -118.034  6357             3952
            -118.034  321422           3998
            -118.034  481974           2037
            -118.034  378393           509
            -118.034  595153           230
            -118.034  573096           20
            -118.034  192071           142
            -118.034  389538           2052
            -118.034  722206           2085
            -118.034  574942           558
            -118.034  804104           566
            -118.034  664562           1138
            -118.034  765589           1140
            -118.034  333082           578
            -118.034  147878           2322
            -118.034  820604           2421
            -118.034  483431           2433
            -118.034  897272           1239
            -118.034  667455           2558
            -118.034  327140           678
            -118.034  738293           2836
            -118.034  559773           1440
            -118.034  256781           1448
            -118.034  709906           2904
            -118.034  285763           1486
            -118.034  92056            3068
            -118.034  722095           1549
            -118.034  580539           786
            -118.034  895274           3342
            -118.034  749808           3344
            -118.034  622568           3402
            -118.034  437936           1717
            -118.034  663090           906
            -118.034  271397           3646
            -118.034  86394            3666
            -118.034  586619           1837
            -118.034  642008           1894
            -118.034  978061           488
            -118.034  639911           3945
            -118.034  688839           273
            -118.034  728038           177
            -118.034  829540           324
            -118.034  891531           206
            -118.034  520685           2084
            -118.034  168437           2127
            -118.034  469158           1145
            -118.034  588923           606
            -118.034  87366            2501
            -118.034  583657           2537
            -118.034  426557           1306
            -118.034  660326           2639
            -118.034  3307             735
            -118.034  391368           802
            -118.034  169819           3322
            -118.034  750625           3509
            -118.034  398067           1759
            -118.034  344275           3632
            -118.034  106529           3767
            -118.034  816765           959
            -118.034  886510           3906
            -118.034  887676           22
            -118.034  830416           2120
            -118.034  199639           1094
            -118.034  52010            2350
            -118.034  242319           2616
            -118.034  520619           2652
            -118.034  217585           2821
            -118.034  798734           2869
            -118.034  331955           1468
            -118.034  968857           3140
            -118.034  118724           3250
            -118.034  484224           1664
            -118.034  708128           1722
            -118.034  178337           1727
            -118.034  109229           3573
            -118.034  440395           917
            -118.034  578623           1849
            -118.034  680987           1926
            -118.034  923601           3890
            -118.034  475419           987
            -118.034  355674           540
            -118.034  202717           2210
            -118.034  294174           2241
            -118.034  641794           591
            -118.034  839460           2507
            -118.034  203143           2675
            -118.034  801717           364
            -118.034  72662            729
            -118.034  371518           2959
            -118.034  462821           745
            -118.034  693264           3274
            -118.034  138927           3289
            -118.034  245560           3341
            -118.034  613723           1804
            -118.034  954914           911
            -118.034  307085           3659
            -118.034  426708           3987
            -118.034  43523            297
            -118.034  377504           294
            -118.034  402224           91
            -118.034  21345            199
            -118.034  233050           2087
            -118.034  985544           1051
            -118.034  769072           1286
            -118.034  43393            2751
            -118.034  628628           3021
            -118.034  657994           788
            -118.034  137877           1679
            -118.034  318571           3574
            -118.034  125727           899
            -118.034  79932            3705
            -118.034  59674            240
            -118.034  545756           1056
            -118.034  660368           2570
            -118.034  842091           1373
            -118.034  917702           693
            -118.034  794866           2795
            -118.034  478341           731
            -118.034  510814           3219
            -118.034  818326           3401
            -118.034  664045           3406
            -118.034  826241           1779
            -118.034  513949           1910
            -118.034  734946           3847
            -118.034  309881           2153
            -118.034  283146           1126
            -118.034  481060           2424
            -118.034  420643           1224
            -118.034  676560           1250
            -118.034  160779           2668
            -118.034  266038           672
            -118.034  908977           2740
            -118.034  254020           3167
            -118.034  32468            1606
            -118.034  995233           3558
            -118.034  123962           1868
            -118.034  679448           937
            -118.034  695155           150
            -118.034  760324           2626
            -118.034  106561           686
            -118.034  381543           1407
            -118.034  40947            3116
            -118.034  128045           1614
            -118.034  954354           840
            -118.034  451258           848
            -118.034  242576           3728
            -118.034  382611           1990
            -118.034  207299           1039
            -118.034  280721           2118
            -118.034  786218           2338
            -118.034  717754           180
            -118.034  830570           369
            -118.034  399539           3218
            -118.034  786887           3242
            -118.034  695961           1668
            -118.034  411295           3515
            -118.034  557917           3523
            -118.034  972430           491
            -118.034  888626           3959
            -118.034  57226            208
            -118.034  267983           228
            -118.034  332809           2687
            -118.034  409612           2789
            -118.034  145042           2798
            -118.034  49293            707
            -118.034  374219           353
            -118.034  161831           3016
            -118.034  505879           424
            -118.034  584397           428
            -118.034  551639           55
            -118.034  343070           2643
            -118.034  993504           2658
            -118.034  44679            1591
            -118.034  932615           2665
            -118.034  88767            2700
            -118.034  540217           1477
            -118.034  631413           439
            -118.034  804821           3936
            -118.034  175199           247
            -118.034  160326           546
            -118.034  911144           2933
            -118.034  800454           751
            -118.034  881058           3215
            -118.034  196425           3280
            -118.034  488342           3656
            -118.034  535011           2147
            -118.034  266340           683
            -118.034  260147           3064
            -118.034  950763           3609
            -118.034  399848           220
            -118.034  290168           2423
            -118.034  338858           1342
            -118.034  445692           2796
            -118.034  914193           1411
            -118.034  108961           3714
            -118.034  917267           3731
            -118.034  656604           3909
            -118.034  23143            2012
            -118.034  157832           2560
            -118.034  595619           779
            -118.034  746978           410
            -118.034  782765           3859
            -118.034  830529           279
            -118.034  369925           2293
            -118.034  908201           2317
            -118.034  171846           3365
            -118.034  290366           1715
            -118.034  56176            3476
            -118.034  602305           1076
            -118.034  420067           3267
            -118.034  473869           3707
            -118.034  853118           1906
            -118.034  165579           2358
            -118.034  991399           1433
            -118.034  499347           881
            -118.034  229355           3645
            -118.034  175952           2075
            -118.034  665858           1238
            -118.034  700855           2761
            -118.034  932529           1013
            -118.034  303304           2450
            -118.034  59963            670
            -118.034  695486           1500
            -118.034  443442           380
            -118.034  892495           3745
            -118.034  777492           972
            -118.034  730868           977
            -118.034  884737           3225
            -118.034  676223           3227
            -118.034  211879           3922
            -118.034  876056           1000
            -118.034  321423           2787
            -118.034  619846           3528
            -118.034  673681           3809
            -118.034  75718            1987
            -118.034  348892           1010
            -118.034  995197           2529
            -118.034  135790           3060
            -118.034  727176           861
            -118.034  81954            1823
            -118.034  300470           1153
            -118.034  937885           426
            -118.034  345870           2285
            -118.034  402225           2721
            -118.034  996231           310
            -118.034  104520           1065
            -118.034  702409           1227
            -118.034  845197           1456
            -118.034  766903           505
            -118.034  460291           2387
            -118.034  406263           1618
            -118.034  344410           1940
            -118.034  261759           1972
            -118.034  135076           1692
            -118.034  581196           921
            -118.034  137305           379
            -118.034  881886           608
            -118.034  143659           2516
            -118.034  149046           1755
            -118.034  137614           2198
            -118.034  49633            2701
            -118.034  937225           394
            -118.034  342019           301
            -118.034  448038           3979
            -118.034  569777           3200
            -118.034  860102           495
            -118.034  210846           3030
            -118.034  117631           3048
            -118.034  156309           2086
            -118.034  697923           1431
            -118.034  29591            633
            -118.034  163519           2441
            -118.034  81951            907
            -118.034  775881           778
            -118.034  155749           960
            -118.034  502974           1998
            -118.034  176837           2193
            -118.034  778787           1677
            -118.034  519119           1753
            -118.034  827063           3234
            -118.034  865575           2077
            -118.034  112441           3926
            -118.034  539389           544
            -118.034  925846           2405
            -118.034  971853           402
            -118.034  235334           1613
            -118.034  379033           2253
            -118.034  260601           36
            -118.034  621978           1587
            -118.034  979084           2837
            -118.034  37570            3925
            -118.034  737601           891
            -118.034  108382           2471
            -118.034  634907           3737
            -118.034  463949           2403
            -118.034  379230           2125
            -118.034  262922           1914
            -118.034  610340           2272
            -118.034  608208           1931
            -118.034  360476           3647
            -118.034  677447           3499
            -118.034  289415           1086
            -118.034  586121           3107
            -118.034  153920           2767
            -118.034  195353           225
            -118.034  221460           2375
            -118.034  55115            408
            -118.034  528938           1898
            -118.034  786248           2076
            -118.034  157351           579
            -118.034  575827           3367
            -118.034  193847           354
            -118.034  534256           1410
            -118.034  61587            400
            -118.034  777045           377
            -118.034  24070            1212
            -118.034  554395           2195
            -118.034  490123           995
            -118.034  925186           1332
            -118.034  531546           702
            -118.034  775209           3312
            -118.034  871188           1261
            -118.034  556929           734
            -118.034  892896           2177
            -118.034  57922            1102
            -118.034  539683           1215
            -118.034  741888           138
            -118.034  77758            2126
            -118.034  619504           3902
            -118.034  19374            2062
            -118.034  869520           3943
            -118.034  362529           2736
            -118.034  608763           3918
            -118.034  789985           67
            -118.034  227770           3166
            -118.034  275475           413
            -118.034  383986           159
            -118.034  286102           2050
            -118.034  884939           3629
            -118.034  868112           1484
            -118.034  857122           889
            -118.034  129198           1928
            -118.034  591290           1607
            -118.034  104836           2659
            -118.034  375590           438
            -118.034  295033           1052
            -118.034  273294           3757
            -118.034  366706           29
            -118.034  40340            188
            -118.034  976103           1289
            -118.034  622290           880
            -118.034  752513           2174
            -118.034  964570           701
            -118.034  990442           3892
            -118.034  352849           2962
            -118.034  287787           1630
            -118.034  657746           1455
            -118.034  470851           3893
            -118.034  832850           2779
            -118.034  677470           2267
            -118.034  414306           3547
            -118.034  860541           1191
            -118.034  946002           3601
            -118.034  178031           720
            -118.034  501369           2800
            -118.034  351165           3220
            -118.034  842511           2070
            -118.034  654136           167
            -118.034  342423           3409
            -118.034  212241           3466
            -118.034  860940           1797
            -118.034  877707           2564
            -118.034  470921           2993
            -118.034  276468           1739
            -118.034  784504           1943
            -118.034  178181           753
            -118.034  512316           2238
            -118.034  82255            2186
            -118.034  562716           300
            -118.034  838535           3612
            -118.034  708047           1519
            -118.034  824026           2867
            -118.034  242560           3868
            -118.034  812847           2309
            -118.034  779820           877
            -118.034  218999           3961
            -118.034  135605           1786
            -118.034  961880           2019
            -118.034  275003           1674
            -118.034  355253           1233
            -118.034  370434           1832
            -118.034  970939           3115
            -118.034  56630            2793
            -118.034  848890           95
            -118.034  461409           1310
            -118.034  92764            2064
            -118.034  188490           1460
            -118.034  19575            2660
            -118.034  950796           3562
            -118.034  801526           3747
            -118.034  15160            3507
            -118.034  539493           2824
            -118.034  53701            2664
            -118.034  607072           717
            -118.034  226322           478
            -118.034  766582           2737
            -118.034  911681           3100
            -118.034  848795           1757
            -118.034  216815           1600
            -118.034  44196            2379
            -118.034  761888           3339
            -118.034  814305           2301
            -118.034  321112           1103
            -118.034  666752           1820
            -118.034  919098           2465
            -118.034  460747           2274
            -118.034  22089            143
            -118.034  105748           2129
            -118.034  931192           2323
            -118.034  710445           792
            -118.034  672942           1098
            -118.034  314551           3955
            -118.034  834485           2486
            -118.034  452342           3073
            -118.142  591227           2455
            -118.142  300741           3010



THE BEST LOGLIKELIHOOD VALUE HAS BEEN REPLICATED.  RERUN WITH AT LEAST TWICE THE
RANDOM STARTS TO CHECK THAT THE BEST LOGLIKELIHOOD IS STILL OBTAINED AND REPLICATED.

     IN THE OPTIMIZATION, ONE OR MORE LOGIT THRESHOLDS APPROACHED EXTREME VALUES
     OF -15.000 AND 15.000 AND WERE FIXED TO STABILIZE MODEL ESTIMATION.  THESE
     VALUES IMPLY PROBABILITIES OF 0 AND 1.  IN THE MODEL RESULTS SECTION, THESE
     PARAMETERS HAVE 0 STANDARD ERRORS AND 999 IN THE Z-SCORE AND P-VALUE COLUMNS.




THE MODEL ESTIMATION TERMINATED NORMALLY



MODEL FIT INFORMATION

Number of Free Parameters                       17

Loglikelihood

          H0 Value                        -118.034
          H0 Scaling Correction Factor      1.0000
            for MLR

Information Criteria

          Akaike (AIC)                     270.068
          Bayesian (BIC)                   304.193
          Sample-Size Adjusted BIC         250.773
            (n* = (n + 2) / 24)

Chi-Square Test of Model Fit for the Binary and Ordered Categorical
(Ordinal) Outcomes

          Pearson Chi-Square

          Value                              2.040
          Degrees of Freedom                     6
          P-Value                           0.9160

          Likelihood Ratio Chi-Square

          Value                              2.418
          Degrees of Freedom                     6
          P-Value                           0.8775



FINAL CLASS COUNTS AND PROPORTIONS FOR THE LATENT CLASSES
BASED ON THE ESTIMATED MODEL

    Latent
   Classes

       1         15.19999          0.27636
       2         32.00000          0.58182
       3          7.80001          0.14182


FINAL CLASS COUNTS AND PROPORTIONS FOR THE LATENT CLASSES
BASED ON ESTIMATED POSTERIOR PROBABILITIES

    Latent
   Classes

       1         15.19999          0.27636
       2         32.00000          0.58182
       3          7.80001          0.14182


FINAL CLASS COUNTS AND PROPORTIONS FOR THE LATENT CLASSES
BASED ON THEIR MOST LIKELY LATENT CLASS MEMBERSHIP

Class Counts and Proportions

    Latent
   Classes

       1               17          0.30909
       2               32          0.58182
       3                6          0.10909


CLASSIFICATION QUALITY

     Entropy                         0.928


           Univariate Entropy
              LA_YN         DEL_YN        SW_TYPE       CA_YN
              ________      ________      ________      ________
                0.232         0.180         0.716         0.756


Classification Probabilities for the Most Likely Latent Class Membership (Column)
by Latent Class (Row)

           1        2        3

    1   1.000    0.000    0.000
    2   0.000    1.000    0.000
    3   0.231    0.000    0.769


Logits for the Classification Probabilities for the Most Likely Latent Class Membership (Column)
by Latent Class (Row)

              1        2        3

    1     13.816    0.000    0.000
    2      0.000   13.816    0.000
    3     -1.204  -13.553    0.000


MODEL RESULTS

                                                    Two-Tailed
                    Estimate       S.E.  Est./S.E.    P-Value

Latent Class 1

 Thresholds
    LA_YN$1           -0.105      1.354     -0.078      0.938
    DEL_YN$1           0.511      0.730      0.699      0.484
    SW_TYPE$1        -15.000      0.000    999.000    999.000
    SW_TYPE$2        -15.000      0.000    999.000    999.000
    CA_YN$1          -15.000      0.000    999.000    999.000

Latent Class 2

 Thresholds
    LA_YN$1            1.686      0.487      3.464      0.001
    DEL_YN$1           2.269      0.606      3.741      0.000
    SW_TYPE$1          1.466      0.453      3.238      0.001
    SW_TYPE$2          3.434      1.016      3.380      0.001
    CA_YN$1           15.000      0.000    999.000    999.000

Latent Class 3

 Thresholds
    LA_YN$1           15.000      0.000    999.000    999.000
    DEL_YN$1           1.609      1.095      1.469      0.142
    SW_TYPE$1        -15.000      0.000    999.000    999.000
    SW_TYPE$2          1.204      5.083      0.237      0.813
    CA_YN$1          -15.000      0.000    999.000    999.000

Categorical Latent Variables

 Means
    CLASS#1            0.667      1.804      0.370      0.712
    CLASS#2            1.412      1.223      1.154      0.249


RESULTS IN PROBABILITY SCALE

Latent Class 1

 LA_YN
    Category 1         0.474      0.338      1.403      0.161
    Category 2         0.526      0.338      1.559      0.119
 DEL_YN
    Category 1         0.625      0.171      3.651      0.000
    Category 2         0.375      0.171      2.191      0.028
 SW_TYPE
    Category 1         0.000      0.000      0.000      1.000
    Category 2         0.000      0.000      0.000      1.000
    Category 3         1.000      0.000      0.000      1.000
 CA_YN
    Category 1         0.000      0.000      0.000      1.000
    Category 2         1.000      0.000      0.000      1.000

Latent Class 2

 LA_YN
    Category 1         0.844      0.064     13.145      0.000
    Category 2         0.156      0.064      2.434      0.015
 DEL_YN
    Category 1         0.906      0.052     17.588      0.000
    Category 2         0.094      0.052      1.819      0.069
 SW_TYPE
    Category 1         0.813      0.069     11.776      0.000
    Category 2         0.156      0.064      2.434      0.015
    Category 3         0.031      0.031      1.016      0.310
 CA_YN
    Category 1         1.000      0.000      0.000      1.000
    Category 2         0.000      0.000      0.000      1.000

Latent Class 3

 LA_YN
    Category 1         1.000      0.000      0.000      1.000
    Category 2         0.000      0.000      0.000      1.000
 DEL_YN
    Category 1         0.833      0.152      5.477      0.000
    Category 2         0.167      0.152      1.095      0.273
 SW_TYPE
    Category 1         0.000      0.000      0.000      1.000
    Category 2         0.769      0.902      0.853      0.394
    Category 3         0.231      0.902      0.256      0.798
 CA_YN
    Category 1         0.000      0.000      0.000      1.000
    Category 2         1.000      0.000      0.000      1.000


LATENT CLASS ODDS RATIO RESULTS

                                         (Est. - 1) Two-Tailed
                    Estimate       S.E.     / S.E.    P-Value

Latent Class 1 Compared to Latent Class 2

 LA_YN
    Category > 1       6.000      8.633      0.579      0.562
 DEL_YN
    Category > 1       5.800      5.506      0.872      0.383
 SW_TYPE
    Category > 1   *********      0.000    999.000    999.000
    Category > 2   *********      0.000    999.000    999.000
 CA_YN
    Category > 1   *********      0.000    999.000    999.000

Latent Class 1 Compared to Latent Class 3

 LA_YN
    Category > 1   *********      0.000    999.000    999.000
 DEL_YN
    Category > 1       3.000      3.950      0.506      0.613
 SW_TYPE
    Category > 1       1.000      0.000    999.000    999.000
    Category > 2   *********      0.000    999.000    999.000
 CA_YN
    Category > 1       1.000      0.000    999.000    999.000

Latent Class 2 Compared to Latent Class 3

 LA_YN
    Category > 1   *********      0.000    999.000    999.000
 DEL_YN
    Category > 1       0.517      0.648     -0.745      0.456
 SW_TYPE
    Category > 1       0.000      0.000    999.000    999.000
    Category > 2       0.108      0.557     -1.601      0.109
 CA_YN
    Category > 1       0.000      0.000    999.000    999.000


QUALITY OF NUMERICAL RESULTS

     Condition Number for the Information Matrix              0.152E-02
       (ratio of smallest to largest eigenvalue)


MODEL COMMAND WITH FINAL ESTIMATES USED AS STARTING VALUES

     %OVERALL%

     [ class#1*0.66717 ];
     [ class#2*1.41161 ];

     %CLASS#1%

     [ la_yn$1*-0.10536 ];
     [ del_yn$1*0.51083 ];
     [ sw_type$1*-15 ];
     [ sw_type$2*-15 ];
     [ ca_yn$1*-15 ];

     %CLASS#2%

     [ la_yn$1*1.68640 ];
     [ del_yn$1*2.26868 ];
     [ sw_type$1*1.46634 ];
     [ sw_type$2*3.43399 ];
     [ ca_yn$1*15 ];

     %CLASS#3%

     [ la_yn$1*15 ];
     [ del_yn$1*1.60944 ];
     [ sw_type$1*-15 ];
     [ sw_type$2*1.20397 ];
     [ ca_yn$1*-15 ];



TECHNICAL 1 OUTPUT


     PARAMETER SPECIFICATION FOR LATENT CLASS 1


     PARAMETER SPECIFICATION FOR LATENT CLASS 2


     PARAMETER SPECIFICATION FOR LATENT CLASS 3


     PARAMETER SPECIFICATION FOR LATENT CLASS INDICATOR MODEL PART


           TAU(U) FOR LATENT CLASS 1
              LA_YN$1       DEL_YN$1      SW_TYPE$      SW_TYPE$      CA_YN$1
              ________      ________      ________      ________      ________
                    1             2             3             4             5


           TAU(U) FOR LATENT CLASS 2
              LA_YN$1       DEL_YN$1      SW_TYPE$      SW_TYPE$      CA_YN$1
              ________      ________      ________      ________      ________
                    6             7             8             9            10


           TAU(U) FOR LATENT CLASS 3
              LA_YN$1       DEL_YN$1      SW_TYPE$      SW_TYPE$      CA_YN$1
              ________      ________      ________      ________      ________
                   11            12            13            14            15


     PARAMETER SPECIFICATION FOR LATENT CLASS REGRESSION MODEL PART


           ALPHA(C)
              CLASS#1       CLASS#2       CLASS#3
              ________      ________      ________
                   16            17             0


     STARTING VALUES FOR LATENT CLASS 1


     STARTING VALUES FOR LATENT CLASS 2


     STARTING VALUES FOR LATENT CLASS 3


     STARTING VALUES FOR LATENT CLASS INDICATOR MODEL PART


           TAU(U) FOR LATENT CLASS 1
              LA_YN$1       DEL_YN$1      SW_TYPE$      SW_TYPE$      CA_YN$1
              ________      ________      ________      ________      ________
                0.173         0.504        -1.109        -0.279        -0.670


           TAU(U) FOR LATENT CLASS 2
              LA_YN$1       DEL_YN$1      SW_TYPE$      SW_TYPE$      CA_YN$1
              ________      ________      ________      ________      ________
                1.173         1.504        -0.109         0.721         0.330


           TAU(U) FOR LATENT CLASS 3
              LA_YN$1       DEL_YN$1      SW_TYPE$      SW_TYPE$      CA_YN$1
              ________      ________      ________      ________      ________
                2.173         2.504         0.891         1.721         1.330


     STARTING VALUES FOR LATENT CLASS REGRESSION MODEL PART


           ALPHA(C)
              CLASS#1       CLASS#2       CLASS#3
              ________      ________      ________
                0.000         0.000         0.000


TECHNICAL 4 OUTPUT


PLOT INFORMATION

The following plots are available:

  Histograms (sample values)
  Scatterplots (sample values)
  Sample proportions and estimated probabilities

SAVEDATA INFORMATION


  Save file
    LCA_minimal_model1_lca_3.dat SAVE = cprobabilites bchweights

  Order and format of variables

    LA_YN          F10.3
    DEL_YN         F10.3
    SW_TYPE        F10.3
    CA_YN          F10.3
    TS_YN          F10.3
    SW_POS3        F10.3
    SW_BR          F10.3
    SW_GR          F10.3
    SW_EF          F10.3
    TS_PAIR        F10.3
    LA_PAIR        F10.3
    SW_PAIR        F10.3
    SW_PCAT        F10.3
    CPROB1         F10.3
    CPROB2         F10.3
    CPROB3         F10.3
    CLASS          F10.3
    ID             I4

  Save file format
    17F10.3 I4

  Save file record length    10000


     Beginning Time:  20:57:57
        Ending Time:  20:57:59
       Elapsed Time:  00:00:02



MUTHEN & MUTHEN
3463 Stoner Ave.
Los Angeles, CA  90066

Tel: (310) 391-9971
Fax: (310) 391-8971
Web: www.StatModel.com
Support: Support@StatModel.com

Copyright (c) 1998-2019 Muthen & Muthen
