Mplus VERSION 8.4 (Mac)
MUTHEN & MUTHEN
04/27/2025   8:28 PM

INPUT INSTRUCTIONS


  TITLE: LCA_sw_detailed2 classes
  DATA: FILE IS LCA_sw_detailed_model1_lca.dat;

  VARIABLE:
  NAMES = id TS_YN LA_YN DEL_YN CA_YN SW_type SW_pos3 SW_BR SW_GR SW_EF TS_PAIR
       LA_PAIR SW_PAIR SW_pcat;
  IDVARIABLE = id;
  USEVARIABLES = LA_YN SW_pcat DEL_YN SW_type SW_pos3;
  CATEGORICAL = LA_YN SW_pcat DEL_YN SW_type SW_pos3;
  AUXILIARY = TS_YN CA_YN SW_BR SW_GR SW_EF TS_PAIR LA_PAIR SW_PAIR;
  MISSING = .;
  CLASSES = class (2);


  ANALYSIS:
  TYPE = MIXTURE;
  PROCESSORS = 12;
  STITERATIONS = 50;
  STARTS = 250 50;

  OUTPUT:
  SVALUES ENTROPY TECH1 TECH4;
  PLOT: TYPE=PLOT1 PLOT2 PLOT3;
  SAVEDATA:
  FILE IS LCA_sw_detailed_model1_lca_2.dat
  SAVE = cprobabilites bchweights;



INPUT READING TERMINATED NORMALLY



LCA_sw_detailed2 classes

SUMMARY OF ANALYSIS

Number of groups                                                 1
Number of observations                                          55

Number of dependent variables                                    5
Number of independent variables                                  0
Number of continuous latent variables                            0
Number of categorical latent variables                           1

Observed dependent variables

  Binary and ordered categorical (ordinal)
   LA_YN       SW_PCAT     DEL_YN      SW_TYPE     SW_POS3

Observed auxiliary variables
   TS_YN       CA_YN       SW_BR       SW_GR       SW_EF       TS_PAIR
   LA_PAIR     SW_PAIR

Categorical latent variables
   CLASS

Variables with special functions

  ID variable           ID

Estimator                                                      MLR
Information matrix                                        OBSERVED
Optimization Specifications for the Quasi-Newton Algorithm for
Continuous Outcomes
  Maximum number of iterations                                 100
  Convergence criterion                                  0.100D-05
Optimization Specifications for the EM Algorithm
  Maximum number of iterations                                 500
  Convergence criteria
    Loglikelihood change                                 0.100D-06
    Relative loglikelihood change                        0.100D-06
    Derivative                                           0.100D-05
Optimization Specifications for the M step of the EM Algorithm for
Categorical Latent variables
  Number of M step iterations                                    1
  M step convergence criterion                           0.100D-05
  Basis for M step termination                           ITERATION
Optimization Specifications for the M step of the EM Algorithm for
Censored, Binary or Ordered Categorical (Ordinal), Unordered
Categorical (Nominal) and Count Outcomes
  Number of M step iterations                                    1
  M step convergence criterion                           0.100D-05
  Basis for M step termination                           ITERATION
  Maximum value for logit thresholds                            15
  Minimum value for logit thresholds                           -15
  Minimum expected cell size for chi-square              0.100D-01
Maximum number of iterations for H1                           2000
Convergence criterion for H1                             0.100D-03
Optimization algorithm                                         EMA
Random Starts Specifications
  Number of initial stage random starts                        250
  Number of final stage optimizations                           50
  Number of initial stage iterations                            50
  Initial stage convergence criterion                    0.100D+01
  Random starts scale                                    0.500D+01
  Random seed for generating random starts                       0
Link                                                         LOGIT

Input data file(s)
  LCA_sw_detailed_model1_lca.dat
Input data format  FREE


SUMMARY OF DATA

     Number of missing data patterns             1
     Number of y missing data patterns           0
     Number of u missing data patterns           1


COVARIANCE COVERAGE OF DATA

Minimum covariance coverage value   0.100


UNIVARIATE PROPORTIONS AND COUNTS FOR CATEGORICAL VARIABLES

    LA_YN
      Category 1    0.764           42.000
      Category 2    0.236           13.000
    SW_PCAT
      Category 1    0.200           11.000
      Category 2    0.564           31.000
      Category 3    0.236           13.000
    DEL_YN
      Category 1    0.818           45.000
      Category 2    0.182           10.000
    SW_TYPE
      Category 1    0.473           26.000
      Category 2    0.200           11.000
      Category 3    0.327           18.000
    SW_POS3
      Category 1    0.036            2.000
      Category 2    0.545           30.000
      Category 3    0.418           23.000


RANDOM STARTS RESULTS RANKED FROM THE BEST TO THE WORST LOGLIKELIHOOD VALUES

Final stage loglikelihood values at local maxima, seeds, and initial stage start numbers:

            -174.819  17359            227
            -174.819  741888           138
            -174.819  476498           179
            -174.819  366706           29
            -174.819  57226            208
            -174.819  728038           177
            -174.819  496881           192
            -174.819  587946           120
            -174.819  695155           150
            -174.819  966014           37
            -174.819  592219           119
            -174.819  311214           64
            -174.819  691234           250
            -174.819  637345           19
            -174.819  848969           173
            -174.819  292884           103
            -174.819  364676           27
            -174.819  405079           68
            -174.819  73576            213
            -174.819  636396           168
            -174.819  65651            214
            -174.819  851945           18
            -174.819  570908           98
            -174.819  192071           142
            -174.819  462953           7
            -174.819  748692           204
            -174.819  609089           241
            -174.819  165853           105
            -174.819  903420           5
            -174.819  131856           90
            -174.819  314084           81
            -174.819  972873           157
            -174.819  341041           34
            -174.819  754100           56
            -174.819  788796           145
            -174.819  484501           163
            -174.819  992389           77
            -174.819  85462            51
            -174.819  913639           162
            -174.819  175199           247
            -174.819  321390           133
            -174.819  247224           94
            -174.819  551639           55
            -174.819  673496           218
            -174.819  840078           203
            -174.819  608496           4
            -174.819  626891           32
            -174.819  804561           59
            -174.819  345070           114

1 perturbed starting value run(s) did not converge or were rejected in the third stage.



THE BEST LOGLIKELIHOOD VALUE HAS BEEN REPLICATED.  RERUN WITH AT LEAST TWICE THE
RANDOM STARTS TO CHECK THAT THE BEST LOGLIKELIHOOD IS STILL OBTAINED AND REPLICATED.

     IN THE OPTIMIZATION, ONE OR MORE LOGIT THRESHOLDS APPROACHED EXTREME VALUES
     OF -15.000 AND 15.000 AND WERE FIXED TO STABILIZE MODEL ESTIMATION.  THESE
     VALUES IMPLY PROBABILITIES OF 0 AND 1.  IN THE MODEL RESULTS SECTION, THESE
     PARAMETERS HAVE 0 STANDARD ERRORS AND 999 IN THE Z-SCORE AND P-VALUE COLUMNS.




THE MODEL ESTIMATION TERMINATED NORMALLY



MODEL FIT INFORMATION

Number of Free Parameters                       17

Loglikelihood

          H0 Value                        -174.819
          H0 Scaling Correction Factor      1.0249
            for MLR

Information Criteria

          Akaike (AIC)                     383.637
          Bayesian (BIC)                   417.762
          Sample-Size Adjusted BIC         364.342
            (n* = (n + 2) / 24)

Chi-Square Test of Model Fit for the Binary and Ordered Categorical
(Ordinal) Outcomes

          Pearson Chi-Square

          Value                             53.945
          Degrees of Freedom                    90
          P-Value                           0.9991

          Likelihood Ratio Chi-Square

          Value                             41.677
          Degrees of Freedom                    90
          P-Value                           1.0000



FINAL CLASS COUNTS AND PROPORTIONS FOR THE LATENT CLASSES
BASED ON THE ESTIMATED MODEL

    Latent
   Classes

       1         24.24605          0.44084
       2         30.75395          0.55916


FINAL CLASS COUNTS AND PROPORTIONS FOR THE LATENT CLASSES
BASED ON ESTIMATED POSTERIOR PROBABILITIES

    Latent
   Classes

       1         24.24605          0.44084
       2         30.75395          0.55916


FINAL CLASS COUNTS AND PROPORTIONS FOR THE LATENT CLASSES
BASED ON THEIR MOST LIKELY LATENT CLASS MEMBERSHIP

Class Counts and Proportions

    Latent
   Classes

       1               24          0.43636
       2               31          0.56364


CLASSIFICATION QUALITY

     Entropy                         0.948


           Univariate Entropy
              LA_YN         SW_PCAT       DEL_YN        SW_TYPE       SW_POS3
              ________      ________      ________      ________      ________
                0.056         0.262         0.054         0.742         0.864


Classification Probabilities for the Most Likely Latent Class Membership (Column)
by Latent Class (Row)

           1        2

    1   0.976    0.024
    2   0.011    0.989


Logits for the Classification Probabilities for the Most Likely Latent Class Membership (Column)
by Latent Class (Row)

              1        2

    1      3.707    0.000
    2     -4.509    0.000


MODEL RESULTS

                                                    Two-Tailed
                    Estimate       S.E.  Est./S.E.    P-Value

Latent Class 1

 Thresholds
    LA_YN$1            0.587      0.431      1.361      0.174
    SW_PCAT$1         -3.146      1.024     -3.073      0.002
    SW_PCAT$2          0.076      0.421      0.179      0.858
    DEL_YN$1           0.902      0.498      1.811      0.070
    SW_TYPE$1        -15.000      0.000    999.000    999.000
    SW_TYPE$2         -0.938      0.503     -1.865      0.062
    SW_POS3$1        -15.000      0.000    999.000    999.000
    SW_POS3$2         -2.916      2.062     -1.414      0.157

Latent Class 2

 Thresholds
    LA_YN$1            1.807      0.545      3.319      0.001
    SW_PCAT$1         -0.730      0.421     -1.736      0.083
    SW_PCAT$2          3.093      1.116      2.772      0.006
    DEL_YN$1           2.225      0.620      3.589      0.000
    SW_TYPE$1          1.699      0.708      2.399      0.016
    SW_TYPE$2          3.964      2.376      1.669      0.095
    SW_POS3$1         -2.666      0.748     -3.565      0.000
    SW_POS3$2         15.000      0.000    999.000    999.000

Categorical Latent Variables

 Means
    CLASS#1           -0.238      0.317     -0.749      0.454


RESULTS IN PROBABILITY SCALE

Latent Class 1

 LA_YN
    Category 1         0.643      0.099      6.489      0.000
    Category 2         0.357      0.099      3.609      0.000
 SW_PCAT
    Category 1         0.041      0.040      1.019      0.308
    Category 2         0.478      0.106      4.506      0.000
    Category 3         0.481      0.105      4.574      0.000
 DEL_YN
    Category 1         0.711      0.102      6.956      0.000
    Category 2         0.289      0.102      2.823      0.005
 SW_TYPE
    Category 1         0.000      0.000      0.000      1.000
    Category 2         0.281      0.102      2.765      0.006
    Category 3         0.719      0.102      7.066      0.000
 SW_POS3
    Category 1         0.000      0.000      0.000      1.000
    Category 2         0.051      0.101      0.511      0.609
    Category 3         0.949      0.101      9.437      0.000

Latent Class 2

 LA_YN
    Category 1         0.859      0.066     13.028      0.000
    Category 2         0.141      0.066      2.138      0.033
 SW_PCAT
    Category 1         0.325      0.092      3.522      0.000
    Category 2         0.631      0.089      7.059      0.000
    Category 3         0.043      0.046      0.937      0.349
 DEL_YN
    Category 1         0.902      0.055     16.538      0.000
    Category 2         0.098      0.055      1.788      0.074
 SW_TYPE
    Category 1         0.845      0.093      9.135      0.000
    Category 2         0.136      0.072      1.883      0.060
    Category 3         0.019      0.043      0.429      0.668
 SW_POS3
    Category 1         0.065      0.045      1.431      0.153
    Category 2         0.935      0.045     20.567      0.000
    Category 3         0.000      0.000      0.000      1.000


LATENT CLASS ODDS RATIO RESULTS

                                         (Est. - 1) Two-Tailed
                    Estimate       S.E.     / S.E.    P-Value

Latent Class 1 Compared to Latent Class 2

 LA_YN
    Category > 1       3.389      2.419      0.988      0.323
 SW_PCAT
    Category > 1      11.201     12.555      0.812      0.417
    Category > 2      20.433     24.159      0.804      0.421
 DEL_YN
    Category > 1       3.755      3.109      0.886      0.376
 SW_TYPE
    Category > 1   *********      0.000    999.000    999.000
    Category > 2     134.672    303.851      0.440      0.660
 SW_POS3
    Category > 1   *********      0.000    999.000    999.000
    Category > 2   *********      0.000    999.000    999.000


QUALITY OF NUMERICAL RESULTS

     Condition Number for the Information Matrix              0.101E-01
       (ratio of smallest to largest eigenvalue)


MODEL COMMAND WITH FINAL ESTIMATES USED AS STARTING VALUES

     %OVERALL%

     [ class#1*-0.23776 ];

     %CLASS#1%

     [ la_yn$1*0.58676 ];
     [ sw_pcat$1*-3.14614 ];
     [ sw_pcat$2*0.07559 ];
     [ del_yn$1*0.90167 ];
     [ sw_type$1*-15 ];
     [ sw_type$2*-0.93835 ];
     [ sw_pos3$1*-15 ];
     [ sw_pos3$2*-2.91551 ];

     %CLASS#2%

     [ la_yn$1*1.80737 ];
     [ sw_pcat$1*-0.73015 ];
     [ sw_pcat$2*3.09275 ];
     [ del_yn$1*2.22477 ];
     [ sw_type$1*1.69912 ];
     [ sw_type$2*3.96450 ];
     [ sw_pos3$1*-2.66563 ];
     [ sw_pos3$2*15 ];



TECHNICAL 1 OUTPUT


     PARAMETER SPECIFICATION FOR LATENT CLASS 1


     PARAMETER SPECIFICATION FOR LATENT CLASS 2


     PARAMETER SPECIFICATION FOR LATENT CLASS INDICATOR MODEL PART


           TAU(U) FOR LATENT CLASS 1
              LA_YN$1       SW_PCAT$      SW_PCAT$      DEL_YN$1      SW_TYPE$
              ________      ________      ________      ________      ________
                    1             2             3             4             5


           TAU(U) FOR LATENT CLASS 1
              SW_TYPE$      SW_POS3$      SW_POS3$
              ________      ________      ________
                    6             7             8


           TAU(U) FOR LATENT CLASS 2
              LA_YN$1       SW_PCAT$      SW_PCAT$      DEL_YN$1      SW_TYPE$
              ________      ________      ________      ________      ________
                    9            10            11            12            13


           TAU(U) FOR LATENT CLASS 2
              SW_TYPE$      SW_POS3$      SW_POS3$
              ________      ________      ________
                   14            15            16


     PARAMETER SPECIFICATION FOR LATENT CLASS REGRESSION MODEL PART


           ALPHA(C)
              CLASS#1       CLASS#2
              ________      ________
                   17             0


     STARTING VALUES FOR LATENT CLASS 1


     STARTING VALUES FOR LATENT CLASS 2


     STARTING VALUES FOR LATENT CLASS INDICATOR MODEL PART


           TAU(U) FOR LATENT CLASS 1
              LA_YN$1       SW_PCAT$      SW_PCAT$      DEL_YN$1      SW_TYPE$
              ________      ________      ________      ________      ________
                0.173        -2.386         0.173         0.504        -1.109


           TAU(U) FOR LATENT CLASS 1
              SW_TYPE$      SW_POS3$      SW_POS3$
              ________      ________      ________
               -0.279        -4.277        -0.670


           TAU(U) FOR LATENT CLASS 2
              LA_YN$1       SW_PCAT$      SW_PCAT$      DEL_YN$1      SW_TYPE$
              ________      ________      ________      ________      ________
                2.173        -0.386         2.173         2.504         0.891


           TAU(U) FOR LATENT CLASS 2
              SW_TYPE$      SW_POS3$      SW_POS3$
              ________      ________      ________
                1.721        -2.277         1.330


     STARTING VALUES FOR LATENT CLASS REGRESSION MODEL PART


           ALPHA(C)
              CLASS#1       CLASS#2
              ________      ________
                0.000         0.000


TECHNICAL 4 OUTPUT


PLOT INFORMATION

The following plots are available:

  Histograms (sample values)
  Scatterplots (sample values)
  Sample proportions and estimated probabilities

SAVEDATA INFORMATION


  Save file
    LCA_sw_detailed_model1_lca_2.dat SAVE = cprobabilites bchweights

  Order and format of variables

    LA_YN          F10.3
    SW_PCAT        F10.3
    DEL_YN         F10.3
    SW_TYPE        F10.3
    SW_POS3        F10.3
    TS_YN          F10.3
    CA_YN          F10.3
    SW_BR          F10.3
    SW_GR          F10.3
    SW_EF          F10.3
    TS_PAIR        F10.3
    LA_PAIR        F10.3
    SW_PAIR        F10.3
    CPROB1         F10.3
    CPROB2         F10.3
    CLASS          F10.3
    ID             I4

  Save file format
    16F10.3 I4

  Save file record length    10000


     Beginning Time:  20:28:40
        Ending Time:  20:28:41
       Elapsed Time:  00:00:01



MUTHEN & MUTHEN
3463 Stoner Ave.
Los Angeles, CA  90066

Tel: (310) 391-9971
Fax: (310) 391-8971
Web: www.StatModel.com
Support: Support@StatModel.com

Copyright (c) 1998-2019 Muthen & Muthen
