Mplus VERSION 8.4 (Mac)
MUTHEN & MUTHEN
05/16/2025   1:54 PM

INPUT INSTRUCTIONS


  TITLE: LCA_full_pairs4 classes
  DATA: FILE IS LCA_full_pairs_model2_lca.dat;

  VARIABLE:
  NAMES = id TS_YN LA_YN DEL_YN CA_YN SW_type SW_pos3 SW_BR SW_GR SW_EF TS_PAIR
       LA_PAIR SW_PAIR SW_pcat;
  IDVARIABLE = id;
  USEVARIABLES = TS_PAIR LA_PAIR SW_PAIR DEL_YN SW_type SW_pos3;
  CATEGORICAL = DEL_YN SW_type SW_pos3;
  COUNT = TS_PAIR (p) SW_PAIR (p) LA_PAIR (nbi);
  AUXILIARY = TS_YN LA_YN CA_YN SW_BR SW_GR SW_EF SW_pcat;
  MISSING = .;
  CLASSES = class (4);

  MODEL:
  %CLASS#1%
  [ LA_PAIR#1 ];
  LA_PAIR;
  %CLASS#2%
  [ LA_PAIR#1 ];
  LA_PAIR;
  %CLASS#3%
  [ LA_PAIR#1 ];
  LA_PAIR;
  %CLASS#4%
  [ LA_PAIR#1 ];
  LA_PAIR;

  ANALYSIS:
  TYPE = MIXTURE;
  PROCESSORS = 12;
  STITERATIONS = 800;
  STARTS = 4000 800;

  OUTPUT:
  SVALUES ENTROPY TECH1 TECH4;
  PLOT: TYPE=PLOT1 PLOT2 PLOT3;
  SAVEDATA:
  FILE IS LCA_full_pairs_model2_lca_4.dat
  SAVE = cprobabilites bchweights;



INPUT READING TERMINATED NORMALLY



LCA_full_pairs4 classes

SUMMARY OF ANALYSIS

Number of groups                                                 1
Number of observations                                          55

Number of dependent variables                                    6
Number of independent variables                                  0
Number of continuous latent variables                            0
Number of categorical latent variables                           1

Observed dependent variables

  Binary and ordered categorical (ordinal)
   DEL_YN      SW_TYPE     SW_POS3

  Count
   TS_PAIR     SW_PAIR     LA_PAIR

Observed auxiliary variables
   TS_YN       LA_YN       CA_YN       SW_BR       SW_GR       SW_EF
   SW_PCAT

Categorical latent variables
   CLASS

Variables with special functions

  ID variable           ID

Estimator                                                      MLR
Information matrix                                        OBSERVED
Optimization Specifications for the Quasi-Newton Algorithm for
Continuous Outcomes
  Maximum number of iterations                                 100
  Convergence criterion                                  0.100D-05
Optimization Specifications for the EM Algorithm
  Maximum number of iterations                                 500
  Convergence criteria
    Loglikelihood change                                 0.100D-06
    Relative loglikelihood change                        0.100D-06
    Derivative                                           0.100D-05
Optimization Specifications for the M step of the EM Algorithm for
Categorical Latent variables
  Number of M step iterations                                    1
  M step convergence criterion                           0.100D-05
  Basis for M step termination                           ITERATION
Optimization Specifications for the M step of the EM Algorithm for
Censored, Binary or Ordered Categorical (Ordinal), Unordered
Categorical (Nominal) and Count Outcomes
  Number of M step iterations                                    1
  M step convergence criterion                           0.100D-05
  Basis for M step termination                           ITERATION
  Maximum value for logit thresholds                            15
  Minimum value for logit thresholds                           -15
  Minimum expected cell size for chi-square              0.100D-01
Maximum number of iterations for H1                           2000
Convergence criterion for H1                             0.100D-03
Optimization algorithm                                         EMA
Random Starts Specifications
  Number of initial stage random starts                       4000
  Number of final stage optimizations                          800
  Number of initial stage iterations                           800
  Initial stage convergence criterion                    0.100D+01
  Random starts scale                                    0.500D+01
  Random seed for generating random starts                       0
Link                                                         LOGIT

Input data file(s)
  LCA_full_pairs_model2_lca.dat
Input data format  FREE


SUMMARY OF DATA

     Number of missing data patterns             1
     Number of y missing data patterns           0
     Number of u missing data patterns           1


COVARIANCE COVERAGE OF DATA

Minimum covariance coverage value   0.100


UNIVARIATE PROPORTIONS AND COUNTS FOR CATEGORICAL VARIABLES

    DEL_YN
      Category 1    0.818           45.000
      Category 2    0.182           10.000
    SW_TYPE
      Category 1    0.473           26.000
      Category 2    0.200           11.000
      Category 3    0.327           18.000
    SW_POS3
      Category 1    0.036            2.000
      Category 2    0.545           30.000
      Category 3    0.418           23.000


COUNT PROPORTION OF ZERO, MINIMUM AND MAXIMUM VALUES

      TS_PAIR     0.073         0         4
      SW_PAIR     0.200         0         4
      LA_PAIR     0.764         0         4


RANDOM STARTS RESULTS RANKED FROM THE BEST TO THE WORST LOGLIKELIHOOD VALUES

Final stage loglikelihood values at local maxima, seeds, and initial stage start numbers:

            -286.749  283146           1126
            -286.821  271397           3646
            -286.832  326355           1576
            -286.832  936879           3720
            -286.832  72344            897
            -286.832  108322           3494
            -286.832  830529           279
            -286.832  624575           2315
            -286.832  346838           1170
            -286.833  648555           113
            -286.833  286835           1969
            -286.833  778953           635
            -286.833  503540           1984
            -286.833  804821           3936
            -286.833  424891           2811
            -286.833  419870           1442
            -286.833  305245           2749
            -286.833  296162           856
            -286.833  623887           2611
            -286.833  889020           2277
            -286.833  384819           2333
            -286.833  377751           3260
            -286.833  769907           457
            -286.833  17896            592
            -286.833  793674           2413
            -286.833  230385           3488
            -286.833  720994           1531
            -286.833  738551           1214
            -286.833  100756           3807
            -286.833  unperturbed      0
            -286.833  297994           3862
            -286.833  502495           724
            -286.903  198305           1825
            -286.903  690761           2600
            -286.903  589391           3484
            -286.903  508445           946
            -286.912  888905           444
            -286.912  789171           2365
            -286.912  535804           111
            -286.912  484224           1664
            -286.912  901150           1143
            -286.912  617243           237
            -286.912  932615           2665
            -286.912  718336           2280
            -286.912  154192           3972
            -286.913  903246           3176
            -286.913  62738            2074
            -286.913  327140           678
            -286.913  691368           3416
            -286.913  42523            730
            -286.913  371737           532
            -286.913  775884           639
            -286.913  45696            1543
            -286.913  342197           3777
            -286.913  664138           3993
            -286.913  69487            3163
            -287.627  143337           2029
            -287.627  59674            240
            -287.627  953684           3243
            -287.627  799920           3471
            -287.627  121729           3011
            -287.627  298997           1315
            -287.627  529455           268
            -287.627  76930            1767
            -287.627  145602           2578
            -287.627  666720           671
            -287.627  692908           2561
            -287.627  61710            1327
            -287.627  813351           1507
            -287.627  428783           1176
            -287.627  605969           3639
            -287.627  925741           1567
            -287.627  49910            829
            -287.627  926283           269
            -287.627  340147           1891
            -287.627  961454           665
            -287.627  996231           310
            -287.627  464292           3128
            -287.627  775881           778
            -287.627  215534           2831
            -287.627  59296            1534
            -287.627  677470           2267
            -287.627  814305           2301
            -287.627  275475           413
            -287.627  225995           847
            -287.627  80               2188
            -287.627  459780           3519
            -287.627  902202           2911
            -287.627  491181           3414
            -287.627  70157            1858
            -287.627  821011           161
            -287.627  799404           1490
            -287.862  685268           596
            -287.862  75718            1987
            -287.891  614098           3308
            -287.891  363979           1594
            -287.891  130971           2072
            -287.891  79156            3698
            -287.891  792993           859
            -287.930  15270            610
            -287.930  800161           3565
            -287.930  575089           2980
            -288.060  135072           2915
            -288.060  953278           2916
            -288.060  399194           3430
            -288.060  910765           2935
            -288.060  286732           2637
            -288.060  81954            1823
            -288.060  610396           2429
            -288.060  978061           488
            -288.060  345196           3989
            -288.060  303429           1016
            -288.060  908912           3768
            -288.060  67009            564
            -288.060  732596           320
            -288.060  781190           219
            -288.060  422004           1107
            -288.060  660650           2678
            -288.112  911142           3648
            -288.113  371518           2959
            -288.113  971853           402
            -288.113  746172           2691
            -288.113  441119           2104
            -288.113  733175           1857
            -288.113  753696           2372
            -288.113  714455           476
            -288.115  168437           2127
            -288.153  398349           3156
            -288.464  897975           3527
            -288.464  634907           3737
            -288.473  250807           2881
            -288.567  275366           3912
            -288.567  465160           862
            -288.567  640732           3929
            -288.568  275003           1674
            -289.064  685657           69
            -289.064  853195           431
            -289.064  980970           894
            -289.064  540809           3389
            -289.064  462167           1986
            -289.064  990548           1276
            -289.064  569131           26
            -289.064  982520           737
            -289.064  712456           3386
            -289.069  300697           820
            -289.069  920007           3643
            -289.136  475419           987
            -289.136  513179           3613
            -289.136  74096            3359
            -289.136  76337            76
            -289.149  908881           2895
            -289.149  871188           1261
            -289.149  540436           2528
            -289.149  616917           261
            -289.224  561664           392
            -289.224  675755           3189
            -289.247  255806           3901
            -289.247  824608           3603
            -289.378  70118            104
            -289.419  494663           1498
            -289.419  898009           2586
            -289.419  843933           3832
            -289.419  21130            1988
            -289.427  150154           1829
            -289.578  847088           750
            -289.578  511170           1813
            -289.578  742450           2853
            -289.578  212202           3125
            -289.578  578694           1608
            -289.578  774692           1764
            -289.786  325083           3371
            -289.820  993088           1740
            -289.820  51375            148
            -289.820  720663           3478
            -289.904  833955           2954
            -289.904  216091           1670
            -289.904  58507            793
            -289.913  650354           577
            -289.913  548245           818
            -289.913  33659            1435
            -289.913  180878           1246
            -289.915  318596           3710
            -289.976  347110           3761
            -289.976  13508            3908
            -289.976  46437            153
            -289.976  754057           3252
            -289.976  745606           2260
            -289.976  317444           1136
            -289.976  766903           505
            -289.976  857799           315
            -289.976  153153           1763
            -289.976  682824           3976
            -289.976  88117            3417
            -289.984  828901           3019
            -290.069  813954           2931
            -290.078  780626           1982
            -290.114  997836           1208
            -290.206  564572           2893
            -290.206  879118           2519
            -290.206  220889           3323
            -290.206  749635           420
            -290.206  554395           2195
            -290.206  193847           354
            -290.206  206099           363
            -290.230  126371           526
            -290.230  276696           676
            -290.230  973357           3796
            -290.230  81117            305
            -290.230  293428           2473
            -290.266  775844           2371
            -290.266  23784            3995
            -290.266  994679           2830
            -290.493  268896           124
            -290.494  858364           2273
            -290.494  553920           2961
            -290.617  635223           3438
            -290.617  192731           3351
            -290.637  220279           2533
            -290.943  606533           3725
            -290.980  564685           2602
            -291.118  910224           580
            -291.134  951709           348
            -291.134  238176           3876
            -291.134  441191           361
            -291.134  941497           1317
            -291.134  110260           2535
            -291.134  28983            1574
            -291.134  932458           1132
            -291.134  926797           406
            -291.134  484501           163
            -291.134  815159           3786
            -291.134  15715            274
            -291.134  652015           2883
            -291.134  225932           1285
            -291.134  979084           2837
            -291.134  786984           2035
            -291.134  828340           1559
            -291.134  602305           1076
            -291.134  291344           3756
            -291.134  723775           97
            -291.134  233596           2477
            -291.134  327185           2704
            -291.134  685607           3259
            -291.134  987090           70
            -291.134  117833           2217
            -291.134  949086           1426
            -291.134  592494           1855
            -291.134  210139           991
            -291.134  736574           414
            -291.134  843555           952
            -291.134  734946           3847
            -291.134  130011           587
            -291.134  642386           662
            -291.134  409744           2588
            -291.134  832406           2449
            -291.134  621904           2142
            -291.134  35191            703
            -291.134  891531           206
            -291.134  764609           3667
            -291.134  217744           326
            -291.134  941043           3148
            -291.134  264903           1045
            -291.134  266349           1989
            -291.134  241197           747
            -291.134  953843           651
            -291.134  348892           1010
            -291.134  606960           2657
            -291.134  160326           546
            -291.134  622607           2735
            -291.134  60464            2254
            -291.134  862277           3022
            -291.134  676223           3227
            -291.134  708047           1519
            -291.134  760878           249
            -291.134  925846           2405
            -291.134  409612           2789
            -291.134  433197           2364
            -291.134  44340            1189
            -291.134  57148            1561
            -291.134  894286           2205
            -291.134  210870           383
            -291.134  966499           963
            -291.134  582061           2057
            -291.134  667455           2558
            -291.134  5139             3676
            -291.134  787782           3419
            -291.134  801526           3747
            -291.134  596257           405
            -291.134  900268           327
            -291.134  690631           2169
            -291.134  69098            2788
            -291.134  97243            2810
            -291.134  97300            640
            -291.134  642008           1894
            -291.134  638862           2753
            -291.134  621197           1029
            -291.134  474518           3111
            -291.134  552100           3396
            -291.134  165026           3520
            -291.134  445692           2796
            -291.134  294978           1100
            -291.134  485816           3092
            -291.134  241997           2573
            -291.134  617658           660
            -291.134  891041           1811
            -291.134  194143           510
            -291.134  470991           2259
            -291.134  784282           2479
            -291.134  866961           1139
            -291.134  757590           2804
            -291.134  215483           1952
            -291.134  327927           908
            -291.134  787985           482
            -291.134  133285           3126
            -291.134  36369            3258
            -291.134  45724            2833
            -291.134  450584           3772
            -291.134  3461             3879
            -291.134  753046           2550
            -291.134  854613           3023
            -291.134  968853           3327
            -291.134  413363           2884
            -291.134  122040           1231
            -291.134  889514           1505
            -291.134  605358           321
            -291.134  316694           2320
            -291.134  362529           2736
            -291.134  84241            2877
            -291.134  866261           1866
            -291.134  559901           2956
            -291.134  60380            3099
            -291.134  695155           150
            -291.134  79212            517
            -291.134  461063           2741
            -291.134  330591           2510
            -291.134  644989           2513
            -291.134  246057           2971
            -291.134  530291           2488
            -291.134  479110           1796
            -291.134  21345            199
            -291.134  314015           3517
            -291.134  587886           3883
            -291.134  827041           2400
            -291.134  92471            2958
            -291.134  942358           644
            -291.134  807225           3452
            -291.134  896960           2150
            -291.134  248742           556
            -291.134  2292             2715
            -291.134  726035           191
            -291.134  82200            830
            -291.134  492040           1503
            -291.134  316165           299
            -291.134  954581           3583
            -291.134  284400           1298
            -291.134  92764            2064
            -291.134  344236           2061
            -291.134  777045           377
            -291.134  235154           2601
            -291.134  703893           2366
            -291.134  896562           2773
            -291.134  635964           2225
            -291.134  488814           3170
            -291.134  109208           2938
            -291.134  674786           1496
            -291.134  232480           3496
            -291.134  723096           1388
            -291.134  430395           3978
            -291.134  345974           622
            -291.134  882750           646
            -291.134  252020           1585
            -291.134  820822           3986
            -291.134  476338           1418
            -291.134  947714           573
            -291.134  415538           1196
            -291.134  711214           1194
            -291.134  457017           1762
            -291.134  939870           655
            -291.134  357077           3007
            -291.134  745177           1879
            -291.134  485948           3188
            -291.134  95308            2618
            -291.134  699748           1120
            -291.134  908201           2317
            -291.134  576960           3456
            -291.134  404870           2452
            -291.134  614032           1226
            -291.134  127362           757
            -291.134  426103           3577
            -291.134  872628           2146
            -291.134  350074           2220
            -291.134  181293           212
            -291.134  833196           715
            -291.134  123985           248
            -291.134  923601           3890
            -291.134  231373           2766
            -291.134  638118           1588
            -291.134  184418           2200
            -291.134  356956           3431
            -291.134  358083           2344
            -291.134  173440           328
            -291.134  549964           3035
            -291.134  373691           1624
            -291.134  386235           3950
            -291.134  855934           3662
            -291.134  283492           435
            -291.134  437181           135
            -291.134  193569           440
            -291.134  36642            2509
            -291.134  565631           1209
            -291.134  66276            217
            -291.134  899876           1808
            -291.134  27352            1516
            -291.134  259997           3449
            -291.134  988290           1938
            -291.134  928789           3670
            -291.134  842595           3834
            -291.134  45556            3294
            -291.134  364689           1237
            -291.134  560128           3233
            -291.134  300844           1405
            -291.134  490123           995
            -291.134  417002           1499
            -291.134  503619           3249
            -291.134  76736            1142
            -291.134  425140           1378
            -291.134  128920           1632
            -291.134  669610           3525
            -291.134  182880           1396
            -291.134  512048           3172
            -291.134  164643           1941
            -291.134  441475           2857
            -291.134  996270           1572
            -291.134  915107           54
            -291.134  990442           3892
            -291.134  931558           898
            -291.134  256717           3193
            -291.134  156147           1186
            -291.134  282261           1274
            -291.134  291962           2151
            -291.134  691234           250
            -291.134  307998           3584
            -291.134  848356           602
            -291.134  309926           1841
            -291.134  370466           41
            -291.134  847651           3695
            -291.134  195873           6
            -291.134  56662            3270
            -291.134  276468           1739
            -291.134  661264           1181
            -291.134  580539           786
            -291.134  427987           3284
            -291.134  564016           1646
            -291.134  754100           56
            -291.134  510814           3219
            -291.134  371459           3863
            -291.134  848331           137
            -291.134  560412           2442
            -291.134  567996           3049
            -291.134  613723           1804
            -291.134  460407           2435
            -291.134  314551           3955
            -291.134  753916           2300
            -291.134  408652           2290
            -291.134  572342           1848
            -291.134  76847            1959
            -291.134  329944           1506
            -291.134  406935           958
            -291.134  568              3381
            -291.134  633984           3184
            -291.134  232015           1313
            -291.134  12477            155
            -291.134  355706           2941
            -291.134  258756           2111
            -291.134  470339           3829
            -291.134  919335           3253
            -291.134  242970           1945
            -291.134  768472           3740
            -291.134  804104           566
            -291.134  496016           2135
            -291.134  197904           1782
            -291.134  765586           709
            -291.134  574412           679
            -291.134  671580           2924
            -291.134  185064           1449
            -291.134  389485           3888
            -291.134  51943            3006
            -291.134  540314           3561
            -291.134  607072           717
            -291.134  85751            2593
            -291.134  923767           1979
            -291.134  937727           1011
            -291.134  165375           1514
            -291.134  438127           3425
            -291.134  941975           816
            -291.134  648019           2946
            -291.134  891723           2284
            -291.134  344689           1354
            -291.134  998513           2820
            -291.134  338858           1342
            -291.134  524942           2139
            -291.134  733490           2834
            -291.134  694303           282
            -291.134  786697           3291
            -291.134  227999           1392
            -291.134  618760           489
            -291.134  743878           2402
            -291.134  100054           1225
            -291.134  700846           867
            -291.134  845197           1456
            -291.134  534256           1410
            -291.134  72972            2642
            -291.134  112231           2215
            -291.134  715647           3390
            -291.134  582630           3537
            -291.134  317640           437
            -291.134  762690           1732
            -291.134  485590           3195
            -291.134  494149           815
            -291.134  291149           536
            -291.134  277422           1485
            -291.134  418599           3783
            -291.134  570782           193
            -291.134  207896           25
            -291.134  262022           1467
            -291.134  94610            884
            -291.134  51296            3485
            -291.134  590834           785
            -291.134  901159           1166
            -291.134  88140            1089
            -291.134  203143           2675
            -291.134  625189           3102
            -291.134  396607           3897
            -291.134  505528           1604
            -291.134  401245           1929
            -291.134  681680           3557
            -291.134  826241           1779
            -291.134  229744           1096
            -291.134  812578           1865
            -291.134  485635           876
            -291.134  666207           3924
            -291.134  401483           2287
            -291.134  752769           253
            -291.134  165853           105
            -291.134  227478           2396
            -291.134  525650           3774
            -291.134  699580           3190
            -291.134  468036           131
            -291.134  977800           853
            -291.134  446528           3538
            -291.134  816765           959
            -291.134  516206           3877
            -291.134  508613           1494
            -291.134  229573           3800
            -291.134  794264           2493
            -291.134  354693           2038
            -291.134  561513           3345
            -291.134  440395           917
            -291.134  111494           3075
            -291.134  967902           52
            -291.134  178031           720
            -291.134  600244           3830
            -291.134  150531           154
            -291.134  338766           1131
            -291.134  374171           2920
            -291.134  803816           2909
            -291.134  352269           1497
            -291.134  729401           2106
            -291.134  602055           2166
            -291.134  678510           3062
            -291.134  187594           3708
            -291.134  804872           2707
            -291.134  711657           1564
            -291.134  341960           685
            -291.134  358449           2627
            -291.134  202864           2975
            -291.134  214821           3108
            -291.134  499347           881
            -291.134  544077           809
            -291.134  127215           9
            -291.134  397522           1311
            -291.134  588056           3232
            -291.134  172699           1626
            -291.134  335485           496
            -291.134  84502            2288
            -291.134  897272           1239
            -291.134  645052           910
            -291.134  722095           1549
            -291.134  700298           1555
            -291.134  66600            3186
            -291.134  483602           3026
            -291.134  708577           1350
            -291.179  758825           3512
            -291.179  178659           1637
            -291.251  857122           889
            -291.251  116609           3394
            -291.399  970791           3310
            -291.399  16220            3221
            -291.399  398480           3596
            -291.399  791678           974
            -291.399  3086             2112
            -291.399  224151           973
            -291.399  139885           2128
            -291.399  938242           2625
            -291.399  364901           2873
            -291.399  101894           2632
            -291.399  185331           1162
            -291.399  682178           1344
            -291.399  290586           3540
            -291.399  7510             2482
            -291.399  941525           609
            -291.399  512316           2238
            -291.399  875667           367
            -291.399  702334           2702
            -291.399  782765           3859
            -291.399  776546           2027
            -291.399  301428           885
            -291.399  197385           1259
            -291.399  520619           2652
            -291.399  294948           1999
            -291.399  923160           3652
            -291.399  491386           1787
            -291.399  847129           3854
            -291.399  217645           2102
            -291.399  19271            3020
            -291.399  497522           502
            -291.399  198008           1365
            -291.399  315029           471
            -291.399  838535           3612
            -291.399  251502           3571
            -291.399  137863           1030
            -291.399  988761           475
            -291.399  517385           2554
            -291.399  473942           574
            -291.399  891510           1625
            -291.399  435399           2896
            -291.399  200591           3408
            -291.399  829575           3177
            -291.399  361694           1834
            -291.399  311214           64
            -291.399  394609           1366
            -291.399  552209           2123
            -291.427  747511           3236
            -291.449  117146           3275
            -291.449  953205           2247
            -291.449  271319           1765
            -291.486  848795           1757
            -291.486  983830           1683
            -291.486  751592           3458
            -291.716  388467           3370
            -291.716  925994           1386
            -292.019  623663           3446
            -292.428  657909           2912
            -292.433  727375           3649
            -292.643  496881           192
            -292.643  239088           1902
            -292.643  186808           2105
            -292.643  577058           2673
            -292.644  103653           3821
            -292.644  12177            3942
            -292.644  635483           2083
            -292.644  226814           2623
            -292.644  486622           522
            -292.644  31158            2514
            -292.644  934284           3735
            -292.644  602328           2117
            -292.644  77571            980
            -292.644  380941           2968
            -292.644  712702           684
            -292.644  22170            3245
            -292.644  953267           3840
            -292.644  225539           1150
            -292.644  65562            1395
            -292.644  871851           257
            -292.644  304444           3594
            -292.644  743613           3179
            -292.644  234198           2548
            -292.644  848838           1647
            -292.644  403287           1558
            -292.644  291388           2571
            -292.644  732971           1447
            -292.644  903099           1399
            -292.644  948615           140
            -292.644  511811           3379
            -292.644  419858           1617
            -292.644  267178           2754
            -292.644  579134           3931
            -292.644  640602           2778
            -292.644  910850           2508
            -292.644  258142           2049
            -292.644  49633            2701
            -292.644  884146           1720
            -292.644  410512           1282
            -292.644  271114           2998
            -292.644  633668           2874
            -292.644  538669           1334
            -292.644  115028           1718
            -292.644  271886           2268
            -292.644  181598           2325
            -292.644  494115           2634
            -292.644  557917           3523
            -292.644  419474           3544
            -292.644  589865           3748
            -292.644  344904           1814
            -293.162  638977           643
            -293.162  247610           2039
            -293.162  638577           769
            -293.162  502379           3811
            -293.162  492814           1746
            -293.162  328661           813
            -293.162  39053            1301
            -293.162  701525           239
            -293.162  785309           2490
            -293.162  941301           3117
            -293.162  516908           1977
            -293.162  601074           2119
            -293.162  242621           1642
            -293.162  710445           792
            -293.162  673767           1736
            -293.162  739486           1699
            -293.162  785023           3454
            -293.162  781349           1079
            -293.162  432950           1244
            -293.162  231366           1137
            -293.162  486572           1333
            -293.162  422856           1676
            -293.162  404917           1338
            -293.162  661919           1062
            -293.162  356068           1924
            -293.162  728038           177
            -293.162  952712           2780
            -293.162  209243           1694
            -293.204  126237           3443
            -293.344  165213           2343
            -293.344  396921           2282
            -293.344  239783           3743
            -293.344  202379           2921
            -293.518  747551           1190
            -293.636  309881           2153
            -293.912  170683           2388
            -294.103  360419           356
            -294.127  442653           2553
            -294.176  828452           3835
            -294.297  829063           2276
            -294.910  22155            3946
            -294.914  206705           3822
            -295.200  307652           3808
            -295.260  21260            1125
            -295.260  452792           1726
            -295.316  985325           1890
            -295.316  49221            254
            -295.316  607263           1121
            -295.316  533691           1974
            -295.601  161831           3016
            -295.839  962080           2480
            -296.184  109357           765
            -296.184  2850             1110
            -296.184  738069           1830
            -296.407  40340            188
            -296.577  451188           2113
            -296.577  531546           702
            -296.577  476383           3058
            -296.577  578623           1849
            -296.577  147440           514
            -296.577  153942           31
            -296.577  758647           951
            -296.577  120855           2585
            -296.577  323788           3307
            -296.577  863849           1122
            -296.577  761633           50
            -296.577  663090           906
            -296.577  441118           1091
            -296.577  165268           2436
            -296.577  140849           515
            -296.577  824535           3127
            -296.577  705829           2439
            -296.577  944394           1024
            -296.577  819932           2180
            -296.577  612837           3056
            -296.577  393453           1355
            -296.577  338967           3256
            -296.585  652857           1254
            -296.585  802928           892
            -296.585  227272           1831
            -296.585  163116           1329
            -296.862  660326           2639
            -296.862  677720           681
            -296.862  544009           842
            -296.862  788325           2409
            -298.791  929823           1205

10 perturbed starting value run(s) did not converge or were rejected in the third stage.



THE BEST LOGLIKELIHOOD VALUE HAS BEEN REPLICATED.  RERUN WITH AT LEAST TWICE THE
RANDOM STARTS TO CHECK THAT THE BEST LOGLIKELIHOOD IS STILL OBTAINED AND REPLICATED.

     IN THE OPTIMIZATION, ONE OR MORE LOGIT THRESHOLDS APPROACHED EXTREME VALUES
     OF -15.000 AND 15.000 AND WERE FIXED TO STABILIZE MODEL ESTIMATION.  THESE
     VALUES IMPLY PROBABILITIES OF 0 AND 1.  IN THE MODEL RESULTS SECTION, THESE
     PARAMETERS HAVE 0 STANDARD ERRORS AND 999 IN THE Z-SCORE AND P-VALUE COLUMNS.

     IN THE OPTIMIZATION, ONE OR MORE LOGIT SCALE PARAMETERS APPROACHED EXTREME VALUES
     OF -15.000 AND 15.000 AND WERE FIXED TO STABILIZE MODEL ESTIMATION.  THESE
     VALUES IMPLY PROBABILITIES OF 0 AND 1.  IN THE MODEL RESULTS SECTION, THESE
     PARAMETERS HAVE 0 STANDARD ERRORS AND 999 IN THE Z-SCORE AND P-VALUE COLUMNS.

     ONE OR MORE PARAMETERS WERE FIXED TO AVOID SINGULARITY OF THE
     INFORMATION MATRIX. THE SINGULARITY IS MOST LIKELY DUE TO THE
     MODEL IS NOT IDENTIFIED, OR DUE TO A LARGE OR A SMALL PARAMETER
     ON THE LOGIT SCALE. THE FOLLOWING PARAMETERS WERE FIXED:
     Parameter 28, %CLASS#1%: LA_PAIR
     Parameter 33, %CLASS#2%: LA_PAIR
     Parameter 38, %CLASS#3%: LA_PAIR




THE MODEL ESTIMATION TERMINATED NORMALLY



MODEL FIT INFORMATION

Number of Free Parameters                       43

Loglikelihood

          H0 Value                        -286.749
          H0 Scaling Correction Factor      0.7970
            for MLR

Information Criteria

          Akaike (AIC)                     659.498
          Bayesian (BIC)                   745.814
          Sample-Size Adjusted BIC         610.693
            (n* = (n + 2) / 24)

Chi-Square Test of Model Fit for the Binary and Ordered Categorical
(Ordinal) Outcomes

          Pearson Chi-Square

          Value                              0.323
          Degrees of freedom cannot be computed for this model part.

          Likelihood Ratio Chi-Square

          Value                              0.551
          Degrees of freedom cannot be computed for this model part.

Chi-Square Test of Model Fit for the Count Outcomes

          Pearson Chi-Square

          Value                            213.952
          Degrees of Freedom                   101
          P-Value                           0.0000

          Likelihood Ratio Chi-Square

          Value                            108.462
          Degrees of Freedom                   101
          P-Value                           0.2880

Chi-Square Test for MCAR under the Unrestricted Latent Class Indicator Model
for the Count Outcomes

          Pearson Chi-Square

          Value                              0.000
          Degrees of Freedom                     0
          P-Value                           1.0000

          Likelihood Ratio Chi-Square

          Value                              0.000
          Degrees of Freedom                     0
          P-Value                           1.0000



FINAL CLASS COUNTS AND PROPORTIONS FOR THE LATENT CLASSES
BASED ON THE ESTIMATED MODEL

    Latent
   Classes

       1         26.00000          0.47273
       2          7.00000          0.12727
       3         11.63702          0.21158
       4         10.36298          0.18842


FINAL CLASS COUNTS AND PROPORTIONS FOR THE LATENT CLASSES
BASED ON ESTIMATED POSTERIOR PROBABILITIES

    Latent
   Classes

       1         26.00000          0.47273
       2          7.00000          0.12727
       3         11.63702          0.21158
       4         10.36298          0.18842


FINAL CLASS COUNTS AND PROPORTIONS FOR THE LATENT CLASSES
BASED ON THEIR MOST LIKELY LATENT CLASS MEMBERSHIP

Class Counts and Proportions

    Latent
   Classes

       1               26          0.47273
       2                7          0.12727
       3               11          0.20000
       4               11          0.20000


CLASSIFICATION QUALITY

     Entropy                         0.971


           Univariate Entropy
              TS_PAIR       SW_PAIR       LA_PAIR       DEL_YN        SW_TYPE
              ________      ________      ________      ________      ________
                0.133         0.207         0.177         0.311         0.743


           Univariate Entropy
              SW_POS3
              ________
                0.482


Classification Probabilities for the Most Likely Latent Class Membership (Column)
by Latent Class (Row)

           1        2        3        4

    1   1.000    0.000    0.000    0.000
    2   0.000    1.000    0.000    0.000
    3   0.000    0.000    0.945    0.055
    4   0.000    0.000    0.000    1.000


Logits for the Classification Probabilities for the Most Likely Latent Class Membership (Column)
by Latent Class (Row)

              1        2        3        4

    1     13.816    0.000    0.000    0.000
    2      0.000   13.816    0.000    0.000
    3    -10.910  -10.910    2.849    0.000
    4    -13.816  -13.816  -13.816    0.000


MODEL RESULTS

                                                    Two-Tailed
                    Estimate       S.E.  Est./S.E.    P-Value

Latent Class 1

 Means
    TS_PAIR            0.431      0.124      3.484      0.000
    SW_PAIR           -0.080      0.186     -0.431      0.666
    LA_PAIR#1        -15.000      0.000    999.000    999.000
    LA_PAIR           -1.872      0.460     -4.070      0.000

 Thresholds
    DEL_YN$1           2.037      0.614      3.318      0.001
    SW_TYPE$1         15.000      0.000    999.000    999.000
    SW_TYPE$2         15.000      0.000    999.000    999.000
    SW_POS3$1         -2.485      0.736     -3.376      0.001
    SW_POS3$2         15.000      0.000    999.000    999.000

 Dispersion
    LA_PAIR            0.000      0.000    999.000    999.000

Latent Class 2

 Means
    TS_PAIR            1.050      0.131      8.018      0.000
    SW_PAIR            1.232      0.100     12.371      0.000
    LA_PAIR#1          0.178      0.804      0.221      0.825
    LA_PAIR            1.037      0.191      5.422      0.000

 Thresholds
    DEL_YN$1         -15.000      0.000    999.000    999.000
    SW_TYPE$1        -15.000      0.000    999.000    999.000
    SW_TYPE$2         -1.792      1.080     -1.659      0.097
    SW_POS3$1        -15.000      0.000    999.000    999.000
    SW_POS3$2        -15.000      0.000    999.000    999.000

 Dispersion
    LA_PAIR            0.000      0.000    999.000    999.000

Latent Class 3

 Means
    TS_PAIR            0.018      0.125      0.144      0.886
    SW_PAIR            0.510      0.189      2.706      0.007
    LA_PAIR#1        -15.000      0.000    999.000    999.000
    LA_PAIR           -2.357      0.932     -2.530      0.011

 Thresholds
    DEL_YN$1          15.000      0.000    999.000    999.000
    SW_TYPE$1        -15.000      0.000    999.000    999.000
    SW_TYPE$2          1.810      1.055      1.716      0.086
    SW_POS3$1        -15.000      0.000    999.000    999.000
    SW_POS3$2          0.062      0.595      0.105      0.916

 Dispersion
    LA_PAIR            0.000      0.000    999.000    999.000

Latent Class 4

 Means
    TS_PAIR            0.380      0.140      2.718      0.007
    SW_PAIR            1.050      0.123      8.557      0.000
    LA_PAIR#1        -15.000      0.000    999.000    999.000
    LA_PAIR           -0.407      0.428     -0.950      0.342

 Thresholds
    DEL_YN$1          15.000      0.000    999.000    999.000
    SW_TYPE$1        -15.000      0.000    999.000    999.000
    SW_TYPE$2        -15.000      0.000    999.000    999.000
    SW_POS3$1        -15.000      0.000    999.000    999.000
    SW_POS3$2        -15.000      0.000    999.000    999.000

 Dispersion
    LA_PAIR            0.292      0.724      0.404      0.686

Categorical Latent Variables

 Means
    CLASS#1            0.920      0.381      2.414      0.016
    CLASS#2           -0.392      0.500     -0.785      0.432
    CLASS#3            0.116      0.468      0.248      0.804


RESULTS IN PROBABILITY SCALE

Latent Class 1

 DEL_YN
    Category 1         0.885      0.063     14.119      0.000
    Category 2         0.115      0.063      1.842      0.066
 SW_TYPE
    Category 1         1.000      0.000      0.000      1.000
    Category 2         0.000      0.000      0.000      1.000
    Category 3         0.000      0.000      0.000      1.000
 SW_POS3
    Category 1         0.077      0.052      1.472      0.141
    Category 2         0.923      0.052     17.664      0.000
    Category 3         0.000      0.000      0.000      1.000

Latent Class 2

 DEL_YN
    Category 1         0.000      0.000      0.000      1.000
    Category 2         1.000      0.000      0.000      1.000
 SW_TYPE
    Category 1         0.000      0.000      0.000      1.000
    Category 2         0.143      0.132      1.080      0.280
    Category 3         0.857      0.132      6.481      0.000
 SW_POS3
    Category 1         0.000      0.000      0.000      1.000
    Category 2         0.000      0.000      0.000      1.000
    Category 3         1.000      0.000      0.000      1.000

Latent Class 3

 DEL_YN
    Category 1         1.000      0.000      0.000      1.000
    Category 2         0.000      0.000      0.000      1.000
 SW_TYPE
    Category 1         0.000      0.000      0.000      1.000
    Category 2         0.859      0.128      6.739      0.000
    Category 3         0.141      0.128      1.103      0.270
 SW_POS3
    Category 1         0.000      0.000      0.000      1.000
    Category 2         0.516      0.149      3.470      0.001
    Category 3         0.484      0.149      3.260      0.001

Latent Class 4

 DEL_YN
    Category 1         1.000      0.000      0.000      1.000
    Category 2         0.000      0.000      0.000      1.000
 SW_TYPE
    Category 1         0.000      0.000      0.000      1.000
    Category 2         0.000      0.000      0.000      1.000
    Category 3         1.000      0.000      0.000      1.000
 SW_POS3
    Category 1         0.000      0.000      0.000      1.000
    Category 2         0.000      0.000      0.000      1.000
    Category 3         1.000      0.000      0.000      1.000


LATENT CLASS ODDS RATIO RESULTS

                                         (Est. - 1) Two-Tailed
                    Estimate       S.E.     / S.E.    P-Value

Latent Class 1 Compared to Latent Class 2

 DEL_YN
    Category > 1       0.000      0.000    999.000    999.000
 SW_TYPE
    Category > 1       0.000      0.000    999.000    999.000
    Category > 2       0.000      0.000    999.000    999.000
 SW_POS3
    Category > 1       0.000      0.000    999.000    999.000
    Category > 2       0.000      0.000    999.000    999.000

Latent Class 1 Compared to Latent Class 3

 DEL_YN
    Category > 1   *********      0.000    999.000    999.000
 SW_TYPE
    Category > 1       0.000      0.000    999.000    999.000
    Category > 2       0.000      0.000    999.000    999.000
 SW_POS3
    Category > 1       0.000      0.000    999.000    999.000
    Category > 2       0.000      0.000    999.000    999.000

Latent Class 1 Compared to Latent Class 4

 DEL_YN
    Category > 1   *********      0.000    999.000    999.000
 SW_TYPE
    Category > 1       0.000      0.000    999.000    999.000
    Category > 2       0.000      0.000    999.000    999.000
 SW_POS3
    Category > 1       0.000      0.000    999.000    999.000
    Category > 2       0.000      0.000    999.000    999.000

Latent Class 2 Compared to Latent Class 3

 DEL_YN
    Category > 1   *********      0.000    999.000    999.000
 SW_TYPE
    Category > 1       1.000      0.000    999.000    999.000
    Category > 2      36.652     55.335      0.644      0.519
 SW_POS3
    Category > 1       1.000      0.000    999.000    999.000
    Category > 2   *********      0.000    999.000    999.000

Latent Class 2 Compared to Latent Class 4

 DEL_YN
    Category > 1   *********      0.000    999.000    999.000
 SW_TYPE
    Category > 1       1.000      0.000    999.000    999.000
    Category > 2       0.000      0.000    999.000    999.000
 SW_POS3
    Category > 1       1.000      0.000    999.000    999.000
    Category > 2       1.000      0.000    999.000    999.000

Latent Class 3 Compared to Latent Class 4

 DEL_YN
    Category > 1       1.000      0.000    999.000    999.000
 SW_TYPE
    Category > 1       1.000      0.000    999.000    999.000
    Category > 2       0.000      0.000    999.000    999.000
 SW_POS3
    Category > 1       1.000      0.000    999.000    999.000
    Category > 2       0.000      0.000    999.000    999.000


QUALITY OF NUMERICAL RESULTS

     Condition Number for the Information Matrix              0.205E-01
       (ratio of smallest to largest eigenvalue)


MODEL COMMAND WITH FINAL ESTIMATES USED AS STARTING VALUES

     %OVERALL%

     [ class#1*0.91986 ];
     [ class#2*-0.39233 ];
     [ class#3*0.11595 ];

     %CLASS#1%

     [ ts_pair*0.43078 ];
     [ sw_pair*-0.08004 ];
     [ la_pair#1*-15 ];
     [ la_pair*-1.87180 ];

     [ del_yn$1*2.03688 ];
     [ sw_type$1*15 ];
     [ sw_type$2*15 ];
     [ sw_pos3$1*-2.48491 ];
     [ sw_pos3$2*15 ];

     la_pair*0.00003;

     %CLASS#2%

     [ ts_pair*1.04982 ];
     [ sw_pair*1.23214 ];
     [ la_pair#1*0.17764 ];
     [ la_pair*1.03722 ];

     [ del_yn$1*-15 ];
     [ sw_type$1*-15 ];
     [ sw_type$2*-1.79176 ];
     [ sw_pos3$1*-15 ];
     [ sw_pos3$2*-15 ];

     la_pair*0.00008;

     %CLASS#3%

     [ ts_pair*0.01800 ];
     [ sw_pair*0.51032 ];
     [ la_pair#1*-15 ];
     [ la_pair*-2.35691 ];

     [ del_yn$1*15 ];
     [ sw_type$1*-15 ];
     [ sw_type$2*1.80971 ];
     [ sw_pos3$1*-15 ];
     [ sw_pos3$2*0.06240 ];

     la_pair*0.00002;

     %CLASS#4%

     [ ts_pair*0.37987 ];
     [ sw_pair*1.05004 ];
     [ la_pair#1*-15 ];
     [ la_pair*-0.40703 ];

     [ del_yn$1*15 ];
     [ sw_type$1*-15 ];
     [ sw_type$2*-15 ];
     [ sw_pos3$1*-15 ];
     [ sw_pos3$2*-15 ];

     la_pair*0.29247;



TECHNICAL 1 OUTPUT


     PARAMETER SPECIFICATION FOR LATENT CLASS 1


     PARAMETER SPECIFICATION FOR LATENT CLASS 2


     PARAMETER SPECIFICATION FOR LATENT CLASS 3


     PARAMETER SPECIFICATION FOR LATENT CLASS 4


     PARAMETER SPECIFICATION FOR LATENT CLASS INDICATOR MODEL PART


           TAU(U) FOR LATENT CLASS 1
              DEL_YN$1      SW_TYPE$      SW_TYPE$      SW_POS3$      SW_POS3$
              ________      ________      ________      ________      ________
                    1             2             3             4             5


           TAU(U) FOR LATENT CLASS 2
              DEL_YN$1      SW_TYPE$      SW_TYPE$      SW_POS3$      SW_POS3$
              ________      ________      ________      ________      ________
                    6             7             8             9            10


           TAU(U) FOR LATENT CLASS 3
              DEL_YN$1      SW_TYPE$      SW_TYPE$      SW_POS3$      SW_POS3$
              ________      ________      ________      ________      ________
                   11            12            13            14            15


           TAU(U) FOR LATENT CLASS 4
              DEL_YN$1      SW_TYPE$      SW_TYPE$      SW_POS3$      SW_POS3$
              ________      ________      ________      ________      ________
                   16            17            18            19            20


     PARAMETER SPECIFICATION FOR LATENT CLASS REGRESSION MODEL PART


           ALPHA(C)
              CLASS#1       CLASS#2       CLASS#3       CLASS#4
              ________      ________      ________      ________
                   21            22            23             0


     PARAMETER SPECIFICATION FOR THE CENSORED/NOMINAL/COUNT MODEL PART


           NU(P) FOR LATENT CLASS 1
              TS_PAIR#      TS_PAIR       SW_PAIR#      SW_PAIR       LA_PAIR#
              ________      ________      ________      ________      ________
                    0            24             0            25            26


           NU(P) FOR LATENT CLASS 1
              LA_PAIR
              ________
                   27


           THETA(C) FOR CLASS LATENT CLASS 1
              LA_PAIR
              ________
                   28


           NU(P) FOR LATENT CLASS 2
              TS_PAIR#      TS_PAIR       SW_PAIR#      SW_PAIR       LA_PAIR#
              ________      ________      ________      ________      ________
                    0            29             0            30            31


           NU(P) FOR LATENT CLASS 2
              LA_PAIR
              ________
                   32


           THETA(C) FOR CLASS LATENT CLASS 2
              LA_PAIR
              ________
                   33


           NU(P) FOR LATENT CLASS 3
              TS_PAIR#      TS_PAIR       SW_PAIR#      SW_PAIR       LA_PAIR#
              ________      ________      ________      ________      ________
                    0            34             0            35            36


           NU(P) FOR LATENT CLASS 3
              LA_PAIR
              ________
                   37


           THETA(C) FOR CLASS LATENT CLASS 3
              LA_PAIR
              ________
                   38


           NU(P) FOR LATENT CLASS 4
              TS_PAIR#      TS_PAIR       SW_PAIR#      SW_PAIR       LA_PAIR#
              ________      ________      ________      ________      ________
                    0            39             0            40            41


           NU(P) FOR LATENT CLASS 4
              LA_PAIR
              ________
                   42


           THETA(C) FOR CLASS LATENT CLASS 4
              LA_PAIR
              ________
                   43


     STARTING VALUES FOR LATENT CLASS 1


     STARTING VALUES FOR LATENT CLASS 2


     STARTING VALUES FOR LATENT CLASS 3


     STARTING VALUES FOR LATENT CLASS 4


     STARTING VALUES FOR LATENT CLASS INDICATOR MODEL PART


           TAU(U) FOR LATENT CLASS 1
              DEL_YN$1      SW_TYPE$      SW_TYPE$      SW_POS3$      SW_POS3$
              ________      ________      ________      ________      ________
                0.504        -1.109        -0.279        -4.277        -0.670


           TAU(U) FOR LATENT CLASS 2
              DEL_YN$1      SW_TYPE$      SW_TYPE$      SW_POS3$      SW_POS3$
              ________      ________      ________      ________      ________
                1.504        -0.109         0.721        -3.277         0.330


           TAU(U) FOR LATENT CLASS 3
              DEL_YN$1      SW_TYPE$      SW_TYPE$      SW_POS3$      SW_POS3$
              ________      ________      ________      ________      ________
                1.504        -0.109         0.721        -3.277         0.330


           TAU(U) FOR LATENT CLASS 4
              DEL_YN$1      SW_TYPE$      SW_TYPE$      SW_POS3$      SW_POS3$
              ________      ________      ________      ________      ________
                2.504         0.891         1.721        -2.277         1.330


     STARTING VALUES FOR LATENT CLASS REGRESSION MODEL PART


           ALPHA(C)
              CLASS#1       CLASS#2       CLASS#3       CLASS#4
              ________      ________      ________      ________
                0.000         0.000         0.000         0.000


     STARTING VALUES FOR THE CENSORED/NOMINAL/COUNT MODEL PART


           NU(P) FOR LATENT CLASS 1
              TS_PAIR#      TS_PAIR       SW_PAIR#      SW_PAIR       LA_PAIR#
              ________      ________      ________      ________      ________
              -20.000        -0.541       -20.000        -0.404        -0.369


           NU(P) FOR LATENT CLASS 1
              LA_PAIR
              ________
               -0.786


           THETA(C) FOR LATENT CLASS 1
              LA_PAIR
              ________
                2.243


           NU(P) FOR LATENT CLASS 2
              TS_PAIR#      TS_PAIR       SW_PAIR#      SW_PAIR       LA_PAIR#
              ________      ________      ________      ________      ________
              -20.000         0.459       -20.000         0.596        -0.369


           NU(P) FOR LATENT CLASS 2
              LA_PAIR
              ________
                0.214


           THETA(C) FOR LATENT CLASS 2
              LA_PAIR
              ________
                2.243


           NU(P) FOR LATENT CLASS 3
              TS_PAIR#      TS_PAIR       SW_PAIR#      SW_PAIR       LA_PAIR#
              ________      ________      ________      ________      ________
              -20.000         1.459       -20.000         1.596        -0.369


           NU(P) FOR LATENT CLASS 3
              LA_PAIR
              ________
                1.214


           THETA(C) FOR LATENT CLASS 3
              LA_PAIR
              ________
                2.243


           NU(P) FOR LATENT CLASS 4
              TS_PAIR#      TS_PAIR       SW_PAIR#      SW_PAIR       LA_PAIR#
              ________      ________      ________      ________      ________
              -20.000         2.459       -20.000         2.596        -0.369


           NU(P) FOR LATENT CLASS 4
              LA_PAIR
              ________
                2.214


           THETA(C) FOR LATENT CLASS 4
              LA_PAIR
              ________
                2.243


TECHNICAL 4 OUTPUT


PLOT INFORMATION

The following plots are available:

  Histograms (sample values)
  Scatterplots (sample values)
  Sample proportions and estimated probabilities

SAVEDATA INFORMATION


  Save file
    LCA_full_pairs_model2_lca_4.dat SAVE = cprobabilites bchweights

  Order and format of variables

    TS_PAIR        F10.3
    SW_PAIR        F10.3
    LA_PAIR        F10.3
    DEL_YN         F10.3
    SW_TYPE        F10.3
    SW_POS3        F10.3
    TS_YN          F10.3
    LA_YN          F10.3
    CA_YN          F10.3
    SW_BR          F10.3
    SW_GR          F10.3
    SW_EF          F10.3
    SW_PCAT        F10.3
    CPROB1         F10.3
    CPROB2         F10.3
    CPROB3         F10.3
    CPROB4         F10.3
    CLASS          F10.3
    ID             I4

  Save file format
    18F10.3 I4

  Save file record length    10000


     Beginning Time:  13:54:44
        Ending Time:  13:55:01
       Elapsed Time:  00:00:17



MUTHEN & MUTHEN
3463 Stoner Ave.
Los Angeles, CA  90066

Tel: (310) 391-9971
Fax: (310) 391-8971
Web: www.StatModel.com
Support: Support@StatModel.com

Copyright (c) 1998-2019 Muthen & Muthen
