Mplus VERSION 8.4 (Mac)
MUTHEN & MUTHEN
05/16/2025   1:52 PM

INPUT INSTRUCTIONS


  TITLE: LCA_minimal1 classes
  DATA: FILE IS LCA_minimal_model1_lca.dat;

  VARIABLE:
  NAMES = id TS_YN LA_YN DEL_YN CA_YN SW_type SW_pos3 SW_BR SW_GR SW_EF TS_PAIR
       LA_PAIR SW_PAIR SW_pcat;
  IDVARIABLE = id;
  USEVARIABLES = LA_YN DEL_YN SW_type CA_YN;
  CATEGORICAL = LA_YN DEL_YN SW_type CA_YN;
  AUXILIARY = TS_YN SW_pos3 SW_BR SW_GR SW_EF TS_PAIR LA_PAIR SW_PAIR SW_pcat;
  MISSING = .;
  CLASSES = class (1);


  ANALYSIS:
  TYPE = MIXTURE;
  PROCESSORS = 12;
  STITERATIONS = 800;
  STARTS = 4000 800;

  OUTPUT:
  SVALUES ENTROPY TECH1 TECH4;
  PLOT: TYPE=PLOT1 PLOT2 PLOT3;
  SAVEDATA:
  FILE IS LCA_minimal_model1_lca_1.dat
  SAVE = cprobabilites bchweights;



INPUT READING TERMINATED NORMALLY



LCA_minimal1 classes

SUMMARY OF ANALYSIS

Number of groups                                                 1
Number of observations                                          55

Number of dependent variables                                    4
Number of independent variables                                  0
Number of continuous latent variables                            0
Number of categorical latent variables                           1

Observed dependent variables

  Binary and ordered categorical (ordinal)
   LA_YN       DEL_YN      SW_TYPE     CA_YN

Observed auxiliary variables
   TS_YN       SW_POS3     SW_BR       SW_GR       SW_EF       TS_PAIR
   LA_PAIR     SW_PAIR     SW_PCAT

Categorical latent variables
   CLASS

Variables with special functions

  ID variable           ID

Estimator                                                      MLR
Information matrix                                        OBSERVED
Optimization Specifications for the Quasi-Newton Algorithm for
Continuous Outcomes
  Maximum number of iterations                                 100
  Convergence criterion                                  0.100D-05
Optimization Specifications for the EM Algorithm
  Maximum number of iterations                                 500
  Convergence criteria
    Loglikelihood change                                 0.100D-06
    Relative loglikelihood change                        0.100D-06
    Derivative                                           0.100D-05
Optimization Specifications for the M step of the EM Algorithm for
Categorical Latent variables
  Number of M step iterations                                    1
  M step convergence criterion                           0.100D-05
  Basis for M step termination                           ITERATION
Optimization Specifications for the M step of the EM Algorithm for
Censored, Binary or Ordered Categorical (Ordinal), Unordered
Categorical (Nominal) and Count Outcomes
  Number of M step iterations                                    1
  M step convergence criterion                           0.100D-05
  Basis for M step termination                           ITERATION
  Maximum value for logit thresholds                            15
  Minimum value for logit thresholds                           -15
  Minimum expected cell size for chi-square              0.100D-01
Maximum number of iterations for H1                           2000
Convergence criterion for H1                             0.100D-03
Optimization algorithm                                         EMA
Random Starts Specifications
  Number of initial stage random starts                       4000
  Number of final stage optimizations                          800
  Number of initial stage iterations                           800
  Initial stage convergence criterion                    0.100D+01
  Random starts scale                                    0.500D+01
  Random seed for generating random starts                       0
Link                                                         LOGIT

Input data file(s)
  LCA_minimal_model1_lca.dat
Input data format  FREE


SUMMARY OF DATA

     Number of missing data patterns             1
     Number of y missing data patterns           0
     Number of u missing data patterns           1


COVARIANCE COVERAGE OF DATA

Minimum covariance coverage value   0.100


UNIVARIATE PROPORTIONS AND COUNTS FOR CATEGORICAL VARIABLES

    LA_YN
      Category 1    0.764           42.000
      Category 2    0.236           13.000
    DEL_YN
      Category 1    0.818           45.000
      Category 2    0.182           10.000
    SW_TYPE
      Category 1    0.473           26.000
      Category 2    0.200           11.000
      Category 3    0.327           18.000
    CA_YN
      Category 1    0.582           32.000
      Category 2    0.418           23.000


RANDOM STARTS RESULTS RANKED FROM THE BEST TO THE WORST LOGLIKELIHOOD VALUES

Final stage loglikelihood values at local maxima, seeds, and initial stage start numbers:

            -150.827  398789           2336
            -150.827  13571            2669
            -150.827  20976            1336
            -150.827  696830           668
            -150.827  350608           334
            -150.827  34900            3002
            -150.827  746304           3335
            -150.827  216091           1670
            -150.827  913726           3668
            -150.827  76204            2003
            -150.827  923803           1002
            -150.827  42638            2048
            -150.827  944394           1024
            -150.827  258142           2049
            -150.827  286102           2050
            -150.827  379729           512
            -150.827  981480           1025
            -150.827  647548           2051
            -150.827  389538           2052
            -150.827  604441           1026
            -150.827  224785           2053
            -150.827  36077            2054
            -150.827  314034           513
            -150.827  874698           1027
            -150.827  634388           2055
            -150.827  613075           2056
            -150.827  217403           1028
            -150.827  582061           2057
            -150.827  720696           2058
            -150.827  147440           514
            -150.827  621197           1029
            -150.827  915628           2059
            -150.827  973315           2060
            -150.827  137863           1030
            -150.827  344236           2061
            -150.827  19374            2062
            -150.827  140849           515
            -150.827  910097           1031
            -150.827  452658           2063
            -150.827  92764            2064
            -150.827  460521           1032
            -150.827  373544           2065
            -150.827  24045            2066
            -150.827  689529           516
            -150.827  401572           1033
            -150.827  85735            2067
            -150.827  946511           2068
            -150.827  83866            1034
            -150.827  957792           2069
            -150.827  842511           2070
            -150.827  79212            517
            -150.827  387016           1035
            -150.827  540678           2071
            -150.827  130971           2072
            -150.827  314662           1036
            -150.827  54325            2073
            -150.827  62738            2074
            -150.827  327475           518
            -150.827  550871           1037
            -150.827  175952           2075
            -150.827  786248           2076
            -150.827  835162           1038
            -150.827  865575           2077
            -150.827  320864           2078
            -150.827  161421           519
            -150.827  207299           1039
            -150.827  975082           2079
            -150.827  418284           2080
            -150.827  175820           1040
            -150.827  692357           2081
            -150.827  311072           2082
            -150.827  489927           520
            -150.827  608363           1041
            -150.827  635483           2083
            -150.827  520685           2084
            -150.827  905166           1042
            -150.827  722206           2085
            -150.827  156309           2086
            -150.827  745972           521
            -150.827  325724           1043
            -150.827  233050           2087
            -150.827  800560           2088
            -150.827  344109           1044
            -150.827  407049           2089
            -150.827  807926           2090
            -150.827  486622           522
            -150.827  264903           1045
            -150.827  527134           2091
            -150.827  456915           2092
            -150.827  221146           1046
            -150.827  819358           2093
            -150.827  971278           2094
            -150.827  715255           523
            -150.827  162030           1047
            -150.827  190781           2095
            -150.827  859041           2096
            -150.827  231581           1048
            -150.827  454111           2097
            -150.827  33553            2098
            -150.827  638611           524
            -150.827  319638           1049
            -150.827  719390           2099
            -150.827  880232           2100
            -150.827  150818           1050
            -150.827  385042           2101
            -150.827  217645           2102
            -150.827  995249           525
            -150.827  985544           1051
            -150.827  35478            2103
            -150.827  441119           2104
            -150.827  295033           1052
            -150.827  186808           2105
            -150.827  729401           2106
            -150.827  126371           526
            -150.827  877722           1053
            -150.827  104688           2107
            -150.827  32106            2108
            -150.827  259758           1054
            -150.827  393147           2109
            -150.827  168205           2110
            -150.827  830292           527
            -150.827  990197           1055
            -150.827  258756           2111
            -150.827  3086             2112
            -150.827  545756           1056
            -150.827  451188           2113
            -150.827  252346           528
            -150.827  701526           1057
            -150.827  158701           1058
            -150.827  78862            529
            -150.827  98720            1059
            -150.827  900817           1060
            -150.827  704798           530
            -150.827  910071           1061
            -150.827  661919           1062
            -150.827  742609           531
            -150.827  303959           1063
            -150.827  60038            1064
            -150.827  371737           532
            -150.827  104520           1065
            -150.827  228451           1066
            -150.827  347222           533
            -150.827  987012           1067
            -150.827  452297           1068
            -150.827  858804           534
            -150.827  181178           1069
            -150.827  353696           1070
            -150.827  413564           535
            -150.827  512820           1071
            -150.827  670595           1072
            -150.827  291149           536
            -150.827  282955           1073
            -150.827  49959            1074
            -150.827  247912           537
            -150.827  864006           1075
            -150.827  602305           1076
            -150.827  723035           538
            -150.827  217990           1077
            -150.827  458226           1078
            -150.827  154575           539
            -150.827  781349           1079
            -150.827  401701           1080
            -150.827  355674           540
            -150.827  956446           1081
            -150.827  502808           1082
            -150.827  944186           541
            -150.827  704051           1083
            -150.827  137654           1084
            -150.827  231281           542
            -150.827  672643           1085
            -150.827  289415           1086
            -150.827  809240           543
            -150.827  731610           1087
            -150.827  222513           1088
            -150.827  539389           544
            -150.827  88140            1089
            -150.827  897782           545
            -150.827  160326           546
            -150.827  995875           547
            -150.827  4091             548
            -150.827  331681           549
            -150.827  760531           550
            -150.827  351622           551
            -150.827  434915           552
            -150.827  903633           553
            -150.827  370957           554
            -150.827  279850           555
            -150.827  248742           556
            -150.827  172913           557
            -150.827  574942           558
            -150.827  519357           559
            -150.827  358074           560
            -150.827  871438           561
            -150.827  312754           562
            -150.827  491970           563
            -150.827  67009            564
            -150.827  436892           565
            -150.827  804104           566
            -150.827  831410           567
            -150.827  212934           568
            -150.827  405371           569
            -150.827  117731           570
            -150.827  699810           571
            -150.827  117587           572
            -150.827  947714           573
            -150.827  473942           574
            -150.827  566739           575
            -150.827  506886           576
            -150.827  650354           577
            -150.827  359127           2337
            -150.827  786218           2338
            -150.827  435112           2339
            -150.827  973427           2340
            -150.827  827570           2341
            -150.827  62585            2342
            -150.827  165213           2343
            -150.827  358083           2344
            -150.827  650387           2345
            -150.827  703783           2346
            -150.827  27690            2347
            -150.827  352988           2348
            -150.827  933596           2349
            -150.827  52010            2350
            -150.827  947659           2351
            -150.827  800662           2352
            -150.827  340711           2353
            -150.827  428058           2354
            -150.827  535336           2355
            -150.827  565709           2356
            -150.827  855696           2357
            -150.827  165579           2358
            -150.827  579712           2359
            -150.827  974762           2360
            -150.827  465028           2361
            -150.827  806234           2362
            -150.827  985203           2363
            -150.827  433197           2364
            -150.827  789171           2365
            -150.827  703893           2366
            -150.827  998744           2367
            -150.827  492644           2368
            -150.827  932960           2369
            -150.827  5262             2370
            -150.827  775844           2371
            -150.827  753696           2372
            -150.827  112482           2373
            -150.827  806363           2374
            -150.827  221460           2375
            -150.827  817779           2376
            -150.827  920346           2377
            -150.827  726120           2378
            -150.827  44196            2379
            -150.827  250872           2380
            -150.827  156034           2381
            -150.827  103765           2382
            -150.827  553604           2383
            -150.827  474350           2384
            -150.827  202063           2385
            -150.827  997845           2386
            -150.827  460291           2387
            -150.827  170683           2388
            -150.827  615589           2389
            -150.827  25531            2390
            -150.827  4395             2391
            -150.827  891036           2392
            -150.827  561281           2393
            -150.827  493718           2394
            -150.827  641890           2395
            -150.827  227478           2396
            -150.827  2315             2397
            -150.827  621441           2398
            -150.827  33398            2399
            -150.827  827041           2400
            -150.827  315131           2401
            -150.827  743878           2402
            -150.827  627421           2670
            -150.827  350191           2671
            -150.827  301545           2672
            -150.827  577058           2673
            -150.827  969468           2674
            -150.827  917184           1337
            -150.827  203143           2675
            -150.827  403892           2676
            -150.827  229452           3718
            -150.827  404917           1338
            -150.827  81124            2677
            -150.827  660650           2678
            -150.827  373702           669
            -150.827  785822           1339
            -150.827  458123           2679
            -150.827  475130           2680
            -150.827  318596           3710
            -150.827  803696           1340
            -150.827  788342           2681
            -150.827  817593           2682
            -150.827  26649            3706
            -150.827  59963            670
            -150.827  452356           1341
            -150.827  158872           2683
            -150.827  635597           3702
            -150.827  330254           2684
            -150.827  338858           1342
            -150.827  153302           2685
            -150.827  690012           2686
            -150.827  666720           671
            -150.827  188340           1343
            -150.827  332809           2687
            -150.827  872737           3694
            -150.827  515428           2688
            -150.827  682178           1344
            -150.827  115267           2689
            -150.827  545961           3690
            -150.827  18109            2690
            -150.827  266038           672
            -150.827  350502           1345
            -150.827  136297           3686
            -150.827  746172           2691
            -150.827  477585           2692
            -150.827  182461           1346
            -150.827  77289            2693
            -150.827  862221           2694
            -150.827  383902           673
            -150.827  953815           1347
            -150.827  576306           3678
            -150.827  591019           2695
            -150.827  149379           2696
            -150.827  289739           1348
            -150.827  619114           2697
            -150.827  374819           2698
            -150.827  278661           674
            -150.827  36183            1349
            -150.827  641965           2699
            -150.827  88767            2700
            -150.827  708577           1350
            -150.827  49633            2701
            -150.827  702334           2702
            -150.827  404042           675
            -150.827  830367           1351
            -150.827  679890           2703
            -150.827  327185           2704
            -150.827  654884           1352
            -150.827  995255           2705
            -150.827  122167           2706
            -150.827  276696           676
            -150.827  276023           1353
            -150.827  804872           2707
            -150.827  971770           2708
            -150.827  344689           1354
            -150.827  613933           2709
            -150.827  282806           2710
            -150.827  838615           677
            -150.827  393453           1355
            -150.827  273423           2711
            -150.827  469571           2712
            -150.827  449258           1356
            -150.827  645068           2713
            -150.827  856920           2714
            -150.827  327140           678
            -150.827  547354           1357
            -150.827  2292             2715
            -150.827  38165            2716
            -150.827  971119           1358
            -150.827  808328           2717
            -150.827  70669            2718
            -150.827  574412           679
            -150.827  357700           1359
            -150.827  581601           2719
            -150.827  478386           2720
            -150.827  873222           1360
            -150.827  402225           2721
            -150.827  722647           2722
            -150.827  677062           680
            -150.827  635599           1361
            -150.827  78393            2723
            -150.827  931841           2724
            -150.827  175583           1362
            -150.827  57775            2725
            -150.827  536075           2726
            -150.827  677720           681
            -150.827  859223           1363
            -150.827  926494           2727
            -150.827  940517           2728
            -150.827  199491           1364
            -150.827  901845           2729
            -150.827  422747           2730
            -150.827  148918           682
            -150.827  198008           1365
            -150.827  78021            2731
            -150.827  245947           2732
            -150.827  394609           1366
            -150.827  693257           2733
            -150.827  583083           2734
            -150.827  266340           683
            -150.827  74838            1367
            -150.827  743830           1368
            -150.827  712702           684
            -150.827  934216           1369
            -150.827  493083           1370
            -150.827  341960           685
            -150.827  970728           1371
            -150.827  356754           1372
            -150.827  106561           686
            -150.827  842091           1373
            -150.827  277373           1374
            -150.827  179022           687
            -150.827  319298           1375
            -150.827  661290           1376
            -150.827  488581           688
            -150.827  967567           1377
            -150.827  425140           1378
            -150.827  534193           689
            -150.827  667170           1379
            -150.827  865693           1380
            -150.827  686384           690
            -150.827  913926           1381
            -150.827  115218           1382
            -150.827  580181           691
            -150.827  357258           1383
            -150.827  160041           1384
            -150.827  72866            692
            -150.827  622896           1385
            -150.827  925994           1386
            -150.827  917702           693
            -150.827  115653           1387
            -150.827  723096           1388
            -150.827  848590           694
            -150.827  924828           1389
            -150.827  320884           1390
            -150.827  204959           695
            -150.827  230121           1391
            -150.827  227999           1392
            -150.827  536551           696
            -150.827  356194           1393
            -150.827  540747           1394
            -150.827  7195             697
            -150.827  65562            1395
            -150.827  182880           1396
            -150.827  626208           698
            -150.827  337381           1397
            -150.827  847341           1398
            -150.827  669639           699
            -150.827  903099           1399
            -150.827  555330           1400
            -150.827  856612           700
            -150.827  778338           1401
            -150.827  493775           1402
            -150.827  964570           701
            -150.827  531546           702
            -150.827  35191            703
            -150.827  926762           704
            -150.827  476393           705
            -150.827  579138           706
            -150.827  49293            707
            -150.827  114433           708
            -150.827  765586           709
            -150.827  117391           710
            -150.827  610181           711
            -150.827  77210            712
            -150.827  284716           713
            -150.827  46502            714
            -150.827  833196           715
            -150.827  853781           716
            -150.827  607072           717
            -150.827  702492           718
            -150.827  512403           719
            -150.827  178031           720
            -150.827  670281           721
            -150.827  461866           722
            -150.827  699834           723
            -150.827  502495           724
            -150.827  647617           725
            -150.827  177936           726
            -150.827  91231            727
            -150.827  878749           728
            -150.827  72662            729
            -150.827  42523            730
            -150.827  478341           731
            -150.827  548673           732
            -150.827  682718           733
            -150.827  556929           734
            -150.827  746057           3003
            -150.827  274131           3004
            -150.827  681079           3005
            -150.827  51943            3006
            -150.827  357077           3007
            -150.827  10632            3008
            -150.827  487062           3009
            -150.827  300741           3010
            -150.827  121729           3011
            -150.827  440963           3012
            -150.827  236640           3013
            -150.827  626264           3014
            -150.827  985883           3015
            -150.827  161831           3016
            -150.827  913007           3017
            -150.827  838944           3018
            -150.827  828901           3019
            -150.827  19271            3020
            -150.827  628628           3021
            -150.827  862277           3022
            -150.827  854613           3023
            -150.827  75643            3024
            -150.827  877914           3025
            -150.827  483602           3026
            -150.827  595590           3027
            -150.827  139043           3028
            -150.827  525406           3029
            -150.827  210846           3030
            -150.827  380978           3031
            -150.827  958223           3032
            -150.827  703              3033
            -150.827  560777           3034
            -150.827  549964           3035
            -150.827  204058           3036
            -150.827  528696           3037
            -150.827  445903           3038
            -150.827  912557           3039
            -150.827  331210           3040
            -150.827  80226            3041
            -150.827  164125           3042
            -150.827  202788           3043
            -150.827  851658           3044
            -150.827  91413            3045
            -150.827  960766           3046
            -150.827  93229            3047
            -150.827  117631           3048
            -150.827  567996           3049
            -150.827  618385           3050
            -150.827  407517           3051
            -150.827  105022           3052
            -150.827  673091           3053
            -150.827  839525           3054
            -150.827  122612           3055
            -150.827  612837           3056
            -150.827  539433           3057
            -150.827  476383           3058
            -150.827  943158           3059
            -150.827  135790           3060
            -150.827  251341           3061
            -150.827  678510           3062
            -150.827  797381           3063
            -150.827  260147           3064
            -150.827  203637           3065
            -150.827  271100           3066
            -150.827  196942           3067
            -150.827  761017           3336
            -150.827  427979           3337
            -150.827  98578            3338
            -150.827  761888           3339
            -150.827  671703           3340
            -150.827  245560           3341
            -150.827  895274           3342
            -150.827  853439           1671
            -150.827  786713           3343
            -150.827  749808           3344
            -150.827  171430           1672
            -150.827  561513           3345
            -150.827  677999           3346
            -150.827  146857           1673
            -150.827  659367           3347
            -150.827  676616           3348
            -150.827  275003           1674
            -150.827  928686           3349
            -150.827  830978           3350
            -150.827  452606           1675
            -150.827  192731           3351
            -150.827  893448           3352
            -150.827  422856           1676
            -150.827  134638           3353
            -150.827  679391           3354
            -150.827  778787           1677
            -150.827  270973           3355
            -150.827  387354           3356
            -150.827  719798           1678
            -150.827  161998           3357
            -150.827  500237           3358
            -150.827  137877           1679
            -150.827  74096            3359
            -150.827  839912           3360
            -150.827  22518            1680
            -150.827  137767           3361
            -150.827  175767           3362
            -150.827  538470           1681
            -150.827  105912           3363
            -150.827  785215           3364
            -150.827  758926           1682
            -150.827  171846           3365
            -150.827  278885           3366
            -150.827  983830           1683
            -150.827  575827           3367
            -150.827  274385           3368
            -150.827  654377           1684
            -150.827  185823           3369
            -150.827  388467           3370
            -150.827  958803           1685
            -150.827  325083           3371
            -150.827  494200           3372
            -150.827  269800           1686
            -150.827  383791           3373
            -150.827  763415           3374
            -150.827  784646           1687
            -150.827  752523           3375
            -150.827  718972           3376
            -150.827  575260           3398
            -150.827  696575           3397
            -150.827  552100           3396
            -150.827  320563           1688
            -150.827  830618           3377
            -150.827  663189           3378
            -150.827  987174           1689
            -150.827  511811           3379
            -150.827  715647           3390
            -150.827  540809           3389
            -150.827  476830           3388
            -150.827  555550           3380
            -150.827  59890            1690
            -150.827  568              3381
            -150.827  198168           3382
            -150.827  960582           1691
            -150.827  939470           3383
            -150.827  724245           3384
            -150.827  135076           1692
            -150.827  766824           3385
            -150.827  712456           3386
            -150.827  672339           1693
            -150.827  77063            3387
            -150.827  209243           1694
            -150.827  514629           1695
            -150.827  200506           3391
            -150.827  806904           3392
            -150.827  62158            1696
            -150.827  245878           3393
            -150.827  116609           3394
            -150.827  172133           1697
            -150.827  489524           3395
            -150.827  17730            1698
            -150.827  739486           1699
            -150.827  877705           3399
            -150.827  338951           3400
            -150.827  703098           1700
            -150.827  847855           1701
            -150.827  296924           1702
            -150.827  573574           1703
            -150.827  949654           1704
            -150.827  812408           1705
            -150.827  638032           1706
            -150.827  868600           1707
            -150.827  460453           1708
            -150.827  990491           1709
            -150.827  208230           1710
            -150.827  217759           1711
            -150.827  138555           1712
            -150.827  283112           1713
            -150.827  139018           1714
            -150.827  290366           1715
            -150.827  977507           1716
            -150.827  437936           1717
            -150.827  115028           1718
            -150.827  965074           1719
            -150.827  884146           1720
            -150.827  826811           1721
            -150.827  708128           1722
            -150.827  58353            1723
            -150.827  358115           1724
            -150.827  767770           1725
            -150.827  452792           1726
            -150.827  178337           1727
            -150.827  816796           1728
            -150.827  109920           1729
            -150.827  125089           1730
            -150.827  255016           1731
            -150.827  762690           1732
            -150.827  463894           1733
            -150.827  259148           1734
            -150.827  586561           1735
            -150.827  673767           1736
            -150.827  132836           3669
            -150.827  928789           3670
            -150.827  346749           3671
            -150.827  605367           3672
            -150.827  760898           3673
            -150.827  85186            3674
            -150.827  851553           3675
            -150.827  5139             3676
            -150.827  398329           3677
            -150.827  672489           3679
            -150.827  239389           3680
            -150.827  485264           3681
            -150.827  7421             3682
            -150.827  707126           3683
            -150.827  856950           3684
            -150.827  265927           3685
            -150.827  475953           3687
            -150.827  491690           3688
            -150.827  785753           3689
            -150.827  338064           3691
            -150.827  514266           3692
            -150.827  303742           3693
            -150.827  847651           3695
            -150.827  291035           3696
            -150.827  697297           3697
            -150.827  79156            3698
            -150.827  590437           3699
            -150.827  972349           3700
            -150.827  870721           3701
            -150.827  138513           3703
            -150.827  325494           3704
            -150.827  79932            3705
            -150.827  473869           3707
            -150.827  187594           3708
            -150.827  199051           3709
            -150.827  746487           3711
            -150.827  537166           3712
            -150.827  808960           3713
            -150.827  108961           3714
            -150.827  605442           3715
            -150.827  116438           3716
            -150.827  121292           3717
            -150.827  786545           3719
            -150.827  936879           3720
            -150.827  826112           3721
            -150.827  12177            3942
            -150.827  22155            3946
            -150.827  386235           3950
            -150.827  179079           3958
            -150.827  392300           3962
            -150.827  473657           3966
            -150.827  929499           3974
            -150.827  430395           3978
            -150.827  790081           3982
            -150.827  913220           3990
            -150.827  768537           3994
            -150.827  321422           3998
            -150.827  153942           31
            -150.827  227563           63
            -150.827  945065           255
            -150.827  794236           127
            -150.827  285380           1
            -150.827  27071            15
            -150.827  462953           7
            -150.827  7959             256
            -150.827  871851           257
            -150.827  164305           128
            -150.827  188498           258
            -150.827  311214           64
            -150.827  622860           259
            -150.827  814975           129
            -150.827  804660           260
            -150.827  616917           261
            -150.827  509733           130
            -150.827  520177           262
            -150.827  565819           65
            -150.827  349263           263
            -150.827  468036           131
            -150.827  626891           32
            -150.827  358488           264
            -150.827  105435           265
            -150.827  313407           132
            -150.827  970689           266
            -150.827  467339           66
            -150.827  930323           267
            -150.827  321390           133
            -150.827  529455           268
            -150.827  926283           269
            -150.827  903369           134
            -150.827  483369           270
            -150.827  789985           67
            -150.827  438144           271
            -150.827  437181           135
            -150.827  76974            16
            -150.827  749453           33
            -150.827  782821           272
            -150.827  688839           273
            -150.827  232559           136
            -150.827  15715            274
            -150.827  405079           68
            -150.827  387701           275
            -150.827  848331           137
            -150.827  840031           276
            -150.827  930872           277
            -150.827  741888           138
            -150.827  545140           278
            -150.827  685657           69
            -150.827  830529           279
            -150.827  118421           139
            -150.827  576726           280
            -150.827  341041           34
            -150.827  264935           281
            -150.827  948615           140
            -150.827  694303           282
            -150.827  987090           70
            -150.827  282464           283
            -150.827  931874           141
            -150.827  597614           284
            -150.827  281462           285
            -150.827  192071           142
            -150.827  580405           286
            -150.827  93468            3
            -150.827  939021           8
            -150.827  unperturbed      0



THE MODEL ESTIMATION TERMINATED NORMALLY



MODEL FIT INFORMATION

Number of Free Parameters                        5

Loglikelihood

          H0 Value                        -150.827
          H0 Scaling Correction Factor      1.0000
            for MLR

Information Criteria

          Akaike (AIC)                     311.654
          Bayesian (BIC)                   321.691
          Sample-Size Adjusted BIC         305.979
            (n* = (n + 2) / 24)

Chi-Square Test of Model Fit for the Binary and Ordered Categorical
(Ordinal) Outcomes

          Pearson Chi-Square

          Value                             70.329
          Degrees of Freedom                    18
          P-Value                           0.0000

          Likelihood Ratio Chi-Square

          Value                             68.005
          Degrees of Freedom                    18
          P-Value                           0.0000



FINAL CLASS COUNTS AND PROPORTIONS FOR THE LATENT CLASSES
BASED ON THE ESTIMATED MODEL

    Latent
   Classes

       1         55.00000          1.00000


FINAL CLASS COUNTS AND PROPORTIONS FOR THE LATENT CLASSES
BASED ON ESTIMATED POSTERIOR PROBABILITIES

    Latent
   Classes

       1         55.00000          1.00000


FINAL CLASS COUNTS AND PROPORTIONS FOR THE LATENT CLASSES
BASED ON THEIR MOST LIKELY LATENT CLASS MEMBERSHIP

Class Counts and Proportions

    Latent
   Classes

       1               55          1.00000


Classification Probabilities for the Most Likely Latent Class Membership (Column)
by Latent Class (Row)

           1

    1   1.000


Logits for the Classification Probabilities for the Most Likely Latent Class Membership (Column)
by Latent Class (Row)

              1

    1      0.000


MODEL RESULTS

                                                    Two-Tailed
                    Estimate       S.E.  Est./S.E.    P-Value

Latent Class 1

 Thresholds
    LA_YN$1            1.173      0.317      3.695      0.000
    DEL_YN$1           1.504      0.350      4.302      0.000
    SW_TYPE$1         -0.109      0.270     -0.404      0.686
    SW_TYPE$2          0.721      0.287      2.507      0.012
    CA_YN$1            0.330      0.273      1.208      0.227


RESULTS IN PROBABILITY SCALE

Latent Class 1

 LA_YN
    Category 1         0.764      0.057     13.330      0.000
    Category 2         0.236      0.057      4.126      0.000
 DEL_YN
    Category 1         0.818      0.052     15.732      0.000
    Category 2         0.182      0.052      3.496      0.000
 SW_TYPE
    Category 1         0.473      0.067      7.022      0.000
    Category 2         0.200      0.054      3.708      0.000
    Category 3         0.327      0.063      5.173      0.000
 CA_YN
    Category 1         0.582      0.067      8.748      0.000
    Category 2         0.418      0.067      6.287      0.000


QUALITY OF NUMERICAL RESULTS

     Condition Number for the Information Matrix              0.366E-01
       (ratio of smallest to largest eigenvalue)


MODEL COMMAND WITH FINAL ESTIMATES USED AS STARTING VALUES

     %OVERALL%

     %CLASS#1%

     [ la_yn$1*1.17272 ];
     [ del_yn$1*1.50408 ];
     [ sw_type$1*-0.10920 ];
     [ sw_type$2*0.72055 ];
     [ ca_yn$1*0.33024 ];



TECHNICAL 1 OUTPUT


     PARAMETER SPECIFICATION FOR LATENT CLASS 1


     PARAMETER SPECIFICATION FOR LATENT CLASS INDICATOR MODEL PART


           TAU(U) FOR LATENT CLASS 1
              LA_YN$1       DEL_YN$1      SW_TYPE$      SW_TYPE$      CA_YN$1
              ________      ________      ________      ________      ________
                    1             2             3             4             5


     PARAMETER SPECIFICATION FOR LATENT CLASS REGRESSION MODEL PART


           ALPHA(C)
              CLASS#1
              ________
                    0


     STARTING VALUES FOR LATENT CLASS 1


     STARTING VALUES FOR LATENT CLASS INDICATOR MODEL PART


           TAU(U) FOR LATENT CLASS 1
              LA_YN$1       DEL_YN$1      SW_TYPE$      SW_TYPE$      CA_YN$1
              ________      ________      ________      ________      ________
                1.173         1.504        -0.109         0.721         0.330


     STARTING VALUES FOR LATENT CLASS REGRESSION MODEL PART


           ALPHA(C)
              CLASS#1
              ________
                0.000


TECHNICAL 4 OUTPUT


PLOT INFORMATION

The following plots are available:

  Histograms (sample values)
  Scatterplots (sample values)
  Sample proportions and estimated probabilities

SAVEDATA INFORMATION


  Save file
    LCA_minimal_model1_lca_1.dat SAVE = cprobabilites bchweights

  Order and format of variables

    LA_YN          F10.3
    DEL_YN         F10.3
    SW_TYPE        F10.3
    CA_YN          F10.3
    TS_YN          F10.3
    SW_POS3        F10.3
    SW_BR          F10.3
    SW_GR          F10.3
    SW_EF          F10.3
    TS_PAIR        F10.3
    LA_PAIR        F10.3
    SW_PAIR        F10.3
    SW_PCAT        F10.3
    CPROB1         F10.3
    CLASS          F10.3
    ID             I4

  Save file format
    15F10.3 I4

  Save file record length    10000


     Beginning Time:  13:52:29
        Ending Time:  13:52:31
       Elapsed Time:  00:00:02



MUTHEN & MUTHEN
3463 Stoner Ave.
Los Angeles, CA  90066

Tel: (310) 391-9971
Fax: (310) 391-8971
Web: www.StatModel.com
Support: Support@StatModel.com

Copyright (c) 1998-2019 Muthen & Muthen
