Mplus VERSION 8.4 (Mac)
MUTHEN & MUTHEN
04/27/2025   9:00 PM

INPUT INSTRUCTIONS


  TITLE: LCA_full_pairs4 classes
  DATA: FILE IS LCA_full_pairs_model3_lca.dat;

  VARIABLE:
  NAMES = id TS_YN LA_YN DEL_YN CA_YN SW_type SW_pos3 SW_BR SW_GR SW_EF TS_PAIR
       LA_PAIR SW_PAIR SW_pcat;
  IDVARIABLE = id;
  USEVARIABLES = TS_PAIR LA_PAIR SW_PAIR DEL_YN SW_type SW_pos3;
  CATEGORICAL = DEL_YN SW_type SW_pos3;
  COUNT = TS_PAIR (p) SW_PAIR (p) LA_PAIR (nbi);
  AUXILIARY = TS_YN LA_YN CA_YN SW_BR SW_GR SW_EF SW_pcat;
  MISSING = .;
  CLASSES = class (4);

  MODEL:
  %CLASS#1%
  [ LA_PAIR#1 ];
  %CLASS#2%
  [ LA_PAIR#1 ];
  %CLASS#3%
  [ LA_PAIR#1 ];
  %CLASS#4%
  [ LA_PAIR#1 ];

  ANALYSIS:
  TYPE = MIXTURE;
  PROCESSORS = 12;
  STITERATIONS = 800;
  STARTS = 4000 800;

  OUTPUT:
  SVALUES ENTROPY TECH1 TECH4;
  PLOT: TYPE=PLOT1 PLOT2 PLOT3;
  SAVEDATA:
  FILE IS LCA_full_pairs_model3_lca_4.dat
  SAVE = cprobabilites bchweights;



INPUT READING TERMINATED NORMALLY



LCA_full_pairs4 classes

SUMMARY OF ANALYSIS

Number of groups                                                 1
Number of observations                                          55

Number of dependent variables                                    6
Number of independent variables                                  0
Number of continuous latent variables                            0
Number of categorical latent variables                           1

Observed dependent variables

  Binary and ordered categorical (ordinal)
   DEL_YN      SW_TYPE     SW_POS3

  Count
   TS_PAIR     SW_PAIR     LA_PAIR

Observed auxiliary variables
   TS_YN       LA_YN       CA_YN       SW_BR       SW_GR       SW_EF
   SW_PCAT

Categorical latent variables
   CLASS

Variables with special functions

  ID variable           ID

Estimator                                                      MLR
Information matrix                                        OBSERVED
Optimization Specifications for the Quasi-Newton Algorithm for
Continuous Outcomes
  Maximum number of iterations                                 100
  Convergence criterion                                  0.100D-05
Optimization Specifications for the EM Algorithm
  Maximum number of iterations                                 500
  Convergence criteria
    Loglikelihood change                                 0.100D-06
    Relative loglikelihood change                        0.100D-06
    Derivative                                           0.100D-05
Optimization Specifications for the M step of the EM Algorithm for
Categorical Latent variables
  Number of M step iterations                                    1
  M step convergence criterion                           0.100D-05
  Basis for M step termination                           ITERATION
Optimization Specifications for the M step of the EM Algorithm for
Censored, Binary or Ordered Categorical (Ordinal), Unordered
Categorical (Nominal) and Count Outcomes
  Number of M step iterations                                    1
  M step convergence criterion                           0.100D-05
  Basis for M step termination                           ITERATION
  Maximum value for logit thresholds                            15
  Minimum value for logit thresholds                           -15
  Minimum expected cell size for chi-square              0.100D-01
Maximum number of iterations for H1                           2000
Convergence criterion for H1                             0.100D-03
Optimization algorithm                                         EMA
Random Starts Specifications
  Number of initial stage random starts                       4000
  Number of final stage optimizations                          800
  Number of initial stage iterations                           800
  Initial stage convergence criterion                    0.100D+01
  Random starts scale                                    0.500D+01
  Random seed for generating random starts                       0
Link                                                         LOGIT

Input data file(s)
  LCA_full_pairs_model3_lca.dat
Input data format  FREE


SUMMARY OF DATA

     Number of missing data patterns             1
     Number of y missing data patterns           0
     Number of u missing data patterns           1


COVARIANCE COVERAGE OF DATA

Minimum covariance coverage value   0.100


UNIVARIATE PROPORTIONS AND COUNTS FOR CATEGORICAL VARIABLES

    DEL_YN
      Category 1    0.818           45.000
      Category 2    0.182           10.000
    SW_TYPE
      Category 1    0.473           26.000
      Category 2    0.200           11.000
      Category 3    0.327           18.000
    SW_POS3
      Category 1    0.036            2.000
      Category 2    0.545           30.000
      Category 3    0.418           23.000


COUNT PROPORTION OF ZERO, MINIMUM AND MAXIMUM VALUES

      TS_PAIR     0.073         0         4
      SW_PAIR     0.200         0         4
      LA_PAIR     0.764         0         4


RANDOM STARTS RESULTS RANKED FROM THE BEST TO THE WORST LOGLIKELIHOOD VALUES

Final stage loglikelihood values at local maxima, seeds, and initial stage start numbers:

            -286.821  44679            1591
            -286.832  821011           161
            -286.832  283146           1126
            -286.832  79932            3705
            -286.832  733175           1857
            -286.832  358083           2344
            -286.832  373691           1624
            -286.832  401572           1033
            -286.832  997222           229
            -286.833  51296            3485
            -286.833  506886           576
            -286.833  438127           3425
            -286.833  784504           1943
            -286.833  997836           1208
            -286.833  685657           69
            -286.833  882750           646
            -286.833  653391           1195
            -286.833  347886           1463
            -286.833  250807           2881
            -286.833  733490           2834
            -286.833  12177            3942
            -286.833  203143           2675
            -286.903  36642            2509
            -286.903  674171           195
            -286.903  133904           2816
            -286.903  unperturbed      0
            -286.903  777045           377
            -286.903  411984           3134
            -286.903  753644           2437
            -286.903  539751           459
            -286.903  479110           1796
            -286.903  100345           3123
            -286.903  915107           54
            -286.903  467561           819
            -286.912  391752           3421
            -286.912  210139           991
            -286.912  460521           1032
            -286.912  86651            993
            -286.912  57922            1102
            -286.912  806409           2747
            -286.912  566399           1877
            -286.912  266425           2000
            -286.912  282464           283
            -286.912  189496           2572
            -286.912  297994           3862
            -286.912  564016           1646
            -286.912  935459           2474
            -286.912  747551           1190
            -286.912  416463           467
            -286.912  666720           671
            -286.912  783165           170
            -286.912  264521           929
            -286.912  862277           3022
            -286.912  648555           113
            -286.912  540436           2528
            -286.912  765586           709
            -286.913  186808           2105
            -286.913  662359           1954
            -286.913  823392           479
            -286.913  356068           1924
            -287.216  720994           1531
            -287.627  459221           652
            -287.627  700846           867
            -287.627  105624           3977
            -287.627  470339           3829
            -287.627  197701           1770
            -287.627  40947            3116
            -287.627  576960           3456
            -287.627  365620           1457
            -287.627  23012            352
            -287.627  346843           1316
            -287.627  59296            1534
            -287.627  692908           2561
            -287.627  534193           689
            -287.627  271397           3646
            -287.627  179748           3505
            -287.627  567996           3049
            -287.627  44196            2379
            -287.627  765392           382
            -287.627  994679           2830
            -287.627  122040           1231
            -287.627  144164           3860
            -287.627  735121           2294
            -287.627  484406           421
            -287.627  35478            2103
            -287.627  616917           261
            -287.627  621197           1029
            -287.627  931515           3462
            -287.627  690596           858
            -287.627  596257           405
            -287.627  883688           1197
            -287.627  775844           2371
            -287.627  685607           3259
            -287.627  605358           321
            -287.627  983830           1683
            -287.627  633122           3524
            -287.862  468217           3940
            -287.862  12477            155
            -287.862  701525           239
            -287.862  128569           1839
            -287.862  563002           360
            -287.862  284716           713
            -287.862  259148           1734
            -287.862  534864           307
            -287.862  712456           3386
            -287.862  463949           2403
            -288.060  214681           824
            -288.060  561664           392
            -288.060  229452           3718
            -288.060  31158            2514
            -288.060  294174           2241
            -288.060  659319           2888
            -288.060  612586           2543
            -288.060  338967           3256
            -288.060  198168           3382
            -288.060  239088           1902
            -288.060  722095           1549
            -288.112  121729           3011
            -288.112  538669           1334
            -288.112  109920           1729
            -288.112  377751           3260
            -288.113  511811           3379
            -288.113  271886           2268
            -288.113  971853           402
            -288.115  891510           1625
            -288.115  875667           367
            -288.115  415538           1196
            -288.197  609145           2242
            -288.197  881652           2539
            -288.197  991399           1433
            -288.197  200591           3408
            -288.197  614098           3308
            -288.197  662162           4000
            -288.197  537007           1472
            -288.197  573976           1217
            -288.197  440395           917
            -288.197  771981           2860
            -288.507  314757           345
            -288.507  578694           1608
            -288.507  56662            3270
            -288.507  813605           2152
            -288.507  800161           3565
            -288.507  197904           1782
            -288.507  485256           371
            -288.568  786545           3719
            -288.581  4091             548
            -289.073  125089           1730
            -289.073  990548           1276
            -289.073  533355           1328
            -289.073  494663           1498
            -289.073  139885           2128
            -289.073  988290           1938
            -289.073  347110           3761
            -289.073  22089            143
            -289.073  269800           1686
            -289.073  569131           26
            -289.073  259507           53
            -289.136  672339           1693
            -289.136  567252           1843
            -289.136  618000           190
            -289.136  255806           3901
            -289.139  464292           3128
            -289.139  338858           1342
            -289.149  15270            610
            -289.378  267178           2754
            -289.427  702334           2702
            -289.427  772758           2829
            -289.427  165213           2343
            -289.427  548245           818
            -289.427  181598           2325
            -289.427  209986           1939
            -289.427  864683           2606
            -289.427  74518            927
            -289.427  810560           1213
            -289.427  785309           2490
            -289.578  134638           3353
            -289.578  745606           2260
            -289.578  980970           894
            -289.598  126237           3443
            -289.598  328661           813
            -289.668  584397           428
            -289.800  264903           1045
            -289.820  460407           2435
            -289.820  710445           792
            -289.820  168199           1155
            -289.820  548493           1201
            -289.913  76847            1959
            -289.913  424891           2811
            -289.913  19271            3020
            -289.913  219197           3480
            -289.913  993088           1740
            -289.915  718876           1104
            -289.934  131063           843
            -289.934  808328           2717
            -289.934  426103           3577
            -289.976  59890            1690
            -289.976  396614           918
            -289.976  815445           1295
            -289.976  526230           1589
            -289.976  109357           765
            -289.976  612837           3056
            -289.976  903099           1399
            -289.976  682178           1344
            -290.069  945797           1471
            -290.090  894286           2205
            -290.156  724863           2266
            -290.158  940258           1242
            -290.158  232480           3496
            -290.206  101894           2632
            -290.206  570738           2306
            -290.206  923160           3652
            -290.206  769907           457
            -290.206  345974           622
            -290.206  488125           368
            -290.206  702808           3886
            -290.206  60464            2254
            -290.206  779095           3132
            -290.206  436806           883
            -290.206  401245           1929
            -290.206  982520           737
            -290.230  896562           2773
            -290.230  661978           1281
            -290.230  168437           2127
            -290.230  743878           2402
            -290.266  824956           607
            -290.266  48057            3318
            -290.266  150531           154
            -290.266  452356           1341
            -290.266  11397            944
            -290.417  898009           2586
            -290.494  666752           1820
            -290.494  406118           3827
            -290.494  243072           2286
            -290.563  613075           2056
            -290.617  263221           447
            -290.617  170683           2388
            -290.617  81117            305
            -290.667  302478           2925
            -290.667  401377           1889
            -290.810  528938           1898
            -290.810  314784           2475
            -291.115  694989           2746
            -291.118  422856           1676
            -291.134  847088           750
            -291.134  560961           2422
            -291.134  43393            2751
            -291.134  163519           2441
            -291.134  154192           3972
            -291.134  930218           3738
            -291.134  988761           475
            -291.134  117116           1909
            -291.134  785822           1339
            -291.134  605565           404
            -291.134  778953           635
            -291.134  406263           1618
            -291.134  266038           672
            -291.134  976247           2459
            -291.134  232559           136
            -291.134  57148            1561
            -291.134  535336           2355
            -291.134  820170           1944
            -291.134  853195           431
            -291.134  476338           1418
            -291.134  364689           1237
            -291.134  614009           317
            -291.134  650354           577
            -291.134  149841           2987
            -291.134  780626           1982
            -291.134  143337           2029
            -291.134  966243           1751
            -291.134  246575           291
            -291.134  275003           1674
            -291.134  158612           581
            -291.134  990442           3892
            -291.134  268896           124
            -291.134  457017           1762
            -291.134  178341           1592
            -291.134  413363           2884
            -291.134  464143           3302
            -291.134  178031           720
            -291.134  540747           1394
            -291.134  237742           1219
            -291.134  969383           3432
            -291.134  331955           1468
            -291.134  512630           2886
            -291.134  394609           1366
            -291.134  45724            2833
            -291.134  607263           1121
            -291.134  812408           1705
            -291.134  461063           2741
            -291.134  613723           1804
            -291.134  217759           1711
            -291.134  589391           3484
            -291.134  358449           2627
            -291.134  703098           1700
            -291.134  344275           3632
            -291.134  458226           1078
            -291.134  738551           1214
            -291.134  309881           2153
            -291.134  140806           1001
            -291.134  109669           3257
            -291.134  145786           2785
            -291.134  136842           58
            -291.134  552272           654
            -291.134  891036           2392
            -291.134  356754           1372
            -291.134  705057           3313
            -291.134  79212            517
            -291.134  693257           2733
            -291.134  921023           782
            -291.134  728038           177
            -291.134  995875           547
            -291.134  557917           3523
            -291.134  963967           941
            -291.134  917364           2314
            -291.134  118724           3250
            -291.134  998513           2820
            -291.134  502495           724
            -291.134  792993           859
            -291.134  906835           2994
            -291.134  674419           2870
            -291.134  777492           972
            -291.134  312018           2209
            -291.134  946002           3601
            -291.134  911142           3648
            -291.134  379729           512
            -291.134  176439           3235
            -291.134  817813           2324
            -291.134  473942           574
            -291.134  929823           1205
            -291.134  804821           3936
            -291.134  81233            825
            -291.134  745177           1879
            -291.134  194143           510
            -291.134  13508            3908
            -291.134  510814           3219
            -291.134  945925           2583
            -291.134  476995           2783
            -291.134  735183           1666
            -291.134  662524           1414
            -291.134  611740           1251
            -291.134  253358           2
            -291.134  829063           2276
            -291.134  427273           2524
            -291.134  15150            3087
            -291.134  76930            1767
            -291.134  33659            1435
            -291.134  198593           2996
            -291.134  384819           2333
            -291.134  874208           1860
            -291.134  371138           2042
            -291.134  746416           3105
            -291.134  800662           2352
            -291.134  231373           2766
            -291.134  768503           2806
            -291.134  812578           1865
            -291.134  419870           1442
            -291.134  106244           1535
            -291.134  185064           1449
            -291.134  526265           1962
            -291.134  107362           2928
            -291.134  469158           1145
            -291.134  670915           2568
            -291.134  216340           2334
            -291.134  633668           2874
            -291.134  637524           2312
            -291.134  520865           763
            -291.134  235154           2601
            -291.134  491181           3414
            -291.134  793674           2413
            -291.134  826241           1779
            -291.134  5139             3676
            -291.134  405371           569
            -291.134  925741           1567
            -291.134  61144            3492
            -291.134  530291           2488
            -291.134  484501           163
            -291.134  802644           874
            -291.134  588699           828
            -291.134  33398            2399
            -291.134  564258           2653
            -291.134  117833           2217
            -291.134  132836           3669
            -291.134  535011           2147
            -291.134  939870           655
            -291.134  251641           784
            -291.134  702449           3161
            -291.134  993504           2658
            -291.134  692399           3763
            -291.134  947659           2351
            -291.134  139018           1714
            -291.134  920007           3643
            -291.134  975502           3403
            -291.134  93523            2589
            -291.134  16258            3530
            -291.134  154750           1921
            -291.134  925846           2405
            -291.134  941497           1317
            -291.134  410793           1134
            -291.134  471438           252
            -291.134  217990           1077
            -291.134  435112           2339
            -291.134  231281           542
            -291.134  922042           492
            -291.134  746304           3335
            -291.134  750625           3509
            -291.134  757640           3549
            -291.134  145602           2578
            -291.134  788034           3410
            -291.134  755386           3214
            -291.134  74736            2335
            -291.134  131919           2755
            -291.134  138513           3703
            -291.134  820822           3986
            -291.134  635223           3438
            -291.134  637095           207
            -291.134  215534           2831
            -291.134  797594           234
            -291.134  810594           845
            -291.134  398349           3156
            -291.134  554694           2610
            -291.134  300844           1405
            -291.134  710154           831
            -291.134  123985           248
            -291.134  619752           3244
            -291.134  291035           3696
            -291.134  341041           34
            -291.134  539493           2824
            -291.134  753696           2372
            -291.134  216815           1600
            -291.134  814305           2301
            -291.134  322593           1893
            -291.134  350074           2220
            -291.134  568405           233
            -291.134  2315             2397
            -291.134  638118           1588
            -291.134  488814           3170
            -291.134  354564           3098
            -291.134  316165           299
            -291.134  497522           502
            -291.134  83878            2541
            -291.134  678510           3062
            -291.134  559798           2250
            -291.134  152496           123
            -291.134  855934           3662
            -291.134  839460           2507
            -291.134  144139           1272
            -291.134  754100           56
            -291.134  84502            2288
            -291.134  899876           1808
            -291.134  404426           344
            -291.134  170954           86
            -291.134  961454           665
            -291.134  968175           2744
            -291.134  990197           1055
            -291.134  34346            330
            -291.134  848795           1757
            -291.134  833955           2954
            -291.134  225932           1285
            -291.134  45696            1543
            -291.134  826811           1721
            -291.134  596170           3074
            -291.134  570681           777
            -291.134  53570            3143
            -291.134  370434           1832
            -291.134  707032           1229
            -291.134  299996           1853
            -291.134  725670           3837
            -291.134  662091           3597
            -291.134  805935           615
            -291.134  784282           2479
            -291.134  216091           1670
            -291.134  347222           533
            -291.134  424772           3852
            -291.134  275475           413
            -291.134  56628            2485
            -291.134  258756           2111
            -291.134  779820           877
            -291.134  602305           1076
            -291.134  815159           3786
            -291.134  293428           2473
            -291.134  545140           278
            -291.134  206705           3822
            -291.134  674786           1496
            -291.134  284920           2791
            -291.134  874698           1027
            -291.134  486913           2575
            -291.134  769461           3606
            -291.134  165853           105
            -291.134  613319           2008
            -291.134  692531           2838
            -291.134  371459           3863
            -291.134  642386           662
            -291.134  364676           27
            -291.134  347515           24
            -291.134  354060           3887
            -291.134  463894           1733
            -291.134  790452           303
            -291.134  738393           619
            -291.134  975082           2079
            -291.134  847658           2803
            -291.134  410512           1282
            -291.134  868155           2204
            -291.134  356956           3431
            -291.134  625147           2538
            -291.134  743895           1198
            -291.134  712296           1243
            -291.134  127215           9
            -291.134  690761           2600
            -291.134  117146           3275
            -291.134  182880           1396
            -291.134  62738            2074
            -291.134  392260           1526
            -291.134  743613           3179
            -291.134  115218           1382
            -291.134  685765           2244
            -291.134  827041           2400
            -291.134  752769           253
            -291.134  889020           2277
            -291.134  559901           2956
            -291.134  161831           3016
            -291.134  645976           2302
            -291.134  932615           2665
            -291.134  172699           1626
            -291.134  486572           1333
            -291.134  927241           3278
            -291.134  623663           3446
            -291.134  355706           2941
            -291.134  516206           3877
            -291.134  383791           3373
            -291.134  588056           3232
            -291.134  703715           2171
            -291.134  238176           3876
            -291.134  325724           1043
            -291.134  910765           2935
            -291.134  691368           3416
            -291.134  212934           568
            -291.134  288571           2891
            -291.134  24379            3944
            -291.134  734946           3847
            -291.134  219785           3968
            -291.134  510491           1275
            -291.134  518828           432
            -291.134  853781           716
            -291.134  318596           3710
            -291.134  863849           1122
            -291.134  98578            3338
            -291.134  729401           2106
            -291.134  534483           290
            -291.134  426708           3987
            -291.134  209243           1694
            -291.134  964201           2175
            -291.134  985387           381
            -291.134  419858           1617
            -291.134  681680           3557
            -291.134  51375            148
            -291.134  326355           1576
            -291.134  140442           500
            -291.134  153153           1763
            -291.134  168888           817
            -291.134  281558           184
            -291.134  839525           3054
            -291.134  214260           2283
            -291.134  215483           1952
            -291.134  286835           1969
            -291.134  222513           1088
            -291.134  293963           3447
            -291.134  44842            3910
            -291.134  54325            2073
            -291.134  953278           2916
            -291.134  656604           3909
            -291.134  914368           3838
            -291.134  777504           2190
            -291.134  847129           3854
            -291.134  584602           2973
            -291.134  139881           3304
            -291.134  453260           1106
            -291.134  397552           2213
            -291.134  566739           575
            -291.134  753916           2300
            -291.134  485816           3092
            -291.134  396795           323
            -291.134  835767           210
            -291.134  370560           3292
            -291.134  529346           1633
            -291.134  751153           110
            -291.134  913926           1381
            -291.134  157206           3920
            -291.179  702492           718
            -291.239  564685           2602
            -291.239  973357           3796
            -291.449  988970           2492
            -291.449  932539           2581
            -291.449  561513           3345
            -291.483  911681           3100
            -291.483  752148           822
            -291.688  933578           506
            -291.688  291344           3756
            -291.688  290210           1620
            -291.688  472647           2948
            -291.688  607072           717
            -291.688  379823           905
            -291.688  342197           3777
            -291.688  341365           2794
            -291.688  908881           2895
            -291.688  45556            3294
            -291.688  776546           2027
            -291.688  803816           2909
            -291.688  247610           2039
            -291.688  621904           2142
            -291.688  346749           3671
            -291.688  444307           2809
            -291.688  143659           2516
            -291.688  88437            761
            -291.688  109946           771
            -291.688  700270           855
            -291.688  77571            980
            -291.688  452789           3826
            -291.688  208620           965
            -291.688  889514           1505
            -291.688  399539           3218
            -291.688  365050           1835
            -291.688  828901           3019
            -291.688  752847           1109
            -291.688  778949           3595
            -291.688  612578           1512
            -291.688  568287           3791
            -291.688  891041           1811
            -291.688  456213           160
            -291.688  907810           795
            -291.688  273640           2028
            -291.688  478277           2552
            -291.688  17896            592
            -291.688  468731           1451
            -291.688  942358           644
            -291.688  360419           356
            -291.688  299108           1420
            -291.688  27071            15
            -291.688  781442           1230
            -291.688  211281           292
            -291.688  725497           2415
            -291.688  11122            2523
            -291.688  491838           2851
            -291.688  930323           267
            -291.688  432950           1244
            -291.688  81951            907
            -291.688  948615           140
            -291.688  556955           1141
            -291.688  848890           95
            -291.688  554483           1182
            -291.688  139941           3271
            -291.688  851945           18
            -291.688  932449           1956
            -291.688  659832           754
            -291.688  935274           3207
            -291.688  694303           282
            -291.688  284400           1298
            -291.688  275366           3912
            -291.688  753789           3461
            -291.688  520685           2084
            -291.688  311072           2082
            -291.688  768537           3994
            -291.688  485264           3681
            -291.688  775884           639
            -291.688  654884           1352
            -291.688  36369            3258
            -291.688  109260           3563
            -291.688  456039           3951
            -291.688  33404            2858
            -291.688  950120           3742
            -291.688  249323           3587
            -291.688  614401           3907
            -292.442  884081           2875
            -292.644  426557           1306
            -292.644  4737             1662
            -292.644  178659           1637
            -292.644  913220           3990
            -292.644  866961           1139
            -292.644  896960           2150
            -292.644  352269           1497
            -292.644  845569           3567
            -292.644  892495           3745
            -292.644  761302           744
            -292.644  422699           1439
            -292.644  877180           2604
            -292.644  635964           2225
            -292.644  742688           594
            -292.644  502808           1082
            -292.644  768472           3740
            -292.644  402876           3433
            -293.170  417002           1499
            -293.170  695961           1668
            -293.170  371737           532
            -293.170  837117           3839
            -293.170  568475           3159
            -293.170  231366           1137
            -293.170  872743           374
            -293.170  278485           3316
            -293.170  818326           3401
            -293.170  692169           308
            -293.170  276071           1551
            -293.170  560838           3426
            -293.170  657909           2912
            -293.170  843278           3660
            -293.170  780698           337
            -293.170  391179           78
            -293.170  180370           1652
            -293.170  444660           3137
            -293.170  736705           3319
            -293.170  695155           150
            -293.170  173814           2024
            -293.170  230385           3488
            -293.170  396921           2282
            -293.170  462167           1986
            -293.170  21130            1988
            -293.170  832635           3239
            -293.170  646865           2303
            -293.170  877705           3399
            -293.170  869520           3943
            -293.170  568534           961
            -293.170  24045            2066
            -293.170  764609           3667
            -293.170  798734           2869
            -293.170  601074           2119
            -293.170  357077           3007
            -293.363  327185           2704
            -293.690  635483           2083
            -293.690  118421           139
            -293.690  364671           2261
            -293.690  606533           3725
            -293.690  666197           3650
            -293.690  838615           677
            -294.530  968857           3140
            -294.741  243593           3261
            -294.742  514629           1695
            -294.923  700855           2761
            -294.923  59674            240
            -294.923  937225           394
            -294.923  506113           895
            -294.931  314015           3517
            -295.324  100054           1225
            -295.324  579134           3931
            -295.324  715948           3568
            -296.192  213532           503
            -296.192  476383           3058
            -296.192  246794           801
            -296.192  165026           3520
            -296.192  304444           3594
            -296.192  36714            201
            -296.192  41447            3665
            -296.192  13333            2868
            -296.192  996270           1572
            -296.418  228185           2842
            -296.514  781489           627
            -296.585  450181           2760
            -296.585  323788           3307
            -296.585  345196           3989
            -296.585  652857           1254
            -296.585  931959           2026
            -296.585  620550           1992
            -296.585  546943           865
            -296.585  61710            1327
            -296.585  13472            1294
            -296.585  792389           746
            -296.585  386373           2504
            -296.585  623887           2611
            -296.585  778787           1677
            -296.585  675755           3189
            -296.585  727375           3649
            -296.585  422103           62
            -296.585  579124           3973
            -296.585  772131           407
            -296.585  422004           1107
            -296.585  648035           836
            -296.585  537926           3314
            -296.585  527050           948
            -296.585  327927           908
            -296.585  553174           2033
            -296.585  968846           970
            -296.585  860643           1844
            -296.585  970728           1371
            -296.585  519524           2835
            -296.585  546374           3138
            -296.585  305245           2749
            -296.585  37570            3925
            -296.585  893448           3352
            -296.585  231199           1641
            -296.585  548673           732
            -296.585  586121           3107
            -296.585  16008            2464
            -296.585  111494           3075
            -296.585  319993           1480
            -296.585  80226            3041
            -296.585  479662           3730
            -296.850  979084           2837
            -297.495  445903           3038
            -297.495  338766           1131
            -297.495  641965           2699
            -297.495  2066             1228
            -297.495  131202           1575



THE BEST LOGLIKELIHOOD VALUE HAS BEEN REPLICATED.  RERUN WITH AT LEAST TWICE THE
RANDOM STARTS TO CHECK THAT THE BEST LOGLIKELIHOOD IS STILL OBTAINED AND REPLICATED.

     IN THE OPTIMIZATION, ONE OR MORE LOGIT THRESHOLDS APPROACHED EXTREME VALUES
     OF -15.000 AND 15.000 AND WERE FIXED TO STABILIZE MODEL ESTIMATION.  THESE
     VALUES IMPLY PROBABILITIES OF 0 AND 1.  IN THE MODEL RESULTS SECTION, THESE
     PARAMETERS HAVE 0 STANDARD ERRORS AND 999 IN THE Z-SCORE AND P-VALUE COLUMNS.

     IN THE OPTIMIZATION, ONE OR MORE LOGIT SCALE PARAMETERS APPROACHED EXTREME VALUES
     OF -15.000 AND 15.000 AND WERE FIXED TO STABILIZE MODEL ESTIMATION.  THESE
     VALUES IMPLY PROBABILITIES OF 0 AND 1.  IN THE MODEL RESULTS SECTION, THESE
     PARAMETERS HAVE 0 STANDARD ERRORS AND 999 IN THE Z-SCORE AND P-VALUE COLUMNS.

     ONE OR MORE PARAMETERS WERE FIXED TO AVOID SINGULARITY OF THE
     INFORMATION MATRIX. THE SINGULARITY IS MOST LIKELY DUE TO THE
     MODEL IS NOT IDENTIFIED, OR DUE TO A LARGE OR A SMALL PARAMETER
     ON THE LOGIT SCALE. THE FOLLOWING PARAMETERS WERE FIXED:
     Parameter 28, %CLASS#1%: LA_PAIR (equality/label)




THE MODEL ESTIMATION TERMINATED NORMALLY



MODEL FIT INFORMATION

Number of Free Parameters                       40

Loglikelihood

          H0 Value                        -286.821
          H0 Scaling Correction Factor      0.8499
            for MLR

Information Criteria

          Akaike (AIC)                     653.643
          Bayesian (BIC)                   733.936
          Sample-Size Adjusted BIC         608.243
            (n* = (n + 2) / 24)

Chi-Square Test of Model Fit for the Binary and Ordered Categorical
(Ordinal) Outcomes

          Pearson Chi-Square

          Value                              0.318
          Degrees of freedom cannot be computed for this model part.

          Likelihood Ratio Chi-Square

          Value                              0.546
          Degrees of freedom cannot be computed for this model part.

Chi-Square Test of Model Fit for the Count Outcomes

          Pearson Chi-Square

          Value                            215.496
          Degrees of Freedom                   104
          P-Value                           0.0000

          Likelihood Ratio Chi-Square

          Value                            108.458
          Degrees of Freedom                   104
          P-Value                           0.3628

Chi-Square Test for MCAR under the Unrestricted Latent Class Indicator Model
for the Count Outcomes

          Pearson Chi-Square

          Value                              0.000
          Degrees of Freedom                     0
          P-Value                           1.0000

          Likelihood Ratio Chi-Square

          Value                              0.000
          Degrees of Freedom                     0
          P-Value                           1.0000



FINAL CLASS COUNTS AND PROPORTIONS FOR THE LATENT CLASSES
BASED ON THE ESTIMATED MODEL

    Latent
   Classes

       1         26.00000          0.47273
       2         10.34181          0.18803
       3         11.65819          0.21197
       4          7.00000          0.12727


FINAL CLASS COUNTS AND PROPORTIONS FOR THE LATENT CLASSES
BASED ON ESTIMATED POSTERIOR PROBABILITIES

    Latent
   Classes

       1         26.00000          0.47273
       2         10.34181          0.18803
       3         11.65819          0.21197
       4          7.00000          0.12727


FINAL CLASS COUNTS AND PROPORTIONS FOR THE LATENT CLASSES
BASED ON THEIR MOST LIKELY LATENT CLASS MEMBERSHIP

Class Counts and Proportions

    Latent
   Classes

       1               26          0.47273
       2               11          0.20000
       3               11          0.20000
       4                7          0.12727


CLASSIFICATION QUALITY

     Entropy                         0.971


           Univariate Entropy
              TS_PAIR       SW_PAIR       LA_PAIR       DEL_YN        SW_TYPE
              ________      ________      ________      ________      ________
                0.133         0.207         0.182         0.311         0.743


           Univariate Entropy
              SW_POS3
              ________
                0.481


Classification Probabilities for the Most Likely Latent Class Membership (Column)
by Latent Class (Row)

           1        2        3        4

    1   1.000    0.000    0.000    0.000
    2   0.000    1.000    0.000    0.000
    3   0.000    0.056    0.944    0.000
    4   0.000    0.000    0.000    1.000


Logits for the Classification Probabilities for the Most Likely Latent Class Membership (Column)
by Latent Class (Row)

              1        2        3        4

    1     13.816    0.000    0.000    0.000
    2      0.000   13.816    0.000    0.000
    3      0.000   10.941   13.757    0.000
    4    -13.816  -13.816  -13.816    0.000


MODEL RESULTS

                                                    Two-Tailed
                    Estimate       S.E.  Est./S.E.    P-Value

Latent Class 1

 Means
    TS_PAIR            0.431      0.124      3.484      0.000
    SW_PAIR           -0.080      0.186     -0.431      0.666
    LA_PAIR#1        -15.000      0.000    999.000    999.000
    LA_PAIR           -1.872      0.460     -4.070      0.000

 Thresholds
    DEL_YN$1           2.037      0.614      3.318      0.001
    SW_TYPE$1         15.000      0.000    999.000    999.000
    SW_TYPE$2         15.000      0.000    999.000    999.000
    SW_POS3$1         -2.485      0.736     -3.376      0.001
    SW_POS3$2         15.000      0.000    999.000    999.000

 Dispersion
    LA_PAIR            0.000      0.000    999.000    999.000

Latent Class 2

 Means
    TS_PAIR            0.379      0.141      2.694      0.007
    SW_PAIR            1.050      0.123      8.538      0.000
    LA_PAIR#1         -2.398      7.819     -0.307      0.759
    LA_PAIR           -0.317      0.814     -0.390      0.697

 Thresholds
    DEL_YN$1          15.000      0.000    999.000    999.000
    SW_TYPE$1        -15.000      0.000    999.000    999.000
    SW_TYPE$2        -15.000      0.000    999.000    999.000
    SW_POS3$1        -15.000      0.000    999.000    999.000
    SW_POS3$2        -15.000      0.000    999.000    999.000

 Dispersion
    LA_PAIR            0.000      0.000    999.000    999.000

Latent Class 3

 Means
    TS_PAIR            0.019      0.125      0.154      0.877
    SW_PAIR            0.511      0.188      2.716      0.007
    LA_PAIR#1        -15.000      0.000    999.000    999.000
    LA_PAIR           -2.363      0.934     -2.530      0.011

 Thresholds
    DEL_YN$1          15.000      0.000    999.000    999.000
    SW_TYPE$1        -15.000      0.000    999.000    999.000
    SW_TYPE$2          1.797      1.059      1.696      0.090
    SW_POS3$1        -15.000      0.000    999.000    999.000
    SW_POS3$2          0.059      0.596      0.098      0.922

 Dispersion
    LA_PAIR            0.000      0.000    999.000    999.000

Latent Class 4

 Means
    TS_PAIR            1.050      0.131      8.018      0.000
    SW_PAIR            1.232      0.100     12.371      0.000
    LA_PAIR#1          0.178      0.804      0.221      0.825
    LA_PAIR            1.037      0.191      5.422      0.000

 Thresholds
    DEL_YN$1         -15.000      0.000    999.000    999.000
    SW_TYPE$1        -15.000      0.000    999.000    999.000
    SW_TYPE$2         -1.792      1.080     -1.659      0.097
    SW_POS3$1        -15.000      0.000    999.000    999.000
    SW_POS3$2        -15.000      0.000    999.000    999.000

 Dispersion
    LA_PAIR            0.000      0.000    999.000    999.000

Categorical Latent Variables

 Means
    CLASS#1            1.312      0.426      3.082      0.002
    CLASS#2            0.390      0.500      0.780      0.435
    CLASS#3            0.510      0.487      1.047      0.295


RESULTS IN PROBABILITY SCALE

Latent Class 1

 DEL_YN
    Category 1         0.885      0.063     14.119      0.000
    Category 2         0.115      0.063      1.842      0.066
 SW_TYPE
    Category 1         1.000      0.000      0.000      1.000
    Category 2         0.000      0.000      0.000      1.000
    Category 3         0.000      0.000      0.000      1.000
 SW_POS3
    Category 1         0.077      0.052      1.472      0.141
    Category 2         0.923      0.052     17.664      0.000
    Category 3         0.000      0.000      0.000      1.000

Latent Class 2

 DEL_YN
    Category 1         1.000      0.000      0.000      1.000
    Category 2         0.000      0.000      0.000      1.000
 SW_TYPE
    Category 1         0.000      0.000      0.000      1.000
    Category 2         0.000      0.000      0.000      1.000
    Category 3         1.000      0.000      0.000      1.000
 SW_POS3
    Category 1         0.000      0.000      0.000      1.000
    Category 2         0.000      0.000      0.000      1.000
    Category 3         1.000      0.000      0.000      1.000

Latent Class 3

 DEL_YN
    Category 1         1.000      0.000      0.000      1.000
    Category 2         0.000      0.000      0.000      1.000
 SW_TYPE
    Category 1         0.000      0.000      0.000      1.000
    Category 2         0.858      0.129      6.638      0.000
    Category 3         0.142      0.129      1.101      0.271
 SW_POS3
    Category 1         0.000      0.000      0.000      1.000
    Category 2         0.515      0.149      3.455      0.001
    Category 3         0.485      0.149      3.259      0.001

Latent Class 4

 DEL_YN
    Category 1         0.000      0.000      0.000      1.000
    Category 2         1.000      0.000      0.000      1.000
 SW_TYPE
    Category 1         0.000      0.000      0.000      1.000
    Category 2         0.143      0.132      1.080      0.280
    Category 3         0.857      0.132      6.481      0.000
 SW_POS3
    Category 1         0.000      0.000      0.000      1.000
    Category 2         0.000      0.000      0.000      1.000
    Category 3         1.000      0.000      0.000      1.000


LATENT CLASS ODDS RATIO RESULTS

                                         (Est. - 1) Two-Tailed
                    Estimate       S.E.     / S.E.    P-Value

Latent Class 1 Compared to Latent Class 2

 DEL_YN
    Category > 1   *********      0.000    999.000    999.000
 SW_TYPE
    Category > 1       0.000      0.000    999.000    999.000
    Category > 2       0.000      0.000    999.000    999.000
 SW_POS3
    Category > 1       0.000      0.000    999.000    999.000
    Category > 2       0.000      0.000    999.000    999.000

Latent Class 1 Compared to Latent Class 3

 DEL_YN
    Category > 1   *********      0.000    999.000    999.000
 SW_TYPE
    Category > 1       0.000      0.000    999.000    999.000
    Category > 2       0.000      0.000    999.000    999.000
 SW_POS3
    Category > 1       0.000      0.000    999.000    999.000
    Category > 2       0.000      0.000    999.000    999.000

Latent Class 1 Compared to Latent Class 4

 DEL_YN
    Category > 1       0.000      0.000    999.000    999.000
 SW_TYPE
    Category > 1       0.000      0.000    999.000    999.000
    Category > 2       0.000      0.000    999.000    999.000
 SW_POS3
    Category > 1       0.000      0.000    999.000    999.000
    Category > 2       0.000      0.000    999.000    999.000

Latent Class 2 Compared to Latent Class 3

 DEL_YN
    Category > 1       1.000      0.000    999.000    999.000
 SW_TYPE
    Category > 1       1.000      0.000    999.000    999.000
    Category > 2   *********      0.000    999.000    999.000
 SW_POS3
    Category > 1       1.000      0.000    999.000    999.000
    Category > 2   *********      0.000    999.000    999.000

Latent Class 2 Compared to Latent Class 4

 DEL_YN
    Category > 1       0.000      0.000    999.000    999.000
 SW_TYPE
    Category > 1       1.000      0.000    999.000    999.000
    Category > 2   *********      0.000    999.000    999.000
 SW_POS3
    Category > 1       1.000      0.000    999.000    999.000
    Category > 2       1.000      0.000    999.000    999.000

Latent Class 3 Compared to Latent Class 4

 DEL_YN
    Category > 1       0.000      0.000    999.000    999.000
 SW_TYPE
    Category > 1       1.000      0.000    999.000    999.000
    Category > 2       0.028      0.042    -23.258      0.000
 SW_POS3
    Category > 1       1.000      0.000    999.000    999.000
    Category > 2       0.000      0.000    999.000    999.000


QUALITY OF NUMERICAL RESULTS

     Condition Number for the Information Matrix              0.525E-03
       (ratio of smallest to largest eigenvalue)


MODEL COMMAND WITH FINAL ESTIMATES USED AS STARTING VALUES

     %OVERALL%

     [ class#1*1.31219 ];
     [ class#2*0.39029 ];
     [ class#3*0.51010 ];

     %CLASS#1%

     [ ts_pair*0.43078 ];
     [ sw_pair*-0.08004 ];
     [ la_pair#1*-15 ];
     [ la_pair*-1.87180 ];

     [ del_yn$1*2.03688 ];
     [ sw_type$1*15 ];
     [ sw_type$2*15 ];
     [ sw_pos3$1*-2.48491 ];
     [ sw_pos3$2*15 ];

     la_pair*0.00008 (28);

     %CLASS#2%

     [ ts_pair*0.37945 ];
     [ sw_pair*1.05034 ];
     [ la_pair#1*-2.39762 ];
     [ la_pair*-0.31727 ];

     [ del_yn$1*15 ];
     [ sw_type$1*-15 ];
     [ sw_type$2*-15 ];
     [ sw_pos3$1*-15 ];
     [ sw_pos3$2*-15 ];

     la_pair*0.00008 (28);

     %CLASS#3%

     [ ts_pair*0.01933 ];
     [ sw_pair*0.51116 ];
     [ la_pair#1*-15 ];
     [ la_pair*-2.36303 ];

     [ del_yn$1*15 ];
     [ sw_type$1*-15 ];
     [ sw_type$2*1.79686 ];
     [ sw_pos3$1*-15 ];
     [ sw_pos3$2*0.05865 ];

     la_pair*0.00008 (28);

     %CLASS#4%

     [ ts_pair*1.04982 ];
     [ sw_pair*1.23214 ];
     [ la_pair#1*0.17764 ];
     [ la_pair*1.03722 ];

     [ del_yn$1*-15 ];
     [ sw_type$1*-15 ];
     [ sw_type$2*-1.79176 ];
     [ sw_pos3$1*-15 ];
     [ sw_pos3$2*-15 ];

     la_pair*0.00008 (28);



TECHNICAL 1 OUTPUT


     PARAMETER SPECIFICATION FOR LATENT CLASS 1


     PARAMETER SPECIFICATION FOR LATENT CLASS 2


     PARAMETER SPECIFICATION FOR LATENT CLASS 3


     PARAMETER SPECIFICATION FOR LATENT CLASS 4


     PARAMETER SPECIFICATION FOR LATENT CLASS INDICATOR MODEL PART


           TAU(U) FOR LATENT CLASS 1
              DEL_YN$1      SW_TYPE$      SW_TYPE$      SW_POS3$      SW_POS3$
              ________      ________      ________      ________      ________
                    1             2             3             4             5


           TAU(U) FOR LATENT CLASS 2
              DEL_YN$1      SW_TYPE$      SW_TYPE$      SW_POS3$      SW_POS3$
              ________      ________      ________      ________      ________
                    6             7             8             9            10


           TAU(U) FOR LATENT CLASS 3
              DEL_YN$1      SW_TYPE$      SW_TYPE$      SW_POS3$      SW_POS3$
              ________      ________      ________      ________      ________
                   11            12            13            14            15


           TAU(U) FOR LATENT CLASS 4
              DEL_YN$1      SW_TYPE$      SW_TYPE$      SW_POS3$      SW_POS3$
              ________      ________      ________      ________      ________
                   16            17            18            19            20


     PARAMETER SPECIFICATION FOR LATENT CLASS REGRESSION MODEL PART


           ALPHA(C)
              CLASS#1       CLASS#2       CLASS#3       CLASS#4
              ________      ________      ________      ________
                   21            22            23             0


     PARAMETER SPECIFICATION FOR THE CENSORED/NOMINAL/COUNT MODEL PART


           NU(P) FOR LATENT CLASS 1
              TS_PAIR#      TS_PAIR       SW_PAIR#      SW_PAIR       LA_PAIR#
              ________      ________      ________      ________      ________
                    0            24             0            25            26


           NU(P) FOR LATENT CLASS 1
              LA_PAIR
              ________
                   27


           THETA(C) FOR CLASS LATENT CLASS 1
              LA_PAIR
              ________
                   28


           NU(P) FOR LATENT CLASS 2
              TS_PAIR#      TS_PAIR       SW_PAIR#      SW_PAIR       LA_PAIR#
              ________      ________      ________      ________      ________
                    0            29             0            30            31


           NU(P) FOR LATENT CLASS 2
              LA_PAIR
              ________
                   32


           THETA(C) FOR CLASS LATENT CLASS 2
              LA_PAIR
              ________
                   28


           NU(P) FOR LATENT CLASS 3
              TS_PAIR#      TS_PAIR       SW_PAIR#      SW_PAIR       LA_PAIR#
              ________      ________      ________      ________      ________
                    0            33             0            34            35


           NU(P) FOR LATENT CLASS 3
              LA_PAIR
              ________
                   36


           THETA(C) FOR CLASS LATENT CLASS 3
              LA_PAIR
              ________
                   28


           NU(P) FOR LATENT CLASS 4
              TS_PAIR#      TS_PAIR       SW_PAIR#      SW_PAIR       LA_PAIR#
              ________      ________      ________      ________      ________
                    0            37             0            38            39


           NU(P) FOR LATENT CLASS 4
              LA_PAIR
              ________
                   40


           THETA(C) FOR CLASS LATENT CLASS 4
              LA_PAIR
              ________
                   28


     STARTING VALUES FOR LATENT CLASS 1


     STARTING VALUES FOR LATENT CLASS 2


     STARTING VALUES FOR LATENT CLASS 3


     STARTING VALUES FOR LATENT CLASS 4


     STARTING VALUES FOR LATENT CLASS INDICATOR MODEL PART


           TAU(U) FOR LATENT CLASS 1
              DEL_YN$1      SW_TYPE$      SW_TYPE$      SW_POS3$      SW_POS3$
              ________      ________      ________      ________      ________
                0.504        -1.109        -0.279        -4.277        -0.670


           TAU(U) FOR LATENT CLASS 2
              DEL_YN$1      SW_TYPE$      SW_TYPE$      SW_POS3$      SW_POS3$
              ________      ________      ________      ________      ________
                1.504        -0.109         0.721        -3.277         0.330


           TAU(U) FOR LATENT CLASS 3
              DEL_YN$1      SW_TYPE$      SW_TYPE$      SW_POS3$      SW_POS3$
              ________      ________      ________      ________      ________
                1.504        -0.109         0.721        -3.277         0.330


           TAU(U) FOR LATENT CLASS 4
              DEL_YN$1      SW_TYPE$      SW_TYPE$      SW_POS3$      SW_POS3$
              ________      ________      ________      ________      ________
                2.504         0.891         1.721        -2.277         1.330


     STARTING VALUES FOR LATENT CLASS REGRESSION MODEL PART


           ALPHA(C)
              CLASS#1       CLASS#2       CLASS#3       CLASS#4
              ________      ________      ________      ________
                0.000         0.000         0.000         0.000


     STARTING VALUES FOR THE CENSORED/NOMINAL/COUNT MODEL PART


           NU(P) FOR LATENT CLASS 1
              TS_PAIR#      TS_PAIR       SW_PAIR#      SW_PAIR       LA_PAIR#
              ________      ________      ________      ________      ________
              -20.000        -0.541       -20.000        -0.404        -0.369


           NU(P) FOR LATENT CLASS 1
              LA_PAIR
              ________
               -0.786


           THETA(C) FOR LATENT CLASS 1
              LA_PAIR
              ________
                2.243


           NU(P) FOR LATENT CLASS 2
              TS_PAIR#      TS_PAIR       SW_PAIR#      SW_PAIR       LA_PAIR#
              ________      ________      ________      ________      ________
              -20.000         0.459       -20.000         0.596        -0.369


           NU(P) FOR LATENT CLASS 2
              LA_PAIR
              ________
                0.214


           THETA(C) FOR LATENT CLASS 2
              LA_PAIR
              ________
                2.243


           NU(P) FOR LATENT CLASS 3
              TS_PAIR#      TS_PAIR       SW_PAIR#      SW_PAIR       LA_PAIR#
              ________      ________      ________      ________      ________
              -20.000         1.459       -20.000         1.596        -0.369


           NU(P) FOR LATENT CLASS 3
              LA_PAIR
              ________
                1.214


           THETA(C) FOR LATENT CLASS 3
              LA_PAIR
              ________
                2.243


           NU(P) FOR LATENT CLASS 4
              TS_PAIR#      TS_PAIR       SW_PAIR#      SW_PAIR       LA_PAIR#
              ________      ________      ________      ________      ________
              -20.000         2.459       -20.000         2.596        -0.369


           NU(P) FOR LATENT CLASS 4
              LA_PAIR
              ________
                2.214


           THETA(C) FOR LATENT CLASS 4
              LA_PAIR
              ________
                2.243


TECHNICAL 4 OUTPUT


PLOT INFORMATION

The following plots are available:

  Histograms (sample values)
  Scatterplots (sample values)
  Sample proportions and estimated probabilities

SAVEDATA INFORMATION


  Save file
    LCA_full_pairs_model3_lca_4.dat SAVE = cprobabilites bchweights

  Order and format of variables

    TS_PAIR        F10.3
    SW_PAIR        F10.3
    LA_PAIR        F10.3
    DEL_YN         F10.3
    SW_TYPE        F10.3
    SW_POS3        F10.3
    TS_YN          F10.3
    LA_YN          F10.3
    CA_YN          F10.3
    SW_BR          F10.3
    SW_GR          F10.3
    SW_EF          F10.3
    SW_PCAT        F10.3
    CPROB1         F10.3
    CPROB2         F10.3
    CPROB3         F10.3
    CPROB4         F10.3
    CLASS          F10.3
    ID             I4

  Save file format
    18F10.3 I4

  Save file record length    10000


     Beginning Time:  21:00:47
        Ending Time:  21:01:02
       Elapsed Time:  00:00:15



MUTHEN & MUTHEN
3463 Stoner Ave.
Los Angeles, CA  90066

Tel: (310) 391-9971
Fax: (310) 391-8971
Web: www.StatModel.com
Support: Support@StatModel.com

Copyright (c) 1998-2019 Muthen & Muthen
