Mplus VERSION 8.4 (Mac)
MUTHEN & MUTHEN
04/27/2025   8:29 PM

INPUT INSTRUCTIONS


  TITLE: LCA_full_pairs2 classes
  DATA: FILE IS LCA_full_pairs_model4_lca.dat;

  VARIABLE:
  NAMES = id TS_YN LA_YN DEL_YN CA_YN SW_type SW_pos3 SW_BR SW_GR SW_EF TS_PAIR
       LA_PAIR SW_PAIR SW_pcat;
  IDVARIABLE = id;
  USEVARIABLES = TS_PAIR LA_PAIR SW_PAIR DEL_YN SW_type CA_YN;
  CATEGORICAL = DEL_YN SW_type CA_YN;
  COUNT = TS_PAIR (p) SW_PAIR (p) LA_PAIR (nbi);
  AUXILIARY = TS_YN LA_YN SW_pos3 SW_BR SW_GR SW_EF SW_pcat;
  MISSING = .;
  CLASSES = class (2);

  MODEL:
  %CLASS#1%
  [ LA_PAIR#1 ];
  LA_PAIR;
  %CLASS#2%
  [ LA_PAIR#1 ];
  LA_PAIR;

  ANALYSIS:
  TYPE = MIXTURE;
  PROCESSORS = 12;
  STITERATIONS = 50;
  STARTS = 250 50;

  OUTPUT:
  SVALUES ENTROPY TECH1 TECH4;
  PLOT: TYPE=PLOT1 PLOT2 PLOT3;
  SAVEDATA:
  FILE IS LCA_full_pairs_model4_lca_2.dat
  SAVE = cprobabilites bchweights;



INPUT READING TERMINATED NORMALLY



LCA_full_pairs2 classes

SUMMARY OF ANALYSIS

Number of groups                                                 1
Number of observations                                          55

Number of dependent variables                                    6
Number of independent variables                                  0
Number of continuous latent variables                            0
Number of categorical latent variables                           1

Observed dependent variables

  Binary and ordered categorical (ordinal)
   DEL_YN      SW_TYPE     CA_YN

  Count
   TS_PAIR     SW_PAIR     LA_PAIR

Observed auxiliary variables
   TS_YN       LA_YN       SW_POS3     SW_BR       SW_GR       SW_EF
   SW_PCAT

Categorical latent variables
   CLASS

Variables with special functions

  ID variable           ID

Estimator                                                      MLR
Information matrix                                        OBSERVED
Optimization Specifications for the Quasi-Newton Algorithm for
Continuous Outcomes
  Maximum number of iterations                                 100
  Convergence criterion                                  0.100D-05
Optimization Specifications for the EM Algorithm
  Maximum number of iterations                                 500
  Convergence criteria
    Loglikelihood change                                 0.100D-06
    Relative loglikelihood change                        0.100D-06
    Derivative                                           0.100D-05
Optimization Specifications for the M step of the EM Algorithm for
Categorical Latent variables
  Number of M step iterations                                    1
  M step convergence criterion                           0.100D-05
  Basis for M step termination                           ITERATION
Optimization Specifications for the M step of the EM Algorithm for
Censored, Binary or Ordered Categorical (Ordinal), Unordered
Categorical (Nominal) and Count Outcomes
  Number of M step iterations                                    1
  M step convergence criterion                           0.100D-05
  Basis for M step termination                           ITERATION
  Maximum value for logit thresholds                            15
  Minimum value for logit thresholds                           -15
  Minimum expected cell size for chi-square              0.100D-01
Maximum number of iterations for H1                           2000
Convergence criterion for H1                             0.100D-03
Optimization algorithm                                         EMA
Random Starts Specifications
  Number of initial stage random starts                        250
  Number of final stage optimizations                           50
  Number of initial stage iterations                            50
  Initial stage convergence criterion                    0.100D+01
  Random starts scale                                    0.500D+01
  Random seed for generating random starts                       0
Link                                                         LOGIT

Input data file(s)
  LCA_full_pairs_model4_lca.dat
Input data format  FREE


SUMMARY OF DATA

     Number of missing data patterns             1
     Number of y missing data patterns           0
     Number of u missing data patterns           1


COVARIANCE COVERAGE OF DATA

Minimum covariance coverage value   0.100


UNIVARIATE PROPORTIONS AND COUNTS FOR CATEGORICAL VARIABLES

    DEL_YN
      Category 1    0.818           45.000
      Category 2    0.182           10.000
    SW_TYPE
      Category 1    0.473           26.000
      Category 2    0.200           11.000
      Category 3    0.327           18.000
    CA_YN
      Category 1    0.582           32.000
      Category 2    0.418           23.000


COUNT PROPORTION OF ZERO, MINIMUM AND MAXIMUM VALUES

      TS_PAIR     0.073         0         4
      SW_PAIR     0.200         0         4
      LA_PAIR     0.764         0         4


RANDOM STARTS RESULTS RANKED FROM THE BEST TO THE WORST LOGLIKELIHOOD VALUES

Final stage loglikelihood values at local maxima, seeds, and initial stage start numbers:

            -293.235  341041           34
            -293.235  903420           5
            -293.235  468036           131
            -293.235  499150           216
            -293.235  66276            217
            -293.235  407168           44
            -293.235  366706           29
            -293.235  392407           221
            -293.235  939021           8
            -293.235  373505           88
            -293.235  156536           245
            -293.235  164305           128
            -293.235  696773           80
            -293.235  432148           30
            -293.235  551639           55
            -293.235  unperturbed      0
            -293.235  568405           233
            -293.235  51375            148
            -293.235  131856           90
            -293.235  268896           124
            -293.235  153942           31
            -293.235  891531           206
            -293.235  215353           164
            -293.235  645664           39
            -293.235  76974            16
            -293.235  284109           82
            -293.235  456213           160
            -293.235  170118           238
            -293.235  992389           77
            -293.235  569833           85
            -293.235  609185           181
            -293.235  701525           239
            -293.243  576220           115
            -293.243  846194           93
            -293.243  68985            17
            -293.243  717754           180
            -293.520  383986           159
            -293.520  415502           194
            -293.520  311214           64
            -293.520  39136            226
            -295.776  369602           146
            -295.968  715561           125
            -297.773  794236           127

7 perturbed starting value run(s) did not converge or were rejected in the third stage.



THE BEST LOGLIKELIHOOD VALUE HAS BEEN REPLICATED.  RERUN WITH AT LEAST TWICE THE
RANDOM STARTS TO CHECK THAT THE BEST LOGLIKELIHOOD IS STILL OBTAINED AND REPLICATED.

     IN THE OPTIMIZATION, ONE OR MORE LOGIT THRESHOLDS APPROACHED EXTREME VALUES
     OF -15.000 AND 15.000 AND WERE FIXED TO STABILIZE MODEL ESTIMATION.  THESE
     VALUES IMPLY PROBABILITIES OF 0 AND 1.  IN THE MODEL RESULTS SECTION, THESE
     PARAMETERS HAVE 0 STANDARD ERRORS AND 999 IN THE Z-SCORE AND P-VALUE COLUMNS.

     IN THE OPTIMIZATION, ONE OR MORE LOGIT SCALE PARAMETERS APPROACHED EXTREME VALUES
     OF -15.000 AND 15.000 AND WERE FIXED TO STABILIZE MODEL ESTIMATION.  THESE
     VALUES IMPLY PROBABILITIES OF 0 AND 1.  IN THE MODEL RESULTS SECTION, THESE
     PARAMETERS HAVE 0 STANDARD ERRORS AND 999 IN THE Z-SCORE AND P-VALUE COLUMNS.

     ONE OR MORE PARAMETERS WERE FIXED TO AVOID SINGULARITY OF THE
     INFORMATION MATRIX. THE SINGULARITY IS MOST LIKELY DUE TO THE
     MODEL IS NOT IDENTIFIED, OR DUE TO A LARGE OR A SMALL PARAMETER
     ON THE LOGIT SCALE. THE FOLLOWING PARAMETERS WERE FIXED:
     Parameter 19, %CLASS#2%: LA_PAIR




THE MODEL ESTIMATION TERMINATED NORMALLY



MODEL FIT INFORMATION

Number of Free Parameters                       19

Loglikelihood

          H0 Value                        -293.235
          H0 Scaling Correction Factor      0.8577
            for MLR

Information Criteria

          Akaike (AIC)                     624.469
          Bayesian (BIC)                   662.608
          Sample-Size Adjusted BIC         602.904
            (n* = (n + 2) / 24)

Chi-Square Test of Model Fit for the Binary and Ordered Categorical
(Ordinal) Outcomes

          Pearson Chi-Square

          Value                              1.491
          Degrees of Freedom                     2
          P-Value                           0.4746

          Likelihood Ratio Chi-Square

          Value                              2.102
          Degrees of Freedom                     2
          P-Value                           0.3497

Chi-Square Test of Model Fit for the Count Outcomes**

          Pearson Chi-Square

          Value                            137.965
          Degrees of Freedom                   112
          P-Value                           0.0484

          Likelihood Ratio Chi-Square

          Value                             97.029
          Degrees of Freedom                   112
          P-Value                           0.8422

** Of the 125 cells in the latent class indicator table, 1
   were deleted in the calculation of chi-square due to extreme values.

Chi-Square Test for MCAR under the Unrestricted Latent Class Indicator Model
for the Count Outcomes

          Pearson Chi-Square

          Value                              0.000
          Degrees of Freedom                     0
          P-Value                           1.0000

          Likelihood Ratio Chi-Square

          Value                              0.000
          Degrees of Freedom                     0
          P-Value                           1.0000



FINAL CLASS COUNTS AND PROPORTIONS FOR THE LATENT CLASSES
BASED ON THE ESTIMATED MODEL

    Latent
   Classes

       1         23.00000          0.41818
       2         32.00000          0.58182


FINAL CLASS COUNTS AND PROPORTIONS FOR THE LATENT CLASSES
BASED ON ESTIMATED POSTERIOR PROBABILITIES

    Latent
   Classes

       1         23.00000          0.41818
       2         32.00000          0.58182


FINAL CLASS COUNTS AND PROPORTIONS FOR THE LATENT CLASSES
BASED ON THEIR MOST LIKELY LATENT CLASS MEMBERSHIP

Class Counts and Proportions

    Latent
   Classes

       1               23          0.41818
       2               32          0.58182


CLASSIFICATION QUALITY

     Entropy                         1.000


           Univariate Entropy
              TS_PAIR       SW_PAIR       LA_PAIR       DEL_YN        SW_TYPE
              ________      ________      ________      ________      ________
                0.028         0.201         0.109         0.072         0.700


           Univariate Entropy
              CA_YN
              ________
                1.000


Classification Probabilities for the Most Likely Latent Class Membership (Column)
by Latent Class (Row)

           1        2

    1   1.000    0.000
    2   0.000    1.000


Logits for the Classification Probabilities for the Most Likely Latent Class Membership (Column)
by Latent Class (Row)

              1        2

    1     13.816    0.000
    2    -13.816    0.000


MODEL RESULTS

                                                    Two-Tailed
                    Estimate       S.E.  Est./S.E.    P-Value

Latent Class 1

 Means
    TS_PAIR            0.578      0.119      4.847      0.000
    SW_PAIR            0.975      0.103      9.501      0.000
    LA_PAIR#1          0.178      0.959      0.186      0.853
    LA_PAIR            0.423      0.615      0.688      0.491

 Thresholds
    DEL_YN$1           0.827      0.453      1.824      0.068
    SW_TYPE$1        -15.000      0.000    999.000    999.000
    SW_TYPE$2         -1.041      0.475     -2.193      0.028
    CA_YN$1          -15.000      0.000    999.000    999.000

 Dispersion
    LA_PAIR            0.079      0.600      0.132      0.895

Latent Class 2

 Means
    TS_PAIR            0.363      0.115      3.162      0.002
    SW_PAIR            0.118      0.156      0.755      0.450
    LA_PAIR#1        -15.000      0.000    999.000    999.000
    LA_PAIR           -1.856      0.411     -4.519      0.000

 Thresholds
    DEL_YN$1           2.269      0.606      3.741      0.000
    SW_TYPE$1          1.466      0.453      3.238      0.001
    SW_TYPE$2          3.434      1.016      3.380      0.001
    CA_YN$1           15.000      0.000    999.000    999.000

 Dispersion
    LA_PAIR            0.000      0.000    999.000    999.000

Categorical Latent Variables

 Means
    CLASS#1           -0.330      0.273     -1.208      0.227


RESULTS IN PROBABILITY SCALE

Latent Class 1

 DEL_YN
    Category 1         0.696      0.096      7.251      0.000
    Category 2         0.304      0.096      3.172      0.002
 SW_TYPE
    Category 1         0.000      0.000      0.000      1.000
    Category 2         0.261      0.092      2.849      0.004
    Category 3         0.739      0.092      8.073      0.000
 CA_YN
    Category 1         0.000      0.000      0.000      1.000
    Category 2         1.000      0.000      0.000      1.000

Latent Class 2

 DEL_YN
    Category 1         0.906      0.052     17.588      0.000
    Category 2         0.094      0.052      1.819      0.069
 SW_TYPE
    Category 1         0.812      0.069     11.776      0.000
    Category 2         0.156      0.064      2.434      0.015
    Category 3         0.031      0.031      1.016      0.310
 CA_YN
    Category 1         1.000      0.000      0.000      1.000
    Category 2         0.000      0.000      0.000      1.000


LATENT CLASS ODDS RATIO RESULTS

                                         (Est. - 1) Two-Tailed
                    Estimate       S.E.     / S.E.    P-Value

Latent Class 1 Compared to Latent Class 2

 DEL_YN
    Category > 1       4.229      3.202      1.009      0.313
 SW_TYPE
    Category > 1   *********      0.000    999.000    999.000
    Category > 2      87.834     98.505      0.882      0.378
 CA_YN
    Category > 1   *********      0.000    999.000    999.000


QUALITY OF NUMERICAL RESULTS

     Condition Number for the Information Matrix              0.128E-01
       (ratio of smallest to largest eigenvalue)


MODEL COMMAND WITH FINAL ESTIMATES USED AS STARTING VALUES

     %OVERALL%

     [ class#1*-0.33024 ];

     %CLASS#1%

     [ ts_pair*0.57808 ];
     [ sw_pair*0.97538 ];
     [ la_pair#1*0.17822 ];
     [ la_pair*0.42332 ];

     [ del_yn$1*0.82668 ];
     [ sw_type$1*-15 ];
     [ sw_type$2*-1.04145 ];
     [ ca_yn$1*-15 ];

     la_pair*0.07886;

     %CLASS#2%

     [ ts_pair*0.36291 ];
     [ sw_pair*0.11778 ];
     [ la_pair#1*-15 ];
     [ la_pair*-1.85630 ];

     [ del_yn$1*2.26868 ];
     [ sw_type$1*1.46634 ];
     [ sw_type$2*3.43399 ];
     [ ca_yn$1*15 ];

     la_pair*0.00000;



TECHNICAL 1 OUTPUT


     PARAMETER SPECIFICATION FOR LATENT CLASS 1


     PARAMETER SPECIFICATION FOR LATENT CLASS 2


     PARAMETER SPECIFICATION FOR LATENT CLASS INDICATOR MODEL PART


           TAU(U) FOR LATENT CLASS 1
              DEL_YN$1      SW_TYPE$      SW_TYPE$      CA_YN$1
              ________      ________      ________      ________
                    1             2             3             4


           TAU(U) FOR LATENT CLASS 2
              DEL_YN$1      SW_TYPE$      SW_TYPE$      CA_YN$1
              ________      ________      ________      ________
                    5             6             7             8


     PARAMETER SPECIFICATION FOR LATENT CLASS REGRESSION MODEL PART


           ALPHA(C)
              CLASS#1       CLASS#2
              ________      ________
                    9             0


     PARAMETER SPECIFICATION FOR THE CENSORED/NOMINAL/COUNT MODEL PART


           NU(P) FOR LATENT CLASS 1
              TS_PAIR#      TS_PAIR       SW_PAIR#      SW_PAIR       LA_PAIR#
              ________      ________      ________      ________      ________
                    0            10             0            11            12


           NU(P) FOR LATENT CLASS 1
              LA_PAIR
              ________
                   13


           THETA(C) FOR CLASS LATENT CLASS 1
              LA_PAIR
              ________
                   14


           NU(P) FOR LATENT CLASS 2
              TS_PAIR#      TS_PAIR       SW_PAIR#      SW_PAIR       LA_PAIR#
              ________      ________      ________      ________      ________
                    0            15             0            16            17


           NU(P) FOR LATENT CLASS 2
              LA_PAIR
              ________
                   18


           THETA(C) FOR CLASS LATENT CLASS 2
              LA_PAIR
              ________
                   19


     STARTING VALUES FOR LATENT CLASS 1


     STARTING VALUES FOR LATENT CLASS 2


     STARTING VALUES FOR LATENT CLASS INDICATOR MODEL PART


           TAU(U) FOR LATENT CLASS 1
              DEL_YN$1      SW_TYPE$      SW_TYPE$      CA_YN$1
              ________      ________      ________      ________
                0.504        -1.109        -0.279        -0.670


           TAU(U) FOR LATENT CLASS 2
              DEL_YN$1      SW_TYPE$      SW_TYPE$      CA_YN$1
              ________      ________      ________      ________
                2.504         0.891         1.721         1.330


     STARTING VALUES FOR LATENT CLASS REGRESSION MODEL PART


           ALPHA(C)
              CLASS#1       CLASS#2
              ________      ________
                0.000         0.000


     STARTING VALUES FOR THE CENSORED/NOMINAL/COUNT MODEL PART


           NU(P) FOR LATENT CLASS 1
              TS_PAIR#      TS_PAIR       SW_PAIR#      SW_PAIR       LA_PAIR#
              ________      ________      ________      ________      ________
              -20.000         0.459       -20.000         0.596        -0.369


           NU(P) FOR LATENT CLASS 1
              LA_PAIR
              ________
                0.214


           THETA(C) FOR LATENT CLASS 1
              LA_PAIR
              ________
                2.243


           NU(P) FOR LATENT CLASS 2
              TS_PAIR#      TS_PAIR       SW_PAIR#      SW_PAIR       LA_PAIR#
              ________      ________      ________      ________      ________
              -20.000         1.459       -20.000         1.596        -0.369


           NU(P) FOR LATENT CLASS 2
              LA_PAIR
              ________
                1.214


           THETA(C) FOR LATENT CLASS 2
              LA_PAIR
              ________
                2.243


TECHNICAL 4 OUTPUT


PLOT INFORMATION

The following plots are available:

  Histograms (sample values)
  Scatterplots (sample values)
  Sample proportions and estimated probabilities

SAVEDATA INFORMATION


  Save file
    LCA_full_pairs_model4_lca_2.dat SAVE = cprobabilites bchweights

  Order and format of variables

    TS_PAIR        F10.3
    SW_PAIR        F10.3
    LA_PAIR        F10.3
    DEL_YN         F10.3
    SW_TYPE        F10.3
    CA_YN          F10.3
    TS_YN          F10.3
    LA_YN          F10.3
    SW_POS3        F10.3
    SW_BR          F10.3
    SW_GR          F10.3
    SW_EF          F10.3
    SW_PCAT        F10.3
    CPROB1         F10.3
    CPROB2         F10.3
    CLASS          F10.3
    ID             I4

  Save file format
    16F10.3 I4

  Save file record length    10000


     Beginning Time:  20:29:43
        Ending Time:  20:29:45
       Elapsed Time:  00:00:02



MUTHEN & MUTHEN
3463 Stoner Ave.
Los Angeles, CA  90066

Tel: (310) 391-9971
Fax: (310) 391-8971
Web: www.StatModel.com
Support: Support@StatModel.com

Copyright (c) 1998-2019 Muthen & Muthen
