Mplus VERSION 8.4 (Mac)
MUTHEN & MUTHEN
04/27/2025   8:29 PM

INPUT INSTRUCTIONS


  TITLE: LCA_full_pairs4 classes
  DATA: FILE IS LCA_full_pairs_model4_lca.dat;

  VARIABLE:
  NAMES = id TS_YN LA_YN DEL_YN CA_YN SW_type SW_pos3 SW_BR SW_GR SW_EF TS_PAIR
       LA_PAIR SW_PAIR SW_pcat;
  IDVARIABLE = id;
  USEVARIABLES = TS_PAIR LA_PAIR SW_PAIR DEL_YN SW_type CA_YN;
  CATEGORICAL = DEL_YN SW_type CA_YN;
  COUNT = TS_PAIR (p) SW_PAIR (p) LA_PAIR (nbi);
  AUXILIARY = TS_YN LA_YN SW_pos3 SW_BR SW_GR SW_EF SW_pcat;
  MISSING = .;
  CLASSES = class (4);

  MODEL:
  %CLASS#1%
  [ LA_PAIR#1 ];
  LA_PAIR;
  %CLASS#2%
  [ LA_PAIR#1 ];
  LA_PAIR;
  %CLASS#3%
  [ LA_PAIR#1 ];
  LA_PAIR;
  %CLASS#4%
  [ LA_PAIR#1 ];
  LA_PAIR;

  ANALYSIS:
  TYPE = MIXTURE;
  PROCESSORS = 12;
  STITERATIONS = 50;
  STARTS = 250 50;

  OUTPUT:
  SVALUES ENTROPY TECH1 TECH4;
  PLOT: TYPE=PLOT1 PLOT2 PLOT3;
  SAVEDATA:
  FILE IS LCA_full_pairs_model4_lca_4.dat
  SAVE = cprobabilites bchweights;



INPUT READING TERMINATED NORMALLY



LCA_full_pairs4 classes

SUMMARY OF ANALYSIS

Number of groups                                                 1
Number of observations                                          55

Number of dependent variables                                    6
Number of independent variables                                  0
Number of continuous latent variables                            0
Number of categorical latent variables                           1

Observed dependent variables

  Binary and ordered categorical (ordinal)
   DEL_YN      SW_TYPE     CA_YN

  Count
   TS_PAIR     SW_PAIR     LA_PAIR

Observed auxiliary variables
   TS_YN       LA_YN       SW_POS3     SW_BR       SW_GR       SW_EF
   SW_PCAT

Categorical latent variables
   CLASS

Variables with special functions

  ID variable           ID

Estimator                                                      MLR
Information matrix                                        OBSERVED
Optimization Specifications for the Quasi-Newton Algorithm for
Continuous Outcomes
  Maximum number of iterations                                 100
  Convergence criterion                                  0.100D-05
Optimization Specifications for the EM Algorithm
  Maximum number of iterations                                 500
  Convergence criteria
    Loglikelihood change                                 0.100D-06
    Relative loglikelihood change                        0.100D-06
    Derivative                                           0.100D-05
Optimization Specifications for the M step of the EM Algorithm for
Categorical Latent variables
  Number of M step iterations                                    1
  M step convergence criterion                           0.100D-05
  Basis for M step termination                           ITERATION
Optimization Specifications for the M step of the EM Algorithm for
Censored, Binary or Ordered Categorical (Ordinal), Unordered
Categorical (Nominal) and Count Outcomes
  Number of M step iterations                                    1
  M step convergence criterion                           0.100D-05
  Basis for M step termination                           ITERATION
  Maximum value for logit thresholds                            15
  Minimum value for logit thresholds                           -15
  Minimum expected cell size for chi-square              0.100D-01
Maximum number of iterations for H1                           2000
Convergence criterion for H1                             0.100D-03
Optimization algorithm                                         EMA
Random Starts Specifications
  Number of initial stage random starts                        250
  Number of final stage optimizations                           50
  Number of initial stage iterations                            50
  Initial stage convergence criterion                    0.100D+01
  Random starts scale                                    0.500D+01
  Random seed for generating random starts                       0
Link                                                         LOGIT

Input data file(s)
  LCA_full_pairs_model4_lca.dat
Input data format  FREE


SUMMARY OF DATA

     Number of missing data patterns             1
     Number of y missing data patterns           0
     Number of u missing data patterns           1


COVARIANCE COVERAGE OF DATA

Minimum covariance coverage value   0.100


UNIVARIATE PROPORTIONS AND COUNTS FOR CATEGORICAL VARIABLES

    DEL_YN
      Category 1    0.818           45.000
      Category 2    0.182           10.000
    SW_TYPE
      Category 1    0.473           26.000
      Category 2    0.200           11.000
      Category 3    0.327           18.000
    CA_YN
      Category 1    0.582           32.000
      Category 2    0.418           23.000


COUNT PROPORTION OF ZERO, MINIMUM AND MAXIMUM VALUES

      TS_PAIR     0.073         0         4
      SW_PAIR     0.200         0         4
      LA_PAIR     0.764         0         4


RANDOM STARTS RESULTS RANKED FROM THE BEST TO THE WORST LOGLIKELIHOOD VALUES

Final stage loglikelihood values at local maxima, seeds, and initial stage start numbers:

            -279.771  963053           43
            -279.782  181293           212
            -279.852  unperturbed      0
            -279.861  535804           111
            -279.861  835767           210
            -279.862  70118            104
            -283.442  268896           124
            -284.083  436460           89
            -284.083  153942           31
            -284.083  618000           190
            -284.083  303634           169
            -284.083  992389           77
            -284.083  848969           173
            -284.083  192071           142
            -284.083  481835           57
            -284.083  168762           200
            -284.200  437181           135
            -284.348  533738           11
            -284.348  207896           25
            -284.348  76337            76
            -284.565  654136           167
            -284.565  392418           28
            -285.593  802779           122
            -285.593  573096           20
            -285.593  311214           64
            -285.722  673496           218
            -293.235  915642           40

23 perturbed starting value run(s) did not converge or were rejected in the third stage.



THE BEST LOGLIKELIHOOD VALUE HAS BEEN REPLICATED.  RERUN WITH AT LEAST TWICE THE
RANDOM STARTS TO CHECK THAT THE BEST LOGLIKELIHOOD IS STILL OBTAINED AND REPLICATED.

     IN THE OPTIMIZATION, ONE OR MORE LOGIT THRESHOLDS APPROACHED EXTREME VALUES
     OF -15.000 AND 15.000 AND WERE FIXED TO STABILIZE MODEL ESTIMATION.  THESE
     VALUES IMPLY PROBABILITIES OF 0 AND 1.  IN THE MODEL RESULTS SECTION, THESE
     PARAMETERS HAVE 0 STANDARD ERRORS AND 999 IN THE Z-SCORE AND P-VALUE COLUMNS.

     IN THE OPTIMIZATION, ONE OR MORE LOGIT SCALE PARAMETERS APPROACHED EXTREME VALUES
     OF -15.000 AND 15.000 AND WERE FIXED TO STABILIZE MODEL ESTIMATION.  THESE
     VALUES IMPLY PROBABILITIES OF 0 AND 1.  IN THE MODEL RESULTS SECTION, THESE
     PARAMETERS HAVE 0 STANDARD ERRORS AND 999 IN THE Z-SCORE AND P-VALUE COLUMNS.

     ONE OR MORE PARAMETERS WERE FIXED TO AVOID SINGULARITY OF THE
     INFORMATION MATRIX. THE SINGULARITY IS MOST LIKELY DUE TO THE
     MODEL IS NOT IDENTIFIED, OR DUE TO A LARGE OR A SMALL PARAMETER
     ON THE LOGIT SCALE. THE FOLLOWING PARAMETERS WERE FIXED:
     Parameter 24, %CLASS#1%: LA_PAIR
     Parameter 29, %CLASS#2%: LA_PAIR
     Parameter 34, %CLASS#3%: LA_PAIR
     Parameter 39, %CLASS#4%: LA_PAIR




THE MODEL ESTIMATION TERMINATED NORMALLY



MODEL FIT INFORMATION

Number of Free Parameters                       39

Loglikelihood

          H0 Value                        -279.771
          H0 Scaling Correction Factor      0.7691
            for MLR

Information Criteria

          Akaike (AIC)                     637.541
          Bayesian (BIC)                   715.827
          Sample-Size Adjusted BIC         593.276
            (n* = (n + 2) / 24)

Chi-Square Test of Model Fit for the Binary and Ordered Categorical
(Ordinal) Outcomes

          Pearson Chi-Square

          Value                              0.036
          Degrees of freedom cannot be computed for this model part.

          Likelihood Ratio Chi-Square

          Value                              0.034
          Degrees of freedom cannot be computed for this model part.

Chi-Square Test of Model Fit for the Count Outcomes

          Pearson Chi-Square

          Value                            215.494
          Degrees of Freedom                   101
          P-Value                           0.0000

          Likelihood Ratio Chi-Square

          Value                            108.458
          Degrees of Freedom                   101
          P-Value                           0.2881

Chi-Square Test for MCAR under the Unrestricted Latent Class Indicator Model
for the Count Outcomes

          Pearson Chi-Square

          Value                              0.000
          Degrees of Freedom                     0
          P-Value                           1.0000

          Likelihood Ratio Chi-Square

          Value                              0.000
          Degrees of Freedom                     0
          P-Value                           1.0000



FINAL CLASS COUNTS AND PROPORTIONS FOR THE LATENT CLASSES
BASED ON THE ESTIMATED MODEL

    Latent
   Classes

       1         11.65818          0.21197
       2         26.00000          0.47273
       3          7.00000          0.12727
       4         10.34182          0.18803


FINAL CLASS COUNTS AND PROPORTIONS FOR THE LATENT CLASSES
BASED ON ESTIMATED POSTERIOR PROBABILITIES

    Latent
   Classes

       1         11.65818          0.21197
       2         26.00000          0.47273
       3          7.00000          0.12727
       4         10.34182          0.18803


FINAL CLASS COUNTS AND PROPORTIONS FOR THE LATENT CLASSES
BASED ON THEIR MOST LIKELY LATENT CLASS MEMBERSHIP

Class Counts and Proportions

    Latent
   Classes

       1               11          0.20000
       2               26          0.47273
       3                7          0.12727
       4               11          0.20000


CLASSIFICATION QUALITY

     Entropy                         0.971


           Univariate Entropy
              TS_PAIR       SW_PAIR       LA_PAIR       DEL_YN        SW_TYPE
              ________      ________      ________      ________      ________
                0.133         0.207         0.182         0.311         0.743


           Univariate Entropy
              CA_YN
              ________
                0.476


Classification Probabilities for the Most Likely Latent Class Membership (Column)
by Latent Class (Row)

           1        2        3        4

    1   0.944    0.000    0.000    0.056
    2   0.000    1.000    0.000    0.000
    3   0.000    0.000    1.000    0.000
    4   0.000    0.000    0.000    1.000


Logits for the Classification Probabilities for the Most Likely Latent Class Membership (Column)
by Latent Class (Row)

              1        2        3        4

    1      2.816  -10.941  -10.941    0.000
    2      0.000   13.816    0.000    0.000
    3      0.000    0.000   13.816    0.000
    4    -13.816  -13.816  -13.816    0.000


MODEL RESULTS

                                                    Two-Tailed
                    Estimate       S.E.  Est./S.E.    P-Value

Latent Class 1

 Means
    TS_PAIR            0.019      0.125      0.154      0.877
    SW_PAIR            0.511      0.188      2.716      0.007
    LA_PAIR#1        -15.000      0.000    999.000    999.000
    LA_PAIR           -2.363      0.934     -2.530      0.011

 Thresholds
    DEL_YN$1          15.000      0.000    999.000    999.000
    SW_TYPE$1        -15.000      0.000    999.000    999.000
    SW_TYPE$2          1.797      1.059      1.696      0.090
    CA_YN$1            0.059      0.596      0.098      0.922

 Dispersion
    LA_PAIR            0.000      0.000    999.000    999.000

Latent Class 2

 Means
    TS_PAIR            0.431      0.124      3.484      0.000
    SW_PAIR           -0.080      0.186     -0.431      0.666
    LA_PAIR#1        -15.000      0.000    999.000    999.000
    LA_PAIR           -1.872      0.460     -4.070      0.000

 Thresholds
    DEL_YN$1           2.037      0.614      3.318      0.001
    SW_TYPE$1         15.000      0.000    999.000    999.000
    SW_TYPE$2         15.000      0.000    999.000    999.000
    CA_YN$1           15.000      0.000    999.000    999.000

 Dispersion
    LA_PAIR            0.000      0.000    999.000    999.000

Latent Class 3

 Means
    TS_PAIR            1.050      0.131      8.018      0.000
    SW_PAIR            1.232      0.100     12.371      0.000
    LA_PAIR#1          0.178      0.804      0.221      0.825
    LA_PAIR            1.037      0.191      5.422      0.000

 Thresholds
    DEL_YN$1         -15.000      0.000    999.000    999.000
    SW_TYPE$1        -15.000      0.000    999.000    999.000
    SW_TYPE$2         -1.792      1.080     -1.659      0.097
    CA_YN$1          -15.000      0.000    999.000    999.000

 Dispersion
    LA_PAIR            0.000      0.000    999.000    999.000

Latent Class 4

 Means
    TS_PAIR            0.379      0.141      2.694      0.007
    SW_PAIR            1.050      0.123      8.538      0.000
    LA_PAIR#1         -2.397      7.813     -0.307      0.759
    LA_PAIR           -0.317      0.814     -0.390      0.697

 Thresholds
    DEL_YN$1          15.000      0.000    999.000    999.000
    SW_TYPE$1        -15.000      0.000    999.000    999.000
    SW_TYPE$2        -15.000      0.000    999.000    999.000
    CA_YN$1          -15.000      0.000    999.000    999.000

 Dispersion
    LA_PAIR            0.000      0.000    999.000    999.000

Categorical Latent Variables

 Means
    CLASS#1            0.120      0.470      0.255      0.799
    CLASS#2            0.922      0.382      2.412      0.016
    CLASS#3           -0.390      0.500     -0.780      0.435


RESULTS IN PROBABILITY SCALE

Latent Class 1

 DEL_YN
    Category 1         1.000      0.000      0.000      1.000
    Category 2         0.000      0.000      0.000      1.000
 SW_TYPE
    Category 1         0.000      0.000      0.000      1.000
    Category 2         0.858      0.129      6.638      0.000
    Category 3         0.142      0.129      1.101      0.271
 CA_YN
    Category 1         0.515      0.149      3.455      0.001
    Category 2         0.485      0.149      3.259      0.001

Latent Class 2

 DEL_YN
    Category 1         0.885      0.063     14.119      0.000
    Category 2         0.115      0.063      1.842      0.066
 SW_TYPE
    Category 1         1.000      0.000      0.000      1.000
    Category 2         0.000      0.000      0.000      1.000
    Category 3         0.000      0.000      0.000      1.000
 CA_YN
    Category 1         1.000      0.000      0.000      1.000
    Category 2         0.000      0.000      0.000      1.000

Latent Class 3

 DEL_YN
    Category 1         0.000      0.000      0.000      1.000
    Category 2         1.000      0.000      0.000      1.000
 SW_TYPE
    Category 1         0.000      0.000      0.000      1.000
    Category 2         0.143      0.132      1.080      0.280
    Category 3         0.857      0.132      6.481      0.000
 CA_YN
    Category 1         0.000      0.000      0.000      1.000
    Category 2         1.000      0.000      0.000      1.000

Latent Class 4

 DEL_YN
    Category 1         1.000      0.000      0.000      1.000
    Category 2         0.000      0.000      0.000      1.000
 SW_TYPE
    Category 1         0.000      0.000      0.000      1.000
    Category 2         0.000      0.000      0.000      1.000
    Category 3         1.000      0.000      0.000      1.000
 CA_YN
    Category 1         0.000      0.000      0.000      1.000
    Category 2         1.000      0.000      0.000      1.000


LATENT CLASS ODDS RATIO RESULTS

                                         (Est. - 1) Two-Tailed
                    Estimate       S.E.     / S.E.    P-Value

Latent Class 1 Compared to Latent Class 2

 DEL_YN
    Category > 1       0.000      0.000    999.000    999.000
 SW_TYPE
    Category > 1   *********      0.000    999.000    999.000
    Category > 2   *********      0.000    999.000    999.000
 CA_YN
    Category > 1   *********      0.000    999.000    999.000

Latent Class 1 Compared to Latent Class 3

 DEL_YN
    Category > 1       0.000      0.000    999.000    999.000
 SW_TYPE
    Category > 1       1.000      0.000    999.000    999.000
    Category > 2       0.028      0.042    -23.258      0.000
 CA_YN
    Category > 1       0.000      0.000    999.000    999.000

Latent Class 1 Compared to Latent Class 4

 DEL_YN
    Category > 1       1.000      0.000    999.000    999.000
 SW_TYPE
    Category > 1       1.000      0.000    999.000    999.000
    Category > 2       0.000      0.000    999.000    999.000
 CA_YN
    Category > 1       0.000      0.000    999.000    999.000

Latent Class 2 Compared to Latent Class 3

 DEL_YN
    Category > 1       0.000      0.000    999.000    999.000
 SW_TYPE
    Category > 1       0.000      0.000    999.000    999.000
    Category > 2       0.000      0.000    999.000    999.000
 CA_YN
    Category > 1       0.000      0.000    999.000    999.000

Latent Class 2 Compared to Latent Class 4

 DEL_YN
    Category > 1   *********      0.000    999.000    999.000
 SW_TYPE
    Category > 1       0.000      0.000    999.000    999.000
    Category > 2       0.000      0.000    999.000    999.000
 CA_YN
    Category > 1       0.000      0.000    999.000    999.000

Latent Class 3 Compared to Latent Class 4

 DEL_YN
    Category > 1   *********      0.000    999.000    999.000
 SW_TYPE
    Category > 1       1.000      0.000    999.000    999.000
    Category > 2       0.000      0.000    999.000    999.000
 CA_YN
    Category > 1       1.000      0.000    999.000    999.000


QUALITY OF NUMERICAL RESULTS

     Condition Number for the Information Matrix              0.526E-03
       (ratio of smallest to largest eigenvalue)


MODEL COMMAND WITH FINAL ESTIMATES USED AS STARTING VALUES

     %OVERALL%

     [ class#1*0.11981 ];
     [ class#2*0.92190 ];
     [ class#3*-0.39029 ];

     %CLASS#1%

     [ ts_pair*0.01933 ];
     [ sw_pair*0.51115 ];
     [ la_pair#1*-15 ];
     [ la_pair*-2.36303 ];

     [ del_yn$1*15 ];
     [ sw_type$1*-15 ];
     [ sw_type$2*1.79687 ];
     [ ca_yn$1*0.05866 ];

     la_pair*0.00003;

     %CLASS#2%

     [ ts_pair*0.43078 ];
     [ sw_pair*-0.08004 ];
     [ la_pair#1*-15 ];
     [ la_pair*-1.87180 ];

     [ del_yn$1*2.03688 ];
     [ sw_type$1*15 ];
     [ sw_type$2*15 ];
     [ ca_yn$1*15 ];

     la_pair*0.00010;

     %CLASS#3%

     [ ts_pair*1.04982 ];
     [ sw_pair*1.23214 ];
     [ la_pair#1*0.17765 ];
     [ la_pair*1.03723 ];

     [ del_yn$1*-15 ];
     [ sw_type$1*-15 ];
     [ sw_type$2*-1.79176 ];
     [ ca_yn$1*-15 ];

     la_pair*0.00006;

     %CLASS#4%

     [ ts_pair*0.37945 ];
     [ sw_pair*1.05034 ];
     [ la_pair#1*-2.39690 ];
     [ la_pair*-0.31721 ];

     [ del_yn$1*15 ];
     [ sw_type$1*-15 ];
     [ sw_type$2*-15 ];
     [ ca_yn$1*-15 ];

     la_pair*0.00001;



TECHNICAL 1 OUTPUT


     PARAMETER SPECIFICATION FOR LATENT CLASS 1


     PARAMETER SPECIFICATION FOR LATENT CLASS 2


     PARAMETER SPECIFICATION FOR LATENT CLASS 3


     PARAMETER SPECIFICATION FOR LATENT CLASS 4


     PARAMETER SPECIFICATION FOR LATENT CLASS INDICATOR MODEL PART


           TAU(U) FOR LATENT CLASS 1
              DEL_YN$1      SW_TYPE$      SW_TYPE$      CA_YN$1
              ________      ________      ________      ________
                    1             2             3             4


           TAU(U) FOR LATENT CLASS 2
              DEL_YN$1      SW_TYPE$      SW_TYPE$      CA_YN$1
              ________      ________      ________      ________
                    5             6             7             8


           TAU(U) FOR LATENT CLASS 3
              DEL_YN$1      SW_TYPE$      SW_TYPE$      CA_YN$1
              ________      ________      ________      ________
                    9            10            11            12


           TAU(U) FOR LATENT CLASS 4
              DEL_YN$1      SW_TYPE$      SW_TYPE$      CA_YN$1
              ________      ________      ________      ________
                   13            14            15            16


     PARAMETER SPECIFICATION FOR LATENT CLASS REGRESSION MODEL PART


           ALPHA(C)
              CLASS#1       CLASS#2       CLASS#3       CLASS#4
              ________      ________      ________      ________
                   17            18            19             0


     PARAMETER SPECIFICATION FOR THE CENSORED/NOMINAL/COUNT MODEL PART


           NU(P) FOR LATENT CLASS 1
              TS_PAIR#      TS_PAIR       SW_PAIR#      SW_PAIR       LA_PAIR#
              ________      ________      ________      ________      ________
                    0            20             0            21            22


           NU(P) FOR LATENT CLASS 1
              LA_PAIR
              ________
                   23


           THETA(C) FOR CLASS LATENT CLASS 1
              LA_PAIR
              ________
                   24


           NU(P) FOR LATENT CLASS 2
              TS_PAIR#      TS_PAIR       SW_PAIR#      SW_PAIR       LA_PAIR#
              ________      ________      ________      ________      ________
                    0            25             0            26            27


           NU(P) FOR LATENT CLASS 2
              LA_PAIR
              ________
                   28


           THETA(C) FOR CLASS LATENT CLASS 2
              LA_PAIR
              ________
                   29


           NU(P) FOR LATENT CLASS 3
              TS_PAIR#      TS_PAIR       SW_PAIR#      SW_PAIR       LA_PAIR#
              ________      ________      ________      ________      ________
                    0            30             0            31            32


           NU(P) FOR LATENT CLASS 3
              LA_PAIR
              ________
                   33


           THETA(C) FOR CLASS LATENT CLASS 3
              LA_PAIR
              ________
                   34


           NU(P) FOR LATENT CLASS 4
              TS_PAIR#      TS_PAIR       SW_PAIR#      SW_PAIR       LA_PAIR#
              ________      ________      ________      ________      ________
                    0            35             0            36            37


           NU(P) FOR LATENT CLASS 4
              LA_PAIR
              ________
                   38


           THETA(C) FOR CLASS LATENT CLASS 4
              LA_PAIR
              ________
                   39


     STARTING VALUES FOR LATENT CLASS 1


     STARTING VALUES FOR LATENT CLASS 2


     STARTING VALUES FOR LATENT CLASS 3


     STARTING VALUES FOR LATENT CLASS 4


     STARTING VALUES FOR LATENT CLASS INDICATOR MODEL PART


           TAU(U) FOR LATENT CLASS 1
              DEL_YN$1      SW_TYPE$      SW_TYPE$      CA_YN$1
              ________      ________      ________      ________
                0.504        -1.109        -0.279        -0.670


           TAU(U) FOR LATENT CLASS 2
              DEL_YN$1      SW_TYPE$      SW_TYPE$      CA_YN$1
              ________      ________      ________      ________
                1.504        -0.109         0.721         0.330


           TAU(U) FOR LATENT CLASS 3
              DEL_YN$1      SW_TYPE$      SW_TYPE$      CA_YN$1
              ________      ________      ________      ________
                1.504        -0.109         0.721         0.330


           TAU(U) FOR LATENT CLASS 4
              DEL_YN$1      SW_TYPE$      SW_TYPE$      CA_YN$1
              ________      ________      ________      ________
                2.504         0.891         1.721         1.330


     STARTING VALUES FOR LATENT CLASS REGRESSION MODEL PART


           ALPHA(C)
              CLASS#1       CLASS#2       CLASS#3       CLASS#4
              ________      ________      ________      ________
                0.000         0.000         0.000         0.000


     STARTING VALUES FOR THE CENSORED/NOMINAL/COUNT MODEL PART


           NU(P) FOR LATENT CLASS 1
              TS_PAIR#      TS_PAIR       SW_PAIR#      SW_PAIR       LA_PAIR#
              ________      ________      ________      ________      ________
              -20.000        -0.541       -20.000        -0.404        -0.369


           NU(P) FOR LATENT CLASS 1
              LA_PAIR
              ________
               -0.786


           THETA(C) FOR LATENT CLASS 1
              LA_PAIR
              ________
                2.243


           NU(P) FOR LATENT CLASS 2
              TS_PAIR#      TS_PAIR       SW_PAIR#      SW_PAIR       LA_PAIR#
              ________      ________      ________      ________      ________
              -20.000         0.459       -20.000         0.596        -0.369


           NU(P) FOR LATENT CLASS 2
              LA_PAIR
              ________
                0.214


           THETA(C) FOR LATENT CLASS 2
              LA_PAIR
              ________
                2.243


           NU(P) FOR LATENT CLASS 3
              TS_PAIR#      TS_PAIR       SW_PAIR#      SW_PAIR       LA_PAIR#
              ________      ________      ________      ________      ________
              -20.000         1.459       -20.000         1.596        -0.369


           NU(P) FOR LATENT CLASS 3
              LA_PAIR
              ________
                1.214


           THETA(C) FOR LATENT CLASS 3
              LA_PAIR
              ________
                2.243


           NU(P) FOR LATENT CLASS 4
              TS_PAIR#      TS_PAIR       SW_PAIR#      SW_PAIR       LA_PAIR#
              ________      ________      ________      ________      ________
              -20.000         2.459       -20.000         2.596        -0.369


           NU(P) FOR LATENT CLASS 4
              LA_PAIR
              ________
                2.214


           THETA(C) FOR LATENT CLASS 4
              LA_PAIR
              ________
                2.243


TECHNICAL 4 OUTPUT


PLOT INFORMATION

The following plots are available:

  Histograms (sample values)
  Scatterplots (sample values)
  Sample proportions and estimated probabilities

SAVEDATA INFORMATION


  Save file
    LCA_full_pairs_model4_lca_4.dat SAVE = cprobabilites bchweights

  Order and format of variables

    TS_PAIR        F10.3
    SW_PAIR        F10.3
    LA_PAIR        F10.3
    DEL_YN         F10.3
    SW_TYPE        F10.3
    CA_YN          F10.3
    TS_YN          F10.3
    LA_YN          F10.3
    SW_POS3        F10.3
    SW_BR          F10.3
    SW_GR          F10.3
    SW_EF          F10.3
    SW_PCAT        F10.3
    CPROB1         F10.3
    CPROB2         F10.3
    CPROB3         F10.3
    CPROB4         F10.3
    CLASS          F10.3
    ID             I4

  Save file format
    18F10.3 I4

  Save file record length    10000


     Beginning Time:  20:29:47
        Ending Time:  20:29:49
       Elapsed Time:  00:00:02



MUTHEN & MUTHEN
3463 Stoner Ave.
Los Angeles, CA  90066

Tel: (310) 391-9971
Fax: (310) 391-8971
Web: www.StatModel.com
Support: Support@StatModel.com

Copyright (c) 1998-2019 Muthen & Muthen
