Mplus VERSION 8.4 (Mac)
MUTHEN & MUTHEN
05/16/2025   1:55 PM

INPUT INSTRUCTIONS


  TITLE: LCA_full_pairs3 classes
  DATA: FILE IS LCA_full_pairs_model4_lca.dat;

  VARIABLE:
  NAMES = id TS_YN LA_YN DEL_YN CA_YN SW_type SW_pos3 SW_BR SW_GR SW_EF TS_PAIR
       LA_PAIR SW_PAIR SW_pcat;
  IDVARIABLE = id;
  USEVARIABLES = TS_PAIR LA_PAIR SW_PAIR DEL_YN SW_type SW_pos3;
  CATEGORICAL = DEL_YN SW_type SW_pos3;
  COUNT = TS_PAIR (p) SW_PAIR (p) LA_PAIR (nbi);
  AUXILIARY = TS_YN LA_YN CA_YN SW_BR SW_GR SW_EF SW_pcat;
  MISSING = .;
  CLASSES = class (3);

  MODEL:
  %CLASS#1%
  [ LA_PAIR#1 ];
  LA_PAIR;
  %CLASS#2%
  [ LA_PAIR#1 ];
  LA_PAIR;
  %CLASS#3%
  [ LA_PAIR#1 ];
  LA_PAIR;

  ANALYSIS:
  TYPE = MIXTURE;
  PROCESSORS = 12;
  STITERATIONS = 800;
  STARTS = 4000 800;

  OUTPUT:
  SVALUES ENTROPY TECH1 TECH4;
  PLOT: TYPE=PLOT1 PLOT2 PLOT3;
  SAVEDATA:
  FILE IS LCA_full_pairs_model4_lca_3.dat
  SAVE = cprobabilites bchweights;



INPUT READING TERMINATED NORMALLY



LCA_full_pairs3 classes

SUMMARY OF ANALYSIS

Number of groups                                                 1
Number of observations                                          55

Number of dependent variables                                    6
Number of independent variables                                  0
Number of continuous latent variables                            0
Number of categorical latent variables                           1

Observed dependent variables

  Binary and ordered categorical (ordinal)
   DEL_YN      SW_TYPE     SW_POS3

  Count
   TS_PAIR     SW_PAIR     LA_PAIR

Observed auxiliary variables
   TS_YN       LA_YN       CA_YN       SW_BR       SW_GR       SW_EF
   SW_PCAT

Categorical latent variables
   CLASS

Variables with special functions

  ID variable           ID

Estimator                                                      MLR
Information matrix                                        OBSERVED
Optimization Specifications for the Quasi-Newton Algorithm for
Continuous Outcomes
  Maximum number of iterations                                 100
  Convergence criterion                                  0.100D-05
Optimization Specifications for the EM Algorithm
  Maximum number of iterations                                 500
  Convergence criteria
    Loglikelihood change                                 0.100D-06
    Relative loglikelihood change                        0.100D-06
    Derivative                                           0.100D-05
Optimization Specifications for the M step of the EM Algorithm for
Categorical Latent variables
  Number of M step iterations                                    1
  M step convergence criterion                           0.100D-05
  Basis for M step termination                           ITERATION
Optimization Specifications for the M step of the EM Algorithm for
Censored, Binary or Ordered Categorical (Ordinal), Unordered
Categorical (Nominal) and Count Outcomes
  Number of M step iterations                                    1
  M step convergence criterion                           0.100D-05
  Basis for M step termination                           ITERATION
  Maximum value for logit thresholds                            15
  Minimum value for logit thresholds                           -15
  Minimum expected cell size for chi-square              0.100D-01
Maximum number of iterations for H1                           2000
Convergence criterion for H1                             0.100D-03
Optimization algorithm                                         EMA
Random Starts Specifications
  Number of initial stage random starts                       4000
  Number of final stage optimizations                          800
  Number of initial stage iterations                           800
  Initial stage convergence criterion                    0.100D+01
  Random starts scale                                    0.500D+01
  Random seed for generating random starts                       0
Link                                                         LOGIT

Input data file(s)
  LCA_full_pairs_model4_lca.dat
Input data format  FREE


SUMMARY OF DATA

     Number of missing data patterns             1
     Number of y missing data patterns           0
     Number of u missing data patterns           1


COVARIANCE COVERAGE OF DATA

Minimum covariance coverage value   0.100


UNIVARIATE PROPORTIONS AND COUNTS FOR CATEGORICAL VARIABLES

    DEL_YN
      Category 1    0.818           45.000
      Category 2    0.182           10.000
    SW_TYPE
      Category 1    0.473           26.000
      Category 2    0.200           11.000
      Category 3    0.327           18.000
    SW_POS3
      Category 1    0.036            2.000
      Category 2    0.545           30.000
      Category 3    0.418           23.000


COUNT PROPORTION OF ZERO, MINIMUM AND MAXIMUM VALUES

      TS_PAIR     0.073         0         4
      SW_PAIR     0.200         0         4
      LA_PAIR     0.764         0         4


RANDOM STARTS RESULTS RANKED FROM THE BEST TO THE WORST LOGLIKELIHOOD VALUES


1 perturbed starting value run(s) did not converge or were rejected in the third stage.
Final stage loglikelihood values at local maxima, seeds, and initial stage start numbers:

            -291.134  622873           1218
            -291.134  136297           3686
            -291.134  84241            2877
            -291.134  882750           646
            -291.134  278885           3366
            -291.134  461687           833
            -291.134  613319           2008
            -291.134  476295           969
            -291.134  813605           2152
            -291.134  850071           3311
            -291.134  995875           547
            -291.134  605358           321
            -291.134  862221           2694
            -291.134  776504           2218
            -291.134  198168           3382
            -291.134  404870           2452
            -291.134  86651            993
            -291.134  754057           3252
            -291.134  715948           3568
            -291.134  258142           2049
            -291.134  342197           3777
            -291.134  733175           1857
            -291.134  624309           3588
            -291.134  126505           3175
            -291.134  320494           465
            -291.134  108148           3981
            -291.134  719390           2099
            -291.134  271319           1765
            -291.134  891510           1625
            -291.134  371518           2959
            -291.134  750839           3904
            -291.134  216815           1600
            -291.134  175820           1040
            -291.134  640732           3929
            -291.134  175952           2075
            -291.134  537007           1472
            -291.134  533738           11
            -291.134  unperturbed      0
            -291.134  323788           3307
            -291.134  358449           2627
            -291.134  992610           3795
            -291.134  12177            3942
            -291.134  745674           3511
            -291.134  699834           723
            -291.134  489868           2631
            -291.134  910071           1061
            -291.134  387431           2211
            -291.134  444307           2809
            -291.134  642008           1894
            -291.134  755611           3182
            -291.134  679448           937
            -291.134  180878           1246
            -291.134  758926           1682
            -291.134  775996           1481
            -291.134  741888           138
            -291.134  573035           1273
            -291.134  879338           309
            -291.134  196844           3804
            -291.134  47719            962
            -291.134  640602           2778
            -291.134  203099           2298
            -291.134  712456           3386
            -291.134  299108           1420
            -291.134  689967           3091
            -291.134  843933           3832
            -291.134  284716           713
            -291.134  553953           1595
            -291.134  862495           3657
            -291.134  903246           3176
            -291.134  705445           1117
            -291.134  818450           2894
            -291.134  973404           2567
            -291.134  100756           3807
            -291.134  288692           3880
            -291.134  290171           3413
            -291.134  232249           1629
            -291.134  897272           1239
            -291.134  426557           1306
            -291.134  470339           3829
            -291.134  829575           3177
            -291.134  442653           2553
            -291.134  109669           3257
            -291.134  860102           495
            -291.134  712702           684
            -291.134  672643           1085
            -291.134  100345           3123
            -291.134  481835           57
            -291.134  160779           2668
            -291.134  76847            1959
            -291.134  351622           551
            -291.134  470851           3893
            -291.134  647548           2051
            -291.134  235154           2601
            -291.134  436806           883
            -291.134  830978           3350
            -291.134  51375            148
            -291.134  303834           798
            -291.134  538482           3755
            -291.134  327475           518
            -291.134  286102           2050
            -291.134  302037           3793
            -291.134  940517           2728
            -291.134  519524           2835
            -291.134  41447            3665
            -291.134  848838           1647
            -291.134  355706           2941
            -291.134  117116           1909
            -291.134  217585           2821
            -291.134  491838           2851
            -291.134  511811           3379
            -291.134  319575           499
            -291.134  643311           888
            -291.134  994679           2830
            -291.134  254551           996
            -291.134  396795           323
            -291.134  80438            246
            -291.134  607642           1838
            -291.134  594127           1949
            -291.134  762690           1732
            -291.134  428783           1176
            -291.134  485483           498
            -291.134  866961           1139
            -291.134  387223           2750
            -291.134  141171           3553
            -291.134  187594           3708
            -291.134  225630           3846
            -291.134  484224           1664
            -291.134  888905           444
            -291.134  147767           3750
            -291.134  815269           2187
            -291.134  497522           502
            -291.134  53621            483
            -291.134  231400           738
            -291.134  661264           1181
            -291.134  97158            205
            -291.134  19271            3020
            -291.134  464174           1461
            -291.134  752513           2174
            -291.134  695961           1668
            -291.134  802928           892
            -291.134  252346           528
            -291.134  854613           3023
            -291.134  969383           3432
            -291.134  804111           1775
            -291.134  180654           3150
            -291.134  976247           2459
            -291.134  779095           3132
            -291.134  458226           1078
            -291.134  803816           2909
            -291.134  388467           3370
            -291.134  691041           590
            -291.134  442158           2644
            -291.134  524214           2775
            -291.134  382611           1990
            -291.134  212202           3125
            -291.134  216565           474
            -291.134  413363           2884
            -291.134  817298           967
            -291.134  402225           2721
            -291.134  251680           794
            -291.134  811592           2827
            -291.134  371459           3863
            -291.134  582630           3537
            -291.134  443741           1236
            -291.134  181178           1069
            -291.134  978781           497
            -291.134  563584           657
            -291.134  103653           3821
            -291.134  884146           1720
            -291.134  633681           2580
            -291.134  318742           1812
            -291.134  116150           3570
            -291.134  273640           2028
            -291.134  123102           1302
            -291.134  609185           181
            -291.134  991329           182
            -291.134  638577           769
            -291.134  182568           2903
            -291.134  705631           1269
            -291.134  659147           2499
            -291.134  786713           3343
            -291.134  558741           2815
            -291.134  570388           2819
            -291.134  583083           2734
            -291.134  301301           1020
            -291.134  465996           2638
            -291.134  572472           2159
            -291.134  268642           2114
            -291.134  703313           1415
            -291.134  50887            389
            -291.134  273985           3975
            -291.134  662524           1414
            -291.134  704532           3637
            -291.134  931192           2323
            -291.134  712638           1827
            -291.134  704051           1083
            -291.134  986805           3956
            -291.134  185331           1162
            -291.134  259997           3449
            -291.134  172699           1626
            -291.134  265927           3685
            -291.134  871915           1602
            -291.134  863849           1122
            -291.134  426103           3577
            -291.134  158701           1058
            -291.134  118421           139
            -291.134  164305           128
            -291.134  293820           1279
            -291.134  608451           2248
            -291.134  203244           2995
            -291.134  831417           3095
            -291.134  266349           1989
            -291.134  893715           3196
            -291.134  414306           3547
            -291.134  858804           534
            -291.134  420067           3267
            -291.134  913007           3017
            -291.134  251502           3571
            -291.134  778292           1164
            -291.134  931515           3462
            -291.134  824956           607
            -291.134  858266           2330
            -291.134  609004           2777
            -291.134  140864           1776
            -291.134  214681           824
            -291.134  952860           2461
            -291.134  134638           3353
            -291.134  441119           2104
            -291.134  518561           1856
            -291.134  220454           288
            -291.134  267178           2754
            -291.134  979084           2837
            -291.134  826811           1721
            -291.134  879349           1459
            -291.134  241299           912
            -291.134  473436           2427
            -291.134  972349           3700
            -291.134  892495           3745
            -291.134  845569           3567
            -291.134  147440           514
            -291.134  719490           1780
            -291.134  776569           2847
            -291.134  325724           1043
            -291.134  494115           2634
            -291.134  491690           3688
            -291.134  921023           782
            -291.134  348892           1010
            -291.134  851200           1479
            -291.134  820822           3986
            -291.134  505244           582
            -291.134  391752           3421
            -291.134  269910           1861
            -291.134  973427           2340
            -291.134  321423           2787
            -291.134  681079           3005
            -291.134  302478           2925
            -291.134  953267           3840
            -291.134  514326           325
            -291.134  467339           66
            -291.134  101641           2481
            -291.134  520685           2084
            -291.134  443917           60
            -291.134  69098            2788
            -291.134  773195           849
            -291.134  886510           3906
            -291.134  751054           117
            -291.134  165213           2343
            -291.134  561513           3345
            -291.134  299774           1777
            -291.134  742450           2853
            -291.134  798734           2869
            -291.134  777529           3477
            -291.134  834526           3655
            -291.134  242502           2615
            -291.134  911144           2933
            -291.134  166220           1502
            -291.134  701716           1291
            -291.134  545756           1056
            -291.134  480649           1900
            -291.134  923767           1979
            -291.134  259161           2229
            -291.134  459673           3248
            -291.134  726120           2378
            -291.134  935426           3142
            -291.134  499951           3153
            -291.134  215534           2831
            -291.134  995249           525
            -291.134  196948           1465
            -291.134  746057           3003
            -291.134  816796           1728
            -291.134  59890            1690
            -291.134  561281           2393
            -291.134  275366           3912
            -291.134  897975           3527
            -291.134  463894           1733
            -291.134  146772           2233
            -291.134  432513           803
            -291.134  357077           3007
            -291.134  264951           1130
            -291.134  800454           751
            -291.134  508123           3732
            -291.134  812408           1705
            -291.134  179229           1453
            -291.134  754917           2988
            -291.134  686482           215
            -291.134  131921           3841
            -291.134  608763           3918
            -291.134  209986           1939
            -291.134  966994           1934
            -291.134  633122           3524
            -291.134  620568           2843
            -291.134  163116           1329
            -291.134  877180           2604
            -291.134  229573           3800
            -291.134  640833           434
            -291.134  789528           837
            -291.134  907342           1133
            -291.134  401572           1033
            -291.134  754100           56
            -291.134  679891           3168
            -291.134  685155           1761
            -291.134  893582           2412
            -291.134  705224           953
            -291.134  397522           1311
            -291.134  507303           3272
            -291.134  552272           654
            -291.134  782781           2587
            -291.134  682047           2666
            -291.134  356754           1372
            -291.134  333082           578
            -291.134  206646           2156
            -291.134  387016           1035
            -291.134  303742           3693
            -291.134  802256           477
            -291.134  947659           2351
            -291.134  648352           1615
            -291.134  875667           367
            -291.134  837902           2663
            -291.134  495622           2762
            -291.134  459547           2467
            -291.134  97300            640
            -291.134  534864           307
            -291.134  203018           3813
            -291.134  188640           451
            -291.134  945711           1419
            -291.134  978061           488
            -291.134  168000           3882
            -291.134  165375           1514
            -291.134  777045           377
            -291.134  88117            3417
            -291.134  77237            2141
            -291.134  110911           1234
            -291.134  793768           3129
            -291.134  848331           137
            -291.134  473942           574
            -291.134  475130           2680
            -291.134  760898           3673
            -291.134  628143           854
            -291.134  89970            223
            -291.134  618385           3050
            -291.134  260147           3064
            -291.134  527050           948
            -291.134  413564           535
            -291.134  59296            1534
            -291.134  621308           3960
            -291.134  490123           995
            -291.134  64717            1631
            -291.399  925186           1332
            -291.399  43523            297
            -291.399  828901           3019
            -291.399  853581           2531
            -291.399  74736            2335
            -291.399  549244           756
            -291.399  315029           471
            -291.399  7195             697
            -291.399  30166            1888
            -291.399  261759           1972
            -291.399  358083           2344
            -291.399  324372           2214
            -291.399  464179           106
            -291.399  127215           9
            -291.399  816765           959
            -291.399  115218           1382
            -291.399  859223           1363
            -291.399  891481           1948
            -291.399  738293           2836
            -291.399  290210           1620
            -291.399  34900            3002
            -291.399  361131           2563
            -291.399  105022           3052
            -291.399  132524           2316
            -291.399  341960           685
            -291.399  956646           3812
            -291.399  887676           22
            -291.399  208797           931
            -291.399  932539           2581
            -291.399  579124           3973
            -291.399  800662           2352
            -291.399  250807           2881
            -291.399  68291            1565
            -291.399  228185           2842
            -291.399  321363           1095
            -291.399  576306           3678
            -291.399  176837           2193
            -291.399  953843           651
            -291.399  349263           263
            -291.399  393453           1355
            -291.449  331681           549
            -291.449  605784           3836
            -291.449  431271           943
            -291.449  3461             3879
            -291.449  82357            339
            -292.643  619752           3244
            -292.643  469158           1145
            -292.643  931874           141
            -292.643  297994           3862
            -292.643  496881           192
            -292.643  356068           1924
            -292.644  922042           492
            -292.644  233050           2087
            -292.644  697433           3626
            -292.644  867690           3543
            -292.644  243593           3261
            -292.644  946467           3724
            -292.644  684993           1148
            -292.644  193926           3165
            -292.644  343014           3867
            -292.644  173709           1560
            -292.644  185342           2512
            -292.644  155622           507
            -292.644  827041           2400
            -292.644  478277           2552
            -292.644  111066           1509
            -292.644  941043           3148
            -292.644  234198           2548
            -292.644  480675           1112
            -292.644  168437           2127
            -292.644  560838           3426
            -292.644  313306           612
            -292.644  345070           114
            -292.644  69526            3599
            -292.644  775844           2371
            -292.644  932529           1013
            -292.644  137767           3361
            -292.644  364689           1237
            -292.644  149841           2987
            -292.644  733490           2834
            -292.644  485590           3195
            -292.644  445903           3038
            -292.644  908912           3768
            -292.644  452356           1341
            -292.644  125089           1730
            -292.644  472543           1917
            -292.644  799404           1490
            -292.644  439638           3625
            -292.644  725009           3633
            -292.644  945925           2583
            -292.644  901845           2729
            -292.644  673681           3809
            -292.644  217403           1028
            -292.644  248493           1901
            -292.644  608363           1041
            -292.644  264935           281
            -292.644  860732           2774
            -292.644  950120           3742
            -292.644  930872           277
            -292.644  319349           3490
            -292.644  526265           1962
            -292.644  618000           190
            -292.644  485816           3092
            -293.062  456915           2092
            -293.162  329099           3992
            -293.162  502495           724
            -293.162  133285           3126
            -293.162  750625           3509
            -293.162  199639           1094
            -293.162  107362           2928
            -293.162  437181           135
            -293.162  701525           239
            -293.162  271397           3646
            -293.162  494200           3372
            -293.162  296574           3320
            -293.162  346843           1316
            -293.162  972931           3293
            -293.162  575260           3398
            -293.162  790059           469
            -293.162  365620           1457
            -293.162  992389           77
            -293.170  140849           515
            -293.170  398067           1759
            -293.170  11984            934
            -293.204  937727           1011
            -293.204  40140            2576
            -293.212  373691           1624
            -293.344  910097           1031
            -293.344  673767           1736
            -293.344  322464           3078
            -293.344  505879           424
            -293.363  264521           929
            -293.363  372483           1645
            -293.363  948615           140
            -293.363  293428           2473
            -293.363  192731           3351
            -293.363  815575           1593
            -293.363  560717           3158
            -293.517  268896           124
            -293.517  570908           98
            -293.518  574728           3619
            -293.518  888286           2472
            -293.518  923160           3652
            -293.518  574412           679
            -293.518  966243           1751
            -294.103  572342           1848
            -294.297  729232           1892
            -294.297  942848           852
            -294.952  966603           919
            -294.964  967237           48
            -294.964  291388           2571
            -296.184  383371           3818
            -296.184  512048           3172
            -296.184  471244           2410
            -296.184  70118            104
            -296.184  529496           343
            -296.184  21130            1988
            -296.184  819932           2180
            -296.192  496935           1805
            -296.577  601074           2119
            -296.577  379823           905
            -296.577  488814           3170
            -296.577  29323            2574
            -296.577  69133            1097
            -296.577  372176           23
            -296.577  821912           3788
            -296.577  510491           1275
            -296.577  88437            761
            -296.577  34346            330
            -296.577  993088           1740
            -296.577  408652           2290
            -296.577  33404            2858
            -296.577  622896           1385
            -296.577  472647           2948
            -296.577  675953           1562
            -296.577  518570           1308
            -296.577  655497           376
            -296.577  123962           1868
            -296.577  435112           2339
            -296.577  564016           1646
            -296.577  17896            592
            -296.577  117891           1818
            -296.577  718336           2280
            -296.577  735928           916
            -296.577  372158           1404
            -296.577  479662           3730
            -296.577  486622           522
            -296.577  488514           1454
            -296.577  548245           818
            -296.577  812847           2309
            -296.577  288940           2122
            -296.577  508613           1494
            -296.577  136842           58
            -296.577  66309            2168
            -296.577  148918           682
            -296.577  49910            829
            -296.577  818852           1650
            -296.577  39136            226
            -296.577  19374            2062
            -296.577  834485           2486
            -296.577  314015           3517
            -296.577  232226           235
            -296.577  425133           3079
            -296.577  408504           2822
            -296.577  734946           3847
            -296.577  931959           2026
            -296.577  540436           2528
            -296.577  231373           2766
            -296.577  290837           1828
            -296.577  895878           1216
            -296.577  533372           3865
            -296.577  92355            1997
            -296.577  347110           3761
            -296.577  303304           2450
            -296.577  242621           1642
            -296.577  269990           3326
            -296.577  675755           3189
            -296.577  396921           2282
            -296.577  160326           546
            -296.577  468217           3940
            -296.577  232509           2745
            -296.577  9311             1597
            -296.577  179022           687
            -296.577  848795           1757
            -296.585  928789           3670
            -296.585  939870           655
            -296.585  268812           3736
            -296.585  281558           184
            -296.585  702492           718
            -296.585  694303           282
            -296.585  793487           595
            -296.585  755198           3814
            -296.585  270428           1873
            -296.585  690314           1128
            -296.585  942358           644
            -296.585  443442           380
            -296.585  753644           2437
            -296.585  683518           2521
            -296.585  473657           3966
            -296.585  137719           1504
            -296.585  623120           1114
            -296.862  806409           2747
            -296.862  352277           42
            -296.862  915628           2059
            -296.862  660326           2639
            -296.862  935459           2474
            -296.862  931558           898
            -296.862  897782           545
            -296.862  605442           3715
            -296.862  307843           664
            -296.862  77210            712
            -296.862  25127            107
            -296.862  709906           2904
            -296.862  246261           38
            -296.862  949654           1704
            -296.862  547702           767
            -296.862  786887           3242
            -296.862  506886           576
            -296.862  263394           1741
            -296.862  406311           3560
            -296.862  480009           2598
            -296.862  231366           1137
            -296.862  113138           585
            -296.862  656604           3909
            -296.862  662718           460
            -296.862  243346           930
            -298.255  39053            1301
            -298.255  46552            1778
            -298.460  117587           572
            -298.780  970939           3115
            -298.780  578694           1608
            -298.780  36579            2265
            -298.780  840078           203
            -298.780  246488           2947
            -298.780  327927           908
            -298.780  427062           3411
            -298.780  522936           2978
            -298.780  634888           3641
            -298.780  135072           2915
            -298.780  752847           1109
            -298.780  575827           3367
            -298.780  677470           2267
            -298.780  590834           785
            -298.780  410745           3424
            -298.780  139018           1714
            -298.780  902202           2911
            -298.780  421051           1287
            -298.780  753939           1785
            -298.780  708042           1444
            -298.780  290168           2423
            -298.780  576220           115
            -298.780  328661           813
            -298.780  855760           593
            -298.780  792993           859
            -298.780  445692           2796
            -298.785  236640           3013
            -298.785  645295           2443
            -298.785  961908           3194
            -298.789  769797           1429
            -298.881  363979           1594
            -299.004  163519           2441
            -299.066  845617           1262
            -299.066  404426           344
            -299.066  575700           100
            -299.066  170683           2388
            -299.066  326269           3855
            -299.066  506113           895
            -299.243  35191            703
            -299.243  812578           1865
            -299.243  651982           2944
            -299.243  264081           186
            -299.243  945490           3300
            -299.368  889020           2277
            -299.368  946393           2216
            -299.368  270249           2001
            -299.368  606960           2657
            -299.368  51011            1111
            -299.368  109229           3573
            -299.368  273992           349
            -299.368  804616           868
            -299.368  602305           1076
            -299.368  925741           1567
            -299.368  645976           2302
            -299.368  797594           234
            -299.368  565709           2356
            -299.368  10968            1492
            -299.377  416250           390
            -299.377  568279           1580
            -299.377  699983           3510
            -299.383  197385           1259
            -299.383  276468           1739
            -299.383  967174           2901
            -299.383  358688           1573
            -299.383  712296           1243
            -299.383  189029           3440
            -299.383  25531            2390
            -299.654  22518            1680
            -299.654  933596           2349
            -300.194  399539           3218
            -300.195  297461           3628
            -300.195  926762           704
            -300.303  45696            1543
            -300.516  868155           2204
            -300.537  979450           913
            -300.537  246794           801
            -300.537  981681           1017
            -300.629  125742           2943
            -300.716  535011           2147
            -300.716  62738            2074
            -300.716  120380           1470
            -300.716  703783           2346
            -300.716  371246           101
            -300.716  282955           1073
            -300.716  835767           210
            -300.716  994893           2002
            -300.716  471398           74
            -300.716  210139           991
            -300.716  84927            1511
            -300.716  957792           2069
            -300.716  166256           2591
            -300.716  651337           2772
            -300.716  437351           1874
            -300.716  169882           2005
            -300.716  661141           3608
            -300.716  272764           3230
            -300.716  108382           2471
            -300.716  535303           923
            -300.716  529455           268
            -300.716  893448           3352
            -300.716  555550           3380
            -300.716  502532           445
            -300.716  369925           2293
            -300.716  359053           3552
            -300.716  13472            1294
            -300.716  832104           2228
            -300.716  354208           196
            -300.716  736705           3319
            -300.716  761633           50
            -300.716  60464            2254
            -300.716  427363           1966
            -300.716  227999           1392
            -300.716  36090            2158
            -300.716  207896           25
            -300.716  691544           2183
            -300.716  785215           3364
            -300.716  90353            2121
            -300.716  659773           663
            -300.716  144257           3262
            -300.716  754485           1175
            -300.716  252949           487
            -300.716  71251            3579
            -300.716  153920           2767
            -300.716  526230           1589
            -300.716  345726           461
            -300.716  228459           947
            -300.716  970728           1371
            -300.716  681680           3557
            -300.716  109357           765
            -300.716  928287           197
            -300.716  69413            472
            -300.716  188340           1343
            -300.716  216340           2334
            -300.716  323342           3569
            -300.716  66600            3186
            -300.716  311072           2082
            -300.716  533798           2299
            -300.716  652184           2207
            -300.716  824535           3127
            -300.716  58195            3254
            -300.716  292884           103
            -300.716  436170           2936
            -300.716  691368           3416
            -300.716  996270           1572
            -300.716  504861           1771
            -300.716  513448           2016
            -300.716  643910           1957
            -300.716  865890           1571
            -300.716  715260           3217
            -300.725  44644            3181
            -300.915  80               2188
            -301.075  364671           2261

12 perturbed starting value run(s) did not converge or were rejected in the third stage.



THE BEST LOGLIKELIHOOD VALUE HAS BEEN REPLICATED.  RERUN WITH AT LEAST TWICE THE
RANDOM STARTS TO CHECK THAT THE BEST LOGLIKELIHOOD IS STILL OBTAINED AND REPLICATED.

     IN THE OPTIMIZATION, ONE OR MORE LOGIT THRESHOLDS APPROACHED EXTREME VALUES
     OF -15.000 AND 15.000 AND WERE FIXED TO STABILIZE MODEL ESTIMATION.  THESE
     VALUES IMPLY PROBABILITIES OF 0 AND 1.  IN THE MODEL RESULTS SECTION, THESE
     PARAMETERS HAVE 0 STANDARD ERRORS AND 999 IN THE Z-SCORE AND P-VALUE COLUMNS.

     IN THE OPTIMIZATION, ONE OR MORE LOGIT SCALE PARAMETERS APPROACHED EXTREME VALUES
     OF -15.000 AND 15.000 AND WERE FIXED TO STABILIZE MODEL ESTIMATION.  THESE
     VALUES IMPLY PROBABILITIES OF 0 AND 1.  IN THE MODEL RESULTS SECTION, THESE
     PARAMETERS HAVE 0 STANDARD ERRORS AND 999 IN THE Z-SCORE AND P-VALUE COLUMNS.

     THE STANDARD ERRORS OF THE MODEL PARAMETER ESTIMATES MAY NOT BE
     TRUSTWORTHY FOR SOME PARAMETERS DUE TO A NON-POSITIVE DEFINITE
     FIRST-ORDER DERIVATIVE PRODUCT MATRIX.  THIS MAY BE DUE TO THE STARTING
     VALUES BUT MAY ALSO BE AN INDICATION OF MODEL NONIDENTIFICATION.  THE
     CONDITION NUMBER IS       0.000D+00.  PROBLEM INVOLVING THE FOLLOWING PARAMETER:
     Parameter 22, %CLASS#1%: LA_PAIR

     ONE OR MORE PARAMETERS WERE FIXED TO AVOID SINGULARITY OF THE
     INFORMATION MATRIX. THE SINGULARITY IS MOST LIKELY DUE TO THE
     MODEL IS NOT IDENTIFIED, OR DUE TO A LARGE OR A SMALL PARAMETER
     ON THE LOGIT SCALE. THE FOLLOWING PARAMETERS WERE FIXED:
     Parameter 27, %CLASS#2%: LA_PAIR
     Parameter 32, %CLASS#3%: LA_PAIR




THE MODEL ESTIMATION TERMINATED NORMALLY



MODEL FIT INFORMATION

Number of Free Parameters                       32

Loglikelihood

          H0 Value                        -291.134
          H0 Scaling Correction Factor      0.8459
            for MLR

Information Criteria

          Akaike (AIC)                     646.268
          Bayesian (BIC)                   710.503
          Sample-Size Adjusted BIC         609.948
            (n* = (n + 2) / 24)

Chi-Square Test of Model Fit for the Binary and Ordered Categorical
(Ordinal) Outcomes

          Pearson Chi-Square

          Value                              1.604
          Degrees of Freedom                     0
          P-Value                           0.0000

          Likelihood Ratio Chi-Square

          Value                              2.107
          Degrees of Freedom                     0
          P-Value                           0.0000

Chi-Square Test of Model Fit for the Count Outcomes

          Pearson Chi-Square

          Value                            233.635
          Degrees of Freedom                   107
          P-Value                           0.0000

          Likelihood Ratio Chi-Square

          Value                            108.099
          Degrees of Freedom                   107
          P-Value                           0.4521

Chi-Square Test for MCAR under the Unrestricted Latent Class Indicator Model
for the Count Outcomes

          Pearson Chi-Square

          Value                              0.000
          Degrees of Freedom                     0
          P-Value                           1.0000

          Likelihood Ratio Chi-Square

          Value                              0.000
          Degrees of Freedom                     0
          P-Value                           1.0000



FINAL CLASS COUNTS AND PROPORTIONS FOR THE LATENT CLASSES
BASED ON THE ESTIMATED MODEL

    Latent
   Classes

       1         15.06776          0.27396
       2         26.00000          0.47273
       3         13.93224          0.25331


FINAL CLASS COUNTS AND PROPORTIONS FOR THE LATENT CLASSES
BASED ON ESTIMATED POSTERIOR PROBABILITIES

    Latent
   Classes

       1         15.06776          0.27396
       2         26.00000          0.47273
       3         13.93224          0.25331


FINAL CLASS COUNTS AND PROPORTIONS FOR THE LATENT CLASSES
BASED ON THEIR MOST LIKELY LATENT CLASS MEMBERSHIP

Class Counts and Proportions

    Latent
   Classes

       1               17          0.30909
       2               26          0.47273
       3               12          0.21818


CLASSIFICATION QUALITY

     Entropy                         0.928


           Univariate Entropy
              TS_PAIR       SW_PAIR       LA_PAIR       DEL_YN        SW_TYPE
              ________      ________      ________      ________      ________
                0.066         0.188         0.135         0.088         0.868


           Univariate Entropy
              SW_POS3
              ________
                0.506


Classification Probabilities for the Most Likely Latent Class Membership (Column)
by Latent Class (Row)

           1        2        3

    1   1.000    0.000    0.000
    2   0.000    1.000    0.000
    3   0.139    0.000    0.861


Logits for the Classification Probabilities for the Most Likely Latent Class Membership (Column)
by Latent Class (Row)

              1        2        3

    1     13.816    0.000    0.000
    2      0.000   13.816    0.000
    3     -1.826  -13.666    0.000


MODEL RESULTS

                                                    Two-Tailed
                    Estimate       S.E.  Est./S.E.    P-Value

Latent Class 1

 Means
    TS_PAIR            0.748      0.233      3.214      0.001
    SW_PAIR            1.181      0.136      8.664      0.000
    LA_PAIR#1         -0.402      0.803     -0.501      0.616
    LA_PAIR            0.533      0.461      1.157      0.247

 Thresholds
    DEL_YN$1           0.417      0.872      0.478      0.633
    SW_TYPE$1        -15.000      0.000    999.000    999.000
    SW_TYPE$2        -15.000      0.000    999.000    999.000
    SW_POS3$1        -15.000      0.000    999.000    999.000
    SW_POS3$2        -15.000      0.000    999.000    999.000

 Dispersion
    LA_PAIR            0.000      0.006      0.001      1.000

Latent Class 2

 Means
    TS_PAIR            0.431      0.124      3.484      0.000
    SW_PAIR           -0.080      0.186     -0.431      0.666
    LA_PAIR#1        -15.000      0.000    999.000    999.000
    LA_PAIR           -1.872      0.460     -4.070      0.000

 Thresholds
    DEL_YN$1           2.037      0.614      3.318      0.001
    SW_TYPE$1         15.000      0.000    999.000    999.000
    SW_TYPE$2         15.000      0.000    999.000    999.000
    SW_POS3$1         -2.485      0.736     -3.376      0.001
    SW_POS3$2         15.000      0.000    999.000    999.000

 Dispersion
    LA_PAIR            0.000      0.000    999.000    999.000

Latent Class 3

 Means
    TS_PAIR            0.086      0.128      0.671      0.502
    SW_PAIR            0.541      0.180      2.999      0.003
    LA_PAIR#1        -15.000      0.000    999.000    999.000
    LA_PAIR           -2.155      1.240     -1.738      0.082

 Thresholds
    DEL_YN$1           2.544      1.115      2.282      0.022
    SW_TYPE$1        -15.000      0.000    999.000    999.000
    SW_TYPE$2          1.322      1.850      0.715      0.475
    SW_POS3$1        -15.000      0.000    999.000    999.000
    SW_POS3$2         -0.279      0.804     -0.347      0.728

 Dispersion
    LA_PAIR            0.000      0.000    999.000    999.000

Categorical Latent Variables

 Means
    CLASS#1            0.078      0.760      0.103      0.918
    CLASS#2            0.624      0.478      1.305      0.192


RESULTS IN PROBABILITY SCALE

Latent Class 1

 DEL_YN
    Category 1         0.603      0.209      2.887      0.004
    Category 2         0.397      0.209      1.902      0.057
 SW_TYPE
    Category 1         0.000      0.000      0.000      1.000
    Category 2         0.000      0.000      0.000      1.000
    Category 3         1.000      0.000      0.000      1.000
 SW_POS3
    Category 1         0.000      0.000      0.000      1.000
    Category 2         0.000      0.000      0.000      1.000
    Category 3         1.000      0.000      0.000      1.000

Latent Class 2

 DEL_YN
    Category 1         0.885      0.063     14.119      0.000
    Category 2         0.115      0.063      1.842      0.066
 SW_TYPE
    Category 1         1.000      0.000      0.000      1.000
    Category 2         0.000      0.000      0.000      1.000
    Category 3         0.000      0.000      0.000      1.000
 SW_POS3
    Category 1         0.077      0.052      1.472      0.141
    Category 2         0.923      0.052     17.664      0.000
    Category 3         0.000      0.000      0.000      1.000

Latent Class 3

 DEL_YN
    Category 1         0.927      0.075     12.317      0.000
    Category 2         0.073      0.075      0.967      0.333
 SW_TYPE
    Category 1         0.000      0.000      0.000      1.000
    Category 2         0.790      0.307      2.569      0.010
    Category 3         0.210      0.307      0.685      0.494
 SW_POS3
    Category 1         0.000      0.000      0.000      1.000
    Category 2         0.431      0.197      2.184      0.029
    Category 3         0.569      0.197      2.887      0.004


LATENT CLASS ODDS RATIO RESULTS

                                         (Est. - 1) Two-Tailed
                    Estimate       S.E.     / S.E.    P-Value

Latent Class 1 Compared to Latent Class 2

 DEL_YN
    Category > 1       5.052      5.388      0.752      0.452
 SW_TYPE
    Category > 1   *********      0.000    999.000    999.000
    Category > 2   *********      0.000    999.000    999.000
 SW_POS3
    Category > 1   *********      0.000    999.000    999.000
    Category > 2   *********      0.000    999.000    999.000

Latent Class 1 Compared to Latent Class 3

 DEL_YN
    Category > 1       8.390     13.458      0.549      0.583
 SW_TYPE
    Category > 1       1.000      0.000    999.000    999.000
    Category > 2   *********      0.000    999.000    999.000
 SW_POS3
    Category > 1       1.000      0.000    999.000    999.000
    Category > 2   *********      0.000    999.000    999.000

Latent Class 2 Compared to Latent Class 3

 DEL_YN
    Category > 1       1.661      2.113      0.313      0.755
 SW_TYPE
    Category > 1       0.000      0.000    999.000    999.000
    Category > 2       0.000      0.000    999.000    999.000
 SW_POS3
    Category > 1       0.000      0.000    999.000    999.000
    Category > 2       0.000      0.000    999.000    999.000


QUALITY OF NUMERICAL RESULTS

     Condition Number for the Information Matrix              0.100E-02
       (ratio of smallest to largest eigenvalue)


MODEL COMMAND WITH FINAL ESTIMATES USED AS STARTING VALUES

     %OVERALL%

     [ class#1*0.07835 ];
     [ class#2*0.62389 ];

     %CLASS#1%

     [ ts_pair*0.74752 ];
     [ sw_pair*1.18051 ];
     [ la_pair#1*-0.40222 ];
     [ la_pair*0.53300 ];

     [ del_yn$1*0.41703 ];
     [ sw_type$1*-15 ];
     [ sw_type$2*-15 ];
     [ sw_pos3$1*-15 ];
     [ sw_pos3$2*-15 ];

     la_pair*0.00000;

     %CLASS#2%

     [ ts_pair*0.43078 ];
     [ sw_pair*-0.08004 ];
     [ la_pair#1*-15 ];
     [ la_pair*-1.87180 ];

     [ del_yn$1*2.03688 ];
     [ sw_type$1*15 ];
     [ sw_type$2*15 ];
     [ sw_pos3$1*-2.48491 ];
     [ sw_pos3$2*15 ];

     la_pair*0.00000;

     %CLASS#3%

     [ ts_pair*0.08582 ];
     [ sw_pair*0.54129 ];
     [ la_pair#1*-15 ];
     [ la_pair*-2.15523 ];

     [ del_yn$1*2.54402 ];
     [ sw_type$1*-15 ];
     [ sw_type$2*1.32213 ];
     [ sw_pos3$1*-15 ];
     [ sw_pos3$2*-0.27918 ];

     la_pair*0.00000;



TECHNICAL 1 OUTPUT


     PARAMETER SPECIFICATION FOR LATENT CLASS 1


     PARAMETER SPECIFICATION FOR LATENT CLASS 2


     PARAMETER SPECIFICATION FOR LATENT CLASS 3


     PARAMETER SPECIFICATION FOR LATENT CLASS INDICATOR MODEL PART


           TAU(U) FOR LATENT CLASS 1
              DEL_YN$1      SW_TYPE$      SW_TYPE$      SW_POS3$      SW_POS3$
              ________      ________      ________      ________      ________
                    1             2             3             4             5


           TAU(U) FOR LATENT CLASS 2
              DEL_YN$1      SW_TYPE$      SW_TYPE$      SW_POS3$      SW_POS3$
              ________      ________      ________      ________      ________
                    6             7             8             9            10


           TAU(U) FOR LATENT CLASS 3
              DEL_YN$1      SW_TYPE$      SW_TYPE$      SW_POS3$      SW_POS3$
              ________      ________      ________      ________      ________
                   11            12            13            14            15


     PARAMETER SPECIFICATION FOR LATENT CLASS REGRESSION MODEL PART


           ALPHA(C)
              CLASS#1       CLASS#2       CLASS#3
              ________      ________      ________
                   16            17             0


     PARAMETER SPECIFICATION FOR THE CENSORED/NOMINAL/COUNT MODEL PART


           NU(P) FOR LATENT CLASS 1
              TS_PAIR#      TS_PAIR       SW_PAIR#      SW_PAIR       LA_PAIR#
              ________      ________      ________      ________      ________
                    0            18             0            19            20


           NU(P) FOR LATENT CLASS 1
              LA_PAIR
              ________
                   21


           THETA(C) FOR CLASS LATENT CLASS 1
              LA_PAIR
              ________
                   22


           NU(P) FOR LATENT CLASS 2
              TS_PAIR#      TS_PAIR       SW_PAIR#      SW_PAIR       LA_PAIR#
              ________      ________      ________      ________      ________
                    0            23             0            24            25


           NU(P) FOR LATENT CLASS 2
              LA_PAIR
              ________
                   26


           THETA(C) FOR CLASS LATENT CLASS 2
              LA_PAIR
              ________
                   27


           NU(P) FOR LATENT CLASS 3
              TS_PAIR#      TS_PAIR       SW_PAIR#      SW_PAIR       LA_PAIR#
              ________      ________      ________      ________      ________
                    0            28             0            29            30


           NU(P) FOR LATENT CLASS 3
              LA_PAIR
              ________
                   31


           THETA(C) FOR CLASS LATENT CLASS 3
              LA_PAIR
              ________
                   32


     STARTING VALUES FOR LATENT CLASS 1


     STARTING VALUES FOR LATENT CLASS 2


     STARTING VALUES FOR LATENT CLASS 3


     STARTING VALUES FOR LATENT CLASS INDICATOR MODEL PART


           TAU(U) FOR LATENT CLASS 1
              DEL_YN$1      SW_TYPE$      SW_TYPE$      SW_POS3$      SW_POS3$
              ________      ________      ________      ________      ________
                0.504        -1.109        -0.279        -4.277        -0.670


           TAU(U) FOR LATENT CLASS 2
              DEL_YN$1      SW_TYPE$      SW_TYPE$      SW_POS3$      SW_POS3$
              ________      ________      ________      ________      ________
                1.504        -0.109         0.721        -3.277         0.330


           TAU(U) FOR LATENT CLASS 3
              DEL_YN$1      SW_TYPE$      SW_TYPE$      SW_POS3$      SW_POS3$
              ________      ________      ________      ________      ________
                2.504         0.891         1.721        -2.277         1.330


     STARTING VALUES FOR LATENT CLASS REGRESSION MODEL PART


           ALPHA(C)
              CLASS#1       CLASS#2       CLASS#3
              ________      ________      ________
                0.000         0.000         0.000


     STARTING VALUES FOR THE CENSORED/NOMINAL/COUNT MODEL PART


           NU(P) FOR LATENT CLASS 1
              TS_PAIR#      TS_PAIR       SW_PAIR#      SW_PAIR       LA_PAIR#
              ________      ________      ________      ________      ________
              -20.000        -0.541       -20.000        -0.404        -0.369


           NU(P) FOR LATENT CLASS 1
              LA_PAIR
              ________
               -0.786


           THETA(C) FOR LATENT CLASS 1
              LA_PAIR
              ________
                2.243


           NU(P) FOR LATENT CLASS 2
              TS_PAIR#      TS_PAIR       SW_PAIR#      SW_PAIR       LA_PAIR#
              ________      ________      ________      ________      ________
              -20.000         0.459       -20.000         0.596        -0.369


           NU(P) FOR LATENT CLASS 2
              LA_PAIR
              ________
                0.214


           THETA(C) FOR LATENT CLASS 2
              LA_PAIR
              ________
                2.243


           NU(P) FOR LATENT CLASS 3
              TS_PAIR#      TS_PAIR       SW_PAIR#      SW_PAIR       LA_PAIR#
              ________      ________      ________      ________      ________
              -20.000         1.459       -20.000         1.596        -0.369


           NU(P) FOR LATENT CLASS 3
              LA_PAIR
              ________
                1.214


           THETA(C) FOR LATENT CLASS 3
              LA_PAIR
              ________
                2.243


TECHNICAL 4 OUTPUT


PLOT INFORMATION

The following plots are available:

  Histograms (sample values)
  Scatterplots (sample values)
  Sample proportions and estimated probabilities

SAVEDATA INFORMATION


  Save file
    LCA_full_pairs_model4_lca_3.dat SAVE = cprobabilites bchweights

  Order and format of variables

    TS_PAIR        F10.3
    SW_PAIR        F10.3
    LA_PAIR        F10.3
    DEL_YN         F10.3
    SW_TYPE        F10.3
    SW_POS3        F10.3
    TS_YN          F10.3
    LA_YN          F10.3
    CA_YN          F10.3
    SW_BR          F10.3
    SW_GR          F10.3
    SW_EF          F10.3
    SW_PCAT        F10.3
    CPROB1         F10.3
    CPROB2         F10.3
    CPROB3         F10.3
    CLASS          F10.3
    ID             I4

  Save file format
    17F10.3 I4

  Save file record length    10000


     Beginning Time:  13:55:38
        Ending Time:  13:55:49
       Elapsed Time:  00:00:11



MUTHEN & MUTHEN
3463 Stoner Ave.
Los Angeles, CA  90066

Tel: (310) 391-9971
Fax: (310) 391-8971
Web: www.StatModel.com
Support: Support@StatModel.com

Copyright (c) 1998-2019 Muthen & Muthen
