Mplus VERSION 8.4 (Mac)
MUTHEN & MUTHEN
04/27/2025   8:58 PM

INPUT INSTRUCTIONS


  TITLE: LCA_sw_detailed3 classes
  DATA: FILE IS LCA_sw_detailed_model1_lca.dat;

  VARIABLE:
  NAMES = id TS_YN LA_YN DEL_YN CA_YN SW_type SW_pos3 SW_BR SW_GR SW_EF TS_PAIR
       LA_PAIR SW_PAIR SW_pcat;
  IDVARIABLE = id;
  USEVARIABLES = LA_YN SW_pcat DEL_YN SW_type SW_pos3;
  CATEGORICAL = LA_YN SW_pcat DEL_YN SW_type SW_pos3;
  AUXILIARY = TS_YN CA_YN SW_BR SW_GR SW_EF TS_PAIR LA_PAIR SW_PAIR;
  MISSING = .;
  CLASSES = class (3);


  ANALYSIS:
  TYPE = MIXTURE;
  PROCESSORS = 12;
  STITERATIONS = 800;
  STARTS = 4000 800;

  OUTPUT:
  SVALUES ENTROPY TECH1 TECH4;
  PLOT: TYPE=PLOT1 PLOT2 PLOT3;
  SAVEDATA:
  FILE IS LCA_sw_detailed_model1_lca_3.dat
  SAVE = cprobabilites bchweights;



INPUT READING TERMINATED NORMALLY



LCA_sw_detailed3 classes

SUMMARY OF ANALYSIS

Number of groups                                                 1
Number of observations                                          55

Number of dependent variables                                    5
Number of independent variables                                  0
Number of continuous latent variables                            0
Number of categorical latent variables                           1

Observed dependent variables

  Binary and ordered categorical (ordinal)
   LA_YN       SW_PCAT     DEL_YN      SW_TYPE     SW_POS3

Observed auxiliary variables
   TS_YN       CA_YN       SW_BR       SW_GR       SW_EF       TS_PAIR
   LA_PAIR     SW_PAIR

Categorical latent variables
   CLASS

Variables with special functions

  ID variable           ID

Estimator                                                      MLR
Information matrix                                        OBSERVED
Optimization Specifications for the Quasi-Newton Algorithm for
Continuous Outcomes
  Maximum number of iterations                                 100
  Convergence criterion                                  0.100D-05
Optimization Specifications for the EM Algorithm
  Maximum number of iterations                                 500
  Convergence criteria
    Loglikelihood change                                 0.100D-06
    Relative loglikelihood change                        0.100D-06
    Derivative                                           0.100D-05
Optimization Specifications for the M step of the EM Algorithm for
Categorical Latent variables
  Number of M step iterations                                    1
  M step convergence criterion                           0.100D-05
  Basis for M step termination                           ITERATION
Optimization Specifications for the M step of the EM Algorithm for
Censored, Binary or Ordered Categorical (Ordinal), Unordered
Categorical (Nominal) and Count Outcomes
  Number of M step iterations                                    1
  M step convergence criterion                           0.100D-05
  Basis for M step termination                           ITERATION
  Maximum value for logit thresholds                            15
  Minimum value for logit thresholds                           -15
  Minimum expected cell size for chi-square              0.100D-01
Maximum number of iterations for H1                           2000
Convergence criterion for H1                             0.100D-03
Optimization algorithm                                         EMA
Random Starts Specifications
  Number of initial stage random starts                       4000
  Number of final stage optimizations                          800
  Number of initial stage iterations                           800
  Initial stage convergence criterion                    0.100D+01
  Random starts scale                                    0.500D+01
  Random seed for generating random starts                       0
Link                                                         LOGIT

Input data file(s)
  LCA_sw_detailed_model1_lca.dat
Input data format  FREE


SUMMARY OF DATA

     Number of missing data patterns             1
     Number of y missing data patterns           0
     Number of u missing data patterns           1


COVARIANCE COVERAGE OF DATA

Minimum covariance coverage value   0.100


UNIVARIATE PROPORTIONS AND COUNTS FOR CATEGORICAL VARIABLES

    LA_YN
      Category 1    0.764           42.000
      Category 2    0.236           13.000
    SW_PCAT
      Category 1    0.200           11.000
      Category 2    0.564           31.000
      Category 3    0.236           13.000
    DEL_YN
      Category 1    0.818           45.000
      Category 2    0.182           10.000
    SW_TYPE
      Category 1    0.473           26.000
      Category 2    0.200           11.000
      Category 3    0.327           18.000
    SW_POS3
      Category 1    0.036            2.000
      Category 2    0.545           30.000
      Category 3    0.418           23.000


RANDOM STARTS RESULTS RANKED FROM THE BEST TO THE WORST LOGLIKELIHOOD VALUES

Final stage loglikelihood values at local maxima, seeds, and initial stage start numbers:

            -166.813  493083           1370
            -166.813  451258           848
            -166.813  853283           1854
            -166.813  850506           2759
            -166.813  540678           2071
            -166.813  358449           2627
            -166.813  957086           1019
            -166.813  320563           1688
            -166.813  892495           3745
            -166.813  515428           2688
            -166.813  122167           2706
            -166.813  565631           1209
            -166.813  471398           74
            -166.813  159195           2661
            -166.813  345196           3989
            -166.813  426708           3987
            -166.813  79890            1413
            -166.813  439638           3625
            -166.813  987560           985
            -166.813  25275            2649
            -166.813  860940           1797
            -166.813  906196           1758
            -166.813  711657           1564
            -166.813  344109           1044
            -166.813  115831           3223
            -166.813  549244           756
            -166.813  691234           250
            -166.813  416250           390
            -166.813  686384           690
            -166.813  704051           1083
            -166.813  645068           2713
            -166.813  960766           3046
            -166.813  512360           2565
            -166.813  677790           3792
            -166.813  364671           2261
            -166.813  354559           73
            -166.813  153394           429
            -166.813  335866           3121
            -166.813  824126           287
            -166.813  24070            1212
            -166.813  990322           3309
            -166.813  74518            927
            -166.813  848356           602
            -166.813  195981           3849
            -166.813  669610           3525
            -166.813  462167           1986
            -166.813  81954            1823
            -166.813  727176           861
            -166.813  398329           3677
            -166.813  602889           2176
            -166.813  669634           335
            -166.813  902202           2911
            -166.813  765586           709
            -166.813  957392           79
            -166.813  610340           2272
            -166.813  768503           2806
            -166.813  303742           3693
            -166.813  120855           2585
            -166.813  254020           3167
            -166.813  614535           449
            -166.813  900149           2646
            -166.813  12939            3096
            -166.813  711046           3445
            -166.813  538470           1681
            -166.813  914505           838
            -166.813  158612           581
            -166.813  266008           656
            -166.813  390788           3191
            -166.813  444166           1443
            -166.813  297518           166
            -166.813  200041           810
            -166.813  420067           3267
            -166.813  358074           560
            -166.813  49910            829
            -166.813  808960           3713
            -166.813  288738           940
            -166.813  550871           1037
            -166.813  614401           3907
            -166.813  269688           3911
            -166.813  180370           1652
            -166.813  478386           2720
            -166.813  970939           3115
            -166.813  900631           774
            -166.813  484406           421
            -166.813  364676           27
            -166.813  174969           3623
            -166.813  891531           206
            -166.813  559773           1440
            -166.813  425831           2022
            -166.813  318571           3574
            -166.813  80               2188
            -166.813  485590           3195
            -166.813  232654           3169
            -166.813  44644            3181
            -166.813  807584           2470
            -166.813  117587           572
            -166.813  376992           1199
            -166.813  242502           2615
            -166.813  370957           554
            -166.813  242319           2616
            -166.813  65917            3572
            -166.813  350608           334
            -166.813  153153           1763
            -166.813  601383           2743
            -166.813  966014           37
            -166.813  407520           2854
            -166.813  896960           2150
            -166.813  15715            274
            -166.813  269910           1861
            -166.813  871915           1602
            -166.813  626087           314
            -166.813  622873           1218
            -166.813  638611           524
            -166.813  652429           3766
            -166.813  53089            1660
            -166.813  849670           347
            -166.813  265218           924
            -166.813  421606           2526
            -166.813  690330           2014
            -166.813  195873           6
            -166.813  495293           2327
            -166.813  399848           220
            -166.813  505082           1993
            -166.813  139881           3304
            -166.813  43393            2751
            -166.813  167220           2608
            -166.813  703313           1415
            -166.813  442072           625
            -166.813  22518            1680
            -166.813  670595           1072
            -166.813  325724           1043
            -166.813  286621           3857
            -166.813  33404            2858
            -166.813  82711            2181
            -166.813  815159           3786
            -166.813  307085           3659
            -166.813  334092           2974
            -166.813  248742           556
            -166.813  990504           827
            -166.813  830292           527
            -166.813  449258           1356
            -166.813  163519           2441
            -166.813  224151           973
            -166.813  929823           1205
            -166.813  655497           376
            -166.813  643723           1807
            -166.813  647548           2051
            -166.813  551282           1657
            -166.813  78862            529
            -166.813  185331           1162
            -166.813  548036           3081
            -166.813  931896           2418
            -166.813  963967           941
            -166.813  787857           2219
            -166.813  228271           1422
            -166.813  346102           2765
            -166.813  458784           3185
            -166.813  309767           3240
            -166.813  215534           2831
            -166.813  115653           1387
            -166.813  996231           310
            -166.813  214260           2283
            -166.813  118724           3250
            -166.813  117631           3048
            -166.813  331821           3279
            -166.813  459547           2467
            -166.813  875667           367
            -166.813  424280           1245
            -166.813  765372           1123
            -166.813  14000            1867
            -166.813  207228           2805
            -166.813  542577           1004
            -166.813  712066           2494
            -166.813  761017           3336
            -166.813  427273           2524
            -166.813  848890           95
            -166.813  736746           2224
            -166.813  761888           3339
            -166.813  659773           663
            -166.813  463409           2648
            -166.813  800560           2088
            -166.813  919217           1501
            -166.813  867423           3084
            -166.813  94573            983
            -166.813  119023           3521
            -166.813  700855           2761
            -166.813  882083           2328
            -166.813  101894           2632
            -166.813  192780           2264
            -166.813  276102           599
            -166.813  541342           3201
            -166.813  556955           1141
            -166.813  7886             804
            -166.813  299730           1627
            -166.813  74736            2335
            -166.813  812847           2309
            -166.813  193569           440
            -166.813  956446           1081
            -166.813  212934           568
            -166.813  619846           3528
            -166.813  710445           792
            -166.813  925741           1567
            -166.813  301682           3315
            -166.813  181178           1069
            -166.813  786697           3291
            -166.813  396795           323
            -166.813  321390           133
            -166.813  61144            3492
            -166.813  156034           2381
            -166.813  51375            148
            -166.813  703235           3001
            -166.813  879118           2519
            -166.813  172699           1626
            -166.813  882750           646
            -166.813  610396           2429
            -166.813  165375           1514
            -166.813  862277           3022
            -166.813  97158            205
            -166.813  484687           306
            -166.813  830529           279
            -166.813  564723           3744
            -166.813  123962           1868
            -166.813  61710            1327
            -166.813  670915           2568
            -166.813  949554           2223
            -166.813  42278            1305
            -166.813  697983           2256
            -166.813  455410           999
            -166.813  505244           582
            -166.813  512630           2886
            -166.813  642386           662
            -166.813  678766           3130
            -166.813  814975           129
            -166.813  133904           2816
            -166.813  317640           437
            -166.813  636052           2569
            -166.813  231373           2766
            -166.813  242966           1523
            -166.813  475130           2680
            -166.813  696878           1643
            -166.813  949311           2889
            -166.813  46552            1778
            -166.813  408713           450
            -166.813  118958           994
            -166.813  802644           874
            -166.813  703182           3819
            -166.813  480649           1900
            -166.813  588887           2025
            -166.813  870529           3881
            -166.813  784646           1687
            -166.813  768472           3740
            -166.813  791678           974
            -166.813  82200            830
            -166.813  107446           12
            -166.813  85751            2593
            -166.813  957066           3332
            -166.813  156536           245
            -166.813  329127           185
            -166.813  353580           1794
            -166.813  930872           277
            -166.813  715561           125
            -166.813  934216           1369
            -166.813  662524           1414
            -166.813  237332           661
            -166.813  60547            2590
            -166.813  725158           3251
            -166.813  216340           2334
            -166.813  181069           1810
            -166.813  495622           2762
            -166.813  481835           57
            -166.813  143337           2029
            -166.813  217924           2411
            -166.813  573096           20
            -166.813  160041           1384
            -166.813  533372           3865
            -166.813  839912           3360
            -166.813  919098           2465
            -166.813  124755           2194
            -166.813  462662           872
            -166.813  398584           2989
            -166.813  673336           1899
            -166.813  569338           755
            -166.813  856950           3684
            -166.813  475419           987
            -166.813  16096            1147
            -166.813  691251           2249
            -166.813  683518           2521
            -166.813  232480           3496
            -166.813  647617           725
            -166.813  573035           1273
            -166.813  848505           2799
            -166.813  119513           821
            -166.813  913220           3990
            -166.813  177133           2784
            -166.813  494663           1498
            -166.813  538482           3755
            -166.813  568405           233
            -166.813  171846           3365
            -166.813  337181           3437
            -166.813  473869           3707
            -166.813  561281           2393
            -166.813  743830           1368
            -166.813  126237           3443
            -166.813  582615           2431
            -166.813  32468            1606
            -166.813  45724            2833
            -166.813  863849           1122
            -166.813  581389           2505
            -166.813  958973           3486
            -166.813  824608           3603
            -166.813  491838           2851
            -166.813  526230           1589
            -166.813  679615           942
            -166.813  446528           3538
            -166.813  605784           3836
            -166.813  915642           40
            -166.813  574942           558
            -166.813  912557           3039
            -166.813  140987           1093
            -166.813  141246           3593
            -166.813  746966           1656
            -166.813  939470           3383
            -166.813  772315           1958
            -166.813  409744           2588
            -166.813  400467           1806
            -166.813  504861           1771
            -166.813  288620           1171
            -166.813  330328           3541
            -166.813  159216           1423
            -166.813  657994           788
            -166.813  525650           3774
            -166.813  801065           393
            -166.813  150818           1050
            -166.813  929499           3974
            -166.813  789985           67
            -166.813  662983           666
            -166.813  882752           3754
            -166.813  524214           2775
            -166.813  526742           1546
            -166.813  175239           2208
            -166.813  859432           770
            -166.813  155106           2304
            -166.813  570510           3556
            -166.813  155622           507
            -166.813  498105           3459
            -166.813  641965           2699
            -166.813  952712           2780
            -166.813  101331           2582
            -166.813  617658           660
            -166.813  867690           3543
            -166.813  865890           1571
            -166.813  784664           75
            -166.813  293820           1279
            -166.813  464143           3302
            -166.813  712456           3386
            -166.813  88140            1089
            -166.813  695155           150
            -166.813  579124           3973
            -166.813  583657           2537
            -166.813  208182           3591
            -166.813  70157            1858
            -166.813  776546           2027
            -166.813  336934           2865
            -166.813  100345           3123
            -166.813  896135           2189
            -166.813  802298           2812
            -166.813  416157           3133
            -166.813  907810           795
            -166.813  268812           3736
            -166.813  203508           806
            -166.813  462953           7
            -166.813  972430           491
            -166.813  149777           1434
            -166.813  61127            2044
            -166.813  268896           124
            -166.813  435058           3535
            -166.813  930323           267
            -166.813  369331           2758
            -166.813  963053           43
            -166.813  745490           2960
            -166.813  292884           103
            -166.813  341960           685
            -166.813  564258           2653
            -166.813  125727           899
            -166.813  603244           3534
            -166.813  571757           1268
            -166.813  463232           3141
            -166.813  224806           3213
            -166.813  59890            1690
            -166.813  459673           3248
            -166.813  606769           1870
            -166.813  509415           3088
            -166.813  689967           3091
            -166.813  358115           1724
            -166.813  23784            3995
            -166.813  728986           3580
            -166.813  41447            3665
            -166.813  778949           3595
            -166.813  288571           2891
            -166.813  634888           3641
            -166.813  451188           2113
            -166.813  104688           2107
            -166.813  109260           3563
            -166.813  561513           3345
            -166.813  46908            3949
            -166.813  276023           1353
            -166.813  677470           2267
            -166.813  271100           3066
            -166.813  808328           2717
            -166.813  764692           1795
            -166.813  70118            104
            -166.813  401701           1080
            -166.813  283146           1126
            -166.813  269171           2307
            -166.813  481060           2424
            -166.813  327475           518
            -166.813  716616           1159
            -166.813  864574           2650
            -166.813  507885           2157
            -166.813  159259           1665
            -166.813  656945           1255
            -166.813  436892           565
            -166.813  171430           1672
            -166.813  369024           1905
            -166.813  333082           578
            -166.813  486622           522
            -166.813  695961           1668
            -166.813  401245           1929
            -166.813  404840           1210
            -166.813  760342           3531
            -166.813  315772           3575
            -166.813  30166            1888
            -166.813  371138           2042
            -166.813  485483           498
            -166.813  860541           1191
            -166.813  79945            395
            -166.813  937225           394
            -166.813  216091           1670
            -166.813  545108           667
            -166.813  221460           2375
            -166.813  608496           4
            -166.813  749453           33
            -166.813  189463           1961
            -166.813  375590           438
            -166.813  696266           1192
            -166.813  399380           436
            -166.813  891036           2392
            -166.813  966994           1934
            -166.813  151247           2913
            -166.813  970838           3615
            -166.813  251502           3571
            -166.813  321423           2787
            -166.813  926494           2727
            -166.813  540841           3564
            -166.813  46502            714
            -166.813  652539           2596
            -166.813  453384           1545
            -166.813  103240           3297
            -166.813  122612           3055
            -166.813  74838            1367
            -166.813  506886           576
            -166.813  755095           2991
            -166.813  397552           2213
            -166.813  22362            365
            -166.813  944394           1024
            -166.813  568534           961
            -166.813  838535           3612
            -166.813  874208           1860
            -166.813  595759           997
            -166.813  680847           2305
            -166.813  80438            246
            -166.813  645664           39
            -166.813  111066           1509
            -166.813  537166           3712
            -166.813  283112           1713
            -166.813  744582           2621
            -166.813  302037           3793
            -166.813  14253            1252
            -166.813  27352            1516
            -166.813  630121           3187
            -166.813  312061           2184
            -166.813  96362            1801
            -166.813  57775            2725
            -166.813  88437            761
            -166.813  850112           922
            -166.813  516908           1977
            -166.813  384859           1530
            -166.813  425133           3079
            -166.813  463894           1733
            -166.813  864006           1075
            -166.813  168437           2127
            -166.813  329099           3992
            -166.813  220454           288
            -166.813  40588            1976
            -166.813  600082           1008
            -166.813  371518           2959
            -166.813  997845           2386
            -166.813  275475           413
            -166.813  97243            2810
            -166.813  633984           3184
            -166.813  973357           3796
            -166.813  263394           1741
            -166.813  115671           1300
            -166.813  104520           1065
            -166.813  899942           1996
            -166.813  109946           771
            -166.813  262320           1744
            -166.813  235689           3794
            -166.813  361131           2563
            -166.813  113386           2923
            -166.813  27733            2407
            -166.813  204959           695
            -166.813  917570           1168
            -166.813  761302           744
            -166.813  518162           1611
            -166.813  933600           1661
            -166.813  105912           3363
            -166.813  785023           3454
            -166.813  13508            3908
            -166.813  385042           2101
            -166.813  69133            1097
            -166.813  11122            2523
            -166.813  166171           1577
            -166.813  637524           2312
            -166.813  41551            3933
            -166.813  897581           1204
            -166.813  985883           3015
            -166.813  654377           1684
            -166.813  836515           341
            -166.813  749635           420
            -166.813  830416           2120
            -166.813  635964           2225
            -166.813  873222           1360
            -166.813  407108           366
            -166.813  587886           3883
            -166.813  105624           3977
            -166.813  993088           1740
            -166.813  491970           563
            -166.813  483602           3026
            -166.813  638577           769
            -166.813  286505           2416
            -166.813  733001           2985
            -166.813  77289            2693
            -166.813  414059           1200
            -166.813  404510           442
            -166.813  995648           936
            -166.813  437351           1874
            -166.813  570842           2137
            -166.813  125750           1221
            -166.813  148079           1773
            -166.813  349360           464
            -166.813  155898           2551
            -166.813  264951           1130
            -166.813  842091           1373
            -166.813  974762           2360
            -166.813  14262            781
            -166.813  753644           2437
            -166.813  499150           216
            -166.813  944186           541
            -166.813  777529           3477
            -166.813  309989           2428
            -166.813  190781           2095
            -166.813  479256           1915
            -166.813  714455           476
            -166.813  926762           704
            -166.813  561546           3277
            -166.813  392602           2487
            -166.813  703893           2366
            -166.813  321422           3998
            -166.813  718336           2280
            -166.813  877914           3025
            -166.813  758647           951
            -166.813  394609           1366
            -166.813  830392           35
            -166.813  595969           2801
            -166.813  964999           1522
            -166.813  794804           1211
            -166.813  496935           1805
            -166.813  236935           3873
            -166.813  218999           3961
            -166.813  809240           543
            -166.813  175767           3362
            -166.813  690761           2600
            -166.813  98068            998
            -166.813  693975           3781
            -166.813  923427           2182
            -166.813  519357           559
            -166.813  62585            2342
            -166.813  435287           623
            -166.813  576960           3456
            -166.813  269800           1686
            -166.813  485948           3188
            -166.813  423665           3152
            -166.813  847129           3854
            -166.813  165382           1816
            -166.813  776504           2218
            -166.813  535303           923
            -166.813  896562           2773
            -166.813  616776           3283
            -166.813  673496           218
            -166.813  294492           3513
            -166.813  188944           3585
            -166.813  885099           1320
            -166.813  317476           1427
            -166.813  758437           2017
            -166.813  316694           2320
            -166.813  619114           2697
            -166.813  836219           3913
            -166.813  771103           3504
            -166.813  523233           1487
            -166.813  414828           322
            -166.813  282464           283
            -166.813  626264           3014
            -166.813  846562           3760
            -166.813  79196            3069
            -166.813  917184           1337
            -166.813  420636           2032
            -166.813  622173           992
            -166.813  757590           2804
            -166.813  4737             1662
            -166.813  428893           1859
            -166.813  752476           614
            -166.813  832406           2449
            -166.813  760599           832
            -166.813  857751           3415
            -166.813  927045           1994
            -166.813  188340           1343
            -166.813  152496           123
            -166.813  804821           3936
            -166.813  191781           2318
            -166.813  679832           302
            -166.813  2850             1110
            -166.813  387354           3356
            -166.813  560961           2422
            -166.813  603765           1006
            -166.813  426364           1325
            -166.813  749808           3344
            -166.813  856612           700
            -166.813  873488           2965
            -166.813  647125           3590
            -166.813  198593           2996
            -166.813  720994           1531
            -166.813  742450           2853
            -166.813  945065           255
            -166.813  79156            3698
            -166.813  290837           1828
            -166.813  219602           1247
            -166.813  134830           780
            -166.813  699834           723
            -166.813  516206           3877
            -166.813  221146           1046
            -166.813  978153           1772
            -166.813  332917           3212
            -166.813  858266           2330
            -166.813  38165            2716
            -166.813  44196            2379
            -166.813  343070           2643
            -166.813  326269           3855
            -166.813  39136            226
            -166.813  910765           2935
            -166.813  877429           1489
            -166.813  168199           1155
            -166.813  600373           2769
            -166.813  467054           3103
            -166.813  871438           561
            -166.813  851553           3675
            -166.813  373544           2065
            -166.813  440368           797
            -166.813  886520           3171
            -166.813  627151           1601
            -166.813  965210           2221
            -166.813  349898           3516
            -166.813  923160           3652
            -166.813  210139           991
            -166.813  271114           2998
            -166.813  490123           995
            -166.813  384199           882
            -166.813  795367           2990
            -166.813  546374           3138
            -166.813  964570           701
            -166.813  346749           3671
            -166.813  245006           2458
            -166.813  189496           2572
            -166.813  751592           3458
            -166.813  332693           2655
            -166.813  968857           3140
            -166.813  356068           1924
            -166.813  348100           2404
            -166.813  798446           1622
            -166.813  190770           3605
            -166.813  967174           2901
            -166.813  97223            1146
            -166.813  256363           2826
            -166.813  147878           2322
            -166.813  76204            2003
            -166.813  938409           1144
            -166.813  914462           3094
            -166.813  996270           1572
            -166.813  520619           2652
            -166.813  837117           3839
            -166.813  760531           550
            -166.813  781255           3287
            -166.813  337570           1319
            -166.813  739214           807
            -166.813  351165           3220
            -166.813  692399           3763
            -166.813  45696            1543
            -166.813  813351           1507
            -166.813  425149           878
            -166.813  741888           138
            -166.813  529346           1633
            -166.813  483369           270
            -166.813  534052           3298
            -166.813  71251            3579
            -166.813  175820           1040
            -166.813  821912           3788
            -166.813  12050            1540
            -166.813  847088           750
            -166.813  752148           822
            -166.813  845197           1456
            -166.813  560402           1532
            -166.813  611958           3226
            -166.813  638118           1588
            -166.813  537905           1335
            -166.813  900921           984
            -166.813  732140           2131
            -166.813  227272           1831
            -166.813  602055           2166
            -166.813  229355           3645
            -166.813  705631           1269
            -166.813  997222           229
            -167.691  773943           3436
            -167.691  43523            297
            -167.691  271397           3646
            -167.691  307998           3584
            -167.691  569777           3200
            -167.841  565819           65
            -167.841  779820           877
            -167.841  374433           2240
            -167.841  564685           2602
            -167.841  850071           3311
            -167.841  725670           3837
            -167.841  739458           1963
            -167.841  179090           2206
            -167.841  345870           2285
            -167.841  149379           2696
            -167.841  732971           1447
            -167.841  725083           3216
            -167.841  589391           3484
            -167.841  154750           1921
            -167.841  483056           2880
            -167.841  369026           3255
            -167.841  774692           1764
            -167.841  988290           1938
            -167.841  393232           152
            -167.841  117731           570
            -167.841  930501           1819
            -167.841  470038           3874
            -167.841  923601           3890
            -167.841  476204           1318
            -167.841  286732           2637
            -167.841  264316           2420
            -167.841  149357           1743
            -167.841  182524           373
            -167.841  573574           1703
            -167.841  79932            3705
            -167.841  921550           3934
            -167.841  941043           3148
            -167.841  110911           1234
            -167.841  457623           2246
            -167.841  663305           3964
            -167.841  758825           3512
            -167.841  37570            3925
            -167.841  505784           2597
            -167.841  415502           194
            -167.841  953815           1347
            -167.841  321574           1185
            -167.841  512836           289
            -167.841  430395           3978
            -167.841  235969           1579
            -167.841  512820           1071
            -167.841  153302           2685
            -167.841  840031           276
            -167.841  969468           2674
            -167.841  274000           3607
            -167.841  502379           3811
            -167.841  475420           71
            -167.841  477063           2116
            -167.841  198305           1825
            -167.841  316165           299
            -167.841  620550           1992
            -167.841  131921           3841
            -167.841  345974           622
            -167.841  416463           467
            -167.841  399671           13
            -167.841  6357             3952
            -167.841  246261           38
            -167.841  814305           2301
            -167.841  818353           1256
            -167.841  692531           2838



THE BEST LOGLIKELIHOOD VALUE HAS BEEN REPLICATED.  RERUN WITH AT LEAST TWICE THE
RANDOM STARTS TO CHECK THAT THE BEST LOGLIKELIHOOD IS STILL OBTAINED AND REPLICATED.

     IN THE OPTIMIZATION, ONE OR MORE LOGIT THRESHOLDS APPROACHED EXTREME VALUES
     OF -15.000 AND 15.000 AND WERE FIXED TO STABILIZE MODEL ESTIMATION.  THESE
     VALUES IMPLY PROBABILITIES OF 0 AND 1.  IN THE MODEL RESULTS SECTION, THESE
     PARAMETERS HAVE 0 STANDARD ERRORS AND 999 IN THE Z-SCORE AND P-VALUE COLUMNS.




THE MODEL ESTIMATION TERMINATED NORMALLY



MODEL FIT INFORMATION

Number of Free Parameters                       26

Loglikelihood

          H0 Value                        -166.813
          H0 Scaling Correction Factor      1.0151
            for MLR

Information Criteria

          Akaike (AIC)                     385.626
          Bayesian (BIC)                   437.817
          Sample-Size Adjusted BIC         356.116
            (n* = (n + 2) / 24)

Chi-Square Test of Model Fit for the Binary and Ordered Categorical
(Ordinal) Outcomes

          Pearson Chi-Square

          Value                             36.222
          Degrees of Freedom                    81
          P-Value                           1.0000

          Likelihood Ratio Chi-Square

          Value                             25.666
          Degrees of Freedom                    81
          P-Value                           1.0000



FINAL CLASS COUNTS AND PROPORTIONS FOR THE LATENT CLASSES
BASED ON THE ESTIMATED MODEL

    Latent
   Classes

       1         14.76418          0.26844
       2         14.23582          0.25883
       3         26.00000          0.47273


FINAL CLASS COUNTS AND PROPORTIONS FOR THE LATENT CLASSES
BASED ON ESTIMATED POSTERIOR PROBABILITIES

    Latent
   Classes

       1         14.76418          0.26844
       2         14.23582          0.25883
       3         26.00000          0.47273


FINAL CLASS COUNTS AND PROPORTIONS FOR THE LATENT CLASSES
BASED ON THEIR MOST LIKELY LATENT CLASS MEMBERSHIP

Class Counts and Proportions

    Latent
   Classes

       1               17          0.30909
       2               12          0.21818
       3               26          0.47273


CLASSIFICATION QUALITY

     Entropy                         0.931


           Univariate Entropy
              LA_YN         SW_PCAT       DEL_YN        SW_TYPE       SW_POS3
              ________      ________      ________      ________      ________
                0.115         0.271         0.089         0.860         0.503


Classification Probabilities for the Most Likely Latent Class Membership (Column)
by Latent Class (Row)

           1        2        3

    1   1.000    0.000    0.000
    2   0.157    0.843    0.000
    3   0.000    0.000    1.000


Logits for the Classification Probabilities for the Most Likely Latent Class Membership (Column)
by Latent Class (Row)

              1        2        3

    1     13.816    0.000    0.000
    2     11.964   13.645    0.000
    3    -13.816  -13.816    0.000


MODEL RESULTS

                                                    Two-Tailed
                    Estimate       S.E.  Est./S.E.    P-Value

Latent Class 1

 Thresholds
    LA_YN$1           -0.124      0.633     -0.196      0.845
    SW_PCAT$1        -15.000      0.000    999.000    999.000
    SW_PCAT$2         -0.674      0.815     -0.827      0.408
    DEL_YN$1           0.390      0.684      0.571      0.568
    SW_TYPE$1        -15.000      0.000    999.000    999.000
    SW_TYPE$2        -15.000      0.000    999.000    999.000
    SW_POS3$1        -15.000      0.000    999.000    999.000
    SW_POS3$2        -15.000      0.000    999.000    999.000

Latent Class 2

 Thresholds
    LA_YN$1            2.422      1.026      2.360      0.018
    SW_PCAT$1         -2.583      1.073     -2.408      0.016
    SW_PCAT$2          1.688      0.779      2.166      0.030
    DEL_YN$1           2.539      1.054      2.410      0.016
    SW_TYPE$1        -15.000      0.000    999.000    999.000
    SW_TYPE$2          1.224      1.217      1.005      0.315
    SW_POS3$1        -15.000      0.000    999.000    999.000
    SW_POS3$2         -0.317      0.676     -0.469      0.639

Latent Class 3

 Thresholds
    LA_YN$1            1.705      0.544      3.136      0.002
    SW_PCAT$1         -0.470      0.403     -1.166      0.244
    SW_PCAT$2          3.219      1.020      3.156      0.002
    DEL_YN$1           2.037      0.614      3.318      0.001
    SW_TYPE$1         15.000      0.000    999.000    999.000
    SW_TYPE$2         15.000      0.000    999.000    999.000
    SW_POS3$1         -2.485      0.736     -3.376      0.001
    SW_POS3$2         15.000      0.000    999.000    999.000

Categorical Latent Variables

 Means
    CLASS#1           -0.566      0.389     -1.454      0.146
    CLASS#2           -0.602      0.397     -1.518      0.129


RESULTS IN PROBABILITY SCALE

Latent Class 1

 LA_YN
    Category 1         0.469      0.158      2.974      0.003
    Category 2         0.531      0.158      3.366      0.001
 SW_PCAT
    Category 1         0.000      0.000      0.000      1.000
    Category 2         0.338      0.182      1.853      0.064
    Category 3         0.662      0.182      3.636      0.000
 DEL_YN
    Category 1         0.596      0.165      3.621      0.000
    Category 2         0.404      0.165      2.451      0.014
 SW_TYPE
    Category 1         0.000      0.000      0.000      1.000
    Category 2         0.000      0.000      0.000      1.000
    Category 3         1.000      0.000      0.000      1.000
 SW_POS3
    Category 1         0.000      0.000      0.000      1.000
    Category 2         0.000      0.000      0.000      1.000
    Category 3         1.000      0.000      0.000      1.000

Latent Class 2

 LA_YN
    Category 1         0.918      0.077     11.952      0.000
    Category 2         0.082      0.077      1.061      0.289
 SW_PCAT
    Category 1         0.070      0.070      1.003      0.316
    Category 2         0.774      0.121      6.399      0.000
    Category 3         0.156      0.103      1.520      0.128
 DEL_YN
    Category 1         0.927      0.071     12.977      0.000
    Category 2         0.073      0.071      1.024      0.306
 SW_TYPE
    Category 1         0.000      0.000      0.000      1.000
    Category 2         0.773      0.214      3.614      0.000
    Category 3         0.227      0.214      1.063      0.288
 SW_POS3
    Category 1         0.000      0.000      0.000      1.000
    Category 2         0.421      0.165      2.558      0.011
    Category 3         0.579      0.165      3.511      0.000

Latent Class 3

 LA_YN
    Category 1         0.846      0.071     11.958      0.000
    Category 2         0.154      0.071      2.174      0.030
 SW_PCAT
    Category 1         0.385      0.095      4.031      0.000
    Category 2         0.577      0.097      5.954      0.000
    Category 3         0.038      0.038      1.020      0.308
 DEL_YN
    Category 1         0.885      0.063     14.119      0.000
    Category 2         0.115      0.063      1.842      0.066
 SW_TYPE
    Category 1         1.000      0.000      0.000      1.000
    Category 2         0.000      0.000      0.000      1.000
    Category 3         0.000      0.000      0.000      1.000
 SW_POS3
    Category 1         0.077      0.052      1.472      0.141
    Category 2         0.923      0.052     17.664      0.000
    Category 3         0.000      0.000      0.000      1.000


LATENT CLASS ODDS RATIO RESULTS

                                         (Est. - 1) Two-Tailed
                    Estimate       S.E.     / S.E.    P-Value

Latent Class 1 Compared to Latent Class 2

 LA_YN
    Category > 1      12.754     16.558      0.710      0.478
 SW_PCAT
    Category > 1   *********      0.000    999.000    999.000
    Category > 2      10.612     13.109      0.733      0.463
 DEL_YN
    Category > 1       8.576     11.405      0.664      0.507
 SW_TYPE
    Category > 1       1.000      0.000    999.000    999.000
    Category > 2   *********      0.000    999.000    999.000
 SW_POS3
    Category > 1       1.000      0.000    999.000    999.000
    Category > 2   *********      0.000    999.000    999.000

Latent Class 1 Compared to Latent Class 3

 LA_YN
    Category > 1       6.226      5.197      1.006      0.315
 SW_PCAT
    Category > 1   *********      0.000    999.000    999.000
    Category > 2      49.041     64.009      0.751      0.453
 DEL_YN
    Category > 1       5.188      4.769      0.878      0.380
 SW_TYPE
    Category > 1   *********      0.000    999.000    999.000
    Category > 2   *********      0.000    999.000    999.000
 SW_POS3
    Category > 1   *********      0.000    999.000    999.000
    Category > 2   *********      0.000    999.000    999.000

Latent Class 2 Compared to Latent Class 3

 LA_YN
    Category > 1       0.488      0.567     -0.903      0.367
 SW_PCAT
    Category > 1       8.272      9.480      0.767      0.443
    Category > 2       4.621      5.931      0.611      0.542
 DEL_YN
    Category > 1       0.605      0.738     -0.536      0.592
 SW_TYPE
    Category > 1   *********      0.000    999.000    999.000
    Category > 2   *********      0.000    999.000    999.000
 SW_POS3
    Category > 1   *********      0.000    999.000    999.000
    Category > 2   *********      0.000    999.000    999.000


QUALITY OF NUMERICAL RESULTS

     Condition Number for the Information Matrix              0.231E-01
       (ratio of smallest to largest eigenvalue)


MODEL COMMAND WITH FINAL ESTIMATES USED AS STARTING VALUES

     %OVERALL%

     [ class#1*-0.56589 ];
     [ class#2*-0.60234 ];

     %CLASS#1%

     [ la_yn$1*-0.12406 ];
     [ sw_pcat$1*-15 ];
     [ sw_pcat$2*-0.67377 ];
     [ del_yn$1*0.39048 ];
     [ sw_type$1*-15 ];
     [ sw_type$2*-15 ];
     [ sw_pos3$1*-15 ];
     [ sw_pos3$2*-15 ];

     %CLASS#2%

     [ la_yn$1*2.42180 ];
     [ sw_pcat$1*-2.58293 ];
     [ sw_pcat$2*1.68819 ];
     [ del_yn$1*2.53950 ];
     [ sw_type$1*-15 ];
     [ sw_type$2*1.22361 ];
     [ sw_pos3$1*-15 ];
     [ sw_pos3$2*-0.31673 ];

     %CLASS#3%

     [ la_yn$1*1.70475 ];
     [ sw_pcat$1*-0.47000 ];
     [ sw_pcat$2*3.21888 ];
     [ del_yn$1*2.03688 ];
     [ sw_type$1*15 ];
     [ sw_type$2*15 ];
     [ sw_pos3$1*-2.48491 ];
     [ sw_pos3$2*15 ];



TECHNICAL 1 OUTPUT


     PARAMETER SPECIFICATION FOR LATENT CLASS 1


     PARAMETER SPECIFICATION FOR LATENT CLASS 2


     PARAMETER SPECIFICATION FOR LATENT CLASS 3


     PARAMETER SPECIFICATION FOR LATENT CLASS INDICATOR MODEL PART


           TAU(U) FOR LATENT CLASS 1
              LA_YN$1       SW_PCAT$      SW_PCAT$      DEL_YN$1      SW_TYPE$
              ________      ________      ________      ________      ________
                    1             2             3             4             5


           TAU(U) FOR LATENT CLASS 1
              SW_TYPE$      SW_POS3$      SW_POS3$
              ________      ________      ________
                    6             7             8


           TAU(U) FOR LATENT CLASS 2
              LA_YN$1       SW_PCAT$      SW_PCAT$      DEL_YN$1      SW_TYPE$
              ________      ________      ________      ________      ________
                    9            10            11            12            13


           TAU(U) FOR LATENT CLASS 2
              SW_TYPE$      SW_POS3$      SW_POS3$
              ________      ________      ________
                   14            15            16


           TAU(U) FOR LATENT CLASS 3
              LA_YN$1       SW_PCAT$      SW_PCAT$      DEL_YN$1      SW_TYPE$
              ________      ________      ________      ________      ________
                   17            18            19            20            21


           TAU(U) FOR LATENT CLASS 3
              SW_TYPE$      SW_POS3$      SW_POS3$
              ________      ________      ________
                   22            23            24


     PARAMETER SPECIFICATION FOR LATENT CLASS REGRESSION MODEL PART


           ALPHA(C)
              CLASS#1       CLASS#2       CLASS#3
              ________      ________      ________
                   25            26             0


     STARTING VALUES FOR LATENT CLASS 1


     STARTING VALUES FOR LATENT CLASS 2


     STARTING VALUES FOR LATENT CLASS 3


     STARTING VALUES FOR LATENT CLASS INDICATOR MODEL PART


           TAU(U) FOR LATENT CLASS 1
              LA_YN$1       SW_PCAT$      SW_PCAT$      DEL_YN$1      SW_TYPE$
              ________      ________      ________      ________      ________
                0.173        -2.386         0.173         0.504        -1.109


           TAU(U) FOR LATENT CLASS 1
              SW_TYPE$      SW_POS3$      SW_POS3$
              ________      ________      ________
               -0.279        -4.277        -0.670


           TAU(U) FOR LATENT CLASS 2
              LA_YN$1       SW_PCAT$      SW_PCAT$      DEL_YN$1      SW_TYPE$
              ________      ________      ________      ________      ________
                1.173        -1.386         1.173         1.504        -0.109


           TAU(U) FOR LATENT CLASS 2
              SW_TYPE$      SW_POS3$      SW_POS3$
              ________      ________      ________
                0.721        -3.277         0.330


           TAU(U) FOR LATENT CLASS 3
              LA_YN$1       SW_PCAT$      SW_PCAT$      DEL_YN$1      SW_TYPE$
              ________      ________      ________      ________      ________
                2.173        -0.386         2.173         2.504         0.891


           TAU(U) FOR LATENT CLASS 3
              SW_TYPE$      SW_POS3$      SW_POS3$
              ________      ________      ________
                1.721        -2.277         1.330


     STARTING VALUES FOR LATENT CLASS REGRESSION MODEL PART


           ALPHA(C)
              CLASS#1       CLASS#2       CLASS#3
              ________      ________      ________
                0.000         0.000         0.000


TECHNICAL 4 OUTPUT


PLOT INFORMATION

The following plots are available:

  Histograms (sample values)
  Scatterplots (sample values)
  Sample proportions and estimated probabilities

SAVEDATA INFORMATION


  Save file
    LCA_sw_detailed_model1_lca_3.dat SAVE = cprobabilites bchweights

  Order and format of variables

    LA_YN          F10.3
    SW_PCAT        F10.3
    DEL_YN         F10.3
    SW_TYPE        F10.3
    SW_POS3        F10.3
    TS_YN          F10.3
    CA_YN          F10.3
    SW_BR          F10.3
    SW_GR          F10.3
    SW_EF          F10.3
    TS_PAIR        F10.3
    LA_PAIR        F10.3
    SW_PAIR        F10.3
    CPROB1         F10.3
    CPROB2         F10.3
    CPROB3         F10.3
    CLASS          F10.3
    ID             I4

  Save file format
    17F10.3 I4

  Save file record length    10000


     Beginning Time:  20:58:43
        Ending Time:  20:58:45
       Elapsed Time:  00:00:02



MUTHEN & MUTHEN
3463 Stoner Ave.
Los Angeles, CA  90066

Tel: (310) 391-9971
Fax: (310) 391-8971
Web: www.StatModel.com
Support: Support@StatModel.com

Copyright (c) 1998-2019 Muthen & Muthen
