Mplus VERSION 8.4 (Mac)
MUTHEN & MUTHEN
04/27/2025   8:28 PM

INPUT INSTRUCTIONS


  TITLE: LCA_minimal4 classes
  DATA: FILE IS LCA_minimal_model4_lca.dat;

  VARIABLE:
  NAMES = id TS_YN LA_YN DEL_YN CA_YN SW_type SW_pos3 SW_BR SW_GR SW_EF TS_PAIR
       LA_PAIR SW_PAIR SW_pcat;
  IDVARIABLE = id;
  USEVARIABLES = LA_YN DEL_YN SW_type CA_YN;
  CATEGORICAL = LA_YN DEL_YN SW_type CA_YN;
  AUXILIARY = TS_YN SW_pos3 SW_BR SW_GR SW_EF TS_PAIR LA_PAIR SW_PAIR SW_pcat;
  MISSING = .;
  CLASSES = class (4);


  ANALYSIS:
  TYPE = MIXTURE;
  PROCESSORS = 12;
  STITERATIONS = 50;
  STARTS = 250 50;

  OUTPUT:
  SVALUES ENTROPY TECH1 TECH4;
  PLOT: TYPE=PLOT1 PLOT2 PLOT3;
  SAVEDATA:
  FILE IS LCA_minimal_model4_lca_4.dat
  SAVE = cprobabilites bchweights;



INPUT READING TERMINATED NORMALLY



LCA_minimal4 classes

SUMMARY OF ANALYSIS

Number of groups                                                 1
Number of observations                                          55

Number of dependent variables                                    4
Number of independent variables                                  0
Number of continuous latent variables                            0
Number of categorical latent variables                           1

Observed dependent variables

  Binary and ordered categorical (ordinal)
   LA_YN       DEL_YN      SW_TYPE     CA_YN

Observed auxiliary variables
   TS_YN       SW_POS3     SW_BR       SW_GR       SW_EF       TS_PAIR
   LA_PAIR     SW_PAIR     SW_PCAT

Categorical latent variables
   CLASS

Variables with special functions

  ID variable           ID

Estimator                                                      MLR
Information matrix                                        OBSERVED
Optimization Specifications for the Quasi-Newton Algorithm for
Continuous Outcomes
  Maximum number of iterations                                 100
  Convergence criterion                                  0.100D-05
Optimization Specifications for the EM Algorithm
  Maximum number of iterations                                 500
  Convergence criteria
    Loglikelihood change                                 0.100D-06
    Relative loglikelihood change                        0.100D-06
    Derivative                                           0.100D-05
Optimization Specifications for the M step of the EM Algorithm for
Categorical Latent variables
  Number of M step iterations                                    1
  M step convergence criterion                           0.100D-05
  Basis for M step termination                           ITERATION
Optimization Specifications for the M step of the EM Algorithm for
Censored, Binary or Ordered Categorical (Ordinal), Unordered
Categorical (Nominal) and Count Outcomes
  Number of M step iterations                                    1
  M step convergence criterion                           0.100D-05
  Basis for M step termination                           ITERATION
  Maximum value for logit thresholds                            15
  Minimum value for logit thresholds                           -15
  Minimum expected cell size for chi-square              0.100D-01
Maximum number of iterations for H1                           2000
Convergence criterion for H1                             0.100D-03
Optimization algorithm                                         EMA
Random Starts Specifications
  Number of initial stage random starts                        250
  Number of final stage optimizations                           50
  Number of initial stage iterations                            50
  Initial stage convergence criterion                    0.100D+01
  Random starts scale                                    0.500D+01
  Random seed for generating random starts                       0
Link                                                         LOGIT

Input data file(s)
  LCA_minimal_model4_lca.dat
Input data format  FREE


SUMMARY OF DATA

     Number of missing data patterns             1
     Number of y missing data patterns           0
     Number of u missing data patterns           1


COVARIANCE COVERAGE OF DATA

Minimum covariance coverage value   0.100


UNIVARIATE PROPORTIONS AND COUNTS FOR CATEGORICAL VARIABLES

    LA_YN
      Category 1    0.764           42.000
      Category 2    0.236           13.000
    DEL_YN
      Category 1    0.818           45.000
      Category 2    0.182           10.000
    SW_TYPE
      Category 1    0.473           26.000
      Category 2    0.200           11.000
      Category 3    0.327           18.000
    CA_YN
      Category 1    0.582           32.000
      Category 2    0.418           23.000


RANDOM STARTS RESULTS RANKED FROM THE BEST TO THE WORST LOGLIKELIHOOD VALUES

Final stage loglikelihood values at local maxima, seeds, and initial stage start numbers:

            -117.051  260601           36
            -117.051  570782           193
            -117.051  551639           55
            -117.051  570908           98
            -117.051  297518           166
            -117.051  303634           169
            -117.051  931874           141
            -117.051  432148           30
            -117.051  458181           189
            -117.051  417035           149
            -117.051  340112           126
            -117.051  484501           163
            -117.051  618000           190
            -117.051  422103           62
            -117.051  963053           43
            -117.051  887676           22
            -117.051  891531           206
            -117.051  794236           127
            -117.051  848331           137
            -117.051  462953           7
            -117.373  723775           97
            -117.373  576596           99
            -117.373  100874           108
            -117.446  789985           67
            -117.446  645664           39
            -117.446  783110           72
            -117.446  754100           56
            -117.446  455617           242
            -117.731  347515           24
            -117.731  284109           82
            -117.731  939709           112
            -117.731  848890           95
            -117.731  253358           2
            -117.731  456213           160
            -118.012  123985           248
            -118.034  93468            3
            -118.034  648555           113
            -118.034  467339           66

12 perturbed starting value run(s) did not converge or were rejected in the third stage.



THE BEST LOGLIKELIHOOD VALUE HAS BEEN REPLICATED.  RERUN WITH AT LEAST TWICE THE
RANDOM STARTS TO CHECK THAT THE BEST LOGLIKELIHOOD IS STILL OBTAINED AND REPLICATED.

     IN THE OPTIMIZATION, ONE OR MORE LOGIT THRESHOLDS APPROACHED EXTREME VALUES
     OF -15.000 AND 15.000 AND WERE FIXED TO STABILIZE MODEL ESTIMATION.  THESE
     VALUES IMPLY PROBABILITIES OF 0 AND 1.  IN THE MODEL RESULTS SECTION, THESE
     PARAMETERS HAVE 0 STANDARD ERRORS AND 999 IN THE Z-SCORE AND P-VALUE COLUMNS.




THE MODEL ESTIMATION TERMINATED NORMALLY



MODEL FIT INFORMATION

Number of Free Parameters                       23

Loglikelihood

          H0 Value                        -117.051
          H0 Scaling Correction Factor      1.0000
            for MLR

Information Criteria

          Akaike (AIC)                     280.103
          Bayesian (BIC)                   326.271
          Sample-Size Adjusted BIC         253.998
            (n* = (n + 2) / 24)

Chi-Square Test of Model Fit for the Binary and Ordered Categorical
(Ordinal) Outcomes

          Pearson Chi-Square

          Value                              0.333
          Degrees of Freedom                     0
          P-Value                           0.0000

          Likelihood Ratio Chi-Square

          Value                              0.453
          Degrees of Freedom                     0
          P-Value                           0.0000



FINAL CLASS COUNTS AND PROPORTIONS FOR THE LATENT CLASSES
BASED ON THE ESTIMATED MODEL

    Latent
   Classes

       1          2.99999          0.05455
       2          7.80000          0.14182
       3         15.20000          0.27636
       4         29.00000          0.52727


FINAL CLASS COUNTS AND PROPORTIONS FOR THE LATENT CLASSES
BASED ON ESTIMATED POSTERIOR PROBABILITIES

    Latent
   Classes

       1          2.99999          0.05455
       2          7.80000          0.14182
       3         15.20000          0.27636
       4         29.00000          0.52727


FINAL CLASS COUNTS AND PROPORTIONS FOR THE LATENT CLASSES
BASED ON THEIR MOST LIKELY LATENT CLASS MEMBERSHIP

Class Counts and Proportions

    Latent
   Classes

       1                3          0.05455
       2                6          0.10909
       3               17          0.30909
       4               29          0.52727


CLASSIFICATION QUALITY

     Entropy                         0.943


           Univariate Entropy
              LA_YN         DEL_YN        SW_TYPE       CA_YN
              ________      ________      ________      ________
                0.265         0.350         0.653         0.676


Classification Probabilities for the Most Likely Latent Class Membership (Column)
by Latent Class (Row)

           1        2        3        4

    1   1.000    0.000    0.000    0.000
    2   0.000    0.769    0.231    0.000
    3   0.000    0.000    1.000    0.000
    4   0.000    0.000    0.000    1.000


Logits for the Classification Probabilities for the Most Likely Latent Class Membership (Column)
by Latent Class (Row)

              1        2        3        4

    1     13.816    0.000    0.000    0.000
    2      0.000   13.553   12.349    0.000
    3      0.000    0.000   13.816    0.000
    4    -13.816  -13.816  -13.816    0.000


MODEL RESULTS

                                                    Two-Tailed
                    Estimate       S.E.  Est./S.E.    P-Value

Latent Class 1

 Thresholds
    LA_YN$1            0.693      1.225      0.566      0.571
    DEL_YN$1         -15.000      0.000    999.000    999.000
    SW_TYPE$1         15.000      0.000    999.000    999.000
    SW_TYPE$2         15.000      0.000    999.000    999.000
    CA_YN$1           15.000      0.000    999.000    999.000

Latent Class 2

 Thresholds
    LA_YN$1           15.000      0.000    999.000    999.000
    DEL_YN$1           1.609      1.095      1.469      0.142
    SW_TYPE$1        -15.000      0.000    999.000    999.000
    SW_TYPE$2          1.204      5.083      0.237      0.813
    CA_YN$1          -15.000      0.000    999.000    999.000

Latent Class 3

 Thresholds
    LA_YN$1           -0.105      1.354     -0.078      0.938
    DEL_YN$1           0.511      0.730      0.699      0.484
    SW_TYPE$1        -15.000      0.000    999.000    999.000
    SW_TYPE$2        -15.000      0.000    999.000    999.000
    CA_YN$1          -15.000      0.000    999.000    999.000

Latent Class 4

 Thresholds
    LA_YN$1            1.833      0.539      3.403      0.001
    DEL_YN$1          15.000      0.000    999.000    999.000
    SW_TYPE$1          1.344      0.458      2.931      0.003
    SW_TYPE$2          3.332      1.018      3.274      0.001
    CA_YN$1           15.000      0.000    999.000    999.000

Categorical Latent Variables

 Means
    CLASS#1           -2.269      0.606     -3.741      0.000
    CLASS#2           -1.313      1.225     -1.072      0.284
    CLASS#3           -0.646      0.673     -0.960      0.337


RESULTS IN PROBABILITY SCALE

Latent Class 1

 LA_YN
    Category 1         0.667      0.272      2.449      0.014
    Category 2         0.333      0.272      1.225      0.221
 DEL_YN
    Category 1         0.000      0.000      0.000      1.000
    Category 2         1.000      0.000      0.000      1.000
 SW_TYPE
    Category 1         1.000      0.000      0.000      1.000
    Category 2         0.000      0.000      0.000      1.000
    Category 3         0.000      0.000      0.000      1.000
 CA_YN
    Category 1         1.000      0.000      0.000      1.000
    Category 2         0.000      0.000      0.000      1.000

Latent Class 2

 LA_YN
    Category 1         1.000      0.000      0.000      1.000
    Category 2         0.000      0.000      0.000      1.000
 DEL_YN
    Category 1         0.833      0.152      5.477      0.000
    Category 2         0.167      0.152      1.095      0.273
 SW_TYPE
    Category 1         0.000      0.000      0.000      1.000
    Category 2         0.769      0.902      0.853      0.394
    Category 3         0.231      0.902      0.256      0.798
 CA_YN
    Category 1         0.000      0.000      0.000      1.000
    Category 2         1.000      0.000      0.000      1.000

Latent Class 3

 LA_YN
    Category 1         0.474      0.338      1.403      0.161
    Category 2         0.526      0.338      1.559      0.119
 DEL_YN
    Category 1         0.625      0.171      3.651      0.000
    Category 2         0.375      0.171      2.191      0.028
 SW_TYPE
    Category 1         0.000      0.000      0.000      1.000
    Category 2         0.000      0.000      0.000      1.000
    Category 3         1.000      0.000      0.000      1.000
 CA_YN
    Category 1         0.000      0.000      0.000      1.000
    Category 2         1.000      0.000      0.000      1.000

Latent Class 4

 LA_YN
    Category 1         0.862      0.064     13.463      0.000
    Category 2         0.138      0.064      2.154      0.031
 DEL_YN
    Category 1         1.000      0.000      0.000      1.000
    Category 2         0.000      0.000      0.000      1.000
 SW_TYPE
    Category 1         0.793      0.075     10.544      0.000
    Category 2         0.172      0.070      2.458      0.014
    Category 3         0.034      0.034      1.018      0.309
 CA_YN
    Category 1         1.000      0.000      0.000      1.000
    Category 2         0.000      0.000      0.000      1.000


LATENT CLASS ODDS RATIO RESULTS

                                         (Est. - 1) Two-Tailed
                    Estimate       S.E.     / S.E.    P-Value

Latent Class 1 Compared to Latent Class 2

 LA_YN
    Category > 1   *********      0.000    999.000    999.000
 DEL_YN
    Category > 1   *********      0.000    999.000    999.000
 SW_TYPE
    Category > 1       0.000      0.000    999.000    999.000
    Category > 2       0.000      0.000    999.000    999.000
 CA_YN
    Category > 1       0.000      0.000    999.000    999.000

Latent Class 1 Compared to Latent Class 3

 LA_YN
    Category > 1       0.450      0.822     -0.669      0.503
 DEL_YN
    Category > 1   *********      0.000    999.000    999.000
 SW_TYPE
    Category > 1       0.000      0.000    999.000    999.000
    Category > 2       0.000      0.000    999.000    999.000
 CA_YN
    Category > 1       0.000      0.000    999.000    999.000

Latent Class 1 Compared to Latent Class 4

 LA_YN
    Category > 1       3.125      4.181      0.508      0.611
 DEL_YN
    Category > 1   *********      0.000    999.000    999.000
 SW_TYPE
    Category > 1       0.000      0.000    999.000    999.000
    Category > 2       0.000      0.000    999.000    999.000
 CA_YN
    Category > 1       1.000      0.000    999.000    999.000

Latent Class 2 Compared to Latent Class 3

 LA_YN
    Category > 1       0.000      0.000    999.000    999.000
 DEL_YN
    Category > 1       0.333      0.439     -1.519      0.129
 SW_TYPE
    Category > 1       1.000      0.000    999.000    999.000
    Category > 2       0.000      0.000    999.000    999.000
 CA_YN
    Category > 1       1.000      0.000    999.000    999.000

Latent Class 2 Compared to Latent Class 4

 LA_YN
    Category > 1       0.000      0.000    999.000    999.000
 DEL_YN
    Category > 1   *********      0.000    999.000    999.000
 SW_TYPE
    Category > 1   *********      0.000    999.000    999.000
    Category > 2       8.400     43.542      0.170      0.865
 CA_YN
    Category > 1   *********      0.000    999.000    999.000

Latent Class 3 Compared to Latent Class 4

 LA_YN
    Category > 1       6.944     10.119      0.587      0.557
 DEL_YN
    Category > 1   *********      0.000    999.000    999.000
 SW_TYPE
    Category > 1   *********      0.000    999.000    999.000
    Category > 2   *********      0.000    999.000    999.000
 CA_YN
    Category > 1   *********      0.000    999.000    999.000


QUALITY OF NUMERICAL RESULTS

     Condition Number for the Information Matrix              0.339E-02
       (ratio of smallest to largest eigenvalue)


MODEL COMMAND WITH FINAL ESTIMATES USED AS STARTING VALUES

     %OVERALL%

     [ class#1*-2.26869 ];
     [ class#2*-1.31317 ];
     [ class#3*-0.64600 ];

     %CLASS#1%

     [ la_yn$1*0.69315 ];
     [ del_yn$1*-15 ];
     [ sw_type$1*15 ];
     [ sw_type$2*15 ];
     [ ca_yn$1*15 ];

     %CLASS#2%

     [ la_yn$1*15 ];
     [ del_yn$1*1.60944 ];
     [ sw_type$1*-15 ];
     [ sw_type$2*1.20397 ];
     [ ca_yn$1*-15 ];

     %CLASS#3%

     [ la_yn$1*-0.10536 ];
     [ del_yn$1*0.51083 ];
     [ sw_type$1*-15 ];
     [ sw_type$2*-15 ];
     [ ca_yn$1*-15 ];

     %CLASS#4%

     [ la_yn$1*1.83258 ];
     [ del_yn$1*15 ];
     [ sw_type$1*1.34374 ];
     [ sw_type$2*3.33221 ];
     [ ca_yn$1*15 ];



TECHNICAL 1 OUTPUT


     PARAMETER SPECIFICATION FOR LATENT CLASS 1


     PARAMETER SPECIFICATION FOR LATENT CLASS 2


     PARAMETER SPECIFICATION FOR LATENT CLASS 3


     PARAMETER SPECIFICATION FOR LATENT CLASS 4


     PARAMETER SPECIFICATION FOR LATENT CLASS INDICATOR MODEL PART


           TAU(U) FOR LATENT CLASS 1
              LA_YN$1       DEL_YN$1      SW_TYPE$      SW_TYPE$      CA_YN$1
              ________      ________      ________      ________      ________
                    1             2             3             4             5


           TAU(U) FOR LATENT CLASS 2
              LA_YN$1       DEL_YN$1      SW_TYPE$      SW_TYPE$      CA_YN$1
              ________      ________      ________      ________      ________
                    6             7             8             9            10


           TAU(U) FOR LATENT CLASS 3
              LA_YN$1       DEL_YN$1      SW_TYPE$      SW_TYPE$      CA_YN$1
              ________      ________      ________      ________      ________
                   11            12            13            14            15


           TAU(U) FOR LATENT CLASS 4
              LA_YN$1       DEL_YN$1      SW_TYPE$      SW_TYPE$      CA_YN$1
              ________      ________      ________      ________      ________
                   16            17            18            19            20


     PARAMETER SPECIFICATION FOR LATENT CLASS REGRESSION MODEL PART


           ALPHA(C)
              CLASS#1       CLASS#2       CLASS#3       CLASS#4
              ________      ________      ________      ________
                   21            22            23             0


     STARTING VALUES FOR LATENT CLASS 1


     STARTING VALUES FOR LATENT CLASS 2


     STARTING VALUES FOR LATENT CLASS 3


     STARTING VALUES FOR LATENT CLASS 4


     STARTING VALUES FOR LATENT CLASS INDICATOR MODEL PART


           TAU(U) FOR LATENT CLASS 1
              LA_YN$1       DEL_YN$1      SW_TYPE$      SW_TYPE$      CA_YN$1
              ________      ________      ________      ________      ________
                0.173         0.504        -1.109        -0.279        -0.670


           TAU(U) FOR LATENT CLASS 2
              LA_YN$1       DEL_YN$1      SW_TYPE$      SW_TYPE$      CA_YN$1
              ________      ________      ________      ________      ________
                1.173         1.504        -0.109         0.721         0.330


           TAU(U) FOR LATENT CLASS 3
              LA_YN$1       DEL_YN$1      SW_TYPE$      SW_TYPE$      CA_YN$1
              ________      ________      ________      ________      ________
                1.173         1.504        -0.109         0.721         0.330


           TAU(U) FOR LATENT CLASS 4
              LA_YN$1       DEL_YN$1      SW_TYPE$      SW_TYPE$      CA_YN$1
              ________      ________      ________      ________      ________
                2.173         2.504         0.891         1.721         1.330


     STARTING VALUES FOR LATENT CLASS REGRESSION MODEL PART


           ALPHA(C)
              CLASS#1       CLASS#2       CLASS#3       CLASS#4
              ________      ________      ________      ________
                0.000         0.000         0.000         0.000


TECHNICAL 4 OUTPUT


PLOT INFORMATION

The following plots are available:

  Histograms (sample values)
  Scatterplots (sample values)
  Sample proportions and estimated probabilities

SAVEDATA INFORMATION


  Save file
    LCA_minimal_model4_lca_4.dat SAVE = cprobabilites bchweights

  Order and format of variables

    LA_YN          F10.3
    DEL_YN         F10.3
    SW_TYPE        F10.3
    CA_YN          F10.3
    TS_YN          F10.3
    SW_POS3        F10.3
    SW_BR          F10.3
    SW_GR          F10.3
    SW_EF          F10.3
    TS_PAIR        F10.3
    LA_PAIR        F10.3
    SW_PAIR        F10.3
    SW_PCAT        F10.3
    CPROB1         F10.3
    CPROB2         F10.3
    CPROB3         F10.3
    CPROB4         F10.3
    CLASS          F10.3
    ID             I4

  Save file format
    18F10.3 I4

  Save file record length    10000


     Beginning Time:  20:28:16
        Ending Time:  20:28:17
       Elapsed Time:  00:00:01



MUTHEN & MUTHEN
3463 Stoner Ave.
Los Angeles, CA  90066

Tel: (310) 391-9971
Fax: (310) 391-8971
Web: www.StatModel.com
Support: Support@StatModel.com

Copyright (c) 1998-2019 Muthen & Muthen
