Mplus VERSION 8.4 (Mac)
MUTHEN & MUTHEN
04/27/2025   8:29 PM

INPUT INSTRUCTIONS


  TITLE: LCA_full_pairs3 classes
  DATA: FILE IS LCA_full_pairs_model2_lca.dat;

  VARIABLE:
  NAMES = id TS_YN LA_YN DEL_YN CA_YN SW_type SW_pos3 SW_BR SW_GR SW_EF TS_PAIR
       LA_PAIR SW_PAIR SW_pcat;
  IDVARIABLE = id;
  USEVARIABLES = TS_PAIR LA_PAIR SW_PAIR DEL_YN SW_type CA_YN;
  CATEGORICAL = DEL_YN SW_type CA_YN;
  COUNT = TS_PAIR (p) SW_PAIR (p) LA_PAIR (nbi);
  AUXILIARY = TS_YN LA_YN SW_pos3 SW_BR SW_GR SW_EF SW_pcat;
  MISSING = .;
  CLASSES = class (3);

  MODEL:
  %CLASS#1%
  [ LA_PAIR#1 ];
  LA_PAIR;
  %CLASS#2%
  [ LA_PAIR#1 ];
  LA_PAIR;
  %CLASS#3%
  [ LA_PAIR#1 ];
  LA_PAIR;

  ANALYSIS:
  TYPE = MIXTURE;
  PROCESSORS = 12;
  STITERATIONS = 50;
  STARTS = 250 50;

  OUTPUT:
  SVALUES ENTROPY TECH1 TECH4;
  PLOT: TYPE=PLOT1 PLOT2 PLOT3;
  SAVEDATA:
  FILE IS LCA_full_pairs_model2_lca_3.dat
  SAVE = cprobabilites bchweights;



INPUT READING TERMINATED NORMALLY



LCA_full_pairs3 classes

SUMMARY OF ANALYSIS

Number of groups                                                 1
Number of observations                                          55

Number of dependent variables                                    6
Number of independent variables                                  0
Number of continuous latent variables                            0
Number of categorical latent variables                           1

Observed dependent variables

  Binary and ordered categorical (ordinal)
   DEL_YN      SW_TYPE     CA_YN

  Count
   TS_PAIR     SW_PAIR     LA_PAIR

Observed auxiliary variables
   TS_YN       LA_YN       SW_POS3     SW_BR       SW_GR       SW_EF
   SW_PCAT

Categorical latent variables
   CLASS

Variables with special functions

  ID variable           ID

Estimator                                                      MLR
Information matrix                                        OBSERVED
Optimization Specifications for the Quasi-Newton Algorithm for
Continuous Outcomes
  Maximum number of iterations                                 100
  Convergence criterion                                  0.100D-05
Optimization Specifications for the EM Algorithm
  Maximum number of iterations                                 500
  Convergence criteria
    Loglikelihood change                                 0.100D-06
    Relative loglikelihood change                        0.100D-06
    Derivative                                           0.100D-05
Optimization Specifications for the M step of the EM Algorithm for
Categorical Latent variables
  Number of M step iterations                                    1
  M step convergence criterion                           0.100D-05
  Basis for M step termination                           ITERATION
Optimization Specifications for the M step of the EM Algorithm for
Censored, Binary or Ordered Categorical (Ordinal), Unordered
Categorical (Nominal) and Count Outcomes
  Number of M step iterations                                    1
  M step convergence criterion                           0.100D-05
  Basis for M step termination                           ITERATION
  Maximum value for logit thresholds                            15
  Minimum value for logit thresholds                           -15
  Minimum expected cell size for chi-square              0.100D-01
Maximum number of iterations for H1                           2000
Convergence criterion for H1                             0.100D-03
Optimization algorithm                                         EMA
Random Starts Specifications
  Number of initial stage random starts                        250
  Number of final stage optimizations                           50
  Number of initial stage iterations                            50
  Initial stage convergence criterion                    0.100D+01
  Random starts scale                                    0.500D+01
  Random seed for generating random starts                       0
Link                                                         LOGIT

Input data file(s)
  LCA_full_pairs_model2_lca.dat
Input data format  FREE


SUMMARY OF DATA

     Number of missing data patterns             1
     Number of y missing data patterns           0
     Number of u missing data patterns           1


COVARIANCE COVERAGE OF DATA

Minimum covariance coverage value   0.100


UNIVARIATE PROPORTIONS AND COUNTS FOR CATEGORICAL VARIABLES

    DEL_YN
      Category 1    0.818           45.000
      Category 2    0.182           10.000
    SW_TYPE
      Category 1    0.473           26.000
      Category 2    0.200           11.000
      Category 3    0.327           18.000
    CA_YN
      Category 1    0.582           32.000
      Category 2    0.418           23.000


COUNT PROPORTION OF ZERO, MINIMUM AND MAXIMUM VALUES

      TS_PAIR     0.073         0         4
      SW_PAIR     0.200         0         4
      LA_PAIR     0.764         0         4


RANDOM STARTS RESULTS RANKED FROM THE BEST TO THE WORST LOGLIKELIHOOD VALUES

Final stage loglikelihood values at local maxima, seeds, and initial stage start numbers:

            -284.083  76337            76
            -284.083  575700           100
            -284.083  364676           27
            -284.083  654136           167
            -284.083  443917           60
            -284.083  481835           57
            -284.083  544048           87
            -284.083  840078           203
            -284.083  156536           245
            -284.083  972873           157
            -284.083  673496           218
            -284.083  264081           186
            -284.083  unperturbed      0
            -284.083  76451            211
            -284.083  59674            240
            -284.083  440841           118
            -284.348  253358           2
            -284.348  136842           58
            -284.348  569131           26
            -284.565  259507           53
            -284.565  835767           210
            -284.565  227563           63
            -285.593  415931           10
            -285.722  570782           193
            -285.722  782200           84
            -287.125  741888           138
            -291.502  715561           125
            -292.033  268896           124
            -292.233  66276            217
            -293.235  22089            143
            -293.235  476498           179
            -293.235  313407           132
            -293.235  674171           195
            -293.235  685657           69
            -293.235  232559           136
            -293.235  319144           176
            -293.235  863094           147
            -293.235  347515           24
            -293.235  311214           64
            -293.520  345070           114
            -293.520  329127           185
            -293.520  903420           5
            -293.520  260601           36

7 perturbed starting value run(s) did not converge or were rejected in the third stage.



THE BEST LOGLIKELIHOOD VALUE HAS BEEN REPLICATED.  RERUN WITH AT LEAST TWICE THE
RANDOM STARTS TO CHECK THAT THE BEST LOGLIKELIHOOD IS STILL OBTAINED AND REPLICATED.

     IN THE OPTIMIZATION, ONE OR MORE LOGIT THRESHOLDS APPROACHED EXTREME VALUES
     OF -15.000 AND 15.000 AND WERE FIXED TO STABILIZE MODEL ESTIMATION.  THESE
     VALUES IMPLY PROBABILITIES OF 0 AND 1.  IN THE MODEL RESULTS SECTION, THESE
     PARAMETERS HAVE 0 STANDARD ERRORS AND 999 IN THE Z-SCORE AND P-VALUE COLUMNS.

     IN THE OPTIMIZATION, ONE OR MORE LOGIT SCALE PARAMETERS APPROACHED EXTREME VALUES
     OF -15.000 AND 15.000 AND WERE FIXED TO STABILIZE MODEL ESTIMATION.  THESE
     VALUES IMPLY PROBABILITIES OF 0 AND 1.  IN THE MODEL RESULTS SECTION, THESE
     PARAMETERS HAVE 0 STANDARD ERRORS AND 999 IN THE Z-SCORE AND P-VALUE COLUMNS.

     ONE OR MORE PARAMETERS WERE FIXED TO AVOID SINGULARITY OF THE
     INFORMATION MATRIX. THE SINGULARITY IS MOST LIKELY DUE TO THE
     MODEL IS NOT IDENTIFIED, OR DUE TO A LARGE OR A SMALL PARAMETER
     ON THE LOGIT SCALE. THE FOLLOWING PARAMETERS WERE FIXED:
     Parameter 19, %CLASS#1%: LA_PAIR
     Parameter 24, %CLASS#2%: LA_PAIR
     Parameter 29, %CLASS#3%: LA_PAIR




THE MODEL ESTIMATION TERMINATED NORMALLY



MODEL FIT INFORMATION

Number of Free Parameters                       29

Loglikelihood

          H0 Value                        -284.083
          H0 Scaling Correction Factor      0.8294
            for MLR

Information Criteria

          Akaike (AIC)                     626.166
          Bayesian (BIC)                   684.379
          Sample-Size Adjusted BIC         593.251
            (n* = (n + 2) / 24)

Chi-Square Test of Model Fit for the Binary and Ordered Categorical
(Ordinal) Outcomes

          Pearson Chi-Square

          Value                              1.321
          Degrees of freedom cannot be computed for this model part.

          Likelihood Ratio Chi-Square

          Value                              1.595
          Degrees of freedom cannot be computed for this model part.

Chi-Square Test of Model Fit for the Count Outcomes

          Pearson Chi-Square

          Value                            233.638
          Degrees of Freedom                   107
          P-Value                           0.0000

          Likelihood Ratio Chi-Square

          Value                            108.099
          Degrees of Freedom                   107
          P-Value                           0.4521

Chi-Square Test for MCAR under the Unrestricted Latent Class Indicator Model
for the Count Outcomes

          Pearson Chi-Square

          Value                              0.000
          Degrees of Freedom                     0
          P-Value                           1.0000

          Likelihood Ratio Chi-Square

          Value                              0.000
          Degrees of Freedom                     0
          P-Value                           1.0000



FINAL CLASS COUNTS AND PROPORTIONS FOR THE LATENT CLASSES
BASED ON THE ESTIMATED MODEL

    Latent
   Classes

       1         15.06797          0.27396
       2         13.93202          0.25331
       3         26.00000          0.47273


FINAL CLASS COUNTS AND PROPORTIONS FOR THE LATENT CLASSES
BASED ON ESTIMATED POSTERIOR PROBABILITIES

    Latent
   Classes

       1         15.06797          0.27396
       2         13.93202          0.25331
       3         26.00000          0.47273


FINAL CLASS COUNTS AND PROPORTIONS FOR THE LATENT CLASSES
BASED ON THEIR MOST LIKELY LATENT CLASS MEMBERSHIP

Class Counts and Proportions

    Latent
   Classes

       1               17          0.30909
       2               12          0.21818
       3               26          0.47273


CLASSIFICATION QUALITY

     Entropy                         0.928


           Univariate Entropy
              TS_PAIR       SW_PAIR       LA_PAIR       DEL_YN        SW_TYPE
              ________      ________      ________      ________      ________
                0.066         0.188         0.135         0.088         0.868


           Univariate Entropy
              CA_YN
              ________
                0.499


Classification Probabilities for the Most Likely Latent Class Membership (Column)
by Latent Class (Row)

           1        2        3

    1   1.000    0.000    0.000
    2   0.139    0.861    0.000
    3   0.000    0.000    1.000


Logits for the Classification Probabilities for the Most Likely Latent Class Membership (Column)
by Latent Class (Row)

              1        2        3

    1     13.816    0.000    0.000
    2     11.840   13.666    0.000
    3    -13.816  -13.816    0.000


MODEL RESULTS

                                                    Two-Tailed
                    Estimate       S.E.  Est./S.E.    P-Value

Latent Class 1

 Means
    TS_PAIR            0.748      0.232      3.219      0.001
    SW_PAIR            1.181      0.136      8.675      0.000
    LA_PAIR#1         -0.402      0.794     -0.506      0.613
    LA_PAIR            0.533      0.457      1.166      0.243

 Thresholds
    DEL_YN$1           0.417      0.871      0.479      0.632
    SW_TYPE$1        -15.000      0.000    999.000    999.000
    SW_TYPE$2        -15.000      0.000    999.000    999.000
    CA_YN$1          -15.000      0.000    999.000    999.000

 Dispersion
    LA_PAIR            0.000      0.000    999.000    999.000

Latent Class 2

 Means
    TS_PAIR            0.086      0.128      0.671      0.502
    SW_PAIR            0.541      0.180      3.000      0.003
    LA_PAIR#1        -15.000      0.000    999.000    999.000
    LA_PAIR           -2.155      1.238     -1.741      0.082

 Thresholds
    DEL_YN$1           2.544      1.115      2.282      0.022
    SW_TYPE$1        -15.000      0.000    999.000    999.000
    SW_TYPE$2          1.322      1.848      0.716      0.474
    CA_YN$1           -0.279      0.804     -0.347      0.728

 Dispersion
    LA_PAIR            0.000      0.000    999.000    999.000

Latent Class 3

 Means
    TS_PAIR            0.431      0.124      3.484      0.000
    SW_PAIR           -0.080      0.186     -0.431      0.666
    LA_PAIR#1        -15.000      0.000    999.000    999.000
    LA_PAIR           -1.872      0.460     -4.070      0.000

 Thresholds
    DEL_YN$1           2.037      0.614      3.318      0.001
    SW_TYPE$1         15.000      0.000    999.000    999.000
    SW_TYPE$2         15.000      0.000    999.000    999.000
    CA_YN$1           15.000      0.000    999.000    999.000

 Dispersion
    LA_PAIR            0.000      0.000    999.000    999.000

Categorical Latent Variables

 Means
    CLASS#1           -0.546      0.454     -1.202      0.229
    CLASS#2           -0.624      0.478     -1.305      0.192


RESULTS IN PROBABILITY SCALE

Latent Class 1

 DEL_YN
    Category 1         0.603      0.209      2.889      0.004
    Category 2         0.397      0.209      1.904      0.057
 SW_TYPE
    Category 1         0.000      0.000      0.000      1.000
    Category 2         0.000      0.000      0.000      1.000
    Category 3         1.000      0.000      0.000      1.000
 CA_YN
    Category 1         0.000      0.000      0.000      1.000
    Category 2         1.000      0.000      0.000      1.000

Latent Class 2

 DEL_YN
    Category 1         0.927      0.075     12.319      0.000
    Category 2         0.073      0.075      0.968      0.333
 SW_TYPE
    Category 1         0.000      0.000      0.000      1.000
    Category 2         0.790      0.307      2.571      0.010
    Category 3         0.210      0.307      0.685      0.493
 CA_YN
    Category 1         0.431      0.197      2.186      0.029
    Category 2         0.569      0.197      2.889      0.004

Latent Class 3

 DEL_YN
    Category 1         0.885      0.063     14.119      0.000
    Category 2         0.115      0.063      1.842      0.066
 SW_TYPE
    Category 1         1.000      0.000      0.000      1.000
    Category 2         0.000      0.000      0.000      1.000
    Category 3         0.000      0.000      0.000      1.000
 CA_YN
    Category 1         1.000      0.000      0.000      1.000
    Category 2         0.000      0.000      0.000      1.000


LATENT CLASS ODDS RATIO RESULTS

                                         (Est. - 1) Two-Tailed
                    Estimate       S.E.     / S.E.    P-Value

Latent Class 1 Compared to Latent Class 2

 DEL_YN
    Category > 1       8.389     13.449      0.549      0.583
 SW_TYPE
    Category > 1       1.000      0.000    999.000    999.000
    Category > 2   *********      0.000    999.000    999.000
 CA_YN
    Category > 1   *********      0.000    999.000    999.000

Latent Class 1 Compared to Latent Class 3

 DEL_YN
    Category > 1       5.052      5.385      0.752      0.452
 SW_TYPE
    Category > 1   *********      0.000    999.000    999.000
    Category > 2   *********      0.000    999.000    999.000
 CA_YN
    Category > 1   *********      0.000    999.000    999.000

Latent Class 2 Compared to Latent Class 3

 DEL_YN
    Category > 1       0.602      0.766     -0.519      0.604
 SW_TYPE
    Category > 1   *********      0.000    999.000    999.000
    Category > 2   *********      0.000    999.000    999.000
 CA_YN
    Category > 1   *********      0.000    999.000    999.000


QUALITY OF NUMERICAL RESULTS

     Condition Number for the Information Matrix              0.895E-02
       (ratio of smallest to largest eigenvalue)


MODEL COMMAND WITH FINAL ESTIMATES USED AS STARTING VALUES

     %OVERALL%

     [ class#1*-0.54553 ];
     [ class#2*-0.62391 ];

     %CLASS#1%

     [ ts_pair*0.74751 ];
     [ sw_pair*1.18051 ];
     [ la_pair#1*-0.40222 ];
     [ la_pair*0.53299 ];

     [ del_yn$1*0.41706 ];
     [ sw_type$1*-15 ];
     [ sw_type$2*-15 ];
     [ ca_yn$1*-15 ];

     la_pair*0.00000;

     %CLASS#2%

     [ ts_pair*0.08582 ];
     [ sw_pair*0.54129 ];
     [ la_pair#1*-15 ];
     [ la_pair*-2.15527 ];

     [ del_yn$1*2.54400 ];
     [ sw_type$1*-15 ];
     [ sw_type$2*1.32222 ];
     [ ca_yn$1*-0.27914 ];

     la_pair*0.00000;

     %CLASS#3%

     [ ts_pair*0.43078 ];
     [ sw_pair*-0.08004 ];
     [ la_pair#1*-15 ];
     [ la_pair*-1.87180 ];

     [ del_yn$1*2.03688 ];
     [ sw_type$1*15 ];
     [ sw_type$2*15 ];
     [ ca_yn$1*15 ];

     la_pair*0.00001;



TECHNICAL 1 OUTPUT


     PARAMETER SPECIFICATION FOR LATENT CLASS 1


     PARAMETER SPECIFICATION FOR LATENT CLASS 2


     PARAMETER SPECIFICATION FOR LATENT CLASS 3


     PARAMETER SPECIFICATION FOR LATENT CLASS INDICATOR MODEL PART


           TAU(U) FOR LATENT CLASS 1
              DEL_YN$1      SW_TYPE$      SW_TYPE$      CA_YN$1
              ________      ________      ________      ________
                    1             2             3             4


           TAU(U) FOR LATENT CLASS 2
              DEL_YN$1      SW_TYPE$      SW_TYPE$      CA_YN$1
              ________      ________      ________      ________
                    5             6             7             8


           TAU(U) FOR LATENT CLASS 3
              DEL_YN$1      SW_TYPE$      SW_TYPE$      CA_YN$1
              ________      ________      ________      ________
                    9            10            11            12


     PARAMETER SPECIFICATION FOR LATENT CLASS REGRESSION MODEL PART


           ALPHA(C)
              CLASS#1       CLASS#2       CLASS#3
              ________      ________      ________
                   13            14             0


     PARAMETER SPECIFICATION FOR THE CENSORED/NOMINAL/COUNT MODEL PART


           NU(P) FOR LATENT CLASS 1
              TS_PAIR#      TS_PAIR       SW_PAIR#      SW_PAIR       LA_PAIR#
              ________      ________      ________      ________      ________
                    0            15             0            16            17


           NU(P) FOR LATENT CLASS 1
              LA_PAIR
              ________
                   18


           THETA(C) FOR CLASS LATENT CLASS 1
              LA_PAIR
              ________
                   19


           NU(P) FOR LATENT CLASS 2
              TS_PAIR#      TS_PAIR       SW_PAIR#      SW_PAIR       LA_PAIR#
              ________      ________      ________      ________      ________
                    0            20             0            21            22


           NU(P) FOR LATENT CLASS 2
              LA_PAIR
              ________
                   23


           THETA(C) FOR CLASS LATENT CLASS 2
              LA_PAIR
              ________
                   24


           NU(P) FOR LATENT CLASS 3
              TS_PAIR#      TS_PAIR       SW_PAIR#      SW_PAIR       LA_PAIR#
              ________      ________      ________      ________      ________
                    0            25             0            26            27


           NU(P) FOR LATENT CLASS 3
              LA_PAIR
              ________
                   28


           THETA(C) FOR CLASS LATENT CLASS 3
              LA_PAIR
              ________
                   29


     STARTING VALUES FOR LATENT CLASS 1


     STARTING VALUES FOR LATENT CLASS 2


     STARTING VALUES FOR LATENT CLASS 3


     STARTING VALUES FOR LATENT CLASS INDICATOR MODEL PART


           TAU(U) FOR LATENT CLASS 1
              DEL_YN$1      SW_TYPE$      SW_TYPE$      CA_YN$1
              ________      ________      ________      ________
                0.504        -1.109        -0.279        -0.670


           TAU(U) FOR LATENT CLASS 2
              DEL_YN$1      SW_TYPE$      SW_TYPE$      CA_YN$1
              ________      ________      ________      ________
                1.504        -0.109         0.721         0.330


           TAU(U) FOR LATENT CLASS 3
              DEL_YN$1      SW_TYPE$      SW_TYPE$      CA_YN$1
              ________      ________      ________      ________
                2.504         0.891         1.721         1.330


     STARTING VALUES FOR LATENT CLASS REGRESSION MODEL PART


           ALPHA(C)
              CLASS#1       CLASS#2       CLASS#3
              ________      ________      ________
                0.000         0.000         0.000


     STARTING VALUES FOR THE CENSORED/NOMINAL/COUNT MODEL PART


           NU(P) FOR LATENT CLASS 1
              TS_PAIR#      TS_PAIR       SW_PAIR#      SW_PAIR       LA_PAIR#
              ________      ________      ________      ________      ________
              -20.000        -0.541       -20.000        -0.404        -0.369


           NU(P) FOR LATENT CLASS 1
              LA_PAIR
              ________
               -0.786


           THETA(C) FOR LATENT CLASS 1
              LA_PAIR
              ________
                2.243


           NU(P) FOR LATENT CLASS 2
              TS_PAIR#      TS_PAIR       SW_PAIR#      SW_PAIR       LA_PAIR#
              ________      ________      ________      ________      ________
              -20.000         0.459       -20.000         0.596        -0.369


           NU(P) FOR LATENT CLASS 2
              LA_PAIR
              ________
                0.214


           THETA(C) FOR LATENT CLASS 2
              LA_PAIR
              ________
                2.243


           NU(P) FOR LATENT CLASS 3
              TS_PAIR#      TS_PAIR       SW_PAIR#      SW_PAIR       LA_PAIR#
              ________      ________      ________      ________      ________
              -20.000         1.459       -20.000         1.596        -0.369


           NU(P) FOR LATENT CLASS 3
              LA_PAIR
              ________
                1.214


           THETA(C) FOR LATENT CLASS 3
              LA_PAIR
              ________
                2.243


TECHNICAL 4 OUTPUT


PLOT INFORMATION

The following plots are available:

  Histograms (sample values)
  Scatterplots (sample values)
  Sample proportions and estimated probabilities

SAVEDATA INFORMATION


  Save file
    LCA_full_pairs_model2_lca_3.dat SAVE = cprobabilites bchweights

  Order and format of variables

    TS_PAIR        F10.3
    SW_PAIR        F10.3
    LA_PAIR        F10.3
    DEL_YN         F10.3
    SW_TYPE        F10.3
    CA_YN          F10.3
    TS_YN          F10.3
    LA_YN          F10.3
    SW_POS3        F10.3
    SW_BR          F10.3
    SW_GR          F10.3
    SW_EF          F10.3
    SW_PCAT        F10.3
    CPROB1         F10.3
    CPROB2         F10.3
    CPROB3         F10.3
    CLASS          F10.3
    ID             I4

  Save file format
    17F10.3 I4

  Save file record length    10000


     Beginning Time:  20:29:29
        Ending Time:  20:29:31
       Elapsed Time:  00:00:02



MUTHEN & MUTHEN
3463 Stoner Ave.
Los Angeles, CA  90066

Tel: (310) 391-9971
Fax: (310) 391-8971
Web: www.StatModel.com
Support: Support@StatModel.com

Copyright (c) 1998-2019 Muthen & Muthen
