Mplus VERSION 8.4 (Mac)
MUTHEN & MUTHEN
04/27/2025   8:59 PM

INPUT INSTRUCTIONS


  TITLE: LCA_sw_detailed2 classes
  DATA: FILE IS LCA_sw_detailed_model4_lca.dat;

  VARIABLE:
  NAMES = id TS_YN LA_YN DEL_YN CA_YN SW_type SW_pos3 SW_BR SW_GR SW_EF TS_PAIR
       LA_PAIR SW_PAIR SW_pcat;
  IDVARIABLE = id;
  USEVARIABLES = LA_YN SW_pcat DEL_YN SW_type SW_pos3;
  CATEGORICAL = LA_YN SW_pcat DEL_YN SW_type SW_pos3;
  AUXILIARY = TS_YN CA_YN SW_BR SW_GR SW_EF TS_PAIR LA_PAIR SW_PAIR;
  MISSING = .;
  CLASSES = class (2);


  ANALYSIS:
  TYPE = MIXTURE;
  PROCESSORS = 12;
  STITERATIONS = 800;
  STARTS = 4000 800;

  OUTPUT:
  SVALUES ENTROPY TECH1 TECH4;
  PLOT: TYPE=PLOT1 PLOT2 PLOT3;
  SAVEDATA:
  FILE IS LCA_sw_detailed_model4_lca_2.dat
  SAVE = cprobabilites bchweights;



INPUT READING TERMINATED NORMALLY



LCA_sw_detailed2 classes

SUMMARY OF ANALYSIS

Number of groups                                                 1
Number of observations                                          55

Number of dependent variables                                    5
Number of independent variables                                  0
Number of continuous latent variables                            0
Number of categorical latent variables                           1

Observed dependent variables

  Binary and ordered categorical (ordinal)
   LA_YN       SW_PCAT     DEL_YN      SW_TYPE     SW_POS3

Observed auxiliary variables
   TS_YN       CA_YN       SW_BR       SW_GR       SW_EF       TS_PAIR
   LA_PAIR     SW_PAIR

Categorical latent variables
   CLASS

Variables with special functions

  ID variable           ID

Estimator                                                      MLR
Information matrix                                        OBSERVED
Optimization Specifications for the Quasi-Newton Algorithm for
Continuous Outcomes
  Maximum number of iterations                                 100
  Convergence criterion                                  0.100D-05
Optimization Specifications for the EM Algorithm
  Maximum number of iterations                                 500
  Convergence criteria
    Loglikelihood change                                 0.100D-06
    Relative loglikelihood change                        0.100D-06
    Derivative                                           0.100D-05
Optimization Specifications for the M step of the EM Algorithm for
Categorical Latent variables
  Number of M step iterations                                    1
  M step convergence criterion                           0.100D-05
  Basis for M step termination                           ITERATION
Optimization Specifications for the M step of the EM Algorithm for
Censored, Binary or Ordered Categorical (Ordinal), Unordered
Categorical (Nominal) and Count Outcomes
  Number of M step iterations                                    1
  M step convergence criterion                           0.100D-05
  Basis for M step termination                           ITERATION
  Maximum value for logit thresholds                            15
  Minimum value for logit thresholds                           -15
  Minimum expected cell size for chi-square              0.100D-01
Maximum number of iterations for H1                           2000
Convergence criterion for H1                             0.100D-03
Optimization algorithm                                         EMA
Random Starts Specifications
  Number of initial stage random starts                       4000
  Number of final stage optimizations                          800
  Number of initial stage iterations                           800
  Initial stage convergence criterion                    0.100D+01
  Random starts scale                                    0.500D+01
  Random seed for generating random starts                       0
Link                                                         LOGIT

Input data file(s)
  LCA_sw_detailed_model4_lca.dat
Input data format  FREE


SUMMARY OF DATA

     Number of missing data patterns             1
     Number of y missing data patterns           0
     Number of u missing data patterns           1


COVARIANCE COVERAGE OF DATA

Minimum covariance coverage value   0.100


UNIVARIATE PROPORTIONS AND COUNTS FOR CATEGORICAL VARIABLES

    LA_YN
      Category 1    0.764           42.000
      Category 2    0.236           13.000
    SW_PCAT
      Category 1    0.200           11.000
      Category 2    0.564           31.000
      Category 3    0.236           13.000
    DEL_YN
      Category 1    0.818           45.000
      Category 2    0.182           10.000
    SW_TYPE
      Category 1    0.473           26.000
      Category 2    0.200           11.000
      Category 3    0.327           18.000
    SW_POS3
      Category 1    0.036            2.000
      Category 2    0.545           30.000
      Category 3    0.418           23.000


RANDOM STARTS RESULTS RANKED FROM THE BEST TO THE WORST LOGLIKELIHOOD VALUES

Final stage loglikelihood values at local maxima, seeds, and initial stage start numbers:

            -174.819  264903           1045
            -174.819  168888           817
            -174.819  419870           1442
            -174.819  435058           3535
            -174.819  668655           2036
            -174.819  720204           2406
            -174.819  801717           364
            -174.819  845466           3157
            -174.819  589865           3748
            -174.819  323342           3569
            -174.819  538872           949
            -174.819  908977           2740
            -174.819  820604           2421
            -174.819  798541           1266
            -174.819  485256           371
            -174.819  70157            1858
            -174.819  121292           3717
            -174.819  970791           3310
            -174.819  614032           1226
            -174.819  69526            3599
            -174.819  580181           691
            -174.819  608552           2654
            -174.819  845580           805
            -174.819  830570           369
            -174.819  773943           3436
            -174.819  165268           2436
            -174.819  677470           2267
            -174.819  733490           2834
            -174.819  912110           3853
            -174.819  922596           456
            -174.819  786218           2338
            -174.819  354624           448
            -174.819  916339           2764
            -174.819  17359            227
            -174.819  182880           1396
            -174.819  741888           138
            -174.819  786887           3242
            -174.819  237971           1815
            -174.819  322593           1893
            -174.819  513949           1910
            -174.819  507154           387
            -174.819  559901           2956
            -174.819  331955           1468
            -174.819  981681           1017
            -174.819  695486           1500
            -174.819  817813           2324
            -174.819  224950           455
            -174.819  476498           179
            -174.819  366706           29
            -174.819  171430           1672
            -174.819  874698           1027
            -174.819  779882           1012
            -174.819  290171           3413
            -174.819  483431           2433
            -174.819  425982           485
            -174.819  493775           1402
            -174.819  131919           2755
            -174.819  185473           2281
            -174.819  333642           2555
            -174.819  670281           721
            -174.819  448038           3979
            -174.819  853195           431
            -174.819  344358           3816
            -174.819  344904           1814
            -174.819  105624           3977
            -174.819  219602           1247
            -174.819  669610           3525
            -174.819  157832           2560
            -174.819  470570           3598
            -174.819  871188           1261
            -174.819  965994           396
            -174.819  778953           635
            -174.819  597614           284
            -174.819  351807           617
            -174.819  708577           1350
            -174.819  533372           3865
            -174.819  758926           1682
            -174.819  384972           3773
            -174.819  135605           1786
            -174.819  621197           1029
            -174.819  662162           4000
            -174.819  228459           947
            -174.819  141203           1639
            -174.819  985883           3015
            -174.819  215534           2831
            -174.819  641890           2395
            -174.819  788293           1003
            -174.819  57226            208
            -174.819  582296           452
            -174.819  859041           2096
            -174.819  728038           177
            -174.819  560402           1532
            -174.819  540841           3564
            -174.819  301952           2414
            -174.819  418686           338
            -174.819  920346           2377
            -174.819  619539           2199
            -174.819  307998           3584
            -174.819  448481           2890
            -174.819  591227           2455
            -174.819  526265           1962
            -174.819  692169           308
            -174.819  221460           2375
            -174.819  388467           3370
            -174.819  69413            472
            -174.819  145431           1920
            -174.819  302037           3793
            -174.819  283715           1610
            -174.819  496881           192
            -174.819  46502            714
            -174.819  428783           1176
            -174.819  910097           1031
            -174.819  970838           3615
            -174.819  820977           776
            -174.819  21130            1988
            -174.819  291149           536
            -174.819  109599           3448
            -174.819  744582           2621
            -174.819  749212           3330
            -174.819  601074           2119
            -174.819  505879           424
            -174.819  408652           2290
            -174.819  860772           174
            -174.819  68932            2292
            -174.819  4091             548
            -174.819  413564           535
            -174.819  509060           1548
            -174.819  107066           3147
            -174.819  909990           3843
            -174.819  496016           2135
            -174.819  752476           614
            -174.819  554483           1182
            -174.819  806904           3392
            -174.819  213532           503
            -174.819  864006           1075
            -174.819  715647           3390
            -174.819  641794           591
            -174.819  872342           3765
            -174.819  259161           2229
            -174.819  226337           1582
            -174.819  74096            3359
            -174.819  596170           3074
            -174.819  662091           3597
            -174.819  486646           586
            -174.819  427987           3284
            -174.819  432490           1462
            -174.819  502532           445
            -174.819  628143           854
            -174.819  462167           1986
            -174.819  179229           1453
            -174.819  512296           2476
            -174.819  7033             2329
            -174.819  268812           3736
            -174.819  520619           2652
            -174.819  369024           1905
            -174.819  804111           1775
            -174.819  682047           2666
            -174.819  947659           2351
            -174.819  874208           1860
            -174.819  497522           502
            -174.819  788197           3328
            -174.819  347593           3407
            -174.819  888286           2472
            -174.819  588056           3232
            -174.819  441118           1091
            -174.819  422747           2730
            -174.819  859380           1113
            -174.819  807584           2470
            -174.819  62835            642
            -174.819  544077           809
            -174.819  206646           2156
            -174.819  474350           2384
            -174.819  919217           1501
            -174.819  921550           3934
            -174.819  925004           1583
            -174.819  59890            1690
            -174.819  117587           572
            -174.819  217744           326
            -174.819  72866            692
            -174.819  715356           2440
            -174.819  470466           3642
            -174.819  184418           2200
            -174.819  633122           3524
            -174.819  941728           3266
            -174.819  857751           3415
            -174.819  100345           3123
            -174.819  606094           2866
            -174.819  567165           319
            -174.819  111494           3075
            -174.819  587946           120
            -174.819  910119           1886
            -174.819  910119           2034
            -174.819  13508            3908
            -174.819  207228           2805
            -174.819  56176            3476
            -174.819  588887           2025
            -174.819  832104           2228
            -174.819  284384           600
            -174.819  330328           3541
            -174.819  695155           150
            -174.819  372158           1404
            -174.819  211555           2243
            -174.819  144164           3860
            -174.819  484116           915
            -174.819  600202           1115
            -174.819  536551           696
            -174.819  863643           1619
            -174.819  879349           1459
            -174.819  727880           1547
            -174.819  804821           3936
            -174.819  526742           1546
            -174.819  341960           685
            -174.819  327927           908
            -174.819  300844           1405
            -174.819  378530           1919
            -174.819  858266           2330
            -174.819  848838           1647
            -174.819  689967           3091
            -174.819  855696           2357
            -174.819  193847           354
            -174.819  294228           2942
            -174.819  247610           2039
            -174.819  346749           3671
            -174.819  401572           1033
            -174.819  424891           2811
            -174.819  228185           2842
            -174.819  927789           2742
            -174.819  754917           2988
            -174.819  869564           869
            -174.819  763415           3374
            -174.819  116150           3570
            -174.819  934413           2635
            -174.819  192731           3351
            -174.819  897249           2237
            -174.819  735121           2294
            -174.819  879118           2519
            -174.819  978061           488
            -174.819  164643           1941
            -174.819  900817           1060
            -174.819  592219           119
            -174.819  259758           1054
            -174.819  384819           2333
            -174.819  422004           1107
            -174.819  647472           3927
            -174.819  942848           852
            -174.819  393453           1355
            -174.819  760342           3531
            -174.819  257136           1774
            -174.819  10968            1492
            -174.819  22155            3946
            -174.819  824126           287
            -174.819  94610            884
            -174.819  790452           303
            -174.819  739214           807
            -174.819  88140            1089
            -174.819  534483           290
            -174.819  834526           3655
            -174.819  66309            2168
            -174.819  853283           1854
            -174.819  712456           3386
            -174.819  773195           849
            -174.819  460453           1708
            -174.819  306768           978
            -174.819  961880           2019
            -174.819  511170           1813
            -174.819  49910            829
            -174.819  366872           1169
            -174.819  61144            3492
            -174.819  158725           2825
            -174.819  311214           64
            -174.819  997836           1208
            -174.819  62304            1885
            -174.819  692399           3763
            -174.819  691234           250
            -174.819  637345           19
            -174.819  167280           3238
            -174.819  725009           3633
            -174.819  229452           3718
            -174.819  990504           827
            -174.819  720520           3285
            -174.819  830416           2120
            -174.819  330772           2031
            -174.819  301301           1020
            -174.819  958803           1685
            -174.819  661791           3070
            -174.819  486913           2575
            -174.819  720994           1531
            -174.819  659319           2888
            -174.819  826811           1721
            -174.819  58195            3254
            -174.819  39810            966
            -174.819  193926           3165
            -174.819  500460           2953
            -174.819  442653           2553
            -174.819  90504            3842
            -174.819  694334           2262
            -174.819  291962           2151
            -174.819  776504           2218
            -174.819  935426           3142
            -174.819  262613           3916
            -174.819  677790           3792
            -174.819  891259           3635
            -174.819  670286           3582
            -174.819  573574           1703
            -174.819  891347           504
            -174.819  674786           1496
            -174.819  970402           3502
            -174.819  636919           3559
            -174.819  140442           500
            -174.819  581389           2505
            -174.819  848969           173
            -174.819  971853           402
            -174.819  307843           664
            -174.819  679891           3168
            -174.819  982520           737
            -174.819  582916           1747
            -174.819  714455           476
            -174.819  778338           1401
            -174.819  953267           3840
            -174.819  634388           2055
            -174.819  817779           2376
            -174.819  56630            2793
            -174.819  526244           3457
            -174.819  708128           1722
            -174.819  560961           2422
            -174.819  299774           1777
            -174.819  364676           27
            -174.819  292884           103
            -174.819  177175           851
            -174.819  911275           2311
            -174.819  708150           2160
            -174.819  12939            3096
            -174.819  105435           265
            -174.819  647690           1232
            -174.819  908067           3734
            -174.819  565903           3914
            -174.819  261045           3155
            -174.819  391179           78
            -174.819  42638            2048
            -174.819  566739           575
            -174.819  346838           1170
            -174.819  346141           1533
            -174.819  405079           68
            -174.819  472647           2948
            -174.819  332986           1193
            -174.819  73576            213
            -174.819  95308            2618
            -174.819  202112           2619
            -174.819  965210           2221
            -174.819  595590           3027
            -174.819  70669            2718
            -174.819  147767           3750
            -174.819  149841           2987
            -174.819  238176           3876
            -174.819  354483           1851
            -174.819  140806           1001
            -174.819  405371           569
            -174.819  442267           3460
            -174.819  344416           3290
            -174.819  303834           798
            -174.819  630704           2295
            -174.819  273985           3975
            -174.819  718876           1104
            -174.819  410745           3424
            -174.819  279027           3474
            -174.819  293428           2473
            -174.819  856920           2714
            -174.819  138695           783
            -174.819  636396           168
            -174.819  978443           3856
            -174.819  667120           2859
            -174.819  971770           2708
            -174.819  15270            610
            -174.819  851945           18
            -174.819  374819           2698
            -174.819  170683           2388
            -174.819  540436           2528
            -174.819  623663           3446
            -174.819  246488           2947
            -174.819  924828           1389
            -174.819  192071           142
            -174.819  673039           1173
            -174.819  303304           2450
            -174.819  462953           7
            -174.819  626789           1304
            -174.819  371737           532
            -174.819  748692           204
            -174.819  77571            980
            -174.819  327140           678
            -174.819  732828           3815
            -174.819  546374           3138
            -174.819  912489           1436
            -174.819  256363           2826
            -174.819  290168           2423
            -174.819  967174           2901
            -174.819  538482           3755
            -174.819  535011           2147
            -174.819  485483           498
            -174.819  276243           1768
            -174.819  452658           2063
            -174.819  399539           3218
            -174.819  752292           1750
            -174.819  506886           576
            -174.819  50887            389
            -174.819  417600           1416
            -174.819  931515           3462
            -174.819  659147           2499
            -174.819  873222           1360
            -174.819  154044           1581
            -174.819  165853           105
            -174.819  642909           251
            -174.819  894286           2205
            -174.819  848382           3790
            -174.819  931558           898
            -174.819  535336           2355
            -174.819  398349           3156
            -174.819  903420           5
            -174.819  109946           771
            -174.819  745490           2960
            -174.819  178369           2546
            -174.819  19575            2660
            -174.819  356956           3431
            -174.819  508123           3732
            -174.819  85839            1099
            -174.819  654884           1352
            -174.819  641252           3455
            -174.819  925186           1332
            -174.819  85352            2562
            -174.819  797381           3063
            -174.819  263394           1741
            -174.819  949654           1704
            -174.819  341365           2794
            -174.819  811592           2827
            -174.819  666720           671
            -174.819  747511           3236
            -174.819  69098            2788
            -174.819  314084           81
            -174.819  972873           157
            -174.819  863691           481
            -174.819  182568           2903
            -174.819  614098           3308
            -174.819  398584           2989
            -174.819  703313           1415
            -174.819  967588           1495
            -174.819  366533           484
            -174.819  591407           2906
            -174.819  236640           3013
            -174.819  928789           3670
            -174.819  418599           3783
            -174.819  801526           3747
            -174.819  536847           3967
            -174.819  558535           3475
            -174.819  210846           3030
            -174.819  699834           723
            -174.819  398789           2336
            -174.819  542577           1004
            -174.819  212241           3466
            -174.819  303216           2622
            -174.819  224410           1220
            -174.819  238906           430
            -174.819  908248           2536
            -174.819  65917            3572
            -174.819  661290           1376
            -174.819  192780           2264
            -174.819  355706           2941
            -174.819  746978           410
            -174.819  160041           1384
            -174.819  383777           2945
            -174.819  351474           3805
            -174.819  398480           3596
            -174.819  216330           2607
            -174.819  374630           1869
            -174.819  168000           3882
            -174.819  151247           2913
            -174.819  126922           1124
            -174.819  515909           2905
            -174.819  5262             2370
            -174.819  383791           3373
            -174.819  902202           2911
            -174.819  467561           819
            -174.819  281462           285
            -174.819  754100           56
            -174.819  445689           1248
            -174.819  238317           812
            -174.819  507218           613
            -174.819  833955           2954
            -174.819  778949           3595
            -174.819  856347           1927
            -174.819  935459           2474
            -174.819  635964           2225
            -174.819  474357           789
            -174.819  872743           374
            -174.819  492644           2368
            -174.819  738379           3247
            -174.819  953815           1347
            -174.819  664562           1138
            -174.819  908674           1748
            -174.819  117891           1818
            -174.819  788796           145
            -174.819  937885           426
            -174.819  668833           2981
            -174.819  84672            2255
            -174.819  781255           3287
            -174.819  502379           3811
            -174.819  954914           911
            -174.819  365814           3110
            -174.819  599524           3268
            -174.819  708042           1444
            -174.819  277373           1374
            -174.819  484501           163
            -174.819  623120           1114
            -174.819  914193           1411
            -174.819  645068           2713
            -174.819  139881           3304
            -174.819  917364           2314
            -174.819  406935           958
            -174.819  491181           3414
            -174.819  854613           3023
            -174.819  992389           77
            -174.819  602960           2226
            -174.819  742609           531
            -174.819  202717           2210
            -174.819  86698            893
            -174.819  526077           1903
            -174.819  154192           3972
            -174.819  480675           1112
            -174.819  697540           2448
            -174.819  100829           3522
            -174.819  715255           523
            -174.819  46666            1425
            -174.819  519357           559
            -174.819  803816           2909
            -174.819  12477            155
            -174.819  804660           260
            -174.819  125750           1221
            -174.819  215483           1952
            -174.819  825881           2525
            -174.819  290366           1715
            -174.819  123102           1302
            -174.819  824608           3603
            -174.819  49221            254
            -174.819  560717           3158
            -174.819  929823           1205
            -174.819  318177           748
            -174.819  964570           701
            -174.819  777300           2522
            -174.819  88767            2700
            -174.819  828901           3019
            -174.819  583281           1907
            -174.819  370560           3292
            -174.819  177133           2784
            -174.819  171846           3365
            -174.819  502203           1322
            -174.819  276468           1739
            -174.819  718972           3376
            -174.819  121425           511
            -174.819  860541           1191
            -174.819  114433           708
            -174.819  967567           1377
            -174.819  273294           3757
            -174.819  608460           244
            -174.819  219035           3545
            -174.819  353580           1794
            -174.819  678813           1881
            -174.819  667455           2558
            -174.819  460747           2274
            -174.819  965074           1719
            -174.819  122167           2706
            -174.819  415527           3602
            -174.819  321574           1185
            -174.819  961908           3194
            -174.819  424772           3852
            -174.819  349263           263
            -174.819  930654           1156
            -174.819  96617            955
            -174.819  913726           3668
            -174.819  132336           362
            -174.819  459673           3248
            -174.819  847658           2803
            -174.819  533691           1974
            -174.819  700298           1555
            -174.819  400937           1152
            -174.819  338951           3400
            -174.819  521575           313
            -174.819  813954           2931
            -174.819  65562            1395
            -174.819  269374           2321
            -174.819  252949           487
            -174.819  269800           1686
            -174.819  1548             384
            -174.819  742688           594
            -174.819  517385           2554
            -174.819  170194           1653
            -174.819  848590           694
            -174.819  21740            3286
            -174.819  45556            3294
            -174.819  334766           2929
            -174.819  548245           818
            -174.819  473657           3966
            -174.819  345196           3989
            -174.819  750839           3904
            -174.819  952946           2768
            -174.819  913639           162
            -174.819  456199           3845
            -174.819  15715            274
            -174.819  62571            3923
            -174.819  297994           3862
            -174.819  264951           1130
            -174.819  355253           1233
            -174.819  109208           2938
            -174.819  40327            971
            -174.819  271319           1765
            -174.819  645976           2302
            -174.819  175199           247
            -174.819  690314           1128
            -174.819  321390           133
            -174.819  713348           2976
            -174.819  411984           3134
            -174.819  82255            2186
            -174.819  338064           3691
            -174.819  360215           1475
            -174.819  245560           3341
            -174.819  324372           2214
            -174.819  543202           2009
            -174.819  946511           2068
            -174.819  392766           331
            -174.819  578567           2212
            -174.819  76930            1767
            -174.819  31491            3787
            -174.819  830367           1351
            -174.819  261364           3301
            -174.819  247224           94
            -174.819  153394           429
            -174.819  326697           3797
            -174.819  284920           2791
            -174.819  288571           2891
            -174.819  871851           257
            -174.819  140864           1776
            -174.819  119225           1658
            -174.819  532095           2004
            -174.819  869520           3943
            -174.819  15160            3507
            -174.819  37506            3489
            -174.819  836066           372
            -174.819  588962           1790
            -174.819  828452           3835
            -174.819  373702           669
            -174.819  205005           2559
            -174.819  600244           3830
            -174.819  79785            2511
            -174.819  978555           3508
            -174.819  151775           3317
            -174.819  855479           2776
            -174.819  539389           544
            -174.819  528696           3037
            -174.819  298201           903
            -174.819  932449           1956
            -174.819  999166           3146
            -174.819  418284           2080
            -174.819  785277           1603
            -174.819  552209           2123
            -174.819  798839           312
            -174.819  633668           2874
            -174.819  886520           3171
            -174.819  202063           2385
            -174.819  444166           1443
            -174.819  726787           1550
            -174.819  551639           55
            -174.819  289928           1529
            -174.819  44842            3910
            -174.819  710154           831
            -174.819  427363           1966
            -174.819  495190           1014
            -174.819  326944           3122
            -174.819  460521           1032
            -174.819  931959           2026
            -174.819  128920           1632
            -174.819  682718           733
            -174.819  891749           3324
            -174.819  243346           930
            -174.819  467054           3103
            -174.819  926762           704
            -174.819  685607           3259
            -174.819  105656           909
            -174.819  678766           3130
            -174.819  932529           1013
            -174.819  271100           3066
            -174.819  110260           2535
            -174.819  49293            707
            -174.819  526675           2549
            -174.819  646573           741
            -174.819  39756            857
            -174.819  349360           464
            -174.819  314662           1036
            -174.819  476204           1318
            -174.819  238262           1541
            -174.819  842637           2453
            -174.819  176837           2193
            -174.819  470921           2993
            -174.819  235154           2601
            -174.819  956446           1081
            -174.819  701526           1057
            -174.819  568279           1580
            -174.819  696773           80
            -174.819  943486           2460
            -174.819  608496           4
            -174.819  600082           1008
            -174.819  699580           3190
            -174.819  977507           1716
            -174.819  529627           1542
            -174.819  364449           2239
            -174.819  264521           929
            -174.819  626891           32
            -174.819  694663           2278
            -174.819  804561           59
            -174.819  983830           1683
            -174.819  238331           1749
            -174.819  504861           1771
            -174.819  45696            1543
            -174.819  694303           282
            -174.819  256781           1448
            -174.819  768503           2806
            -174.819  365050           1835
            -174.819  63712            3771
            -174.819  891605           3611
            -174.819  172913           557
            -174.819  242970           1945
            -174.819  399071           1007
            -174.819  881652           2539
            -174.819  726025           1445
            -174.819  950120           3742
            -174.819  358688           1573
            -174.819  968256           3948
            -174.819  118438           601
            -174.819  978781           497
            -174.819  723096           1388
            -174.819  813351           1507
            -174.819  145042           2798
            -174.819  92764            2064
            -174.819  251341           3061
            -174.819  777492           972
            -174.819  308582           752
            -174.819  872737           3694
            -174.819  281558           184
            -174.819  494200           3372
            -174.819  44679            1591
            -174.819  242406           1207
            -174.819  784282           2479
            -174.819  867423           3084
            -174.819  576726           280
            -174.819  287107           864
            -174.819  502157           799
            -174.819  606078           1296
            -174.819  657909           2912
            -174.819  219197           3480
            -174.819  394609           1366
            -174.819  144257           3262
            -174.819  129198           1928
            -174.819  145786           2785
            -174.819  778331           1280
            -174.819  14000            1867
            -174.819  69405            3638
            -174.819  731610           1087
            -174.819  812494           2144
            -174.819  396921           2282
            -174.819  556697           3174
            -174.819  19271            3020
            -174.819  182318           1536
            -174.819  580405           286
            -174.819  906196           1758
            -174.819  354060           3887
            -174.819  693257           2733
            -174.819  415769           1149
            -174.819  51943            3006
            -174.819  104688           2107
            -174.819  743878           2402
            -174.819  570598           2839
            -174.819  124755           2194
            -174.819  622173           992
            -174.819  498962           3653
            -174.819  92355            1997
            -174.819  671390           814
            -174.819  592063           3453
            -174.819  770836           2614
            -174.819  228558           2496
            -174.819  707032           1229
            -174.819  137377           397
            -174.819  345070           114
            -174.819  690631           2169
            -174.819  360419           356
            -174.819  607072           717
            -174.819  258142           2049
            -174.819  201311           1995
            -174.819  690608           1800
            -174.819  941043           3148
            -174.819  950970           2963
            -174.819  294978           1100
            -174.819  486363           3937
            -174.819  802682           419
            -174.819  461687           833



THE BEST LOGLIKELIHOOD VALUE HAS BEEN REPLICATED.  RERUN WITH AT LEAST TWICE THE
RANDOM STARTS TO CHECK THAT THE BEST LOGLIKELIHOOD IS STILL OBTAINED AND REPLICATED.

     IN THE OPTIMIZATION, ONE OR MORE LOGIT THRESHOLDS APPROACHED EXTREME VALUES
     OF -15.000 AND 15.000 AND WERE FIXED TO STABILIZE MODEL ESTIMATION.  THESE
     VALUES IMPLY PROBABILITIES OF 0 AND 1.  IN THE MODEL RESULTS SECTION, THESE
     PARAMETERS HAVE 0 STANDARD ERRORS AND 999 IN THE Z-SCORE AND P-VALUE COLUMNS.




THE MODEL ESTIMATION TERMINATED NORMALLY



MODEL FIT INFORMATION

Number of Free Parameters                       17

Loglikelihood

          H0 Value                        -174.819
          H0 Scaling Correction Factor      1.0249
            for MLR

Information Criteria

          Akaike (AIC)                     383.637
          Bayesian (BIC)                   417.762
          Sample-Size Adjusted BIC         364.342
            (n* = (n + 2) / 24)

Chi-Square Test of Model Fit for the Binary and Ordered Categorical
(Ordinal) Outcomes

          Pearson Chi-Square

          Value                             53.945
          Degrees of Freedom                    90
          P-Value                           0.9991

          Likelihood Ratio Chi-Square

          Value                             41.677
          Degrees of Freedom                    90
          P-Value                           1.0000



FINAL CLASS COUNTS AND PROPORTIONS FOR THE LATENT CLASSES
BASED ON THE ESTIMATED MODEL

    Latent
   Classes

       1         24.24605          0.44084
       2         30.75395          0.55916


FINAL CLASS COUNTS AND PROPORTIONS FOR THE LATENT CLASSES
BASED ON ESTIMATED POSTERIOR PROBABILITIES

    Latent
   Classes

       1         24.24605          0.44084
       2         30.75395          0.55916


FINAL CLASS COUNTS AND PROPORTIONS FOR THE LATENT CLASSES
BASED ON THEIR MOST LIKELY LATENT CLASS MEMBERSHIP

Class Counts and Proportions

    Latent
   Classes

       1               24          0.43636
       2               31          0.56364


CLASSIFICATION QUALITY

     Entropy                         0.948


           Univariate Entropy
              LA_YN         SW_PCAT       DEL_YN        SW_TYPE       SW_POS3
              ________      ________      ________      ________      ________
                0.056         0.262         0.054         0.742         0.864


Classification Probabilities for the Most Likely Latent Class Membership (Column)
by Latent Class (Row)

           1        2

    1   0.976    0.024
    2   0.011    0.989


Logits for the Classification Probabilities for the Most Likely Latent Class Membership (Column)
by Latent Class (Row)

              1        2

    1      3.707    0.000
    2     -4.509    0.000


MODEL RESULTS

                                                    Two-Tailed
                    Estimate       S.E.  Est./S.E.    P-Value

Latent Class 1

 Thresholds
    LA_YN$1            0.587      0.431      1.361      0.174
    SW_PCAT$1         -3.146      1.024     -3.073      0.002
    SW_PCAT$2          0.076      0.421      0.179      0.858
    DEL_YN$1           0.902      0.498      1.811      0.070
    SW_TYPE$1        -15.000      0.000    999.000    999.000
    SW_TYPE$2         -0.938      0.503     -1.865      0.062
    SW_POS3$1        -15.000      0.000    999.000    999.000
    SW_POS3$2         -2.916      2.062     -1.414      0.157

Latent Class 2

 Thresholds
    LA_YN$1            1.807      0.545      3.319      0.001
    SW_PCAT$1         -0.730      0.421     -1.736      0.083
    SW_PCAT$2          3.093      1.116      2.772      0.006
    DEL_YN$1           2.225      0.620      3.589      0.000
    SW_TYPE$1          1.699      0.708      2.399      0.016
    SW_TYPE$2          3.965      2.376      1.669      0.095
    SW_POS3$1         -2.666      0.748     -3.565      0.000
    SW_POS3$2         15.000      0.000    999.000    999.000

Categorical Latent Variables

 Means
    CLASS#1           -0.238      0.317     -0.749      0.454


RESULTS IN PROBABILITY SCALE

Latent Class 1

 LA_YN
    Category 1         0.643      0.099      6.489      0.000
    Category 2         0.357      0.099      3.609      0.000
 SW_PCAT
    Category 1         0.041      0.040      1.019      0.308
    Category 2         0.478      0.106      4.506      0.000
    Category 3         0.481      0.105      4.574      0.000
 DEL_YN
    Category 1         0.711      0.102      6.956      0.000
    Category 2         0.289      0.102      2.823      0.005
 SW_TYPE
    Category 1         0.000      0.000      0.000      1.000
    Category 2         0.281      0.102      2.765      0.006
    Category 3         0.719      0.102      7.066      0.000
 SW_POS3
    Category 1         0.000      0.000      0.000      1.000
    Category 2         0.051      0.101      0.511      0.609
    Category 3         0.949      0.101      9.437      0.000

Latent Class 2

 LA_YN
    Category 1         0.859      0.066     13.028      0.000
    Category 2         0.141      0.066      2.138      0.033
 SW_PCAT
    Category 1         0.325      0.092      3.522      0.000
    Category 2         0.631      0.089      7.059      0.000
    Category 3         0.043      0.046      0.937      0.349
 DEL_YN
    Category 1         0.902      0.055     16.538      0.000
    Category 2         0.098      0.055      1.788      0.074
 SW_TYPE
    Category 1         0.845      0.093      9.134      0.000
    Category 2         0.136      0.072      1.883      0.060
    Category 3         0.019      0.043      0.429      0.668
 SW_POS3
    Category 1         0.065      0.045      1.431      0.153
    Category 2         0.935      0.045     20.567      0.000
    Category 3         0.000      0.000      0.000      1.000


LATENT CLASS ODDS RATIO RESULTS

                                         (Est. - 1) Two-Tailed
                    Estimate       S.E.     / S.E.    P-Value

Latent Class 1 Compared to Latent Class 2

 LA_YN
    Category > 1       3.389      2.419      0.988      0.323
 SW_PCAT
    Category > 1      11.201     12.555      0.812      0.417
    Category > 2      20.433     24.159      0.804      0.421
 DEL_YN
    Category > 1       3.755      3.109      0.886      0.376
 SW_TYPE
    Category > 1   *********      0.000    999.000    999.000
    Category > 2     134.673    303.858      0.440      0.660
 SW_POS3
    Category > 1   *********      0.000    999.000    999.000
    Category > 2   *********      0.000    999.000    999.000


QUALITY OF NUMERICAL RESULTS

     Condition Number for the Information Matrix              0.101E-01
       (ratio of smallest to largest eigenvalue)


MODEL COMMAND WITH FINAL ESTIMATES USED AS STARTING VALUES

     %OVERALL%

     [ class#1*-0.23776 ];

     %CLASS#1%

     [ la_yn$1*0.58676 ];
     [ sw_pcat$1*-3.14614 ];
     [ sw_pcat$2*0.07559 ];
     [ del_yn$1*0.90167 ];
     [ sw_type$1*-15 ];
     [ sw_type$2*-0.93835 ];
     [ sw_pos3$1*-15 ];
     [ sw_pos3$2*-2.91551 ];

     %CLASS#2%

     [ la_yn$1*1.80737 ];
     [ sw_pcat$1*-0.73015 ];
     [ sw_pcat$2*3.09274 ];
     [ del_yn$1*2.22477 ];
     [ sw_type$1*1.69912 ];
     [ sw_type$2*3.96450 ];
     [ sw_pos3$1*-2.66563 ];
     [ sw_pos3$2*15 ];



TECHNICAL 1 OUTPUT


     PARAMETER SPECIFICATION FOR LATENT CLASS 1


     PARAMETER SPECIFICATION FOR LATENT CLASS 2


     PARAMETER SPECIFICATION FOR LATENT CLASS INDICATOR MODEL PART


           TAU(U) FOR LATENT CLASS 1
              LA_YN$1       SW_PCAT$      SW_PCAT$      DEL_YN$1      SW_TYPE$
              ________      ________      ________      ________      ________
                    1             2             3             4             5


           TAU(U) FOR LATENT CLASS 1
              SW_TYPE$      SW_POS3$      SW_POS3$
              ________      ________      ________
                    6             7             8


           TAU(U) FOR LATENT CLASS 2
              LA_YN$1       SW_PCAT$      SW_PCAT$      DEL_YN$1      SW_TYPE$
              ________      ________      ________      ________      ________
                    9            10            11            12            13


           TAU(U) FOR LATENT CLASS 2
              SW_TYPE$      SW_POS3$      SW_POS3$
              ________      ________      ________
                   14            15            16


     PARAMETER SPECIFICATION FOR LATENT CLASS REGRESSION MODEL PART


           ALPHA(C)
              CLASS#1       CLASS#2
              ________      ________
                   17             0


     STARTING VALUES FOR LATENT CLASS 1


     STARTING VALUES FOR LATENT CLASS 2


     STARTING VALUES FOR LATENT CLASS INDICATOR MODEL PART


           TAU(U) FOR LATENT CLASS 1
              LA_YN$1       SW_PCAT$      SW_PCAT$      DEL_YN$1      SW_TYPE$
              ________      ________      ________      ________      ________
                0.173        -2.386         0.173         0.504        -1.109


           TAU(U) FOR LATENT CLASS 1
              SW_TYPE$      SW_POS3$      SW_POS3$
              ________      ________      ________
               -0.279        -4.277        -0.670


           TAU(U) FOR LATENT CLASS 2
              LA_YN$1       SW_PCAT$      SW_PCAT$      DEL_YN$1      SW_TYPE$
              ________      ________      ________      ________      ________
                2.173        -0.386         2.173         2.504         0.891


           TAU(U) FOR LATENT CLASS 2
              SW_TYPE$      SW_POS3$      SW_POS3$
              ________      ________      ________
                1.721        -2.277         1.330


     STARTING VALUES FOR LATENT CLASS REGRESSION MODEL PART


           ALPHA(C)
              CLASS#1       CLASS#2
              ________      ________
                0.000         0.000


TECHNICAL 4 OUTPUT


PLOT INFORMATION

The following plots are available:

  Histograms (sample values)
  Scatterplots (sample values)
  Sample proportions and estimated probabilities

SAVEDATA INFORMATION


  Save file
    LCA_sw_detailed_model4_lca_2.dat SAVE = cprobabilites bchweights

  Order and format of variables

    LA_YN          F10.3
    SW_PCAT        F10.3
    DEL_YN         F10.3
    SW_TYPE        F10.3
    SW_POS3        F10.3
    TS_YN          F10.3
    CA_YN          F10.3
    SW_BR          F10.3
    SW_GR          F10.3
    SW_EF          F10.3
    TS_PAIR        F10.3
    LA_PAIR        F10.3
    SW_PAIR        F10.3
    CPROB1         F10.3
    CPROB2         F10.3
    CLASS          F10.3
    ID             I4

  Save file format
    16F10.3 I4

  Save file record length    10000


     Beginning Time:  20:59:01
        Ending Time:  20:59:03
       Elapsed Time:  00:00:02



MUTHEN & MUTHEN
3463 Stoner Ave.
Los Angeles, CA  90066

Tel: (310) 391-9971
Fax: (310) 391-8971
Web: www.StatModel.com
Support: Support@StatModel.com

Copyright (c) 1998-2019 Muthen & Muthen
