Mplus VERSION 8.4 (Mac)
MUTHEN & MUTHEN
05/16/2025   1:52 PM

INPUT INSTRUCTIONS


  TITLE: LCA_minimal4 classes
  DATA: FILE IS LCA_minimal_model2_lca.dat;

  VARIABLE:
  NAMES = id TS_YN LA_YN DEL_YN CA_YN SW_type SW_pos3 SW_BR SW_GR SW_EF TS_PAIR
       LA_PAIR SW_PAIR SW_pcat;
  IDVARIABLE = id;
  USEVARIABLES = LA_YN DEL_YN SW_type CA_YN;
  CATEGORICAL = LA_YN DEL_YN SW_type CA_YN;
  AUXILIARY = TS_YN SW_pos3 SW_BR SW_GR SW_EF TS_PAIR LA_PAIR SW_PAIR SW_pcat;
  MISSING = .;
  CLASSES = class (4);


  ANALYSIS:
  TYPE = MIXTURE;
  PROCESSORS = 12;
  STITERATIONS = 800;
  STARTS = 4000 800;

  OUTPUT:
  SVALUES ENTROPY TECH1 TECH4;
  PLOT: TYPE=PLOT1 PLOT2 PLOT3;
  SAVEDATA:
  FILE IS LCA_minimal_model2_lca_4.dat
  SAVE = cprobabilites bchweights;



INPUT READING TERMINATED NORMALLY



LCA_minimal4 classes

SUMMARY OF ANALYSIS

Number of groups                                                 1
Number of observations                                          55

Number of dependent variables                                    4
Number of independent variables                                  0
Number of continuous latent variables                            0
Number of categorical latent variables                           1

Observed dependent variables

  Binary and ordered categorical (ordinal)
   LA_YN       DEL_YN      SW_TYPE     CA_YN

Observed auxiliary variables
   TS_YN       SW_POS3     SW_BR       SW_GR       SW_EF       TS_PAIR
   LA_PAIR     SW_PAIR     SW_PCAT

Categorical latent variables
   CLASS

Variables with special functions

  ID variable           ID

Estimator                                                      MLR
Information matrix                                        OBSERVED
Optimization Specifications for the Quasi-Newton Algorithm for
Continuous Outcomes
  Maximum number of iterations                                 100
  Convergence criterion                                  0.100D-05
Optimization Specifications for the EM Algorithm
  Maximum number of iterations                                 500
  Convergence criteria
    Loglikelihood change                                 0.100D-06
    Relative loglikelihood change                        0.100D-06
    Derivative                                           0.100D-05
Optimization Specifications for the M step of the EM Algorithm for
Categorical Latent variables
  Number of M step iterations                                    1
  M step convergence criterion                           0.100D-05
  Basis for M step termination                           ITERATION
Optimization Specifications for the M step of the EM Algorithm for
Censored, Binary or Ordered Categorical (Ordinal), Unordered
Categorical (Nominal) and Count Outcomes
  Number of M step iterations                                    1
  M step convergence criterion                           0.100D-05
  Basis for M step termination                           ITERATION
  Maximum value for logit thresholds                            15
  Minimum value for logit thresholds                           -15
  Minimum expected cell size for chi-square              0.100D-01
Maximum number of iterations for H1                           2000
Convergence criterion for H1                             0.100D-03
Optimization algorithm                                         EMA
Random Starts Specifications
  Number of initial stage random starts                       4000
  Number of final stage optimizations                          800
  Number of initial stage iterations                           800
  Initial stage convergence criterion                    0.100D+01
  Random starts scale                                    0.500D+01
  Random seed for generating random starts                       0
Link                                                         LOGIT

Input data file(s)
  LCA_minimal_model2_lca.dat
Input data format  FREE


SUMMARY OF DATA

     Number of missing data patterns             1
     Number of y missing data patterns           0
     Number of u missing data patterns           1


COVARIANCE COVERAGE OF DATA

Minimum covariance coverage value   0.100


UNIVARIATE PROPORTIONS AND COUNTS FOR CATEGORICAL VARIABLES

    LA_YN
      Category 1    0.764           42.000
      Category 2    0.236           13.000
    DEL_YN
      Category 1    0.818           45.000
      Category 2    0.182           10.000
    SW_TYPE
      Category 1    0.473           26.000
      Category 2    0.200           11.000
      Category 3    0.327           18.000
    CA_YN
      Category 1    0.582           32.000
      Category 2    0.418           23.000


RANDOM STARTS RESULTS RANKED FROM THE BEST TO THE WORST LOGLIKELIHOOD VALUES

Final stage loglikelihood values at local maxima, seeds, and initial stage start numbers:

            -117.051  797955           1161
            -117.051  286505           2416
            -117.051  944169           2786
            -117.051  883576           3118
            -117.051  137767           3361
            -117.051  572342           1848
            -117.051  208797           931
            -117.051  900041           3785
            -117.051  610340           2272
            -117.051  742688           594
            -117.051  300844           1405
            -117.051  323788           3307
            -117.051  677338           3640
            -117.051  485264           3681
            -117.051  129198           1928
            -117.051  260601           36
            -117.051  963053           43
            -117.051  551639           55
            -117.051  570782           193
            -117.051  432148           30
            -117.051  17896            592
            -117.051  964389           1223
            -117.051  997423           2447
            -117.051  614032           1226
            -117.051  442072           625
            -117.051  839460           2507
            -117.051  282261           1274
            -117.051  333642           2555
            -117.051  204959           695
            -117.051  209869           2861
            -117.051  374171           2920
            -117.051  277422           1485
            -117.051  334092           2974
            -117.051  326091           759
            -117.051  797381           3063
            -117.051  775881           778
            -117.051  958107           790
            -117.051  512048           3172
            -117.051  737045           1638
            -117.051  914505           838
            -117.051  291063           3501
            -117.051  978555           3508
            -117.051  361694           1834
            -117.051  590437           3699
            -117.051  374630           1869
            -117.051  242560           3868
            -117.051  804821           3936
            -117.051  79902            3971
            -117.051  570908           98
            -117.051  418284           2080
            -117.051  932458           1132
            -117.051  753046           2550
            -117.051  770425           2577
            -117.051  182461           1346
            -117.051  808328           2717
            -117.051  505879           424
            -117.051  109920           1729
            -117.051  53621            483
            -117.051  978061           488
            -117.051  635483           2083
            -117.051  420322           1165
            -117.051  508457           1649
            -117.051  932529           1013
            -117.051  206646           2156
            -117.051  34050            2235
            -117.051  865693           1380
            -117.051  3307             735
            -117.051  122612           3055
            -117.051  700298           1555
            -117.051  417713           3222
            -117.051  172699           1626
            -117.051  561546           3277
            -117.051  752148           822
            -117.051  488342           3656
            -117.051  187594           3708
            -117.051  480649           1900
            -117.051  640602           2778
            -117.051  526230           1589
            -117.051  945490           3300
            -117.051  839912           3360
            -117.051  473343           844
            -117.051  414672           3872
            -117.051  348892           1010
            -117.051  297518           166
            -117.051  970689           266
            -117.051  529496           343
            -117.051  979084           2837
            -117.051  813954           2931
            -117.051  726744           939
            -117.051  83866            1034
            -117.051  802015           2527
            -117.051  155898           2551
            -117.051  574412           679
            -117.051  318177           748
            -117.051  921550           3934
            -117.051  967588           1495
            -117.051  783102           433
            -117.051  286732           2637
            -117.051  983830           1683
            -117.051  634888           3641
            -117.051  842595           3834
            -117.051  913007           3017
            -117.051  443442           380
            -117.051  510814           3219
            -117.051  966924           3444
            -117.051  570510           3556
            -117.051  108148           3981
            -117.051  303634           169
            -117.051  410512           1282
            -117.051  319298           1375
            -117.051  626264           3014
            -117.051  95624            1605
            -117.051  975502           3403
            -117.051  344904           1814
            -117.051  458181           189
            -117.051  60464            2254
            -117.051  290168           2423
            -117.051  302046           863
            -117.051  417035           149
            -117.051  931874           141
            -117.051  95308            2618
            -117.051  449258           1356
            -117.051  677825           3273
            -117.051  656604           3909
            -117.051  784282           2479
            -117.051  319144           176
            -117.051  915628           2059
            -117.051  897272           1239
            -117.051  387401           1482
            -117.051  923160           3652
            -117.051  84233            2134
            -117.051  146900           391
            -117.051  883688           1197
            -117.051  811592           2827
            -117.051  718336           2280
            -117.051  555550           3380
            -117.051  470570           3598
            -117.051  789564           2275
            -117.051  917184           1337
            -117.051  722748           346
            -117.051  451258           848
            -117.051  404917           1338
            -117.051  362529           2736
            -117.051  491386           1787
            -117.051  991329           182
            -117.051  97243            2810
            -117.051  605358           321
            -117.051  80226            3041
            -117.051  128045           1614
            -117.051  36642            2509
            -117.051  555330           1400
            -117.051  340820           3622
            -117.051  340112           126
            -117.051  83354            2478
            -117.051  66600            3186
            -117.051  164804           3420
            -117.051  536075           2726
            -117.051  109208           2938
            -117.051  680987           1926
            -117.051  943158           3059
            -117.051  349263           263
            -117.051  997836           1208
            -117.051  167280           3238
            -117.051  663090           906
            -117.051  873488           2965
            -117.051  216330           2607
            -117.051  903420           5
            -117.051  109260           3563
            -117.051  289148           1092
            -117.051  734946           3847
            -117.051  79196            3069
            -117.051  502532           445
            -117.051  163519           2441
            -117.051  612601           3658
            -117.051  420002           2011
            -117.051  293259           3614
            -117.051  484501           163
            -117.051  303304           2450
            -117.051  165268           2436
            -117.051  946002           3601
            -117.051  618000           190
            -117.051  294948           1999
            -117.051  108961           3714
            -117.051  738551           1214
            -117.051  531668           1271
            -117.051  165822           1803
            -117.051  422103           62
            -117.051  351622           551
            -117.051  679890           2703
            -117.051  251680           794
            -117.051  748692           204
            -117.051  651651           2656
            -117.051  782765           3859
            -117.051  961908           3194
            -117.051  400937           1152
            -117.051  570681           777
            -117.051  37570            3925
            -117.051  170194           1653
            -117.051  719798           1678
            -117.051  725670           3837
            -117.051  312061           2184
            -117.051  88140            1089
            -117.051  453384           1545
            -117.051  110721           3526
            -117.051  371737           532
            -117.051  971278           2094
            -117.051  78862            529
            -117.051  294661           3963
            -117.051  184656           1978
            -117.051  478341           731
            -117.051  924828           1389
            -117.051  794426           3076
            -117.051  506886           576
            -117.051  460521           1032
            -117.051  435506           988
            -117.051  446528           3538
            -117.051  800560           2088
            -117.051  869158           2807
            -117.051  457623           2246
            -117.051  6357             3952
            -117.051  244349           736
            -117.051  690314           1128
            -117.051  398480           3596
            -117.051  233596           2477
            -117.051  401245           1929
            -117.051  401483           2287
            -117.051  534864           307
            -117.051  392602           2487
            -117.051  295033           1052
            -117.051  318388           2196
            -117.051  179079           3958
            -117.051  311484           1135
            -117.051  570738           2306
            -117.051  235356           2878
            -117.051  998744           2367
            -117.051  7195             697
            -117.051  931959           2026
            -117.051  932615           2665
            -117.051  777529           3477
            -117.051  20194            2757
            -117.051  968846           970
            -117.051  960766           3046
            -117.051  382383           3589
            -117.051  314034           513
            -117.051  889774           954
            -117.051  888626           3959
            -117.051  63236            2258
            -117.051  488814           3170
            -117.051  910224           580
            -117.051  854613           3023
            -117.051  952886           3428
            -117.051  27690            2347
            -117.051  746057           3003
            -117.051  849285           3864
            -117.051  892537           2957
            -117.051  575089           2980
            -117.051  850506           2759
            -117.051  429802           3983
            -117.051  622290           880
            -117.051  297994           3862
            -117.051  262022           1467
            -117.051  635964           2225
            -117.051  509060           1548
            -117.051  182163           1264
            -117.051  961454           665
            -117.051  14000            1867
            -117.051  110389           3178
            -117.051  856737           1241
            -117.051  443741           1236
            -117.051  314015           3517
            -117.051  697866           1018
            -117.051  450181           2760
            -117.051  424818           2756
            -117.051  269910           1861
            -117.051  512316           2238
            -117.051  987012           1067
            -117.051  163110           584
            -117.051  96362            1801
            -117.051  386915           2902
            -117.051  518472           2020
            -117.051  918558           412
            -117.051  638611           524
            -117.051  446548           3875
            -117.051  582296           452
            -117.051  835162           1038
            -117.051  699748           1120
            -117.051  887676           22
            -117.051  779882           1012
            -117.051  11984            934
            -117.051  618760           489
            -117.051  603244           3534
            -117.051  791614           1852
            -117.051  564016           1646
            -117.051  891531           206
            -117.051  969468           2674
            -117.051  188944           3585
            -117.051  87366            2501
            -117.051  742450           2853
            -117.051  568475           3159
            -117.051  612578           1512
            -117.051  590471           2534
            -117.051  770836           2614
            -117.051  179130           2197
            -117.051  149046           1755
            -117.051  702409           1227
            -117.051  457017           1762
            -117.051  386373           2504
            -117.051  824026           2867
            -117.051  611668           3776
            -117.051  247610           2039
            -117.051  442672           1799
            -117.051  970402           3502
            -117.051  767845           2297
            -117.051  925004           1583
            -117.051  545756           1056
            -117.051  821206           1840
            -117.051  376411           473
            -117.051  234198           2548
            -117.051  708709           2603
            -117.051  300741           3010
            -117.051  897910           1878
            -117.051  992389           77
            -117.051  399194           3430
            -117.051  442512           2468
            -117.051  731610           1087
            -117.051  794236           127
            -117.051  81117            305
            -117.051  817779           2376
            -117.051  679448           937
            -117.051  809240           543
            -117.051  674786           1496
            -117.051  623120           1114
            -117.051  790059           469
            -117.051  327140           678
            -117.051  421606           2526
            -117.051  411615           171
            -117.051  238736           3820
            -117.051  442653           2553
            -117.051  442158           2644
            -117.051  293820           1279
            -117.051  991399           1433
            -117.051  762461           425
            -117.051  514266           3692
            -117.051  459780           3519
            -117.051  661290           1376
            -117.051  262320           1744
            -117.051  358074           560
            -117.051  728986           3580
            -117.051  212934           568
            -117.051  289415           1086
            -117.051  952712           2780
            -117.051  848331           137
            -117.051  910097           1031
            -117.051  142946           1612
            -117.051  518162           1611
            -117.051  79212            517
            -117.051  661264           1181
            -117.051  713348           2976
            -117.051  68985            17
            -117.051  462953           7
            -117.051  921023           782
            -117.051  502974           1998
            -117.051  638977           643
            -117.051  728038           177
            -117.067  139941           3271
            -117.373  66276            217
            -117.373  89970            223
            -117.373  175239           2208
            -117.373  359127           2337
            -117.373  780698           337
            -117.373  178181           753
            -117.373  246794           801
            -117.373  518896           3970
            -117.373  75718            1987
            -117.373  723775           97
            -117.373  106561           686
            -117.373  711046           3445
            -117.373  708150           2160
            -117.373  947659           2351
            -117.373  11122            2523
            -117.373  392260           1526
            -117.373  440368           797
            -117.373  935459           2474
            -117.373  111494           3075
            -117.373  780726           1270
            -117.373  944186           541
            -117.373  505244           582
            -117.373  194143           510
            -117.373  570388           2819
            -117.373  22075            659
            -117.373  610396           2429
            -117.373  985325           1890
            -117.373  868112           1484
            -117.373  203143           2675
            -117.373  131919           2755
            -117.373  536017           2977
            -117.373  576596           99
            -117.373  630121           3187
            -117.373  493368           2483
            -117.373  716642           3151
            -117.373  553174           2033
            -117.373  157736           1524
            -117.373  386235           3950
            -117.373  496710           386
            -117.373  496881           192
            -117.373  111066           1509
            -117.373  190781           2095
            -117.373  856347           1927
            -117.373  979450           913
            -117.373  890949           3997
            -117.373  670915           2568
            -117.373  524214           2775
            -117.373  893448           3352
            -117.373  398067           1759
            -117.373  570598           2839
            -117.373  508123           3732
            -117.373  956446           1081
            -117.373  950970           2963
            -117.373  766903           505
            -117.373  802928           892
            -117.373  97223            1146
            -117.373  420643           1224
            -117.373  196948           1465
            -117.373  364901           2873
            -117.373  764609           3667
            -117.373  155622           507
            -117.373  246575           291
            -117.373  908483           2331
            -117.373  269990           3326
            -117.373  505082           1993
            -117.373  819932           2180
            -117.373  100874           108
            -117.373  57148            1561
            -117.373  671703           3340
            -117.373  554395           2195
            -117.373  59674            240
            -117.373  569338           755
            -117.446  149357           1743
            -117.446  789985           67
            -117.446  264903           1045
            -117.446  766582           2737
            -117.446  142853           3228
            -117.446  645664           39
            -117.446  250807           2881
            -117.446  338967           3256
            -117.446  619846           3528
            -117.446  318596           3710
            -117.446  528938           1898
            -117.446  415502           194
            -117.446  814305           2301
            -117.446  554483           1182
            -117.446  462228           298
            -117.446  299977           956
            -117.446  344422           296
            -117.446  757590           2804
            -117.446  207228           2805
            -117.446  496792           3210
            -117.446  605367           3672
            -117.446  507885           2157
            -117.446  115929           1991
            -117.446  360419           356
            -117.446  626277           1510
            -117.446  81233            825
            -117.446  338892           1432
            -117.446  216091           1670
            -117.446  389631           2986
            -117.446  346843           1316
            -117.446  563002           360
            -117.446  926797           406
            -117.446  274000           3607
            -117.446  700270           855
            -117.446  861335           2170
            -117.446  860541           1191
            -117.446  461409           1310
            -117.446  907224           2950
            -117.446  783110           72
            -117.446  140849           515
            -117.446  287787           1630
            -117.446  925186           1332
            -117.446  275366           3912
            -117.446  266038           672
            -117.446  601383           2743
            -117.446  217759           1711
            -117.446  943486           2460
            -117.446  20625            2636
            -117.446  860732           2774
            -117.446  486363           3937
            -117.446  908276           2917
            -117.446  574727           1437
            -117.446  168382           2296
            -117.446  754100           56
            -117.446  460747           2274
            -117.446  65917            3572
            -117.446  879211           453
            -117.446  370434           1832
            -117.446  212241           3466
            -117.446  933600           1661
            -117.446  393147           2109
            -117.446  399097           3921
            -117.446  271100           3066
            -117.446  26649            3706
            -117.446  726973           2138
            -117.446  718593           3083
            -117.446  710833           1179
            -117.446  576960           3456
            -117.446  88388            1527
            -117.446  843933           3832
            -117.446  242319           2616
            -117.446  914193           1411
            -117.446  260147           3064
            -117.446  586619           1837
            -117.446  258756           2111
            -117.446  790297           1883
            -117.446  100595           1766
            -117.446  999211           628
            -117.446  816435           914
            -117.446  903246           3176
            -117.446  694303           282
            -117.446  404870           2452
            -117.446  115671           1300
            -117.446  455617           242
            -117.446  820170           1944
            -117.446  383979           603
            -117.446  91793            2862
            -117.446  622896           1385
            -117.446  741484           441
            -117.446  195981           3849
            -117.505  805935           615
            -117.505  101331           2582
            -117.505  224806           3213
            -117.505  320864           2078
            -117.505  124755           2194
            -117.505  374756           3154
            -117.505  474357           789
            -117.505  188498           258
            -117.505  306768           978
            -117.505  441191           361
            -117.505  942094           3139
            -117.505  733490           2834
            -117.505  891041           1811
            -117.505  848382           3790
            -117.505  90218            1932
            -117.505  856950           3684
            -117.505  732319           1430
            -117.505  736705           3319
            -117.505  480675           1112
            -117.505  913726           3668
            -117.505  622607           2735
            -117.505  103653           3821
            -117.505  203592           3162
            -117.505  931841           2724
            -117.505  980970           894
            -117.505  941497           1317
            -117.505  85839            1099
            -117.505  105748           2129
            -117.505  276102           599
            -117.505  706042           1129
            -117.505  85734            411
            -117.505  269688           3911
            -117.505  941205           3741
            -117.505  777045           377
            -117.505  534483           290
            -117.505  258142           2049
            -117.505  863094           147
            -117.505  94573            983
            -117.505  273992           349
            -117.505  883355           2140
            -117.505  234114           1312
            -117.505  703313           1415
            -117.505  747511           3236
            -117.505  820604           2421
            -117.505  470466           3642
            -117.505  834485           2486
            -117.505  250631           2013
            -117.505  343070           2643
            -117.505  238176           3876
            -117.505  957066           3332
            -117.505  471040           403
            -117.582  953003           1478
            -117.582  897249           2237
            -117.716  245006           2458
            -117.731  303959           1063
            -117.731  884939           3629
            -117.731  659319           2888
            -117.731  266340           683
            -117.731  568973           3758
            -117.731  347515           24
            -117.731  512403           719
            -117.731  664045           3406
            -117.731  284109           82
            -117.731  708207           1158
            -117.731  628628           3021
            -117.731  72387            3203
            -117.731  809593           3329
            -117.731  657861           3779
            -117.731  611687           1933
            -117.731  379729           512
            -117.731  117587           572
            -117.731  356754           1372
            -117.731  845197           1456
            -117.731  496344           808
            -117.731  265927           3685
            -117.731  76451            211
            -117.731  857751           3415
            -117.731  677447           3499
            -117.731  122167           2706
            -117.731  977800           853
            -117.731  613319           2008
            -117.731  876370           2855
            -117.731  245560           3341
            -117.731  886510           3906
            -117.731  602960           2226
            -117.731  798821           423
            -117.731  608208           1931
            -117.731  852387           3269
            -117.731  70157            1858
            -117.731  210139           991
            -117.731  14253            1252
            -117.731  178369           2546
            -117.731  112586           494
            -117.731  422856           1676
            -117.731  517379           3644
            -117.731  911681           3100
            -117.731  941043           3148
            -117.731  372635           2849
            -117.731  82711            2181
            -117.731  761714           3799
            -117.731  480046           2484
            -117.731  214681           824
            -117.731  77571            980
            -117.731  600202           1115
            -117.731  51296            3485
            -117.731  30098            209
            -117.731  724863           2266
            -117.731  304444           3594
            -117.731  131921           3841
            -117.731  860940           1797
            -117.731  404510           442
            -117.731  229744           1096
            -117.731  520685           2084
            -117.731  438792           1525
            -117.731  121729           3011
            -117.731  423665           3152
            -117.731  347886           1463
            -117.731  338064           3691
            -117.731  415538           1196
            -117.731  189463           1961
            -117.731  414306           3547
            -117.731  456213           160
            -117.731  481060           2424
            -117.731  591227           2455
            -117.731  662983           666
            -117.731  475419           987
            -117.731  47719            962
            -117.731  199051           3709
            -117.731  622173           992
            -117.731  262076           2015
            -117.731  444166           1443
            -117.731  906835           2994
            -117.731  626208           698
            -117.731  107362           2928
            -117.731  307085           3659
            -117.731  659832           754
            -117.731  660368           2570
            -117.731  888905           444
            -117.731  717754           180
            -117.731  427987           3284
            -117.731  772315           1958
            -117.731  331259           1947
            -117.731  763867           2897
            -117.731  28983            1574
            -117.731  403287           1558
            -117.731  580539           786
            -117.731  409669           3746
            -117.731  634333           1648
            -117.731  692399           3763
            -117.731  720994           1531
            -117.731  723035           538
            -117.731  697923           1431
            -117.731  958973           3486
            -117.731  578623           1849
            -117.731  426364           1325
            -117.731  908201           2317
            -117.731  350191           2671
            -117.731  897782           545
            -117.731  851200           1479
            -117.731  315131           2401
            -117.731  885995           3469
            -117.732  659008           3762
            -117.732  495995           1745
            -117.761  64791            3208
            -117.761  727375           3649
            -118.012  241197           747
            -118.012  990598           3810
            -118.012  79890            1413
            -118.012  259161           2229
            -118.012  737601           891
            -118.012  692531           2838
            -118.012  357077           3007
            -118.012  919335           3253
            -118.012  78393            2723
            -118.012  851553           3675
            -118.012  406734           2605
            -118.012  865575           2077
            -118.012  61127            2044
            -118.012  206705           3822
            -118.012  309989           2428
            -118.012  817593           2682
            -118.012  460630           3542
            -118.013  307843           664
            -118.013  146857           1673
            -118.034  840623           2872
            -118.034  584397           428
            -118.034  316165           299
            -118.034  321363           1095
            -118.034  530291           2488
            -118.034  328661           813
            -118.034  274385           3368
            -118.034  990491           1709
            -118.034  519119           1753
            -118.034  838535           3612
            -118.034  147165           3806
            -118.034  470339           3829
            -118.034  668293           2023
            -118.034  354208           196
            -118.034  483431           2433
            -118.034  778331           1280
            -118.034  568556           1314
            -118.034  708047           1519
            -118.034  569777           3200
            -118.034  399539           3218
            -118.034  903141           3435
            -118.034  331689           1872
            -118.034  938661           2227
            -118.034  387223           2750
            -118.034  76107            1822
            -118.034  93468            3
            -118.034  691544           2183
            -118.034  659147           2499
            -118.034  224950           455
            -118.034  690985           2271
            -118.034  202864           2975
            -118.034  642008           1894
            -118.034  309881           2153
            -118.034  826132           2518
            -118.034  153153           1763
            -118.034  853439           1671
            -118.034  291388           2571
            -118.034  953684           3243
            -118.034  804111           1775
            -118.034  758437           2017
            -118.034  779009           1458
            -118.034  545140           278
            -118.034  838615           677
            -118.034  35478            2103
            -118.034  51943            3006
            -118.034  818326           3401
            -118.034  685155           1761
            -118.034  900921           984
            -118.034  89016            1428
            -118.034  427062           3411
            -118.034  494115           2634
            -118.034  676616           3348
            -118.034  75643            3024
            -118.034  252175           1520
            -118.034  558208           1403
            -118.034  284716           713
            -118.034  942848           852
            -118.034  104055           3224
            -118.034  746487           3711
            -118.034  28652            3828
            -118.034  686384           690
            -118.034  672643           1085
            -118.034  369925           2293
            -118.034  648555           113
            -118.034  497801           3241
            -118.034  148079           1773
            -118.034  464143           3302
            -118.034  857122           889
            -118.034  843278           3660
            -118.034  175767           3362
            -118.034  474350           2384
            -118.034  467339           66
            -118.034  920007           3643
            -118.034  229573           3800
            -118.034  797594           234
            -118.034  733775           2617
            -118.034  125089           1730
            -118.034  690012           2686
            -118.034  181598           2325
            -118.034  476995           2783
            -118.034  182318           1536
            -118.034  472001           1791
            -118.034  720085           3423
            -118.034  529627           1542
            -118.034  180889           920
            -118.034  829540           324
            -118.034  550871           1037
            -118.034  15150            3087
            -118.034  125763           1942



THE BEST LOGLIKELIHOOD VALUE HAS BEEN REPLICATED.  RERUN WITH AT LEAST TWICE THE
RANDOM STARTS TO CHECK THAT THE BEST LOGLIKELIHOOD IS STILL OBTAINED AND REPLICATED.

     IN THE OPTIMIZATION, ONE OR MORE LOGIT THRESHOLDS APPROACHED EXTREME VALUES
     OF -15.000 AND 15.000 AND WERE FIXED TO STABILIZE MODEL ESTIMATION.  THESE
     VALUES IMPLY PROBABILITIES OF 0 AND 1.  IN THE MODEL RESULTS SECTION, THESE
     PARAMETERS HAVE 0 STANDARD ERRORS AND 999 IN THE Z-SCORE AND P-VALUE COLUMNS.




THE MODEL ESTIMATION TERMINATED NORMALLY



MODEL FIT INFORMATION

Number of Free Parameters                       23

Loglikelihood

          H0 Value                        -117.051
          H0 Scaling Correction Factor      1.0000
            for MLR

Information Criteria

          Akaike (AIC)                     280.103
          Bayesian (BIC)                   326.271
          Sample-Size Adjusted BIC         253.998
            (n* = (n + 2) / 24)

Chi-Square Test of Model Fit for the Binary and Ordered Categorical
(Ordinal) Outcomes

          Pearson Chi-Square

          Value                              0.333
          Degrees of Freedom                     0
          P-Value                           0.0000

          Likelihood Ratio Chi-Square

          Value                              0.453
          Degrees of Freedom                     0
          P-Value                           0.0000



FINAL CLASS COUNTS AND PROPORTIONS FOR THE LATENT CLASSES
BASED ON THE ESTIMATED MODEL

    Latent
   Classes

       1          7.80000          0.14182
       2         29.00000          0.52727
       3         15.20000          0.27636
       4          2.99999          0.05455


FINAL CLASS COUNTS AND PROPORTIONS FOR THE LATENT CLASSES
BASED ON ESTIMATED POSTERIOR PROBABILITIES

    Latent
   Classes

       1          7.80000          0.14182
       2         29.00000          0.52727
       3         15.20000          0.27636
       4          2.99999          0.05455


FINAL CLASS COUNTS AND PROPORTIONS FOR THE LATENT CLASSES
BASED ON THEIR MOST LIKELY LATENT CLASS MEMBERSHIP

Class Counts and Proportions

    Latent
   Classes

       1                6          0.10909
       2               29          0.52727
       3               17          0.30909
       4                3          0.05455


CLASSIFICATION QUALITY

     Entropy                         0.943


           Univariate Entropy
              LA_YN         DEL_YN        SW_TYPE       CA_YN
              ________      ________      ________      ________
                0.265         0.350         0.653         0.676


Classification Probabilities for the Most Likely Latent Class Membership (Column)
by Latent Class (Row)

           1        2        3        4

    1   0.769    0.000    0.231    0.000
    2   0.000    1.000    0.000    0.000
    3   0.000    0.000    1.000    0.000
    4   0.000    0.000    0.000    1.000


Logits for the Classification Probabilities for the Most Likely Latent Class Membership (Column)
by Latent Class (Row)

              1        2        3        4

    1     13.553    0.000   12.349    0.000
    2      0.000   13.816    0.000    0.000
    3      0.000    0.000   13.816    0.000
    4    -13.816  -13.816  -13.816    0.000


MODEL RESULTS

                                                    Two-Tailed
                    Estimate       S.E.  Est./S.E.    P-Value

Latent Class 1

 Thresholds
    LA_YN$1           15.000      0.000    999.000    999.000
    DEL_YN$1           1.609      1.095      1.469      0.142
    SW_TYPE$1        -15.000      0.000    999.000    999.000
    SW_TYPE$2          1.204      5.083      0.237      0.813
    CA_YN$1          -15.000      0.000    999.000    999.000

Latent Class 2

 Thresholds
    LA_YN$1            1.833      0.539      3.403      0.001
    DEL_YN$1          15.000      0.000    999.000    999.000
    SW_TYPE$1          1.344      0.458      2.931      0.003
    SW_TYPE$2          3.332      1.018      3.274      0.001
    CA_YN$1           15.000      0.000    999.000    999.000

Latent Class 3

 Thresholds
    LA_YN$1           -0.105      1.354     -0.078      0.938
    DEL_YN$1           0.511      0.730      0.699      0.484
    SW_TYPE$1        -15.000      0.000    999.000    999.000
    SW_TYPE$2        -15.000      0.000    999.000    999.000
    CA_YN$1          -15.000      0.000    999.000    999.000

Latent Class 4

 Thresholds
    LA_YN$1            0.693      1.225      0.566      0.571
    DEL_YN$1         -15.000      0.000    999.000    999.000
    SW_TYPE$1         15.000      0.000    999.000    999.000
    SW_TYPE$2         15.000      0.000    999.000    999.000
    CA_YN$1           15.000      0.000    999.000    999.000

Categorical Latent Variables

 Means
    CLASS#1            0.956      1.341      0.712      0.476
    CLASS#2            2.269      0.606      3.741      0.000
    CLASS#3            1.623      0.867      1.872      0.061


RESULTS IN PROBABILITY SCALE

Latent Class 1

 LA_YN
    Category 1         1.000      0.000      0.000      1.000
    Category 2         0.000      0.000      0.000      1.000
 DEL_YN
    Category 1         0.833      0.152      5.477      0.000
    Category 2         0.167      0.152      1.095      0.273
 SW_TYPE
    Category 1         0.000      0.000      0.000      1.000
    Category 2         0.769      0.902      0.853      0.394
    Category 3         0.231      0.902      0.256      0.798
 CA_YN
    Category 1         0.000      0.000      0.000      1.000
    Category 2         1.000      0.000      0.000      1.000

Latent Class 2

 LA_YN
    Category 1         0.862      0.064     13.463      0.000
    Category 2         0.138      0.064      2.154      0.031
 DEL_YN
    Category 1         1.000      0.000      0.000      1.000
    Category 2         0.000      0.000      0.000      1.000
 SW_TYPE
    Category 1         0.793      0.075     10.544      0.000
    Category 2         0.172      0.070      2.458      0.014
    Category 3         0.034      0.034      1.018      0.309
 CA_YN
    Category 1         1.000      0.000      0.000      1.000
    Category 2         0.000      0.000      0.000      1.000

Latent Class 3

 LA_YN
    Category 1         0.474      0.338      1.403      0.161
    Category 2         0.526      0.338      1.559      0.119
 DEL_YN
    Category 1         0.625      0.171      3.651      0.000
    Category 2         0.375      0.171      2.191      0.028
 SW_TYPE
    Category 1         0.000      0.000      0.000      1.000
    Category 2         0.000      0.000      0.000      1.000
    Category 3         1.000      0.000      0.000      1.000
 CA_YN
    Category 1         0.000      0.000      0.000      1.000
    Category 2         1.000      0.000      0.000      1.000

Latent Class 4

 LA_YN
    Category 1         0.667      0.272      2.449      0.014
    Category 2         0.333      0.272      1.225      0.221
 DEL_YN
    Category 1         0.000      0.000      0.000      1.000
    Category 2         1.000      0.000      0.000      1.000
 SW_TYPE
    Category 1         1.000      0.000      0.000      1.000
    Category 2         0.000      0.000      0.000      1.000
    Category 3         0.000      0.000      0.000      1.000
 CA_YN
    Category 1         1.000      0.000      0.000      1.000
    Category 2         0.000      0.000      0.000      1.000


LATENT CLASS ODDS RATIO RESULTS

                                         (Est. - 1) Two-Tailed
                    Estimate       S.E.     / S.E.    P-Value

Latent Class 1 Compared to Latent Class 2

 LA_YN
    Category > 1       0.000      0.000    999.000    999.000
 DEL_YN
    Category > 1   *********      0.000    999.000    999.000
 SW_TYPE
    Category > 1   *********      0.000    999.000    999.000
    Category > 2       8.400     43.542      0.170      0.865
 CA_YN
    Category > 1   *********      0.000    999.000    999.000

Latent Class 1 Compared to Latent Class 3

 LA_YN
    Category > 1       0.000      0.000    999.000    999.000
 DEL_YN
    Category > 1       0.333      0.439     -1.519      0.129
 SW_TYPE
    Category > 1       1.000      0.000    999.000    999.000
    Category > 2       0.000      0.000    999.000    999.000
 CA_YN
    Category > 1       1.000      0.000    999.000    999.000

Latent Class 1 Compared to Latent Class 4

 LA_YN
    Category > 1       0.000      0.000    999.000    999.000
 DEL_YN
    Category > 1       0.000      0.000    999.000    999.000
 SW_TYPE
    Category > 1   *********      0.000    999.000    999.000
    Category > 2   *********      0.000    999.000    999.000
 CA_YN
    Category > 1   *********      0.000    999.000    999.000

Latent Class 2 Compared to Latent Class 3

 LA_YN
    Category > 1       0.144      0.210     -4.079      0.000
 DEL_YN
    Category > 1       0.000      0.000    999.000    999.000
 SW_TYPE
    Category > 1       0.000      0.000    999.000    999.000
    Category > 2       0.000      0.000    999.000    999.000
 CA_YN
    Category > 1       0.000      0.000    999.000    999.000

Latent Class 2 Compared to Latent Class 4

 LA_YN
    Category > 1       0.320      0.428     -1.588      0.112
 DEL_YN
    Category > 1       0.000      0.000    999.000    999.000
 SW_TYPE
    Category > 1   *********      0.000    999.000    999.000
    Category > 2   *********      0.000    999.000    999.000
 CA_YN
    Category > 1       1.000      0.000    999.000    999.000

Latent Class 3 Compared to Latent Class 4

 LA_YN
    Category > 1       2.222      4.057      0.301      0.763
 DEL_YN
    Category > 1       0.000      0.000    999.000    999.000
 SW_TYPE
    Category > 1   *********      0.000    999.000    999.000
    Category > 2   *********      0.000    999.000    999.000
 CA_YN
    Category > 1   *********      0.000    999.000    999.000


QUALITY OF NUMERICAL RESULTS

     Condition Number for the Information Matrix              0.167E-02
       (ratio of smallest to largest eigenvalue)


MODEL COMMAND WITH FINAL ESTIMATES USED AS STARTING VALUES

     %OVERALL%

     [ class#1*0.95551 ];
     [ class#2*2.26869 ];
     [ class#3*1.62269 ];

     %CLASS#1%

     [ la_yn$1*15 ];
     [ del_yn$1*1.60944 ];
     [ sw_type$1*-15 ];
     [ sw_type$2*1.20397 ];
     [ ca_yn$1*-15 ];

     %CLASS#2%

     [ la_yn$1*1.83258 ];
     [ del_yn$1*15 ];
     [ sw_type$1*1.34374 ];
     [ sw_type$2*3.33221 ];
     [ ca_yn$1*15 ];

     %CLASS#3%

     [ la_yn$1*-0.10536 ];
     [ del_yn$1*0.51083 ];
     [ sw_type$1*-15 ];
     [ sw_type$2*-15 ];
     [ ca_yn$1*-15 ];

     %CLASS#4%

     [ la_yn$1*0.69315 ];
     [ del_yn$1*-15 ];
     [ sw_type$1*15 ];
     [ sw_type$2*15 ];
     [ ca_yn$1*15 ];



TECHNICAL 1 OUTPUT


     PARAMETER SPECIFICATION FOR LATENT CLASS 1


     PARAMETER SPECIFICATION FOR LATENT CLASS 2


     PARAMETER SPECIFICATION FOR LATENT CLASS 3


     PARAMETER SPECIFICATION FOR LATENT CLASS 4


     PARAMETER SPECIFICATION FOR LATENT CLASS INDICATOR MODEL PART


           TAU(U) FOR LATENT CLASS 1
              LA_YN$1       DEL_YN$1      SW_TYPE$      SW_TYPE$      CA_YN$1
              ________      ________      ________      ________      ________
                    1             2             3             4             5


           TAU(U) FOR LATENT CLASS 2
              LA_YN$1       DEL_YN$1      SW_TYPE$      SW_TYPE$      CA_YN$1
              ________      ________      ________      ________      ________
                    6             7             8             9            10


           TAU(U) FOR LATENT CLASS 3
              LA_YN$1       DEL_YN$1      SW_TYPE$      SW_TYPE$      CA_YN$1
              ________      ________      ________      ________      ________
                   11            12            13            14            15


           TAU(U) FOR LATENT CLASS 4
              LA_YN$1       DEL_YN$1      SW_TYPE$      SW_TYPE$      CA_YN$1
              ________      ________      ________      ________      ________
                   16            17            18            19            20


     PARAMETER SPECIFICATION FOR LATENT CLASS REGRESSION MODEL PART


           ALPHA(C)
              CLASS#1       CLASS#2       CLASS#3       CLASS#4
              ________      ________      ________      ________
                   21            22            23             0


     STARTING VALUES FOR LATENT CLASS 1


     STARTING VALUES FOR LATENT CLASS 2


     STARTING VALUES FOR LATENT CLASS 3


     STARTING VALUES FOR LATENT CLASS 4


     STARTING VALUES FOR LATENT CLASS INDICATOR MODEL PART


           TAU(U) FOR LATENT CLASS 1
              LA_YN$1       DEL_YN$1      SW_TYPE$      SW_TYPE$      CA_YN$1
              ________      ________      ________      ________      ________
                0.173         0.504        -1.109        -0.279        -0.670


           TAU(U) FOR LATENT CLASS 2
              LA_YN$1       DEL_YN$1      SW_TYPE$      SW_TYPE$      CA_YN$1
              ________      ________      ________      ________      ________
                1.173         1.504        -0.109         0.721         0.330


           TAU(U) FOR LATENT CLASS 3
              LA_YN$1       DEL_YN$1      SW_TYPE$      SW_TYPE$      CA_YN$1
              ________      ________      ________      ________      ________
                1.173         1.504        -0.109         0.721         0.330


           TAU(U) FOR LATENT CLASS 4
              LA_YN$1       DEL_YN$1      SW_TYPE$      SW_TYPE$      CA_YN$1
              ________      ________      ________      ________      ________
                2.173         2.504         0.891         1.721         1.330


     STARTING VALUES FOR LATENT CLASS REGRESSION MODEL PART


           ALPHA(C)
              CLASS#1       CLASS#2       CLASS#3       CLASS#4
              ________      ________      ________      ________
                0.000         0.000         0.000         0.000


TECHNICAL 4 OUTPUT


PLOT INFORMATION

The following plots are available:

  Histograms (sample values)
  Scatterplots (sample values)
  Sample proportions and estimated probabilities

SAVEDATA INFORMATION


  Save file
    LCA_minimal_model2_lca_4.dat SAVE = cprobabilites bchweights

  Order and format of variables

    LA_YN          F10.3
    DEL_YN         F10.3
    SW_TYPE        F10.3
    CA_YN          F10.3
    TS_YN          F10.3
    SW_POS3        F10.3
    SW_BR          F10.3
    SW_GR          F10.3
    SW_EF          F10.3
    TS_PAIR        F10.3
    LA_PAIR        F10.3
    SW_PAIR        F10.3
    SW_PCAT        F10.3
    CPROB1         F10.3
    CPROB2         F10.3
    CPROB3         F10.3
    CPROB4         F10.3
    CLASS          F10.3
    ID             I4

  Save file format
    18F10.3 I4

  Save file record length    10000


     Beginning Time:  13:52:40
        Ending Time:  13:52:42
       Elapsed Time:  00:00:02



MUTHEN & MUTHEN
3463 Stoner Ave.
Los Angeles, CA  90066

Tel: (310) 391-9971
Fax: (310) 391-8971
Web: www.StatModel.com
Support: Support@StatModel.com

Copyright (c) 1998-2019 Muthen & Muthen
