Mplus VERSION 8.4 (Mac)
MUTHEN & MUTHEN
04/27/2025   8:28 PM

INPUT INSTRUCTIONS


  TITLE: LCA_minimal3 classes
  DATA: FILE IS LCA_minimal_model2_lca.dat;

  VARIABLE:
  NAMES = id TS_YN LA_YN DEL_YN CA_YN SW_type SW_pos3 SW_BR SW_GR SW_EF TS_PAIR
       LA_PAIR SW_PAIR SW_pcat;
  IDVARIABLE = id;
  USEVARIABLES = LA_YN DEL_YN SW_type CA_YN;
  CATEGORICAL = LA_YN DEL_YN SW_type CA_YN;
  AUXILIARY = TS_YN SW_pos3 SW_BR SW_GR SW_EF TS_PAIR LA_PAIR SW_PAIR SW_pcat;
  MISSING = .;
  CLASSES = class (3);


  ANALYSIS:
  TYPE = MIXTURE;
  PROCESSORS = 12;
  STITERATIONS = 50;
  STARTS = 250 50;

  OUTPUT:
  SVALUES ENTROPY TECH1 TECH4;
  PLOT: TYPE=PLOT1 PLOT2 PLOT3;
  SAVEDATA:
  FILE IS LCA_minimal_model2_lca_3.dat
  SAVE = cprobabilites bchweights;



INPUT READING TERMINATED NORMALLY



LCA_minimal3 classes

SUMMARY OF ANALYSIS

Number of groups                                                 1
Number of observations                                          55

Number of dependent variables                                    4
Number of independent variables                                  0
Number of continuous latent variables                            0
Number of categorical latent variables                           1

Observed dependent variables

  Binary and ordered categorical (ordinal)
   LA_YN       DEL_YN      SW_TYPE     CA_YN

Observed auxiliary variables
   TS_YN       SW_POS3     SW_BR       SW_GR       SW_EF       TS_PAIR
   LA_PAIR     SW_PAIR     SW_PCAT

Categorical latent variables
   CLASS

Variables with special functions

  ID variable           ID

Estimator                                                      MLR
Information matrix                                        OBSERVED
Optimization Specifications for the Quasi-Newton Algorithm for
Continuous Outcomes
  Maximum number of iterations                                 100
  Convergence criterion                                  0.100D-05
Optimization Specifications for the EM Algorithm
  Maximum number of iterations                                 500
  Convergence criteria
    Loglikelihood change                                 0.100D-06
    Relative loglikelihood change                        0.100D-06
    Derivative                                           0.100D-05
Optimization Specifications for the M step of the EM Algorithm for
Categorical Latent variables
  Number of M step iterations                                    1
  M step convergence criterion                           0.100D-05
  Basis for M step termination                           ITERATION
Optimization Specifications for the M step of the EM Algorithm for
Censored, Binary or Ordered Categorical (Ordinal), Unordered
Categorical (Nominal) and Count Outcomes
  Number of M step iterations                                    1
  M step convergence criterion                           0.100D-05
  Basis for M step termination                           ITERATION
  Maximum value for logit thresholds                            15
  Minimum value for logit thresholds                           -15
  Minimum expected cell size for chi-square              0.100D-01
Maximum number of iterations for H1                           2000
Convergence criterion for H1                             0.100D-03
Optimization algorithm                                         EMA
Random Starts Specifications
  Number of initial stage random starts                        250
  Number of final stage optimizations                           50
  Number of initial stage iterations                            50
  Initial stage convergence criterion                    0.100D+01
  Random starts scale                                    0.500D+01
  Random seed for generating random starts                       0
Link                                                         LOGIT

Input data file(s)
  LCA_minimal_model2_lca.dat
Input data format  FREE


SUMMARY OF DATA

     Number of missing data patterns             1
     Number of y missing data patterns           0
     Number of u missing data patterns           1


COVARIANCE COVERAGE OF DATA

Minimum covariance coverage value   0.100


UNIVARIATE PROPORTIONS AND COUNTS FOR CATEGORICAL VARIABLES

    LA_YN
      Category 1    0.764           42.000
      Category 2    0.236           13.000
    DEL_YN
      Category 1    0.818           45.000
      Category 2    0.182           10.000
    SW_TYPE
      Category 1    0.473           26.000
      Category 2    0.200           11.000
      Category 3    0.327           18.000
    CA_YN
      Category 1    0.582           32.000
      Category 2    0.418           23.000


RANDOM STARTS RESULTS RANKED FROM THE BEST TO THE WORST LOGLIKELIHOOD VALUES

Final stage loglikelihood values at local maxima, seeds, and initial stage start numbers:

            -118.034  46437            153
            -118.034  284109           82
            -118.034  915107           54
            -118.034  535804           111
            -118.034  301180           236
            -118.034  814975           129
            -118.034  645664           39
            -118.034  636396           168
            -118.034  373505           88
            -118.034  415502           194
            -118.034  66276            217
            -118.034  467339           66
            -118.034  972873           157
            -118.034  533738           11
            -118.034  253358           2
            -118.034  462953           7
            -118.034  150531           154
            -118.034  93468            3
            -118.034  131856           90
            -118.034  85462            51
            -118.034  466971           109
            -118.034  136842           58
            -118.034  715561           125
            -118.034  595153           230
            -118.034  573096           20
            -118.034  626891           32
            -118.034  192071           142
            -118.034  728038           177
            -118.034  887676           22
            -118.034  891531           206
            -118.034  568405           233
            -118.034  402224           91
            -118.034  21345            199
            -118.034  59674            240
            -118.034  717754           180
            -118.034  57226            208
            -118.034  267983           228
            -118.034  551639           55
            -118.034  175199           247
            -118.034  399848           220
            -118.034  592219           119
            -118.034  260601           36
            -118.034  741888           138
            -118.034  789985           67
            -118.034  383986           159
            -118.034  366706           29
            -118.034  40340            188
            -118.034  848890           95
            -118.034  22089            143

1 perturbed starting value run(s) did not converge or were rejected in the third stage.



THE BEST LOGLIKELIHOOD VALUE HAS BEEN REPLICATED.  RERUN WITH AT LEAST TWICE THE
RANDOM STARTS TO CHECK THAT THE BEST LOGLIKELIHOOD IS STILL OBTAINED AND REPLICATED.

     IN THE OPTIMIZATION, ONE OR MORE LOGIT THRESHOLDS APPROACHED EXTREME VALUES
     OF -15.000 AND 15.000 AND WERE FIXED TO STABILIZE MODEL ESTIMATION.  THESE
     VALUES IMPLY PROBABILITIES OF 0 AND 1.  IN THE MODEL RESULTS SECTION, THESE
     PARAMETERS HAVE 0 STANDARD ERRORS AND 999 IN THE Z-SCORE AND P-VALUE COLUMNS.




THE MODEL ESTIMATION TERMINATED NORMALLY



MODEL FIT INFORMATION

Number of Free Parameters                       17

Loglikelihood

          H0 Value                        -118.034
          H0 Scaling Correction Factor      1.0000
            for MLR

Information Criteria

          Akaike (AIC)                     270.068
          Bayesian (BIC)                   304.193
          Sample-Size Adjusted BIC         250.773
            (n* = (n + 2) / 24)

Chi-Square Test of Model Fit for the Binary and Ordered Categorical
(Ordinal) Outcomes

          Pearson Chi-Square

          Value                              2.040
          Degrees of Freedom                     6
          P-Value                           0.9160

          Likelihood Ratio Chi-Square

          Value                              2.418
          Degrees of Freedom                     6
          P-Value                           0.8775



FINAL CLASS COUNTS AND PROPORTIONS FOR THE LATENT CLASSES
BASED ON THE ESTIMATED MODEL

    Latent
   Classes

       1         32.00000          0.58182
       2          7.80001          0.14182
       3         15.20000          0.27636


FINAL CLASS COUNTS AND PROPORTIONS FOR THE LATENT CLASSES
BASED ON ESTIMATED POSTERIOR PROBABILITIES

    Latent
   Classes

       1         32.00000          0.58182
       2          7.80001          0.14182
       3         15.20000          0.27636


FINAL CLASS COUNTS AND PROPORTIONS FOR THE LATENT CLASSES
BASED ON THEIR MOST LIKELY LATENT CLASS MEMBERSHIP

Class Counts and Proportions

    Latent
   Classes

       1               32          0.58182
       2                6          0.10909
       3               17          0.30909


CLASSIFICATION QUALITY

     Entropy                         0.928


           Univariate Entropy
              LA_YN         DEL_YN        SW_TYPE       CA_YN
              ________      ________      ________      ________
                0.232         0.180         0.716         0.756


Classification Probabilities for the Most Likely Latent Class Membership (Column)
by Latent Class (Row)

           1        2        3

    1   1.000    0.000    0.000
    2   0.000    0.769    0.231
    3   0.000    0.000    1.000


Logits for the Classification Probabilities for the Most Likely Latent Class Membership (Column)
by Latent Class (Row)

              1        2        3

    1     13.816    0.000    0.000
    2    -12.349    1.204    0.000
    3    -13.816  -13.816    0.000


MODEL RESULTS

                                                    Two-Tailed
                    Estimate       S.E.  Est./S.E.    P-Value

Latent Class 1

 Thresholds
    LA_YN$1            1.686      0.487      3.464      0.001
    DEL_YN$1           2.269      0.606      3.741      0.000
    SW_TYPE$1          1.466      0.453      3.238      0.001
    SW_TYPE$2          3.434      1.016      3.380      0.001
    CA_YN$1           15.000      0.000    999.000    999.000

Latent Class 2

 Thresholds
    LA_YN$1           15.000      0.000    999.000    999.000
    DEL_YN$1           1.609      1.095      1.469      0.142
    SW_TYPE$1        -15.000      0.000    999.000    999.000
    SW_TYPE$2          1.204      5.083      0.237      0.813
    CA_YN$1          -15.000      0.000    999.000    999.000

Latent Class 3

 Thresholds
    LA_YN$1           -0.105      1.354     -0.078      0.938
    DEL_YN$1           0.511      0.730      0.699      0.484
    SW_TYPE$1        -15.000      0.000    999.000    999.000
    SW_TYPE$2        -15.000      0.000    999.000    999.000
    CA_YN$1          -15.000      0.000    999.000    999.000

Categorical Latent Variables

 Means
    CLASS#1            0.744      0.670      1.111      0.267
    CLASS#2           -0.667      1.804     -0.370      0.712


RESULTS IN PROBABILITY SCALE

Latent Class 1

 LA_YN
    Category 1         0.844      0.064     13.145      0.000
    Category 2         0.156      0.064      2.434      0.015
 DEL_YN
    Category 1         0.906      0.052     17.588      0.000
    Category 2         0.094      0.052      1.819      0.069
 SW_TYPE
    Category 1         0.813      0.069     11.776      0.000
    Category 2         0.156      0.064      2.434      0.015
    Category 3         0.031      0.031      1.016      0.310
 CA_YN
    Category 1         1.000      0.000      0.000      1.000
    Category 2         0.000      0.000      0.000      1.000

Latent Class 2

 LA_YN
    Category 1         1.000      0.000      0.000      1.000
    Category 2         0.000      0.000      0.000      1.000
 DEL_YN
    Category 1         0.833      0.152      5.477      0.000
    Category 2         0.167      0.152      1.095      0.273
 SW_TYPE
    Category 1         0.000      0.000      0.000      1.000
    Category 2         0.769      0.902      0.853      0.394
    Category 3         0.231      0.902      0.256      0.798
 CA_YN
    Category 1         0.000      0.000      0.000      1.000
    Category 2         1.000      0.000      0.000      1.000

Latent Class 3

 LA_YN
    Category 1         0.474      0.338      1.403      0.161
    Category 2         0.526      0.338      1.559      0.119
 DEL_YN
    Category 1         0.625      0.171      3.651      0.000
    Category 2         0.375      0.171      2.191      0.028
 SW_TYPE
    Category 1         0.000      0.000      0.000      1.000
    Category 2         0.000      0.000      0.000      1.000
    Category 3         1.000      0.000      0.000      1.000
 CA_YN
    Category 1         0.000      0.000      0.000      1.000
    Category 2         1.000      0.000      0.000      1.000


LATENT CLASS ODDS RATIO RESULTS

                                         (Est. - 1) Two-Tailed
                    Estimate       S.E.     / S.E.    P-Value

Latent Class 1 Compared to Latent Class 2

 LA_YN
    Category > 1   *********      0.000    999.000    999.000
 DEL_YN
    Category > 1       0.517      0.648     -0.745      0.456
 SW_TYPE
    Category > 1       0.000      0.000    999.000    999.000
    Category > 2       0.108      0.557     -1.601      0.109
 CA_YN
    Category > 1       0.000      0.000    999.000    999.000

Latent Class 1 Compared to Latent Class 3

 LA_YN
    Category > 1       0.167      0.240     -3.475      0.001
 DEL_YN
    Category > 1       0.172      0.164     -5.056      0.000
 SW_TYPE
    Category > 1       0.000      0.000    999.000    999.000
    Category > 2       0.000      0.000    999.000    999.000
 CA_YN
    Category > 1       0.000      0.000    999.000    999.000

Latent Class 2 Compared to Latent Class 3

 LA_YN
    Category > 1       0.000      0.000    999.000    999.000
 DEL_YN
    Category > 1       0.333      0.439     -1.519      0.129
 SW_TYPE
    Category > 1       1.000      0.000    999.000    999.000
    Category > 2       0.000      0.000    999.000    999.000
 CA_YN
    Category > 1       1.000      0.000    999.000    999.000


QUALITY OF NUMERICAL RESULTS

     Condition Number for the Information Matrix              0.209E-02
       (ratio of smallest to largest eigenvalue)


MODEL COMMAND WITH FINAL ESTIMATES USED AS STARTING VALUES

     %OVERALL%

     [ class#1*0.74444 ];
     [ class#2*-0.66717 ];

     %CLASS#1%

     [ la_yn$1*1.68640 ];
     [ del_yn$1*2.26868 ];
     [ sw_type$1*1.46634 ];
     [ sw_type$2*3.43399 ];
     [ ca_yn$1*15 ];

     %CLASS#2%

     [ la_yn$1*15 ];
     [ del_yn$1*1.60944 ];
     [ sw_type$1*-15 ];
     [ sw_type$2*1.20397 ];
     [ ca_yn$1*-15 ];

     %CLASS#3%

     [ la_yn$1*-0.10536 ];
     [ del_yn$1*0.51083 ];
     [ sw_type$1*-15 ];
     [ sw_type$2*-15 ];
     [ ca_yn$1*-15 ];



TECHNICAL 1 OUTPUT


     PARAMETER SPECIFICATION FOR LATENT CLASS 1


     PARAMETER SPECIFICATION FOR LATENT CLASS 2


     PARAMETER SPECIFICATION FOR LATENT CLASS 3


     PARAMETER SPECIFICATION FOR LATENT CLASS INDICATOR MODEL PART


           TAU(U) FOR LATENT CLASS 1
              LA_YN$1       DEL_YN$1      SW_TYPE$      SW_TYPE$      CA_YN$1
              ________      ________      ________      ________      ________
                    1             2             3             4             5


           TAU(U) FOR LATENT CLASS 2
              LA_YN$1       DEL_YN$1      SW_TYPE$      SW_TYPE$      CA_YN$1
              ________      ________      ________      ________      ________
                    6             7             8             9            10


           TAU(U) FOR LATENT CLASS 3
              LA_YN$1       DEL_YN$1      SW_TYPE$      SW_TYPE$      CA_YN$1
              ________      ________      ________      ________      ________
                   11            12            13            14            15


     PARAMETER SPECIFICATION FOR LATENT CLASS REGRESSION MODEL PART


           ALPHA(C)
              CLASS#1       CLASS#2       CLASS#3
              ________      ________      ________
                   16            17             0


     STARTING VALUES FOR LATENT CLASS 1


     STARTING VALUES FOR LATENT CLASS 2


     STARTING VALUES FOR LATENT CLASS 3


     STARTING VALUES FOR LATENT CLASS INDICATOR MODEL PART


           TAU(U) FOR LATENT CLASS 1
              LA_YN$1       DEL_YN$1      SW_TYPE$      SW_TYPE$      CA_YN$1
              ________      ________      ________      ________      ________
                0.173         0.504        -1.109        -0.279        -0.670


           TAU(U) FOR LATENT CLASS 2
              LA_YN$1       DEL_YN$1      SW_TYPE$      SW_TYPE$      CA_YN$1
              ________      ________      ________      ________      ________
                1.173         1.504        -0.109         0.721         0.330


           TAU(U) FOR LATENT CLASS 3
              LA_YN$1       DEL_YN$1      SW_TYPE$      SW_TYPE$      CA_YN$1
              ________      ________      ________      ________      ________
                2.173         2.504         0.891         1.721         1.330


     STARTING VALUES FOR LATENT CLASS REGRESSION MODEL PART


           ALPHA(C)
              CLASS#1       CLASS#2       CLASS#3
              ________      ________      ________
                0.000         0.000         0.000


TECHNICAL 4 OUTPUT


PLOT INFORMATION

The following plots are available:

  Histograms (sample values)
  Scatterplots (sample values)
  Sample proportions and estimated probabilities

SAVEDATA INFORMATION


  Save file
    LCA_minimal_model2_lca_3.dat SAVE = cprobabilites bchweights

  Order and format of variables

    LA_YN          F10.3
    DEL_YN         F10.3
    SW_TYPE        F10.3
    CA_YN          F10.3
    TS_YN          F10.3
    SW_POS3        F10.3
    SW_BR          F10.3
    SW_GR          F10.3
    SW_EF          F10.3
    TS_PAIR        F10.3
    LA_PAIR        F10.3
    SW_PAIR        F10.3
    SW_PCAT        F10.3
    CPROB1         F10.3
    CPROB2         F10.3
    CPROB3         F10.3
    CLASS          F10.3
    ID             I4

  Save file format
    17F10.3 I4

  Save file record length    10000


     Beginning Time:  20:28:05
        Ending Time:  20:28:06
       Elapsed Time:  00:00:01



MUTHEN & MUTHEN
3463 Stoner Ave.
Los Angeles, CA  90066

Tel: (310) 391-9971
Fax: (310) 391-8971
Web: www.StatModel.com
Support: Support@StatModel.com

Copyright (c) 1998-2019 Muthen & Muthen
